This file contains any messages produced by compilers while
running configure, to aid debugging if configure makes a mistake.

It was created by configure, which was
generated by GNU Autoconf 2.69.  Invocation command line was

  $ ./configure 

## --------- ##
## Platform. ##
## --------- ##

hostname = ReelBox61
uname -m = i686
uname -r = 4.8.0-49-generic
uname -s = Linux
uname -v = #52~16.04.1-Ubuntu SMP Thu Apr 20 10:55:35 UTC 2017

/usr/bin/uname -p = unknown
/bin/uname -X     = unknown

/bin/arch              = unknown
/usr/bin/arch -k       = unknown
/usr/convex/getsysinfo = unknown
/usr/bin/hostinfo      = unknown
/bin/machine           = unknown
/usr/bin/oslevel       = unknown
/bin/universe          = unknown

PATH: /sbin
PATH: /bin/
PATH: /usr/bin
PATH: /usr/sbin


## ----------- ##
## Core tests. ##
## ----------- ##

configure:2365: checking build system type
configure:2379: result: i686-pc-linux-gnu
configure:2399: checking host system type
configure:2412: result: i686-pc-linux-gnu
configure:2432: checking target system type
configure:2445: result: i686-pc-linux-gnu
configure:2488: checking for a BSD-compatible install
configure:2556: result: /usr/bin/install -c
configure:2567: checking whether build environment is sane
configure:2622: result: yes
configure:2773: checking for a thread-safe mkdir -p
configure:2812: result: /bin//mkdir -p
configure:2819: checking for gawk
configure:2835: found /usr/bin/gawk
configure:2846: result: gawk
configure:2857: checking whether make sets $(MAKE)
configure:2879: result: yes
configure:2908: checking whether make supports nested variables
configure:2925: result: yes
configure:3078: checking for style of include used by make
configure:3106: result: GNU
configure:3177: checking for gcc
configure:3193: found /usr/bin/gcc
configure:3204: result: gcc
configure:3433: checking for C compiler version
configure:3442: gcc --version >&5
gcc (Ubuntu 5.4.0-6ubuntu1~16.04.4) 5.4.0 20160609
Copyright (C) 2015 Free Software Foundation, Inc.
This is free software; see the source for copying conditions.  There is NO
warranty; not even for MERCHANTABILITY or FITNESS FOR A PARTICULAR PURPOSE.

configure:3453: $? = 0
configure:3442: gcc -v >&5
Using built-in specs.
COLLECT_GCC=gcc
COLLECT_LTO_WRAPPER=/usr/lib/gcc/i686-linux-gnu/5/lto-wrapper
Target: i686-linux-gnu
Configured with: ../src/configure -v --with-pkgversion='Ubuntu 5.4.0-6ubuntu1~16.04.4' --with-bugurl=file:///usr/share/doc/gcc-5/README.Bugs --enable-languages=c,ada,c++,java,go,d,fortran,objc,obj-c++ --prefix=/usr --program-suffix=-5 --enable-shared --enable-linker-build-id --libexecdir=/usr/lib --without-included-gettext --enable-threads=posix --libdir=/usr/lib --enable-nls --with-sysroot=/ --enable-clocale=gnu --enable-libstdcxx-debug --enable-libstdcxx-time=yes --with-default-libstdcxx-abi=new --enable-gnu-unique-object --disable-vtable-verify --enable-libmpx --enable-plugin --with-system-zlib --disable-browser-plugin --enable-java-awt=gtk --enable-gtk-cairo --with-java-home=/usr/lib/jvm/java-1.5.0-gcj-5-i386/jre --enable-java-home --with-jvm-root-dir=/usr/lib/jvm/java-1.5.0-gcj-5-i386 --with-jvm-jar-dir=/usr/lib/jvm-exports/java-1.5.0-gcj-5-i386 --with-arch-directory=i386 --with-ecj-jar=/usr/share/java/eclipse-ecj.jar --enable-objc-gc --enable-targets=all --enable-multiarch --disable-werror --with-arch-32=i686 --with-multilib-list=m32,m64,mx32 --enable-multilib --with-tune=generic --enable-checking=release --build=i686-linux-gnu --host=i686-linux-gnu --target=i686-linux-gnu
Thread model: posix
gcc version 5.4.0 20160609 (Ubuntu 5.4.0-6ubuntu1~16.04.4) 
configure:3453: $? = 0
configure:3442: gcc -V >&5
gcc: error: unrecognized command line option '-V'
gcc: fatal error: no input files
compilation terminated.
configure:3453: $? = 1
configure:3442: gcc -qversion >&5
gcc: error: unrecognized command line option '-qversion'
gcc: fatal error: no input files
compilation terminated.
configure:3453: $? = 1
configure:3473: checking whether the C compiler works
configure:3495: gcc    conftest.c  >&5
configure:3499: $? = 0
configure:3547: result: yes
configure:3550: checking for C compiler default output file name
configure:3552: result: a.out
configure:3558: checking for suffix of executables
configure:3565: gcc -o conftest    conftest.c  >&5
configure:3569: $? = 0
configure:3591: result: 
configure:3613: checking whether we are cross compiling
configure:3621: gcc -o conftest    conftest.c  >&5
configure:3625: $? = 0
configure:3632: ./conftest
configure:3636: $? = 0
configure:3651: result: no
configure:3656: checking for suffix of object files
configure:3678: gcc -c   conftest.c >&5
configure:3682: $? = 0
configure:3703: result: o
configure:3707: checking whether we are using the GNU C compiler
configure:3726: gcc -c   conftest.c >&5
configure:3726: $? = 0
configure:3735: result: yes
configure:3744: checking whether gcc accepts -g
configure:3764: gcc -c -g  conftest.c >&5
configure:3764: $? = 0
configure:3805: result: yes
configure:3822: checking for gcc option to accept ISO C89
configure:3885: gcc  -c -g -O2  conftest.c >&5
configure:3885: $? = 0
configure:3898: result: none needed
configure:3923: checking whether gcc understands -c and -o together
configure:3945: gcc -c conftest.c -o conftest2.o
configure:3948: $? = 0
configure:3945: gcc -c conftest.c -o conftest2.o
configure:3948: $? = 0
configure:3960: result: yes
configure:3979: checking dependency style of gcc
configure:4090: result: gcc3
configure:4106: checking for library containing strerror
configure:4137: gcc -o conftest -g -O2   conftest.c  >&5
configure:4137: $? = 0
configure:4154: result: none required
configure:4211: checking for gcc
configure:4238: result: gcc
configure:4467: checking for C compiler version
configure:4476: gcc --version >&5
gcc (Ubuntu 5.4.0-6ubuntu1~16.04.4) 5.4.0 20160609
Copyright (C) 2015 Free Software Foundation, Inc.
This is free software; see the source for copying conditions.  There is NO
warranty; not even for MERCHANTABILITY or FITNESS FOR A PARTICULAR PURPOSE.

configure:4487: $? = 0
configure:4476: gcc -v >&5
Using built-in specs.
COLLECT_GCC=gcc
COLLECT_LTO_WRAPPER=/usr/lib/gcc/i686-linux-gnu/5/lto-wrapper
Target: i686-linux-gnu
Configured with: ../src/configure -v --with-pkgversion='Ubuntu 5.4.0-6ubuntu1~16.04.4' --with-bugurl=file:///usr/share/doc/gcc-5/README.Bugs --enable-languages=c,ada,c++,java,go,d,fortran,objc,obj-c++ --prefix=/usr --program-suffix=-5 --enable-shared --enable-linker-build-id --libexecdir=/usr/lib --without-included-gettext --enable-threads=posix --libdir=/usr/lib --enable-nls --with-sysroot=/ --enable-clocale=gnu --enable-libstdcxx-debug --enable-libstdcxx-time=yes --with-default-libstdcxx-abi=new --enable-gnu-unique-object --disable-vtable-verify --enable-libmpx --enable-plugin --with-system-zlib --disable-browser-plugin --enable-java-awt=gtk --enable-gtk-cairo --with-java-home=/usr/lib/jvm/java-1.5.0-gcj-5-i386/jre --enable-java-home --with-jvm-root-dir=/usr/lib/jvm/java-1.5.0-gcj-5-i386 --with-jvm-jar-dir=/usr/lib/jvm-exports/java-1.5.0-gcj-5-i386 --with-arch-directory=i386 --with-ecj-jar=/usr/share/java/eclipse-ecj.jar --enable-objc-gc --enable-targets=all --enable-multiarch --disable-werror --with-arch-32=i686 --with-multilib-list=m32,m64,mx32 --enable-multilib --with-tune=generic --enable-checking=release --build=i686-linux-gnu --host=i686-linux-gnu --target=i686-linux-gnu
Thread model: posix
gcc version 5.4.0 20160609 (Ubuntu 5.4.0-6ubuntu1~16.04.4) 
configure:4487: $? = 0
configure:4476: gcc -V >&5
gcc: error: unrecognized command line option '-V'
gcc: fatal error: no input files
compilation terminated.
configure:4487: $? = 1
configure:4476: gcc -qversion >&5
gcc: error: unrecognized command line option '-qversion'
gcc: fatal error: no input files
compilation terminated.
configure:4487: $? = 1
configure:4491: checking whether we are using the GNU C compiler
configure:4519: result: yes
configure:4528: checking whether gcc accepts -g
configure:4589: result: yes
configure:4606: checking for gcc option to accept ISO C89
configure:4682: result: none needed
configure:4707: checking whether gcc understands -c and -o together
configure:4744: result: yes
configure:4763: checking dependency style of gcc
configure:4874: result: gcc3
configure:4889: checking whether make sets $(MAKE)
configure:4911: result: yes
configure:4921: checking whether ln -s works
configure:4925: result: yes
configure:5014: checking how to print strings
configure:5041: result: printf
configure:5062: checking for a sed that does not truncate output
configure:5126: result: /bin//sed
configure:5144: checking for grep that handles long lines and -e
configure:5202: result: /bin//grep
configure:5207: checking for egrep
configure:5269: result: /bin//grep -E
configure:5274: checking for fgrep
configure:5336: result: /bin//grep -F
configure:5371: checking for ld used by gcc
configure:5438: result: /usr/bin/ld
configure:5445: checking if the linker (/usr/bin/ld) is GNU ld
configure:5460: result: yes
configure:5472: checking for BSD- or MS-compatible name lister (nm)
configure:5526: result: /usr/bin/nm -B
configure:5656: checking the name lister (/usr/bin/nm -B) interface
configure:5663: gcc -c   conftest.c >&5
configure:5666: /usr/bin/nm -B "conftest.o"
configure:5669: output
00000000 B some_variable
configure:5676: result: BSD nm
configure:5680: checking the maximum length of command line arguments
configure:5811: result: 1572864
configure:5859: checking how to convert i686-pc-linux-gnu file names to i686-pc-linux-gnu format
configure:5899: result: func_convert_file_noop
configure:5906: checking how to convert i686-pc-linux-gnu file names to toolchain format
configure:5926: result: func_convert_file_noop
configure:5933: checking for /usr/bin/ld option to reload object files
configure:5940: result: -r
configure:6014: checking for objdump
configure:6030: found /usr/bin/objdump
configure:6041: result: objdump
configure:6073: checking how to recognize dependent libraries
configure:6273: result: pass_all
configure:6358: checking for dlltool
configure:6388: result: no
configure:6418: checking how to associate runtime and link libraries
configure:6445: result: printf %s\n
configure:6505: checking for ar
configure:6521: found /usr/bin/ar
configure:6532: result: ar
configure:6569: checking for archiver @FILE support
configure:6586: gcc -c   conftest.c >&5
configure:6586: $? = 0
configure:6589: ar cru libconftest.a @conftest.lst >&5
ar: `u' modifier ignored since `D' is the default (see `U')
configure:6592: $? = 0
configure:6597: ar cru libconftest.a @conftest.lst >&5
ar: `u' modifier ignored since `D' is the default (see `U')
ar: conftest.o: No such file or directory
configure:6600: $? = 1
configure:6612: result: @
configure:6670: checking for strip
configure:6686: found /usr/bin/strip
configure:6697: result: strip
configure:6769: checking for ranlib
configure:6785: found /usr/bin/ranlib
configure:6796: result: ranlib
configure:6898: checking command to parse /usr/bin/nm -B output from gcc object
configure:7051: gcc -c   conftest.c >&5
configure:7054: $? = 0
configure:7058: /usr/bin/nm -B conftest.o \| sed -n -e 's/^.*[ ]\([ABCDGIRSTW][ABCDGIRSTW]*\)[ ][ ]*\([_A-Za-z][_A-Za-z0-9]*\)$/\1 \2 \2/p' | sed '/ __gnu_lto/d' \> conftest.nm
configure:7061: $? = 0
configure:7127: gcc -o conftest    conftest.c conftstm.o >&5
configure:7130: $? = 0
configure:7168: result: ok
configure:7215: checking for sysroot
configure:7245: result: no
configure:7252: checking for a working dd
configure:7290: result: /bin//dd
configure:7294: checking how to truncate binary pipes
configure:7309: result: /bin//dd bs=4096 count=1
configure:7638: checking for mt
configure:7654: found /bin//mt
configure:7665: result: mt
configure:7688: checking if mt is a manifest tool
configure:7694: mt '-?'
configure:7702: result: no
configure:8379: checking how to run the C preprocessor
configure:8410: gcc -E  conftest.c
configure:8410: $? = 0
configure:8424: gcc -E  conftest.c
conftest.c:11:28: fatal error: ac_nonexistent.h: No such file or directory
compilation terminated.
configure:8424: $? = 1
configure: failed program was:
| /* confdefs.h */
| #define PACKAGE_NAME ""
| #define PACKAGE_TARNAME ""
| #define PACKAGE_VERSION ""
| #define PACKAGE_STRING ""
| #define PACKAGE_BUGREPORT ""
| #define PACKAGE_URL ""
| #define PACKAGE "libdvdnav"
| #define VERSION "0.2.0cvs"
| /* end confdefs.h.  */
| #include <ac_nonexistent.h>
configure:8449: result: gcc -E
configure:8469: gcc -E  conftest.c
configure:8469: $? = 0
configure:8483: gcc -E  conftest.c
conftest.c:11:28: fatal error: ac_nonexistent.h: No such file or directory
compilation terminated.
configure:8483: $? = 1
configure: failed program was:
| /* confdefs.h */
| #define PACKAGE_NAME ""
| #define PACKAGE_TARNAME ""
| #define PACKAGE_VERSION ""
| #define PACKAGE_STRING ""
| #define PACKAGE_BUGREPORT ""
| #define PACKAGE_URL ""
| #define PACKAGE "libdvdnav"
| #define VERSION "0.2.0cvs"
| /* end confdefs.h.  */
| #include <ac_nonexistent.h>
configure:8512: checking for ANSI C header files
configure:8532: gcc -c   conftest.c >&5
configure:8532: $? = 0
configure:8605: gcc -o conftest    conftest.c  >&5
configure:8605: $? = 0
configure:8605: ./conftest
configure:8605: $? = 0
configure:8616: result: yes
configure:8629: checking for sys/types.h
configure:8629: gcc -c   conftest.c >&5
configure:8629: $? = 0
configure:8629: result: yes
configure:8629: checking for sys/stat.h
configure:8629: gcc -c   conftest.c >&5
configure:8629: $? = 0
configure:8629: result: yes
configure:8629: checking for stdlib.h
configure:8629: gcc -c   conftest.c >&5
configure:8629: $? = 0
configure:8629: result: yes
configure:8629: checking for string.h
configure:8629: gcc -c   conftest.c >&5
configure:8629: $? = 0
configure:8629: result: yes
configure:8629: checking for memory.h
configure:8629: gcc -c   conftest.c >&5
configure:8629: $? = 0
configure:8629: result: yes
configure:8629: checking for strings.h
configure:8629: gcc -c   conftest.c >&5
configure:8629: $? = 0
configure:8629: result: yes
configure:8629: checking for inttypes.h
configure:8629: gcc -c   conftest.c >&5
configure:8629: $? = 0
configure:8629: result: yes
configure:8629: checking for stdint.h
configure:8629: gcc -c   conftest.c >&5
configure:8629: $? = 0
configure:8629: result: yes
configure:8629: checking for unistd.h
configure:8629: gcc -c   conftest.c >&5
configure:8629: $? = 0
configure:8629: result: yes
configure:8643: checking for dlfcn.h
configure:8643: gcc -c   conftest.c >&5
configure:8643: $? = 0
configure:8643: result: yes
configure:8867: checking for objdir
configure:8882: result: .libs
configure:9142: checking if gcc supports -fno-rtti -fno-exceptions
configure:9160: gcc -c   -fno-rtti -fno-exceptions conftest.c >&5
cc1: warning: command line option '-fno-rtti' is valid for C++/ObjC++ but not for C
configure:9164: $? = 0
configure:9177: result: no
configure:9535: checking for gcc option to produce PIC
configure:9542: result: -fPIC -DPIC
configure:9550: checking if gcc PIC flag -fPIC -DPIC works
configure:9568: gcc -c   -fPIC -DPIC -DPIC conftest.c >&5
configure:9572: $? = 0
configure:9585: result: yes
configure:9614: checking if gcc static flag -static works
configure:9642: result: yes
configure:9657: checking if gcc supports -c -o file.o
configure:9678: gcc -c   -o out/conftest2.o conftest.c >&5
configure:9682: $? = 0
configure:9704: result: yes
configure:9712: checking if gcc supports -c -o file.o
configure:9759: result: yes
configure:9792: checking whether the gcc linker (/usr/bin/ld) supports shared libraries
configure:11055: result: yes
configure:11092: checking whether -lc should be explicitly linked in
configure:11100: gcc -c   conftest.c >&5
configure:11103: $? = 0
configure:11118: gcc -shared  -fPIC -DPIC conftest.o  -v -Wl,-soname -Wl,conftest -o conftest 2\>\&1 \| /bin//grep  -lc  \>/dev/null 2\>\&1
configure:11121: $? = 0
configure:11135: result: no
configure:11295: checking dynamic linker characteristics
configure:11876: gcc -o conftest    -Wl,-rpath -Wl,/foo conftest.c  >&5
configure:11876: $? = 0
configure:12125: result: GNU/Linux ld.so
configure:12247: checking how to hardcode library paths into programs
configure:12272: result: immediate
configure:12374: checking for shl_load
configure:12374: gcc -o conftest    conftest.c  >&5
/tmp/ccooQd0h.o: In function `main':
conftest.c:(.text+0x12): undefined reference to `shl_load'
collect2: error: ld returned 1 exit status
configure:12374: $? = 1
configure: failed program was:
| /* confdefs.h */
| #define PACKAGE_NAME ""
| #define PACKAGE_TARNAME ""
| #define PACKAGE_VERSION ""
| #define PACKAGE_STRING ""
| #define PACKAGE_BUGREPORT ""
| #define PACKAGE_URL ""
| #define PACKAGE "libdvdnav"
| #define VERSION "0.2.0cvs"
| #define STDC_HEADERS 1
| #define HAVE_SYS_TYPES_H 1
| #define HAVE_SYS_STAT_H 1
| #define HAVE_STDLIB_H 1
| #define HAVE_STRING_H 1
| #define HAVE_MEMORY_H 1
| #define HAVE_STRINGS_H 1
| #define HAVE_INTTYPES_H 1
| #define HAVE_STDINT_H 1
| #define HAVE_UNISTD_H 1
| #define HAVE_DLFCN_H 1
| #define LT_OBJDIR ".libs/"
| /* end confdefs.h.  */
| /* Define shl_load to an innocuous variant, in case <limits.h> declares shl_load.
|    For example, HP-UX 11i <limits.h> declares gettimeofday.  */
| #define shl_load innocuous_shl_load
| 
| /* System header to define __stub macros and hopefully few prototypes,
|     which can conflict with char shl_load (); below.
|     Prefer <limits.h> to <assert.h> if __STDC__ is defined, since
|     <limits.h> exists even on freestanding compilers.  */
| 
| #ifdef __STDC__
| # include <limits.h>
| #else
| # include <assert.h>
| #endif
| 
| #undef shl_load
| 
| /* Override any GCC internal prototype to avoid an error.
|    Use char because int might match the return type of a GCC
|    builtin and then its argument prototype would still apply.  */
| #ifdef __cplusplus
| extern "C"
| #endif
| char shl_load ();
| /* The GNU C library defines this for functions which it implements
|     to always fail with ENOSYS.  Some functions are actually named
|     something starting with __ and the normal name is an alias.  */
| #if defined __stub_shl_load || defined __stub___shl_load
| choke me
| #endif
| 
| int
| main ()
| {
| return shl_load ();
|   ;
|   return 0;
| }
configure:12374: result: no
configure:12378: checking for shl_load in -ldld
configure:12403: gcc -o conftest    conftest.c -ldld   >&5
/usr/bin/ld: cannot find -ldld
collect2: error: ld returned 1 exit status
configure:12403: $? = 1
configure: failed program was:
| /* confdefs.h */
| #define PACKAGE_NAME ""
| #define PACKAGE_TARNAME ""
| #define PACKAGE_VERSION ""
| #define PACKAGE_STRING ""
| #define PACKAGE_BUGREPORT ""
| #define PACKAGE_URL ""
| #define PACKAGE "libdvdnav"
| #define VERSION "0.2.0cvs"
| #define STDC_HEADERS 1
| #define HAVE_SYS_TYPES_H 1
| #define HAVE_SYS_STAT_H 1
| #define HAVE_STDLIB_H 1
| #define HAVE_STRING_H 1
| #define HAVE_MEMORY_H 1
| #define HAVE_STRINGS_H 1
| #define HAVE_INTTYPES_H 1
| #define HAVE_STDINT_H 1
| #define HAVE_UNISTD_H 1
| #define HAVE_DLFCN_H 1
| #define LT_OBJDIR ".libs/"
| /* end confdefs.h.  */
| 
| /* Override any GCC internal prototype to avoid an error.
|    Use char because int might match the return type of a GCC
|    builtin and then its argument prototype would still apply.  */
| #ifdef __cplusplus
| extern "C"
| #endif
| char shl_load ();
| int
| main ()
| {
| return shl_load ();
|   ;
|   return 0;
| }
configure:12412: result: no
configure:12417: checking for dlopen
configure:12417: gcc -o conftest    conftest.c  >&5
/tmp/ccy6gYCr.o: In function `main':
conftest.c:(.text+0x12): undefined reference to `dlopen'
collect2: error: ld returned 1 exit status
configure:12417: $? = 1
configure: failed program was:
| /* confdefs.h */
| #define PACKAGE_NAME ""
| #define PACKAGE_TARNAME ""
| #define PACKAGE_VERSION ""
| #define PACKAGE_STRING ""
| #define PACKAGE_BUGREPORT ""
| #define PACKAGE_URL ""
| #define PACKAGE "libdvdnav"
| #define VERSION "0.2.0cvs"
| #define STDC_HEADERS 1
| #define HAVE_SYS_TYPES_H 1
| #define HAVE_SYS_STAT_H 1
| #define HAVE_STDLIB_H 1
| #define HAVE_STRING_H 1
| #define HAVE_MEMORY_H 1
| #define HAVE_STRINGS_H 1
| #define HAVE_INTTYPES_H 1
| #define HAVE_STDINT_H 1
| #define HAVE_UNISTD_H 1
| #define HAVE_DLFCN_H 1
| #define LT_OBJDIR ".libs/"
| /* end confdefs.h.  */
| /* Define dlopen to an innocuous variant, in case <limits.h> declares dlopen.
|    For example, HP-UX 11i <limits.h> declares gettimeofday.  */
| #define dlopen innocuous_dlopen
| 
| /* System header to define __stub macros and hopefully few prototypes,
|     which can conflict with char dlopen (); below.
|     Prefer <limits.h> to <assert.h> if __STDC__ is defined, since
|     <limits.h> exists even on freestanding compilers.  */
| 
| #ifdef __STDC__
| # include <limits.h>
| #else
| # include <assert.h>
| #endif
| 
| #undef dlopen
| 
| /* Override any GCC internal prototype to avoid an error.
|    Use char because int might match the return type of a GCC
|    builtin and then its argument prototype would still apply.  */
| #ifdef __cplusplus
| extern "C"
| #endif
| char dlopen ();
| /* The GNU C library defines this for functions which it implements
|     to always fail with ENOSYS.  Some functions are actually named
|     something starting with __ and the normal name is an alias.  */
| #if defined __stub_dlopen || defined __stub___dlopen
| choke me
| #endif
| 
| int
| main ()
| {
| return dlopen ();
|   ;
|   return 0;
| }
configure:12417: result: no
configure:12421: checking for dlopen in -ldl
configure:12446: gcc -o conftest    conftest.c -ldl   >&5
configure:12446: $? = 0
configure:12455: result: yes
configure:12574: checking whether a program can dlopen itself
configure:12654: gcc -o conftest   -DHAVE_DLFCN_H  -Wl,--export-dynamic conftest.c -ldl  >&5
configure:12657: $? = 0
configure:12675: result: yes
configure:12680: checking whether a statically linked program can dlopen itself
configure:12760: gcc -o conftest   -DHAVE_DLFCN_H  -Wl,--export-dynamic -static conftest.c -ldl  >&5
/tmp/ccIJ7u7K.o: In function `main':
conftest.c:(.text+0x26): warning: Using 'dlopen' in statically linked applications requires at runtime the shared libraries from the glibc version used for linking
/usr/bin/ld: dynamic STT_GNU_IFUNC symbol `strcmp' with pointer equality in `/usr/lib/gcc/i686-linux-gnu/5/../../../i386-linux-gnu/libc.a(strcmp.o)' can not be used when making an executable; recompile with -fPIE and relink with -pie
collect2: error: ld returned 1 exit status
configure:12763: $? = 1
configure:12781: result: no
configure:12820: checking whether stripping libraries is possible
configure:12825: result: yes
configure:12860: checking if libtool supports shared libraries
configure:12862: result: yes
configure:12865: checking whether to build shared libraries
configure:12890: result: yes
configure:12893: checking whether to build static libraries
configure:12897: result: no
configure:12942: checking for ANSI C header files
configure:13046: result: yes
configure:13054: checking for unistd.h
configure:13054: result: yes
configure:13060: checking for string.h
configure:13060: result: yes
configure:13067: checking for an ANSI C-conforming const
configure:13133: gcc -c   conftest.c >&5
configure:13133: $? = 0
configure:13140: result: yes
configure:13148: checking for inline
configure:13164: gcc -c   conftest.c >&5
configure:13164: $? = 0
configure:13172: result: inline
configure:13190: checking for off_t
configure:13190: gcc -c   conftest.c >&5
configure:13190: $? = 0
configure:13190: gcc -c   conftest.c >&5
conftest.c: In function 'main':
conftest.c:60:20: error: expected expression before ')' token
 if (sizeof ((off_t)))
                    ^
configure:13190: $? = 1
configure: failed program was:
| /* confdefs.h */
| #define PACKAGE_NAME ""
| #define PACKAGE_TARNAME ""
| #define PACKAGE_VERSION ""
| #define PACKAGE_STRING ""
| #define PACKAGE_BUGREPORT ""
| #define PACKAGE_URL ""
| #define PACKAGE "libdvdnav"
| #define VERSION "0.2.0cvs"
| #define STDC_HEADERS 1
| #define HAVE_SYS_TYPES_H 1
| #define HAVE_SYS_STAT_H 1
| #define HAVE_STDLIB_H 1
| #define HAVE_STRING_H 1
| #define HAVE_MEMORY_H 1
| #define HAVE_STRINGS_H 1
| #define HAVE_INTTYPES_H 1
| #define HAVE_STDINT_H 1
| #define HAVE_UNISTD_H 1
| #define HAVE_DLFCN_H 1
| #define LT_OBJDIR ".libs/"
| #define STDC_HEADERS 1
| /* end confdefs.h.  */
| #include <stdio.h>
| #ifdef HAVE_SYS_TYPES_H
| # include <sys/types.h>
| #endif
| #ifdef HAVE_SYS_STAT_H
| # include <sys/stat.h>
| #endif
| #ifdef STDC_HEADERS
| # include <stdlib.h>
| # include <stddef.h>
| #else
| # ifdef HAVE_STDLIB_H
| #  include <stdlib.h>
| # endif
| #endif
| #ifdef HAVE_STRING_H
| # if !defined STDC_HEADERS && defined HAVE_MEMORY_H
| #  include <memory.h>
| # endif
| # include <string.h>
| #endif
| #ifdef HAVE_STRINGS_H
| # include <strings.h>
| #endif
| #ifdef HAVE_INTTYPES_H
| # include <inttypes.h>
| #endif
| #ifdef HAVE_STDINT_H
| # include <stdint.h>
| #endif
| #ifdef HAVE_UNISTD_H
| # include <unistd.h>
| #endif
| int
| main ()
| {
| if (sizeof ((off_t)))
| 	    return 0;
|   ;
|   return 0;
| }
configure:13190: result: yes
configure:13201: checking for size_t
configure:13201: gcc -c   conftest.c >&5
configure:13201: $? = 0
configure:13201: gcc -c   conftest.c >&5
conftest.c: In function 'main':
conftest.c:60:21: error: expected expression before ')' token
 if (sizeof ((size_t)))
                     ^
configure:13201: $? = 1
configure: failed program was:
| /* confdefs.h */
| #define PACKAGE_NAME ""
| #define PACKAGE_TARNAME ""
| #define PACKAGE_VERSION ""
| #define PACKAGE_STRING ""
| #define PACKAGE_BUGREPORT ""
| #define PACKAGE_URL ""
| #define PACKAGE "libdvdnav"
| #define VERSION "0.2.0cvs"
| #define STDC_HEADERS 1
| #define HAVE_SYS_TYPES_H 1
| #define HAVE_SYS_STAT_H 1
| #define HAVE_STDLIB_H 1
| #define HAVE_STRING_H 1
| #define HAVE_MEMORY_H 1
| #define HAVE_STRINGS_H 1
| #define HAVE_INTTYPES_H 1
| #define HAVE_STDINT_H 1
| #define HAVE_UNISTD_H 1
| #define HAVE_DLFCN_H 1
| #define LT_OBJDIR ".libs/"
| #define STDC_HEADERS 1
| /* end confdefs.h.  */
| #include <stdio.h>
| #ifdef HAVE_SYS_TYPES_H
| # include <sys/types.h>
| #endif
| #ifdef HAVE_SYS_STAT_H
| # include <sys/stat.h>
| #endif
| #ifdef STDC_HEADERS
| # include <stdlib.h>
| # include <stddef.h>
| #else
| # ifdef HAVE_STDLIB_H
| #  include <stdlib.h>
| # endif
| #endif
| #ifdef HAVE_STRING_H
| # if !defined STDC_HEADERS && defined HAVE_MEMORY_H
| #  include <memory.h>
| # endif
| # include <string.h>
| #endif
| #ifdef HAVE_STRINGS_H
| # include <strings.h>
| #endif
| #ifdef HAVE_INTTYPES_H
| # include <inttypes.h>
| #endif
| #ifdef HAVE_STDINT_H
| # include <stdint.h>
| #endif
| #ifdef HAVE_UNISTD_H
| # include <unistd.h>
| #endif
| int
| main ()
| {
| if (sizeof ((size_t)))
| 	    return 0;
|   ;
|   return 0;
| }
configure:13201: result: yes
configure:13212: checking whether byte ordering is bigendian
configure:13227: gcc -c   conftest.c >&5
conftest.c:25:9: error: unknown type name 'not'
         not a universal capable compiler
         ^
conftest.c:25:15: error: expected '=', ',', ';', 'asm' or '__attribute__' before 'universal'
         not a universal capable compiler
               ^
conftest.c:25:15: error: unknown type name 'universal'
configure:13227: $? = 1
configure: failed program was:
| /* confdefs.h */
| #define PACKAGE_NAME ""
| #define PACKAGE_TARNAME ""
| #define PACKAGE_VERSION ""
| #define PACKAGE_STRING ""
| #define PACKAGE_BUGREPORT ""
| #define PACKAGE_URL ""
| #define PACKAGE "libdvdnav"
| #define VERSION "0.2.0cvs"
| #define STDC_HEADERS 1
| #define HAVE_SYS_TYPES_H 1
| #define HAVE_SYS_STAT_H 1
| #define HAVE_STDLIB_H 1
| #define HAVE_STRING_H 1
| #define HAVE_MEMORY_H 1
| #define HAVE_STRINGS_H 1
| #define HAVE_INTTYPES_H 1
| #define HAVE_STDINT_H 1
| #define HAVE_UNISTD_H 1
| #define HAVE_DLFCN_H 1
| #define LT_OBJDIR ".libs/"
| #define STDC_HEADERS 1
| /* end confdefs.h.  */
| #ifndef __APPLE_CC__
| 	       not a universal capable compiler
| 	     #endif
| 	     typedef int dummy;
| 
configure:13272: gcc -c   conftest.c >&5
configure:13272: $? = 0
configure:13290: gcc -c   conftest.c >&5
conftest.c: In function 'main':
conftest.c:31:4: error: unknown type name 'not'
    not big endian
    ^
conftest.c:31:12: error: expected '=', ',', ';', 'asm' or '__attribute__' before 'endian'
    not big endian
            ^
configure:13290: $? = 1
configure: failed program was:
| /* confdefs.h */
| #define PACKAGE_NAME ""
| #define PACKAGE_TARNAME ""
| #define PACKAGE_VERSION ""
| #define PACKAGE_STRING ""
| #define PACKAGE_BUGREPORT ""
| #define PACKAGE_URL ""
| #define PACKAGE "libdvdnav"
| #define VERSION "0.2.0cvs"
| #define STDC_HEADERS 1
| #define HAVE_SYS_TYPES_H 1
| #define HAVE_SYS_STAT_H 1
| #define HAVE_STDLIB_H 1
| #define HAVE_STRING_H 1
| #define HAVE_MEMORY_H 1
| #define HAVE_STRINGS_H 1
| #define HAVE_INTTYPES_H 1
| #define HAVE_STDINT_H 1
| #define HAVE_UNISTD_H 1
| #define HAVE_DLFCN_H 1
| #define LT_OBJDIR ".libs/"
| #define STDC_HEADERS 1
| /* end confdefs.h.  */
| #include <sys/types.h>
| 		#include <sys/param.h>
| 
| int
| main ()
| {
| #if BYTE_ORDER != BIG_ENDIAN
| 		 not big endian
| 		#endif
| 
|   ;
|   return 0;
| }
configure:13418: result: no
configure:13446: checking for pthread_create in -lpthread
configure:13471: gcc -o conftest    conftest.c -lpthread   >&5
configure:13471: $? = 0
configure:13480: result: yes
configure:13502: checking for dlopen in -lc
configure:13527: gcc -o conftest    conftest.c -lc   >&5
/tmp/ccrUwfkr.o: In function `main':
conftest.c:(.text+0x12): undefined reference to `dlopen'
collect2: error: ld returned 1 exit status
configure:13527: $? = 1
configure: failed program was:
| /* confdefs.h */
| #define PACKAGE_NAME ""
| #define PACKAGE_TARNAME ""
| #define PACKAGE_VERSION ""
| #define PACKAGE_STRING ""
| #define PACKAGE_BUGREPORT ""
| #define PACKAGE_URL ""
| #define PACKAGE "libdvdnav"
| #define VERSION "0.2.0cvs"
| #define STDC_HEADERS 1
| #define HAVE_SYS_TYPES_H 1
| #define HAVE_SYS_STAT_H 1
| #define HAVE_STDLIB_H 1
| #define HAVE_STRING_H 1
| #define HAVE_MEMORY_H 1
| #define HAVE_STRINGS_H 1
| #define HAVE_INTTYPES_H 1
| #define HAVE_STDINT_H 1
| #define HAVE_UNISTD_H 1
| #define HAVE_DLFCN_H 1
| #define LT_OBJDIR ".libs/"
| #define STDC_HEADERS 1
| /* end confdefs.h.  */
| 
| /* Override any GCC internal prototype to avoid an error.
|    Use char because int might match the return type of a GCC
|    builtin and then its argument prototype would still apply.  */
| #ifdef __cplusplus
| extern "C"
| #endif
| char dlopen ();
| int
| main ()
| {
| return dlopen ();
|   ;
|   return 0;
| }
configure:13536: result: no
configure:13541: checking for dlopen in -ldl
configure:13575: result: yes
configure:13596: checking for aclocal directory
configure:13600: result: /usr/share/aclocal
configure:13623: checking for doxygen
configure:13651: result: no
configure:13778: checking that generated files are newer than configure
configure:13784: result: done
configure:13816: creating ./config.status

## ---------------------- ##
## Running config.status. ##
## ---------------------- ##

This file was extended by config.status, which was
generated by GNU Autoconf 2.69.  Invocation command line was

  CONFIG_FILES    = 
  CONFIG_HEADERS  = 
  CONFIG_LINKS    = 
  CONFIG_COMMANDS = 
  $ ./config.status 

on ReelBox61

config.status:1121: creating Makefile
config.status:1121: creating src/Makefile
config.status:1121: creating src/dvdread/Makefile
config.status:1121: creating src/vm/Makefile
config.status:1121: creating misc/Makefile
config.status:1121: creating misc/dvdnav-config
config.status:1121: creating misc/libdvdnav.spec
config.status:1121: creating misc/relchk.sh
config.status:1121: creating m4/Makefile
config.status:1121: creating doc/Makefile
config.status:1121: creating examples/Makefile
config.status:1121: creating config.h
config.status:1350: executing depfiles commands
config.status:1350: executing libtool commands

## ---------------- ##
## Cache variables. ##
## ---------------- ##

ac_cv_build=i686-pc-linux-gnu
ac_cv_c_bigendian=no
ac_cv_c_compiler_gnu=yes
ac_cv_c_const=yes
ac_cv_c_inline=inline
ac_cv_env_CC_set=
ac_cv_env_CC_value=
ac_cv_env_CFLAGS_set=
ac_cv_env_CFLAGS_value=
ac_cv_env_CPPFLAGS_set=
ac_cv_env_CPPFLAGS_value=
ac_cv_env_CPP_set=
ac_cv_env_CPP_value=
ac_cv_env_LDFLAGS_set=
ac_cv_env_LDFLAGS_value=
ac_cv_env_LIBS_set=
ac_cv_env_LIBS_value=
ac_cv_env_LT_SYS_LIBRARY_PATH_set=
ac_cv_env_LT_SYS_LIBRARY_PATH_value=
ac_cv_env_build_alias_set=
ac_cv_env_build_alias_value=
ac_cv_env_host_alias_set=
ac_cv_env_host_alias_value=
ac_cv_env_target_alias_set=
ac_cv_env_target_alias_value=
ac_cv_func_dlopen=no
ac_cv_func_shl_load=no
ac_cv_header_dlfcn_h=yes
ac_cv_header_inttypes_h=yes
ac_cv_header_memory_h=yes
ac_cv_header_stdc=yes
ac_cv_header_stdint_h=yes
ac_cv_header_stdlib_h=yes
ac_cv_header_string_h=yes
ac_cv_header_strings_h=yes
ac_cv_header_sys_stat_h=yes
ac_cv_header_sys_types_h=yes
ac_cv_header_unistd_h=yes
ac_cv_host=i686-pc-linux-gnu
ac_cv_lib_c_dlopen=no
ac_cv_lib_dl_dlopen=yes
ac_cv_lib_dld_shl_load=no
ac_cv_lib_pthread_pthread_create=yes
ac_cv_objext=o
ac_cv_path_EGREP='/bin//grep -E'
ac_cv_path_FGREP='/bin//grep -F'
ac_cv_path_GREP=/bin//grep
ac_cv_path_SED=/bin//sed
ac_cv_path_install='/usr/bin/install -c'
ac_cv_path_lt_DD=/bin//dd
ac_cv_path_mkdir=/bin//mkdir
ac_cv_prog_AWK=gawk
ac_cv_prog_CPP='gcc -E'
ac_cv_prog_DOXYGEN=no
ac_cv_prog_ac_ct_AR=ar
ac_cv_prog_ac_ct_CC=gcc
ac_cv_prog_ac_ct_MANIFEST_TOOL=mt
ac_cv_prog_ac_ct_OBJDUMP=objdump
ac_cv_prog_ac_ct_RANLIB=ranlib
ac_cv_prog_ac_ct_STRIP=strip
ac_cv_prog_cc_c89=
ac_cv_prog_cc_g=yes
ac_cv_prog_make_make_set=yes
ac_cv_search_strerror='none required'
ac_cv_target=i686-pc-linux-gnu
ac_cv_type_off_t=yes
ac_cv_type_size_t=yes
am_cv_CC_dependencies_compiler_type=gcc3
am_cv_make_support_nested_variables=yes
am_cv_prog_cc_c_o=yes
lt_cv_ar_at_file=@
lt_cv_archive_cmds_need_lc=no
lt_cv_deplibs_check_method=pass_all
lt_cv_dlopen=dlopen
lt_cv_dlopen_libs=-ldl
lt_cv_dlopen_self=yes
lt_cv_dlopen_self_static=no
lt_cv_file_magic_cmd='$MAGIC_CMD'
lt_cv_file_magic_test_file=
lt_cv_ld_reload_flag=-r
lt_cv_nm_interface='BSD nm'
lt_cv_objdir=.libs
lt_cv_path_LD=/usr/bin/ld
lt_cv_path_NM='/usr/bin/nm -B'
lt_cv_path_mainfest_tool=no
lt_cv_prog_compiler_c_o=yes
lt_cv_prog_compiler_pic='-fPIC -DPIC'
lt_cv_prog_compiler_pic_works=yes
lt_cv_prog_compiler_rtti_exceptions=no
lt_cv_prog_compiler_static_works=yes
lt_cv_prog_gnu_ld=yes
lt_cv_sharedlib_from_linklib_cmd='printf %s\n'
lt_cv_shlibpath_overrides_runpath=no
lt_cv_sys_global_symbol_pipe='sed -n -e '\''s/^.*[	 ]\([ABCDGIRSTW][ABCDGIRSTW]*\)[	 ][	 ]*\([_A-Za-z][_A-Za-z0-9]*\)$/\1 \2 \2/p'\'' | sed '\''/ __gnu_lto/d'\'''
lt_cv_sys_global_symbol_to_c_name_address='sed -n -e '\''s/^: \(.*\) .*$/  {"\1", (void *) 0},/p'\'' -e '\''s/^[ABCDGIRSTW][ABCDGIRSTW]* .* \(.*\)$/  {"\1", (void *) \&\1},/p'\'''
lt_cv_sys_global_symbol_to_c_name_address_lib_prefix='sed -n -e '\''s/^: \(.*\) .*$/  {"\1", (void *) 0},/p'\'' -e '\''s/^[ABCDGIRSTW][ABCDGIRSTW]* .* \(lib.*\)$/  {"\1", (void *) \&\1},/p'\'' -e '\''s/^[ABCDGIRSTW][ABCDGIRSTW]* .* \(.*\)$/  {"lib\1", (void *) \&\1},/p'\'''
lt_cv_sys_global_symbol_to_cdecl='sed -n -e '\''s/^T .* \(.*\)$/extern int \1();/p'\'' -e '\''s/^[ABCDGIRSTW][ABCDGIRSTW]* .* \(.*\)$/extern char \1;/p'\'''
lt_cv_sys_global_symbol_to_import=
lt_cv_sys_max_cmd_len=1572864
lt_cv_to_host_file_cmd=func_convert_file_noop
lt_cv_to_tool_file_cmd=func_convert_file_noop
lt_cv_truncate_bin='/bin//dd bs=4096 count=1'

## ----------------- ##
## Output variables. ##
## ----------------- ##

ACLOCAL='${SHELL} /usr/src/reelbox/testing/src/libs/libdvdnav/missing aclocal-1.15'
ACLOCAL_DIR='/usr/share/aclocal'
AMDEPBACKSLASH='\'
AMDEP_FALSE='#'
AMDEP_TRUE=''
AMTAR='$${TAR-tar}'
AM_BACKSLASH='\'
AM_DEFAULT_V='$(AM_DEFAULT_VERBOSITY)'
AM_DEFAULT_VERBOSITY='1'
AM_V='$(V)'
AR='ar'
AUTOCONF='${SHELL} /usr/src/reelbox/testing/src/libs/libdvdnav/missing autoconf'
AUTOHEADER='${SHELL} /usr/src/reelbox/testing/src/libs/libdvdnav/missing autoheader'
AUTOMAKE='${SHELL} /usr/src/reelbox/testing/src/libs/libdvdnav/missing automake-1.15'
AWK='gawk'
CC='gcc'
CCDEPMODE='depmode=gcc3'
CFLAGS='-O3 -Wall -D_FILE_OFFSET_BITS=64 -D_LARGEFILE64_SOURCE '
CPP='gcc -E'
CPPFLAGS=''
CYGPATH_W='echo'
DEBUG_CFLAGS='-g -DDEBUG -O3 -Wall -D_FILE_OFFSET_BITS=64 -D_LARGEFILE64_SOURCE '
DEFS='-DHAVE_CONFIG_H'
DEPCOMP='depcomp'
DEPDIR='.deps'
DLLTOOL='false'
DOXYGEN='no'
DSYMUTIL=''
DUMPBIN=''
DVDNAV_LT_AGE='1'
DVDNAV_LT_CURRENT='5'
DVDNAV_LT_REVISION='0'
DVDNAV_MAJOR='0'
DVDNAV_MINOR='2'
DVDNAV_SUB='0'
DYNAMIC_LD_LIBS='-ldl'
ECHO_C=''
ECHO_N='-n'
ECHO_T=''
EGREP='/bin//grep -E'
EXEEXT=''
FGREP='/bin//grep -F'
GREP='/bin//grep'
INCLUDES='-I$(top_srcdir) $(DVDNAV_CFLAGS)'
INSTALL_DATA='${INSTALL} -m 644'
INSTALL_M4_FALSE='#'
INSTALL_M4_TRUE=''
INSTALL_PROGRAM='${INSTALL}'
INSTALL_SCRIPT='${INSTALL}'
INSTALL_STRIP_PROGRAM='$(install_sh) -c -s'
LD='/usr/bin/ld'
LDFLAGS=''
LIBNAME='libdvdnav0'
LIBOBJS=''
LIBS=''
LIBTOOL='$(SHELL) $(top_builddir)/libtool'
LIBTOOL_DEPS='./ltmain.sh'
LIPO=''
LN_S='ln -s'
LTLIBOBJS=''
LT_SYS_LIBRARY_PATH=''
MAKEINFO='${SHELL} /usr/src/reelbox/testing/src/libs/libdvdnav/missing makeinfo'
MANIFEST_TOOL=':'
MKDIR_P='/bin//mkdir -p'
NM='/usr/bin/nm -B'
NMEDIT=''
OBJDUMP='objdump'
OBJEXT='o'
OTOOL64=''
OTOOL=''
PACKAGE='libdvdnav'
PACKAGE_BUGREPORT=''
PACKAGE_NAME=''
PACKAGE_STRING=''
PACKAGE_TARNAME=''
PACKAGE_URL=''
PACKAGE_VERSION=''
PATH_SEPARATOR=':'
RANLIB='ranlib'
RELEASE='1'
SED='/bin//sed'
SET_MAKE=''
SHELL='/bin/bash'
SPEC_VERSION='0.2.0cvs'
STATIC=''
STRIP='strip'
TAR_NAME='libdvdnav-0.2.0cvs'
THREAD_CFLAGS=''
THREAD_LIBS='-lpthread'
VERSION='0.2.0cvs'
ac_ct_AR='ar'
ac_ct_CC='gcc'
ac_ct_DUMPBIN=''
am__EXEEXT_FALSE=''
am__EXEEXT_TRUE='#'
am__fastdepCC_FALSE='#'
am__fastdepCC_TRUE=''
am__include='include'
am__isrc=''
am__leading_dot='.'
am__nodep='_no'
am__quote=''
am__tar='$${TAR-tar} chof - "$$tardir"'
am__untar='$${TAR-tar} xf -'
bindir='${exec_prefix}/bin'
build='i686-pc-linux-gnu'
build_alias=''
build_cpu='i686'
build_os='linux-gnu'
build_vendor='pc'
datadir='${datarootdir}'
datarootdir='${prefix}/share'
docdir='${datarootdir}/doc/${PACKAGE}'
dvidir='${docdir}'
exec_prefix='${prefix}'
host='i686-pc-linux-gnu'
host_alias=''
host_cpu='i686'
host_os='linux-gnu'
host_vendor='pc'
htmldir='${docdir}'
includedir='${prefix}/include'
infodir='${datarootdir}/info'
install_sh='${SHELL} /usr/src/reelbox/testing/src/libs/libdvdnav/install-sh'
libdir='${exec_prefix}/lib'
libexecdir='${exec_prefix}/libexec'
localedir='${datarootdir}/locale'
localstatedir='${prefix}/var'
mandir='${datarootdir}/man'
mkdir_p='$(MKDIR_P)'
oldincludedir='/usr/include'
pdfdir='${docdir}'
prefix='/usr/local'
program_transform_name='s,x,x,'
psdir='${docdir}'
runstatedir='${localstatedir}/run'
sbindir='${exec_prefix}/sbin'
sharedstatedir='${prefix}/com'
sysconfdir='${prefix}/etc'
target='i686-pc-linux-gnu'
target_alias=''
target_cpu='i686'
target_os='linux-gnu'
target_vendor='pc'

## ----------- ##
## confdefs.h. ##
## ----------- ##

/* confdefs.h */
#define PACKAGE_NAME ""
#define PACKAGE_TARNAME ""
#define PACKAGE_VERSION ""
#define PACKAGE_STRING ""
#define PACKAGE_BUGREPORT ""
#define PACKAGE_URL ""
#define PACKAGE "libdvdnav"
#define VERSION "0.2.0cvs"
#define STDC_HEADERS 1
#define HAVE_SYS_TYPES_H 1
#define HAVE_SYS_STAT_H 1
#define HAVE_STDLIB_H 1
#define HAVE_STRING_H 1
#define HAVE_MEMORY_H 1
#define HAVE_STRINGS_H 1
#define HAVE_INTTYPES_H 1
#define HAVE_STDINT_H 1
#define HAVE_UNISTD_H 1
#define HAVE_DLFCN_H 1
#define LT_OBJDIR ".libs/"
#define STDC_HEADERS 1

configure: exit 0
