This file contains any messages produced by compilers while
running configure, to aid debugging if configure makes a mistake.

It was created by noad configure 0.7.2, which was
generated by GNU Autoconf 2.69.  Invocation command line was

  $ ./configure 

## --------- ##
## Platform. ##
## --------- ##

hostname = ReelBox60
uname -m = i686
uname -r = 3.13.0-66-generic
uname -s = Linux
uname -v = #108-Ubuntu SMP Wed Oct 7 15:21:40 UTC 2015

/usr/bin/uname -p = unknown
/bin/uname -X     = unknown

/bin/arch              = unknown
/usr/bin/arch -k       = unknown
/usr/convex/getsysinfo = unknown
/usr/bin/hostinfo      = unknown
/bin/machine           = unknown
/usr/bin/oslevel       = unknown
/bin/universe          = unknown

PATH: /sbin
PATH: /bin/
PATH: /usr/bin
PATH: /usr/sbin


## ----------- ##
## Core tests. ##
## ----------- ##

configure:2398: checking for a BSD-compatible install
configure:2466: result: /usr/bin/install -c
configure:2477: checking whether build environment is sane
configure:2532: result: yes
configure:2570: WARNING: 'missing' script is too old or missing
configure:2683: checking for a thread-safe mkdir -p
configure:2722: result: /bin//mkdir -p
configure:2729: checking for gawk
configure:2745: found /usr/bin/gawk
configure:2756: result: gawk
configure:2767: checking whether make sets $(MAKE)
configure:2789: result: yes
configure:2818: checking whether make supports nested variables
configure:2835: result: yes
configure:2986: checking for g++
configure:3002: found /usr/bin/g++
configure:3013: result: g++
configure:3040: checking for C++ compiler version
configure:3049: g++ --version >&5
g++ (Ubuntu 4.8.4-2ubuntu1~14.04) 4.8.4
Copyright (C) 2013 Free Software Foundation, Inc.
This is free software; see the source for copying conditions.  There is NO
warranty; not even for MERCHANTABILITY or FITNESS FOR A PARTICULAR PURPOSE.

configure:3060: $? = 0
configure:3049: g++ -v >&5
Using built-in specs.
COLLECT_GCC=g++
COLLECT_LTO_WRAPPER=/usr/lib/gcc/i686-linux-gnu/4.8/lto-wrapper
Target: i686-linux-gnu
Configured with: ../src/configure -v --with-pkgversion='Ubuntu 4.8.4-2ubuntu1~14.04' --with-bugurl=file:///usr/share/doc/gcc-4.8/README.Bugs --enable-languages=c,c++,java,go,d,fortran,objc,obj-c++ --prefix=/usr --program-suffix=-4.8 --enable-shared --enable-linker-build-id --libexecdir=/usr/lib --without-included-gettext --enable-threads=posix --with-gxx-include-dir=/usr/include/c++/4.8 --libdir=/usr/lib --enable-nls --with-sysroot=/ --enable-clocale=gnu --enable-libstdcxx-debug --enable-libstdcxx-time=yes --enable-gnu-unique-object --disable-libmudflap --enable-plugin --with-system-zlib --disable-browser-plugin --enable-java-awt=gtk --enable-gtk-cairo --with-java-home=/usr/lib/jvm/java-1.5.0-gcj-4.8-i386/jre --enable-java-home --with-jvm-root-dir=/usr/lib/jvm/java-1.5.0-gcj-4.8-i386 --with-jvm-jar-dir=/usr/lib/jvm-exports/java-1.5.0-gcj-4.8-i386 --with-arch-directory=i386 --with-ecj-jar=/usr/share/java/eclipse-ecj.jar --enable-objc-gc --enable-targets=all --enable-multiarch --disable-werror --with-arch-32=i686 --with-multilib-list=m32,m64,mx32 --with-tune=generic --enable-checking=release --build=i686-linux-gnu --host=i686-linux-gnu --target=i686-linux-gnu
Thread model: posix
gcc version 4.8.4 (Ubuntu 4.8.4-2ubuntu1~14.04) 
configure:3060: $? = 0
configure:3049: g++ -V >&5
g++: error: unrecognized command line option '-V'
g++: fatal error: no input files
compilation terminated.
configure:3060: $? = 4
configure:3049: g++ -qversion >&5
g++: error: unrecognized command line option '-qversion'
g++: fatal error: no input files
compilation terminated.
configure:3060: $? = 4
configure:3080: checking whether the C++ compiler works
configure:3102: g++    conftest.cpp  >&5
configure:3106: $? = 0
configure:3154: result: yes
configure:3157: checking for C++ compiler default output file name
configure:3159: result: a.out
configure:3165: checking for suffix of executables
configure:3172: g++ -o conftest    conftest.cpp  >&5
configure:3176: $? = 0
configure:3198: result: 
configure:3220: checking whether we are cross compiling
configure:3228: g++ -o conftest    conftest.cpp  >&5
configure:3232: $? = 0
configure:3239: ./conftest
configure:3243: $? = 0
configure:3258: result: no
configure:3263: checking for suffix of object files
configure:3285: g++ -c   conftest.cpp >&5
configure:3289: $? = 0
configure:3310: result: o
configure:3314: checking whether we are using the GNU C++ compiler
configure:3333: g++ -c   conftest.cpp >&5
configure:3333: $? = 0
configure:3342: result: yes
configure:3351: checking whether g++ accepts -g
configure:3371: g++ -c -g  conftest.cpp >&5
configure:3371: $? = 0
configure:3412: result: yes
configure:3446: checking for style of include used by make
configure:3474: result: GNU
configure:3500: checking dependency style of g++
configure:3611: result: gcc3
configure:3674: checking for gcc
configure:3690: found /usr/bin/gcc
configure:3701: result: gcc
configure:3930: checking for C compiler version
configure:3939: gcc --version >&5
gcc (Ubuntu 4.8.4-2ubuntu1~14.04) 4.8.4
Copyright (C) 2013 Free Software Foundation, Inc.
This is free software; see the source for copying conditions.  There is NO
warranty; not even for MERCHANTABILITY or FITNESS FOR A PARTICULAR PURPOSE.

configure:3950: $? = 0
configure:3939: gcc -v >&5
Using built-in specs.
COLLECT_GCC=gcc
COLLECT_LTO_WRAPPER=/usr/lib/gcc/i686-linux-gnu/4.8/lto-wrapper
Target: i686-linux-gnu
Configured with: ../src/configure -v --with-pkgversion='Ubuntu 4.8.4-2ubuntu1~14.04' --with-bugurl=file:///usr/share/doc/gcc-4.8/README.Bugs --enable-languages=c,c++,java,go,d,fortran,objc,obj-c++ --prefix=/usr --program-suffix=-4.8 --enable-shared --enable-linker-build-id --libexecdir=/usr/lib --without-included-gettext --enable-threads=posix --with-gxx-include-dir=/usr/include/c++/4.8 --libdir=/usr/lib --enable-nls --with-sysroot=/ --enable-clocale=gnu --enable-libstdcxx-debug --enable-libstdcxx-time=yes --enable-gnu-unique-object --disable-libmudflap --enable-plugin --with-system-zlib --disable-browser-plugin --enable-java-awt=gtk --enable-gtk-cairo --with-java-home=/usr/lib/jvm/java-1.5.0-gcj-4.8-i386/jre --enable-java-home --with-jvm-root-dir=/usr/lib/jvm/java-1.5.0-gcj-4.8-i386 --with-jvm-jar-dir=/usr/lib/jvm-exports/java-1.5.0-gcj-4.8-i386 --with-arch-directory=i386 --with-ecj-jar=/usr/share/java/eclipse-ecj.jar --enable-objc-gc --enable-targets=all --enable-multiarch --disable-werror --with-arch-32=i686 --with-multilib-list=m32,m64,mx32 --with-tune=generic --enable-checking=release --build=i686-linux-gnu --host=i686-linux-gnu --target=i686-linux-gnu
Thread model: posix
gcc version 4.8.4 (Ubuntu 4.8.4-2ubuntu1~14.04) 
configure:3950: $? = 0
configure:3939: gcc -V >&5
gcc: error: unrecognized command line option '-V'
gcc: fatal error: no input files
compilation terminated.
configure:3950: $? = 4
configure:3939: gcc -qversion >&5
gcc: error: unrecognized command line option '-qversion'
gcc: fatal error: no input files
compilation terminated.
configure:3950: $? = 4
configure:3954: checking whether we are using the GNU C compiler
configure:3973: gcc -c   conftest.c >&5
configure:3973: $? = 0
configure:3982: result: yes
configure:3991: checking whether gcc accepts -g
configure:4011: gcc -c -g  conftest.c >&5
configure:4011: $? = 0
configure:4052: result: yes
configure:4069: checking for gcc option to accept ISO C89
configure:4132: gcc  -c -g -O2  conftest.c >&5
configure:4132: $? = 0
configure:4145: result: none needed
configure:4167: checking dependency style of gcc
configure:4278: result: gcc3
configure:4336: checking for ranlib
configure:4352: found /usr/bin/ranlib
configure:4363: result: ranlib
configure:4401: checking how to run the C++ preprocessor
configure:4428: g++ -E  -D_GNU_SOURCE conftest.cpp
configure:4428: $? = 0
configure:4442: g++ -E  -D_GNU_SOURCE conftest.cpp
conftest.cpp:12:28: fatal error: ac_nonexistent.h: No such file or directory
 #include <ac_nonexistent.h>
                            ^
compilation terminated.
configure:4442: $? = 1
configure: failed program was:
| /* confdefs.h */
| #define PACKAGE_NAME "noad"
| #define PACKAGE_TARNAME "noad"
| #define PACKAGE_VERSION "0.7.2"
| #define PACKAGE_STRING "noad 0.7.2"
| #define PACKAGE_BUGREPORT "theNoad@ulmail.net"
| #define PACKAGE_URL ""
| #define PACKAGE "noad"
| #define VERSION "0.7.2"
| #define _GNU_SOURCE 1
| /* end confdefs.h.  */
| #include <ac_nonexistent.h>
configure:4467: result: g++ -E
configure:4487: g++ -E  -D_GNU_SOURCE conftest.cpp
configure:4487: $? = 0
configure:4501: g++ -E  -D_GNU_SOURCE conftest.cpp
conftest.cpp:12:28: fatal error: ac_nonexistent.h: No such file or directory
 #include <ac_nonexistent.h>
                            ^
compilation terminated.
configure:4501: $? = 1
configure: failed program was:
| /* confdefs.h */
| #define PACKAGE_NAME "noad"
| #define PACKAGE_TARNAME "noad"
| #define PACKAGE_VERSION "0.7.2"
| #define PACKAGE_STRING "noad 0.7.2"
| #define PACKAGE_BUGREPORT "theNoad@ulmail.net"
| #define PACKAGE_URL ""
| #define PACKAGE "noad"
| #define VERSION "0.7.2"
| #define _GNU_SOURCE 1
| /* end confdefs.h.  */
| #include <ac_nonexistent.h>
configure:4530: checking for grep that handles long lines and -e
configure:4588: result: /bin//grep
configure:4593: checking for egrep
configure:4655: result: /bin//grep -E
configure:4660: checking for ANSI C header files
configure:4680: g++ -c -g -O2  -D_GNU_SOURCE conftest.cpp >&5
configure:4680: $? = 0
configure:4753: g++ -o conftest -g -O2  -D_GNU_SOURCE  conftest.cpp  >&5
configure:4753: $? = 0
configure:4753: ./conftest
configure:4753: $? = 0
configure:4764: result: yes
configure:4777: checking for sys/types.h
configure:4777: g++ -c -g -O2  -D_GNU_SOURCE conftest.cpp >&5
configure:4777: $? = 0
configure:4777: result: yes
configure:4777: checking for sys/stat.h
configure:4777: g++ -c -g -O2  -D_GNU_SOURCE conftest.cpp >&5
configure:4777: $? = 0
configure:4777: result: yes
configure:4777: checking for stdlib.h
configure:4777: g++ -c -g -O2  -D_GNU_SOURCE conftest.cpp >&5
configure:4777: $? = 0
configure:4777: result: yes
configure:4777: checking for string.h
configure:4777: g++ -c -g -O2  -D_GNU_SOURCE conftest.cpp >&5
configure:4777: $? = 0
configure:4777: result: yes
configure:4777: checking for memory.h
configure:4777: g++ -c -g -O2  -D_GNU_SOURCE conftest.cpp >&5
configure:4777: $? = 0
configure:4777: result: yes
configure:4777: checking for strings.h
configure:4777: g++ -c -g -O2  -D_GNU_SOURCE conftest.cpp >&5
configure:4777: $? = 0
configure:4777: result: yes
configure:4777: checking for inttypes.h
configure:4777: g++ -c -g -O2  -D_GNU_SOURCE conftest.cpp >&5
configure:4777: $? = 0
configure:4777: result: yes
configure:4777: checking for stdint.h
configure:4777: g++ -c -g -O2  -D_GNU_SOURCE conftest.cpp >&5
configure:4777: $? = 0
configure:4777: result: yes
configure:4777: checking for unistd.h
configure:4777: g++ -c -g -O2  -D_GNU_SOURCE conftest.cpp >&5
configure:4777: $? = 0
configure:4777: result: yes
configure:4790: checking minix/config.h usability
configure:4790: g++ -c -g -O2  -D_GNU_SOURCE conftest.cpp >&5
conftest.cpp:55:26: fatal error: minix/config.h: No such file or directory
 #include <minix/config.h>
                          ^
compilation terminated.
configure:4790: $? = 1
configure: failed program was:
| /* confdefs.h */
| #define PACKAGE_NAME "noad"
| #define PACKAGE_TARNAME "noad"
| #define PACKAGE_VERSION "0.7.2"
| #define PACKAGE_STRING "noad 0.7.2"
| #define PACKAGE_BUGREPORT "theNoad@ulmail.net"
| #define PACKAGE_URL ""
| #define PACKAGE "noad"
| #define VERSION "0.7.2"
| #define _GNU_SOURCE 1
| #define STDC_HEADERS 1
| #define HAVE_SYS_TYPES_H 1
| #define HAVE_SYS_STAT_H 1
| #define HAVE_STDLIB_H 1
| #define HAVE_STRING_H 1
| #define HAVE_MEMORY_H 1
| #define HAVE_STRINGS_H 1
| #define HAVE_INTTYPES_H 1
| #define HAVE_STDINT_H 1
| #define HAVE_UNISTD_H 1
| /* end confdefs.h.  */
| #include <stdio.h>
| #ifdef HAVE_SYS_TYPES_H
| # include <sys/types.h>
| #endif
| #ifdef HAVE_SYS_STAT_H
| # include <sys/stat.h>
| #endif
| #ifdef STDC_HEADERS
| # include <stdlib.h>
| # include <stddef.h>
| #else
| # ifdef HAVE_STDLIB_H
| #  include <stdlib.h>
| # endif
| #endif
| #ifdef HAVE_STRING_H
| # if !defined STDC_HEADERS && defined HAVE_MEMORY_H
| #  include <memory.h>
| # endif
| # include <string.h>
| #endif
| #ifdef HAVE_STRINGS_H
| # include <strings.h>
| #endif
| #ifdef HAVE_INTTYPES_H
| # include <inttypes.h>
| #endif
| #ifdef HAVE_STDINT_H
| # include <stdint.h>
| #endif
| #ifdef HAVE_UNISTD_H
| # include <unistd.h>
| #endif
| #include <minix/config.h>
configure:4790: result: no
configure:4790: checking minix/config.h presence
configure:4790: g++ -E  -D_GNU_SOURCE conftest.cpp
conftest.cpp:22:26: fatal error: minix/config.h: No such file or directory
 #include <minix/config.h>
                          ^
compilation terminated.
configure:4790: $? = 1
configure: failed program was:
| /* confdefs.h */
| #define PACKAGE_NAME "noad"
| #define PACKAGE_TARNAME "noad"
| #define PACKAGE_VERSION "0.7.2"
| #define PACKAGE_STRING "noad 0.7.2"
| #define PACKAGE_BUGREPORT "theNoad@ulmail.net"
| #define PACKAGE_URL ""
| #define PACKAGE "noad"
| #define VERSION "0.7.2"
| #define _GNU_SOURCE 1
| #define STDC_HEADERS 1
| #define HAVE_SYS_TYPES_H 1
| #define HAVE_SYS_STAT_H 1
| #define HAVE_STDLIB_H 1
| #define HAVE_STRING_H 1
| #define HAVE_MEMORY_H 1
| #define HAVE_STRINGS_H 1
| #define HAVE_INTTYPES_H 1
| #define HAVE_STDINT_H 1
| #define HAVE_UNISTD_H 1
| /* end confdefs.h.  */
| #include <minix/config.h>
configure:4790: result: no
configure:4790: checking for minix/config.h
configure:4790: result: no
configure:4811: checking whether it is safe to define __EXTENSIONS__
configure:4829: g++ -c -g -O2  -D_GNU_SOURCE conftest.cpp >&5
configure:4829: $? = 0
configure:4836: result: yes
configure:4862: checking for libmpeg with pkg-config
configure:4865: result: configure from pkg-config
configure:4960: taking mpeg-includes from -I/usr/include/mpeg2dec  
configure:4962: using mpeg-library from  
configure:4964: LDFLAGS=  
configure:5153: checking for Magick++ with pkg-config
configure:5156: result: configure Magick++ with pkg-config
configure:5170: checking for Magick++(2)
configure:5190: g++ -c -g -O2 -I/usr/include/ImageMagick   -fopenmp     -lMagick++ -lMagickCore    -I/usr/include/mpeg2dec    -D_GNU_SOURCE conftest.cpp >&5
configure:5190: $? = 0
configure:5191: result: "yes"
configure:5217: checking whether posix_fadvise is declared
configure:5217: g++ -c -g -O2  -I/usr/include/mpeg2dec    -D_GNU_SOURCE conftest.cpp >&5
configure:5217: $? = 0
configure:5217: result: yes
configure:5232: checking for posix_fadvise
configure:5232: g++ -o conftest -g -O2  -I/usr/include/mpeg2dec    -D_GNU_SOURCE     conftest.cpp  >&5
configure:5232: $? = 0
configure:5232: result: yes
configure:5246: checking for dirent.h that defines DIR
configure:5265: g++ -c -g -O2  -I/usr/include/mpeg2dec    -D_GNU_SOURCE conftest.cpp >&5
configure:5265: $? = 0
configure:5273: result: yes
configure:5286: checking for library containing opendir
configure:5317: g++ -o conftest -g -O2  -I/usr/include/mpeg2dec    -D_GNU_SOURCE     conftest.cpp  >&5
configure:5317: $? = 0
configure:5334: result: none required
configure:5401: checking for ANSI C header files
configure:5505: result: yes
configure:5513: checking for sys/wait.h that is POSIX.1 compatible
configure:5539: g++ -c -g -O2  -I/usr/include/mpeg2dec    -D_GNU_SOURCE conftest.cpp >&5
configure:5539: $? = 0
configure:5546: result: yes
configure:5557: checking arpa/inet.h usability
configure:5557: g++ -c -g -O2  -I/usr/include/mpeg2dec    -D_GNU_SOURCE conftest.cpp >&5
configure:5557: $? = 0
configure:5557: result: yes
configure:5557: checking arpa/inet.h presence
configure:5557: g++ -E  -I/usr/include/mpeg2dec    -D_GNU_SOURCE conftest.cpp
configure:5557: $? = 0
configure:5557: result: yes
configure:5557: checking for arpa/inet.h
configure:5557: result: yes
configure:5557: checking fcntl.h usability
configure:5557: g++ -c -g -O2  -I/usr/include/mpeg2dec    -D_GNU_SOURCE conftest.cpp >&5
configure:5557: $? = 0
configure:5557: result: yes
configure:5557: checking fcntl.h presence
configure:5557: g++ -E  -I/usr/include/mpeg2dec    -D_GNU_SOURCE conftest.cpp
configure:5557: $? = 0
configure:5557: result: yes
configure:5557: checking for fcntl.h
configure:5557: result: yes
configure:5557: checking for inttypes.h
configure:5557: result: yes
configure:5557: checking netinet/in.h usability
configure:5557: g++ -c -g -O2  -I/usr/include/mpeg2dec    -D_GNU_SOURCE conftest.cpp >&5
configure:5557: $? = 0
configure:5557: result: yes
configure:5557: checking netinet/in.h presence
configure:5557: g++ -E  -I/usr/include/mpeg2dec    -D_GNU_SOURCE conftest.cpp
configure:5557: $? = 0
configure:5557: result: yes
configure:5557: checking for netinet/in.h
configure:5557: result: yes
configure:5557: checking for stdlib.h
configure:5557: result: yes
configure:5557: checking for string.h
configure:5557: result: yes
configure:5557: checking sys/ioctl.h usability
configure:5557: g++ -c -g -O2  -I/usr/include/mpeg2dec    -D_GNU_SOURCE conftest.cpp >&5
configure:5557: $? = 0
configure:5557: result: yes
configure:5557: checking sys/ioctl.h presence
configure:5557: g++ -E  -I/usr/include/mpeg2dec    -D_GNU_SOURCE conftest.cpp
configure:5557: $? = 0
configure:5557: result: yes
configure:5557: checking for sys/ioctl.h
configure:5557: result: yes
configure:5557: checking sys/socket.h usability
configure:5557: g++ -c -g -O2  -I/usr/include/mpeg2dec    -D_GNU_SOURCE conftest.cpp >&5
configure:5557: $? = 0
configure:5557: result: yes
configure:5557: checking sys/socket.h presence
configure:5557: g++ -E  -I/usr/include/mpeg2dec    -D_GNU_SOURCE conftest.cpp
configure:5557: $? = 0
configure:5557: result: yes
configure:5557: checking for sys/socket.h
configure:5557: result: yes
configure:5557: checking sys/time.h usability
configure:5557: g++ -c -g -O2  -I/usr/include/mpeg2dec    -D_GNU_SOURCE conftest.cpp >&5
configure:5557: $? = 0
configure:5557: result: yes
configure:5557: checking sys/time.h presence
configure:5557: g++ -E  -I/usr/include/mpeg2dec    -D_GNU_SOURCE conftest.cpp
configure:5557: $? = 0
configure:5557: result: yes
configure:5557: checking for sys/time.h
configure:5557: result: yes
configure:5557: checking sys/vfs.h usability
configure:5557: g++ -c -g -O2  -I/usr/include/mpeg2dec    -D_GNU_SOURCE conftest.cpp >&5
configure:5557: $? = 0
configure:5557: result: yes
configure:5557: checking sys/vfs.h presence
configure:5557: g++ -E  -I/usr/include/mpeg2dec    -D_GNU_SOURCE conftest.cpp
configure:5557: $? = 0
configure:5557: result: yes
configure:5557: checking for sys/vfs.h
configure:5557: result: yes
configure:5557: checking syslog.h usability
configure:5557: g++ -c -g -O2  -I/usr/include/mpeg2dec    -D_GNU_SOURCE conftest.cpp >&5
configure:5557: $? = 0
configure:5557: result: yes
configure:5557: checking syslog.h presence
configure:5557: g++ -E  -I/usr/include/mpeg2dec    -D_GNU_SOURCE conftest.cpp
configure:5557: $? = 0
configure:5557: result: yes
configure:5557: checking for syslog.h
configure:5557: result: yes
configure:5557: checking for unistd.h
configure:5557: result: yes
configure:5569: checking for stdbool.h that conforms to C99
configure:5636: g++ -c -g -O2  -I/usr/include/mpeg2dec    -D_GNU_SOURCE conftest.cpp >&5
configure:5636: $? = 0
configure:5643: result: yes
configure:5645: checking for _Bool
configure:5645: g++ -c -g -O2  -I/usr/include/mpeg2dec    -D_GNU_SOURCE conftest.cpp >&5
conftest.cpp: In function 'int main()':
conftest.cpp:80:13: error: '_Bool' was not declared in this scope
 if (sizeof (_Bool))
             ^
configure:5645: $? = 1
configure: failed program was:
| /* confdefs.h */
| #define PACKAGE_NAME "noad"
| #define PACKAGE_TARNAME "noad"
| #define PACKAGE_VERSION "0.7.2"
| #define PACKAGE_STRING "noad 0.7.2"
| #define PACKAGE_BUGREPORT "theNoad@ulmail.net"
| #define PACKAGE_URL ""
| #define PACKAGE "noad"
| #define VERSION "0.7.2"
| #define _GNU_SOURCE 1
| #define STDC_HEADERS 1
| #define HAVE_SYS_TYPES_H 1
| #define HAVE_SYS_STAT_H 1
| #define HAVE_STDLIB_H 1
| #define HAVE_STRING_H 1
| #define HAVE_MEMORY_H 1
| #define HAVE_STRINGS_H 1
| #define HAVE_INTTYPES_H 1
| #define HAVE_STDINT_H 1
| #define HAVE_UNISTD_H 1
| #define __EXTENSIONS__ 1
| #define _ALL_SOURCE 1
| #define _GNU_SOURCE 1
| #define _POSIX_PTHREAD_SEMANTICS 1
| #define _TANDEM_SOURCE 1
| #define HAVE_DECL_POSIX_FADVISE 1
| #define HAVE_POSIX_FADVISE 1
| #define HAVE_DIRENT_H 1
| #define STDC_HEADERS 1
| #define HAVE_SYS_WAIT_H 1
| #define HAVE_ARPA_INET_H 1
| #define HAVE_FCNTL_H 1
| #define HAVE_INTTYPES_H 1
| #define HAVE_NETINET_IN_H 1
| #define HAVE_STDLIB_H 1
| #define HAVE_STRING_H 1
| #define HAVE_SYS_IOCTL_H 1
| #define HAVE_SYS_SOCKET_H 1
| #define HAVE_SYS_TIME_H 1
| #define HAVE_SYS_VFS_H 1
| #define HAVE_SYSLOG_H 1
| #define HAVE_UNISTD_H 1
| /* end confdefs.h.  */
| #include <stdio.h>
| #ifdef HAVE_SYS_TYPES_H
| # include <sys/types.h>
| #endif
| #ifdef HAVE_SYS_STAT_H
| # include <sys/stat.h>
| #endif
| #ifdef STDC_HEADERS
| # include <stdlib.h>
| # include <stddef.h>
| #else
| # ifdef HAVE_STDLIB_H
| #  include <stdlib.h>
| # endif
| #endif
| #ifdef HAVE_STRING_H
| # if !defined STDC_HEADERS && defined HAVE_MEMORY_H
| #  include <memory.h>
| # endif
| # include <string.h>
| #endif
| #ifdef HAVE_STRINGS_H
| # include <strings.h>
| #endif
| #ifdef HAVE_INTTYPES_H
| # include <inttypes.h>
| #endif
| #ifdef HAVE_STDINT_H
| # include <stdint.h>
| #endif
| #ifdef HAVE_UNISTD_H
| # include <unistd.h>
| #endif
| int
| main ()
| {
| if (sizeof (_Bool))
| 	 return 0;
|   ;
|   return 0;
| }
configure:5645: result: no
configure:5662: checking for an ANSI C-conforming const
configure:5728: g++ -c -g -O2  -I/usr/include/mpeg2dec    -D_GNU_SOURCE conftest.cpp >&5
configure:5728: $? = 0
configure:5735: result: yes
configure:5743: checking for inline
configure:5759: g++ -c -g -O2  -I/usr/include/mpeg2dec    -D_GNU_SOURCE conftest.cpp >&5
configure:5759: $? = 0
configure:5767: result: inline
configure:5785: checking for mode_t
configure:5785: g++ -c -g -O2  -I/usr/include/mpeg2dec    -D_GNU_SOURCE conftest.cpp >&5
configure:5785: $? = 0
configure:5785: g++ -c -g -O2  -I/usr/include/mpeg2dec    -D_GNU_SOURCE conftest.cpp >&5
conftest.cpp: In function 'int main()':
conftest.cpp:81:20: error: expected primary-expression before ')' token
 if (sizeof ((mode_t)))
                    ^
configure:5785: $? = 1
configure: failed program was:
| /* confdefs.h */
| #define PACKAGE_NAME "noad"
| #define PACKAGE_TARNAME "noad"
| #define PACKAGE_VERSION "0.7.2"
| #define PACKAGE_STRING "noad 0.7.2"
| #define PACKAGE_BUGREPORT "theNoad@ulmail.net"
| #define PACKAGE_URL ""
| #define PACKAGE "noad"
| #define VERSION "0.7.2"
| #define _GNU_SOURCE 1
| #define STDC_HEADERS 1
| #define HAVE_SYS_TYPES_H 1
| #define HAVE_SYS_STAT_H 1
| #define HAVE_STDLIB_H 1
| #define HAVE_STRING_H 1
| #define HAVE_MEMORY_H 1
| #define HAVE_STRINGS_H 1
| #define HAVE_INTTYPES_H 1
| #define HAVE_STDINT_H 1
| #define HAVE_UNISTD_H 1
| #define __EXTENSIONS__ 1
| #define _ALL_SOURCE 1
| #define _GNU_SOURCE 1
| #define _POSIX_PTHREAD_SEMANTICS 1
| #define _TANDEM_SOURCE 1
| #define HAVE_DECL_POSIX_FADVISE 1
| #define HAVE_POSIX_FADVISE 1
| #define HAVE_DIRENT_H 1
| #define STDC_HEADERS 1
| #define HAVE_SYS_WAIT_H 1
| #define HAVE_ARPA_INET_H 1
| #define HAVE_FCNTL_H 1
| #define HAVE_INTTYPES_H 1
| #define HAVE_NETINET_IN_H 1
| #define HAVE_STDLIB_H 1
| #define HAVE_STRING_H 1
| #define HAVE_SYS_IOCTL_H 1
| #define HAVE_SYS_SOCKET_H 1
| #define HAVE_SYS_TIME_H 1
| #define HAVE_SYS_VFS_H 1
| #define HAVE_SYSLOG_H 1
| #define HAVE_UNISTD_H 1
| #define HAVE_STDBOOL_H 1
| /* end confdefs.h.  */
| #include <stdio.h>
| #ifdef HAVE_SYS_TYPES_H
| # include <sys/types.h>
| #endif
| #ifdef HAVE_SYS_STAT_H
| # include <sys/stat.h>
| #endif
| #ifdef STDC_HEADERS
| # include <stdlib.h>
| # include <stddef.h>
| #else
| # ifdef HAVE_STDLIB_H
| #  include <stdlib.h>
| # endif
| #endif
| #ifdef HAVE_STRING_H
| # if !defined STDC_HEADERS && defined HAVE_MEMORY_H
| #  include <memory.h>
| # endif
| # include <string.h>
| #endif
| #ifdef HAVE_STRINGS_H
| # include <strings.h>
| #endif
| #ifdef HAVE_INTTYPES_H
| # include <inttypes.h>
| #endif
| #ifdef HAVE_STDINT_H
| # include <stdint.h>
| #endif
| #ifdef HAVE_UNISTD_H
| # include <unistd.h>
| #endif
| int
| main ()
| {
| if (sizeof ((mode_t)))
| 	    return 0;
|   ;
|   return 0;
| }
configure:5785: result: yes
configure:5796: checking for pid_t
configure:5796: g++ -c -g -O2  -I/usr/include/mpeg2dec    -D_GNU_SOURCE conftest.cpp >&5
configure:5796: $? = 0
configure:5796: g++ -c -g -O2  -I/usr/include/mpeg2dec    -D_GNU_SOURCE conftest.cpp >&5
conftest.cpp: In function 'int main()':
conftest.cpp:81:19: error: expected primary-expression before ')' token
 if (sizeof ((pid_t)))
                   ^
configure:5796: $? = 1
configure: failed program was:
| /* confdefs.h */
| #define PACKAGE_NAME "noad"
| #define PACKAGE_TARNAME "noad"
| #define PACKAGE_VERSION "0.7.2"
| #define PACKAGE_STRING "noad 0.7.2"
| #define PACKAGE_BUGREPORT "theNoad@ulmail.net"
| #define PACKAGE_URL ""
| #define PACKAGE "noad"
| #define VERSION "0.7.2"
| #define _GNU_SOURCE 1
| #define STDC_HEADERS 1
| #define HAVE_SYS_TYPES_H 1
| #define HAVE_SYS_STAT_H 1
| #define HAVE_STDLIB_H 1
| #define HAVE_STRING_H 1
| #define HAVE_MEMORY_H 1
| #define HAVE_STRINGS_H 1
| #define HAVE_INTTYPES_H 1
| #define HAVE_STDINT_H 1
| #define HAVE_UNISTD_H 1
| #define __EXTENSIONS__ 1
| #define _ALL_SOURCE 1
| #define _GNU_SOURCE 1
| #define _POSIX_PTHREAD_SEMANTICS 1
| #define _TANDEM_SOURCE 1
| #define HAVE_DECL_POSIX_FADVISE 1
| #define HAVE_POSIX_FADVISE 1
| #define HAVE_DIRENT_H 1
| #define STDC_HEADERS 1
| #define HAVE_SYS_WAIT_H 1
| #define HAVE_ARPA_INET_H 1
| #define HAVE_FCNTL_H 1
| #define HAVE_INTTYPES_H 1
| #define HAVE_NETINET_IN_H 1
| #define HAVE_STDLIB_H 1
| #define HAVE_STRING_H 1
| #define HAVE_SYS_IOCTL_H 1
| #define HAVE_SYS_SOCKET_H 1
| #define HAVE_SYS_TIME_H 1
| #define HAVE_SYS_VFS_H 1
| #define HAVE_SYSLOG_H 1
| #define HAVE_UNISTD_H 1
| #define HAVE_STDBOOL_H 1
| /* end confdefs.h.  */
| #include <stdio.h>
| #ifdef HAVE_SYS_TYPES_H
| # include <sys/types.h>
| #endif
| #ifdef HAVE_SYS_STAT_H
| # include <sys/stat.h>
| #endif
| #ifdef STDC_HEADERS
| # include <stdlib.h>
| # include <stddef.h>
| #else
| # ifdef HAVE_STDLIB_H
| #  include <stdlib.h>
| # endif
| #endif
| #ifdef HAVE_STRING_H
| # if !defined STDC_HEADERS && defined HAVE_MEMORY_H
| #  include <memory.h>
| # endif
| # include <string.h>
| #endif
| #ifdef HAVE_STRINGS_H
| # include <strings.h>
| #endif
| #ifdef HAVE_INTTYPES_H
| # include <inttypes.h>
| #endif
| #ifdef HAVE_STDINT_H
| # include <stdint.h>
| #endif
| #ifdef HAVE_UNISTD_H
| # include <unistd.h>
| #endif
| int
| main ()
| {
| if (sizeof ((pid_t)))
| 	    return 0;
|   ;
|   return 0;
| }
configure:5796: result: yes
configure:5807: checking for size_t
configure:5807: g++ -c -g -O2  -I/usr/include/mpeg2dec    -D_GNU_SOURCE conftest.cpp >&5
configure:5807: $? = 0
configure:5807: g++ -c -g -O2  -I/usr/include/mpeg2dec    -D_GNU_SOURCE conftest.cpp >&5
conftest.cpp: In function 'int main()':
conftest.cpp:81:20: error: expected primary-expression before ')' token
 if (sizeof ((size_t)))
                    ^
configure:5807: $? = 1
configure: failed program was:
| /* confdefs.h */
| #define PACKAGE_NAME "noad"
| #define PACKAGE_TARNAME "noad"
| #define PACKAGE_VERSION "0.7.2"
| #define PACKAGE_STRING "noad 0.7.2"
| #define PACKAGE_BUGREPORT "theNoad@ulmail.net"
| #define PACKAGE_URL ""
| #define PACKAGE "noad"
| #define VERSION "0.7.2"
| #define _GNU_SOURCE 1
| #define STDC_HEADERS 1
| #define HAVE_SYS_TYPES_H 1
| #define HAVE_SYS_STAT_H 1
| #define HAVE_STDLIB_H 1
| #define HAVE_STRING_H 1
| #define HAVE_MEMORY_H 1
| #define HAVE_STRINGS_H 1
| #define HAVE_INTTYPES_H 1
| #define HAVE_STDINT_H 1
| #define HAVE_UNISTD_H 1
| #define __EXTENSIONS__ 1
| #define _ALL_SOURCE 1
| #define _GNU_SOURCE 1
| #define _POSIX_PTHREAD_SEMANTICS 1
| #define _TANDEM_SOURCE 1
| #define HAVE_DECL_POSIX_FADVISE 1
| #define HAVE_POSIX_FADVISE 1
| #define HAVE_DIRENT_H 1
| #define STDC_HEADERS 1
| #define HAVE_SYS_WAIT_H 1
| #define HAVE_ARPA_INET_H 1
| #define HAVE_FCNTL_H 1
| #define HAVE_INTTYPES_H 1
| #define HAVE_NETINET_IN_H 1
| #define HAVE_STDLIB_H 1
| #define HAVE_STRING_H 1
| #define HAVE_SYS_IOCTL_H 1
| #define HAVE_SYS_SOCKET_H 1
| #define HAVE_SYS_TIME_H 1
| #define HAVE_SYS_VFS_H 1
| #define HAVE_SYSLOG_H 1
| #define HAVE_UNISTD_H 1
| #define HAVE_STDBOOL_H 1
| /* end confdefs.h.  */
| #include <stdio.h>
| #ifdef HAVE_SYS_TYPES_H
| # include <sys/types.h>
| #endif
| #ifdef HAVE_SYS_STAT_H
| # include <sys/stat.h>
| #endif
| #ifdef STDC_HEADERS
| # include <stdlib.h>
| # include <stddef.h>
| #else
| # ifdef HAVE_STDLIB_H
| #  include <stdlib.h>
| # endif
| #endif
| #ifdef HAVE_STRING_H
| # if !defined STDC_HEADERS && defined HAVE_MEMORY_H
| #  include <memory.h>
| # endif
| # include <string.h>
| #endif
| #ifdef HAVE_STRINGS_H
| # include <strings.h>
| #endif
| #ifdef HAVE_INTTYPES_H
| # include <inttypes.h>
| #endif
| #ifdef HAVE_STDINT_H
| # include <stdint.h>
| #endif
| #ifdef HAVE_UNISTD_H
| # include <unistd.h>
| #endif
| int
| main ()
| {
| if (sizeof ((size_t)))
| 	    return 0;
|   ;
|   return 0;
| }
configure:5807: result: yes
configure:5818: checking whether time.h and sys/time.h may both be included
configure:5838: g++ -c -g -O2  -I/usr/include/mpeg2dec    -D_GNU_SOURCE conftest.cpp >&5
configure:5838: $? = 0
configure:5845: result: yes
configure:5853: checking whether struct tm is in sys/time.h or time.h
configure:5873: g++ -c -g -O2  -I/usr/include/mpeg2dec    -D_GNU_SOURCE conftest.cpp >&5
configure:5873: $? = 0
configure:5880: result: time.h
configure:5890: checking whether closedir returns void
configure:5914: g++ -o conftest -g -O2  -I/usr/include/mpeg2dec    -D_GNU_SOURCE     conftest.cpp  >&5
configure:5914: $? = 0
configure:5914: ./conftest
configure:5914: $? = 0
configure:5924: result: no
configure:5934: checking vfork.h usability
configure:5934: g++ -c -g -O2  -I/usr/include/mpeg2dec    -D_GNU_SOURCE conftest.cpp >&5
conftest.cpp:79:19: fatal error: vfork.h: No such file or directory
 #include <vfork.h>
                   ^
compilation terminated.
configure:5934: $? = 1
configure: failed program was:
| /* confdefs.h */
| #define PACKAGE_NAME "noad"
| #define PACKAGE_TARNAME "noad"
| #define PACKAGE_VERSION "0.7.2"
| #define PACKAGE_STRING "noad 0.7.2"
| #define PACKAGE_BUGREPORT "theNoad@ulmail.net"
| #define PACKAGE_URL ""
| #define PACKAGE "noad"
| #define VERSION "0.7.2"
| #define _GNU_SOURCE 1
| #define STDC_HEADERS 1
| #define HAVE_SYS_TYPES_H 1
| #define HAVE_SYS_STAT_H 1
| #define HAVE_STDLIB_H 1
| #define HAVE_STRING_H 1
| #define HAVE_MEMORY_H 1
| #define HAVE_STRINGS_H 1
| #define HAVE_INTTYPES_H 1
| #define HAVE_STDINT_H 1
| #define HAVE_UNISTD_H 1
| #define __EXTENSIONS__ 1
| #define _ALL_SOURCE 1
| #define _GNU_SOURCE 1
| #define _POSIX_PTHREAD_SEMANTICS 1
| #define _TANDEM_SOURCE 1
| #define HAVE_DECL_POSIX_FADVISE 1
| #define HAVE_POSIX_FADVISE 1
| #define HAVE_DIRENT_H 1
| #define STDC_HEADERS 1
| #define HAVE_SYS_WAIT_H 1
| #define HAVE_ARPA_INET_H 1
| #define HAVE_FCNTL_H 1
| #define HAVE_INTTYPES_H 1
| #define HAVE_NETINET_IN_H 1
| #define HAVE_STDLIB_H 1
| #define HAVE_STRING_H 1
| #define HAVE_SYS_IOCTL_H 1
| #define HAVE_SYS_SOCKET_H 1
| #define HAVE_SYS_TIME_H 1
| #define HAVE_SYS_VFS_H 1
| #define HAVE_SYSLOG_H 1
| #define HAVE_UNISTD_H 1
| #define HAVE_STDBOOL_H 1
| #define TIME_WITH_SYS_TIME 1
| /* end confdefs.h.  */
| #include <stdio.h>
| #ifdef HAVE_SYS_TYPES_H
| # include <sys/types.h>
| #endif
| #ifdef HAVE_SYS_STAT_H
| # include <sys/stat.h>
| #endif
| #ifdef STDC_HEADERS
| # include <stdlib.h>
| # include <stddef.h>
| #else
| # ifdef HAVE_STDLIB_H
| #  include <stdlib.h>
| # endif
| #endif
| #ifdef HAVE_STRING_H
| # if !defined STDC_HEADERS && defined HAVE_MEMORY_H
| #  include <memory.h>
| # endif
| # include <string.h>
| #endif
| #ifdef HAVE_STRINGS_H
| # include <strings.h>
| #endif
| #ifdef HAVE_INTTYPES_H
| # include <inttypes.h>
| #endif
| #ifdef HAVE_STDINT_H
| # include <stdint.h>
| #endif
| #ifdef HAVE_UNISTD_H
| # include <unistd.h>
| #endif
| #include <vfork.h>
configure:5934: result: no
configure:5934: checking vfork.h presence
configure:5934: g++ -E  -I/usr/include/mpeg2dec    -D_GNU_SOURCE conftest.cpp
conftest.cpp:46:19: fatal error: vfork.h: No such file or directory
 #include <vfork.h>
                   ^
compilation terminated.
configure:5934: $? = 1
configure: failed program was:
| /* confdefs.h */
| #define PACKAGE_NAME "noad"
| #define PACKAGE_TARNAME "noad"
| #define PACKAGE_VERSION "0.7.2"
| #define PACKAGE_STRING "noad 0.7.2"
| #define PACKAGE_BUGREPORT "theNoad@ulmail.net"
| #define PACKAGE_URL ""
| #define PACKAGE "noad"
| #define VERSION "0.7.2"
| #define _GNU_SOURCE 1
| #define STDC_HEADERS 1
| #define HAVE_SYS_TYPES_H 1
| #define HAVE_SYS_STAT_H 1
| #define HAVE_STDLIB_H 1
| #define HAVE_STRING_H 1
| #define HAVE_MEMORY_H 1
| #define HAVE_STRINGS_H 1
| #define HAVE_INTTYPES_H 1
| #define HAVE_STDINT_H 1
| #define HAVE_UNISTD_H 1
| #define __EXTENSIONS__ 1
| #define _ALL_SOURCE 1
| #define _GNU_SOURCE 1
| #define _POSIX_PTHREAD_SEMANTICS 1
| #define _TANDEM_SOURCE 1
| #define HAVE_DECL_POSIX_FADVISE 1
| #define HAVE_POSIX_FADVISE 1
| #define HAVE_DIRENT_H 1
| #define STDC_HEADERS 1
| #define HAVE_SYS_WAIT_H 1
| #define HAVE_ARPA_INET_H 1
| #define HAVE_FCNTL_H 1
| #define HAVE_INTTYPES_H 1
| #define HAVE_NETINET_IN_H 1
| #define HAVE_STDLIB_H 1
| #define HAVE_STRING_H 1
| #define HAVE_SYS_IOCTL_H 1
| #define HAVE_SYS_SOCKET_H 1
| #define HAVE_SYS_TIME_H 1
| #define HAVE_SYS_VFS_H 1
| #define HAVE_SYSLOG_H 1
| #define HAVE_UNISTD_H 1
| #define HAVE_STDBOOL_H 1
| #define TIME_WITH_SYS_TIME 1
| /* end confdefs.h.  */
| #include <vfork.h>
configure:5934: result: no
configure:5934: checking for vfork.h
configure:5934: result: no
configure:5947: checking for fork
configure:5947: g++ -o conftest -g -O2  -I/usr/include/mpeg2dec    -D_GNU_SOURCE     conftest.cpp  >&5
configure:5947: $? = 0
configure:5947: result: yes
configure:5947: checking for vfork
configure:5947: g++ -o conftest -g -O2  -I/usr/include/mpeg2dec    -D_GNU_SOURCE     conftest.cpp  >&5
configure:5947: $? = 0
configure:5947: result: yes
configure:5957: checking for working fork
configure:5979: g++ -o conftest -g -O2  -I/usr/include/mpeg2dec    -D_GNU_SOURCE     conftest.cpp  >&5
configure:5979: $? = 0
configure:5979: ./conftest
configure:5979: $? = 0
configure:5989: result: yes
configure:6010: checking for working vfork
configure:6120: result: yes
configure:6150: checking sys/select.h usability
configure:6150: g++ -c -g -O2  -I/usr/include/mpeg2dec    -D_GNU_SOURCE conftest.cpp >&5
configure:6150: $? = 0
configure:6150: result: yes
configure:6150: checking sys/select.h presence
configure:6150: g++ -E  -I/usr/include/mpeg2dec    -D_GNU_SOURCE conftest.cpp
configure:6150: $? = 0
configure:6150: result: yes
configure:6150: checking for sys/select.h
configure:6150: result: yes
configure:6150: checking for sys/socket.h
configure:6150: result: yes
configure:6160: checking types of arguments for select
configure:6188: g++ -c -g -O2  -I/usr/include/mpeg2dec    -D_GNU_SOURCE conftest.cpp >&5
configure:6188: $? = 0
configure:6199: result: int,fd_set *,struct timeval *
configure:6222: checking whether lstat correctly handles trailing slash
configure:6248: g++ -o conftest -g -O2  -I/usr/include/mpeg2dec    -D_GNU_SOURCE     conftest.cpp  >&5
configure:6248: $? = 0
configure:6248: ./conftest
configure:6248: $? = 0
configure:6265: result: yes
configure:6284: checking whether stat accepts an empty string
configure:6304: g++ -o conftest -g -O2  -I/usr/include/mpeg2dec    -D_GNU_SOURCE     conftest.cpp  >&5
configure:6304: $? = 0
configure:6304: ./conftest
configure:6304: $? = 0
configure:6314: result: no
configure:6332: checking for strftime
configure:6332: g++ -o conftest -g -O2  -I/usr/include/mpeg2dec    -D_GNU_SOURCE     conftest.cpp  >&5
configure:6332: $? = 0
configure:6332: result: yes
configure:6388: checking for gettimeofday
configure:6388: g++ -o conftest -g -O2  -I/usr/include/mpeg2dec    -D_GNU_SOURCE     conftest.cpp  >&5
configure:6388: $? = 0
configure:6388: result: yes
configure:6388: checking for localtime_r
configure:6388: g++ -o conftest -g -O2  -I/usr/include/mpeg2dec    -D_GNU_SOURCE     conftest.cpp  >&5
configure:6388: $? = 0
configure:6388: result: yes
configure:6388: checking for memmove
configure:6388: g++ -o conftest -g -O2  -I/usr/include/mpeg2dec    -D_GNU_SOURCE     conftest.cpp  >&5
configure:6388: $? = 0
configure:6388: result: yes
configure:6388: checking for memset
configure:6388: g++ -o conftest -g -O2  -I/usr/include/mpeg2dec    -D_GNU_SOURCE     conftest.cpp  >&5
configure:6388: $? = 0
configure:6388: result: yes
configure:6388: checking for mkdir
configure:6388: g++ -o conftest -g -O2  -I/usr/include/mpeg2dec    -D_GNU_SOURCE     conftest.cpp  >&5
configure:6388: $? = 0
configure:6388: result: yes
configure:6388: checking for select
configure:6388: g++ -o conftest -g -O2  -I/usr/include/mpeg2dec    -D_GNU_SOURCE     conftest.cpp  >&5
configure:6388: $? = 0
configure:6388: result: yes
configure:6388: checking for socket
configure:6388: g++ -o conftest -g -O2  -I/usr/include/mpeg2dec    -D_GNU_SOURCE     conftest.cpp  >&5
configure:6388: $? = 0
configure:6388: result: yes
configure:6388: checking for strchr
configure:6388: g++ -o conftest -g -O2  -I/usr/include/mpeg2dec    -D_GNU_SOURCE     conftest.cpp  >&5
configure:6388: $? = 0
configure:6388: result: yes
configure:6388: checking for strdup
configure:6388: g++ -o conftest -g -O2  -I/usr/include/mpeg2dec    -D_GNU_SOURCE     conftest.cpp  >&5
configure:6388: $? = 0
configure:6388: result: yes
configure:6388: checking for strerror
configure:6388: g++ -o conftest -g -O2  -I/usr/include/mpeg2dec    -D_GNU_SOURCE     conftest.cpp  >&5
configure:6388: $? = 0
configure:6388: result: yes
configure:6388: checking for strrchr
configure:6388: g++ -o conftest -g -O2  -I/usr/include/mpeg2dec    -D_GNU_SOURCE     conftest.cpp  >&5
configure:6388: $? = 0
configure:6388: result: yes
configure:6388: checking for strstr
configure:6388: g++ -o conftest -g -O2  -I/usr/include/mpeg2dec    -D_GNU_SOURCE     conftest.cpp  >&5
configure:6388: $? = 0
configure:6388: result: yes
configure:6399: checking for strsignal
configure:6399: g++ -o conftest -g -O2  -I/usr/include/mpeg2dec    -D_GNU_SOURCE     conftest.cpp  >&5
configure:6399: $? = 0
configure:6399: result: yes
configure:6439: checking /usr/include/mpeg2dec/mpeg2.h usability
configure:6439: g++ -c -g -O3  -I/usr/include/mpeg2dec    -D_GNU_SOURCE conftest.cpp >&5
configure:6439: $? = 0
configure:6439: result: yes
configure:6439: checking /usr/include/mpeg2dec/mpeg2.h presence
configure:6439: g++ -E  -I/usr/include/mpeg2dec    -D_GNU_SOURCE conftest.cpp
configure:6439: $? = 0
configure:6439: result: yes
configure:6439: checking for /usr/include/mpeg2dec/mpeg2.h
configure:6439: result: yes
configure:6464: checking for mpeg2_reset in -lmpeg2
configure:6489: g++ -o conftest -g -O3  -I/usr/include/mpeg2dec    -D_GNU_SOURCE     -rdynamic conftest.cpp -lmpeg2   >&5
configure:6489: $? = 0
configure:6498: result: yes
configure:6724: checking that generated files are newer than configure
configure:6730: result: done
configure:6757: creating ./config.status

## ---------------------- ##
## Running config.status. ##
## ---------------------- ##

This file was extended by noad config.status 0.7.2, which was
generated by GNU Autoconf 2.69.  Invocation command line was

  CONFIG_FILES    = 
  CONFIG_HEADERS  = 
  CONFIG_LINKS    = 
  CONFIG_COMMANDS = 
  $ ./config.status 

on ReelBox60

config.status:943: creating Makefile
config.status:943: creating config.h
config.status:1124: config.h is unchanged
config.status:1172: executing depfiles commands

## ---------------- ##
## Cache variables. ##
## ---------------- ##

ac_cv_c_compiler_gnu=yes
ac_cv_c_const=yes
ac_cv_c_inline=inline
ac_cv_cxx_compiler_gnu=yes
ac_cv_env_CCC_set=
ac_cv_env_CCC_value=
ac_cv_env_CC_set=
ac_cv_env_CC_value=
ac_cv_env_CFLAGS_set=
ac_cv_env_CFLAGS_value=
ac_cv_env_CPPFLAGS_set=
ac_cv_env_CPPFLAGS_value=
ac_cv_env_CXXCPP_set=
ac_cv_env_CXXCPP_value=
ac_cv_env_CXXFLAGS_set=
ac_cv_env_CXXFLAGS_value=
ac_cv_env_CXX_set=
ac_cv_env_CXX_value=
ac_cv_env_LDFLAGS_set=
ac_cv_env_LDFLAGS_value=
ac_cv_env_LIBS_set=
ac_cv_env_LIBS_value=
ac_cv_env_build_alias_set=
ac_cv_env_build_alias_value=
ac_cv_env_host_alias_set=
ac_cv_env_host_alias_value=
ac_cv_env_target_alias_set=
ac_cv_env_target_alias_value=
ac_cv_func_closedir_void=no
ac_cv_func_fork=yes
ac_cv_func_fork_works=yes
ac_cv_func_gettimeofday=yes
ac_cv_func_localtime_r=yes
ac_cv_func_lstat_dereferences_slashed_symlink=yes
ac_cv_func_memmove=yes
ac_cv_func_memset=yes
ac_cv_func_mkdir=yes
ac_cv_func_posix_fadvise=yes
ac_cv_func_select=yes
ac_cv_func_select_args='int,fd_set *,struct timeval *'
ac_cv_func_socket=yes
ac_cv_func_stat_empty_string_bug=no
ac_cv_func_strchr=yes
ac_cv_func_strdup=yes
ac_cv_func_strerror=yes
ac_cv_func_strftime=yes
ac_cv_func_strrchr=yes
ac_cv_func_strsignal=yes
ac_cv_func_strstr=yes
ac_cv_func_vfork=yes
ac_cv_func_vfork_works=yes
ac_cv_have_decl_posix_fadvise=yes
ac_cv_header__usr_include_mpeg2dec_mpeg2_h=yes
ac_cv_header_arpa_inet_h=yes
ac_cv_header_dirent_dirent_h=yes
ac_cv_header_fcntl_h=yes
ac_cv_header_inttypes_h=yes
ac_cv_header_memory_h=yes
ac_cv_header_minix_config_h=no
ac_cv_header_netinet_in_h=yes
ac_cv_header_stdbool_h=yes
ac_cv_header_stdc=yes
ac_cv_header_stdint_h=yes
ac_cv_header_stdlib_h=yes
ac_cv_header_string_h=yes
ac_cv_header_strings_h=yes
ac_cv_header_sys_ioctl_h=yes
ac_cv_header_sys_select_h=yes
ac_cv_header_sys_socket_h=yes
ac_cv_header_sys_stat_h=yes
ac_cv_header_sys_time_h=yes
ac_cv_header_sys_types_h=yes
ac_cv_header_sys_vfs_h=yes
ac_cv_header_sys_wait_h=yes
ac_cv_header_syslog_h=yes
ac_cv_header_time=yes
ac_cv_header_unistd_h=yes
ac_cv_header_vfork_h=no
ac_cv_lib_mpeg2_mpeg2_reset=yes
ac_cv_objext=o
ac_cv_path_EGREP='/bin//grep -E'
ac_cv_path_GREP=/bin//grep
ac_cv_path_install='/usr/bin/install -c'
ac_cv_path_mkdir=/bin//mkdir
ac_cv_prog_AWK=gawk
ac_cv_prog_CXXCPP='g++ -E'
ac_cv_prog_ac_ct_CC=gcc
ac_cv_prog_ac_ct_CXX=g++
ac_cv_prog_ac_ct_RANLIB=ranlib
ac_cv_prog_cc_c89=
ac_cv_prog_cc_g=yes
ac_cv_prog_cxx_g=yes
ac_cv_prog_make_make_set=yes
ac_cv_safe_to_define___extensions__=yes
ac_cv_search_opendir='none required'
ac_cv_struct_tm=time.h
ac_cv_type__Bool=no
ac_cv_type_mode_t=yes
ac_cv_type_pid_t=yes
ac_cv_type_size_t=yes
am_cv_CC_dependencies_compiler_type=gcc3
am_cv_CXX_dependencies_compiler_type=gcc3
am_cv_make_support_nested_variables=yes

## ----------------- ##
## Output variables. ##
## ----------------- ##

ACLOCAL='aclocal-1.13'
AMDEPBACKSLASH='\'
AMDEP_FALSE='#'
AMDEP_TRUE=''
AMTAR='$${TAR-tar}'
AM_BACKSLASH='\'
AM_DEFAULT_V='$(AM_DEFAULT_VERBOSITY)'
AM_DEFAULT_VERBOSITY='1'
AM_V='$(V)'
AUTOCONF='autoconf'
AUTOHEADER='autoheader'
AUTOMAKE='automake-1.13'
AWK='gawk'
CC='gcc'
CCDEPMODE='depmode=gcc3'
CFLAGS=''
CPPFLAGS=' -I/usr/include/mpeg2dec    -D_GNU_SOURCE'
CXX='g++'
CXXCPP='g++ -E'
CXXDEPMODE='depmode=gcc3'
CXXFLAGS='-g -O3'
CYGPATH_W='echo'
DEFS='-DHAVE_CONFIG_H'
DEPDIR='.deps'
ECHO_C=''
ECHO_N='-n'
ECHO_T=''
EGREP='/bin//grep -E'
EXEEXT=''
GREP='/bin//grep'
HAVE_AVCHEADER='0'
HAVE_LIBAVCODEC=''
HAVE_LIBMPEG2='1'
HAVE_MPEGHEADER='1'
INSTALL_DATA='${INSTALL} -m 644'
INSTALL_PROGRAM='${INSTALL}'
INSTALL_SCRIPT='${INSTALL}'
INSTALL_STRIP_PROGRAM='$(install_sh) -c -s'
LDFLAGS='    -rdynamic'
LIBAVCODEC=''
LIBMPEGX='-lmpeg2  '
LIBMPEG_VERSION='0.4.0 or newer'
LIBOBJS=''
LIBS=' -lmpeg2   '
LTLIBOBJS=''
MAKEINFO='makeinfo'
MKDIR_P='/bin//mkdir -p'
OBJEXT='o'
PACKAGE='noad'
PACKAGE_BUGREPORT='theNoad@ulmail.net'
PACKAGE_NAME='noad'
PACKAGE_STRING='noad 0.7.2'
PACKAGE_TARNAME='noad'
PACKAGE_URL=''
PACKAGE_VERSION='0.7.2'
PATH_SEPARATOR=':'
PICSRC=''
RANLIB='ranlib'
SET_MAKE=''
SHELL='/bin/bash'
STRIP=''
TOOLSRC=''
VERSION='0.7.2'
ac_ct_CC='gcc'
ac_ct_CXX='g++'
am__EXEEXT_FALSE=''
am__EXEEXT_TRUE='#'
am__fastdepCC_FALSE='#'
am__fastdepCC_TRUE=''
am__fastdepCXX_FALSE='#'
am__fastdepCXX_TRUE=''
am__include='include'
am__isrc=''
am__leading_dot='.'
am__nodep='_no'
am__quote=''
am__tar='$${TAR-tar} chof - "$$tardir"'
am__untar='$${TAR-tar} xf -'
avcincpath=''
bindir='${exec_prefix}/bin'
build_alias=''
datadir='${datarootdir}'
datarootdir='${prefix}/share'
defprefix='/usr/local'
docdir='${datarootdir}/doc/${PACKAGE_TARNAME}'
dvidir='${docdir}'
exec_prefix='${prefix}'
ffmpegincoverridden='0'
ffmpeglibdir=''
ffmpegliboverridden='0'
host_alias=''
htmldir='${docdir}'
includedir='${prefix}/include'
infodir='${datarootdir}/info'
install_sh='${SHELL} /usr/src/reelbox/testing/src/utils/noad-0.7.2/install-sh'
libavcodecdir=''
libavcodecinc=''
libavcodeclib=''
libdir='${exec_prefix}/lib'
libexecdir='${exec_prefix}/libexec'
localedir='${datarootdir}/locale'
localstatedir='${prefix}/var'
mandir='${datarootdir}/man'
markpiccxxflags='-I/usr/include/ImageMagick   -fopenmp  '
mkdir_p='$(MKDIR_P)'
mpeginc='-I/usr/include/mpeg2dec  '
mpegincoverridden='0'
mpegincpath='/usr/include/mpeg2dec'
mpeglibdir=' '
mpegliboverridden='0'
oldincludedir='/usr/include'
pdfdir='${docdir}'
pgkmagicklib=''
pkgconfigured='1'
pkgffmpegconfigured=''
pkgffmpeginc=''
pkgffmpeglib=''
pkgffmpeglibdir=''
pkgmagickflags='-fopenmp  '
pkgmagickinc='-I/usr/include/ImageMagick  '
pkgmagicklibdir=' '
pkgmpeginc='-I/usr/include/mpeg2dec  '
pkgmpeglib='-lmpeg2  '
pkgmpeglibdir=' '
prefix='/usr/local'
program_transform_name='s,x,x,'
psdir='${docdir}'
sbindir='${exec_prefix}/sbin'
sharedstatedir='${prefix}/com'
sysconfdir='${prefix}/etc'
target_alias=''

## ----------- ##
## confdefs.h. ##
## ----------- ##

/* confdefs.h */
#define PACKAGE_NAME "noad"
#define PACKAGE_TARNAME "noad"
#define PACKAGE_VERSION "0.7.2"
#define PACKAGE_STRING "noad 0.7.2"
#define PACKAGE_BUGREPORT "theNoad@ulmail.net"
#define PACKAGE_URL ""
#define PACKAGE "noad"
#define VERSION "0.7.2"
#define _GNU_SOURCE 1
#define STDC_HEADERS 1
#define HAVE_SYS_TYPES_H 1
#define HAVE_SYS_STAT_H 1
#define HAVE_STDLIB_H 1
#define HAVE_STRING_H 1
#define HAVE_MEMORY_H 1
#define HAVE_STRINGS_H 1
#define HAVE_INTTYPES_H 1
#define HAVE_STDINT_H 1
#define HAVE_UNISTD_H 1
#define __EXTENSIONS__ 1
#define _ALL_SOURCE 1
#define _GNU_SOURCE 1
#define _POSIX_PTHREAD_SEMANTICS 1
#define _TANDEM_SOURCE 1
#define HAVE_DECL_POSIX_FADVISE 1
#define HAVE_POSIX_FADVISE 1
#define HAVE_DIRENT_H 1
#define STDC_HEADERS 1
#define HAVE_SYS_WAIT_H 1
#define HAVE_ARPA_INET_H 1
#define HAVE_FCNTL_H 1
#define HAVE_INTTYPES_H 1
#define HAVE_NETINET_IN_H 1
#define HAVE_STDLIB_H 1
#define HAVE_STRING_H 1
#define HAVE_SYS_IOCTL_H 1
#define HAVE_SYS_SOCKET_H 1
#define HAVE_SYS_TIME_H 1
#define HAVE_SYS_VFS_H 1
#define HAVE_SYSLOG_H 1
#define HAVE_UNISTD_H 1
#define HAVE_STDBOOL_H 1
#define TIME_WITH_SYS_TIME 1
#define HAVE_FORK 1
#define HAVE_VFORK 1
#define HAVE_WORKING_VFORK 1
#define HAVE_WORKING_FORK 1
#define HAVE_SYS_SELECT_H 1
#define HAVE_SYS_SOCKET_H 1
#define SELECT_TYPE_ARG1 int
#define SELECT_TYPE_ARG234 (fd_set *)
#define SELECT_TYPE_ARG5 (struct timeval *)
#define LSTAT_FOLLOWS_SLASHED_SYMLINK 1
#define HAVE_STRFTIME 1
#define HAVE_GETTIMEOFDAY 1
#define HAVE_LOCALTIME_R 1
#define HAVE_MEMMOVE 1
#define HAVE_MEMSET 1
#define HAVE_MKDIR 1
#define HAVE_SELECT 1
#define HAVE_SOCKET 1
#define HAVE_STRCHR 1
#define HAVE_STRDUP 1
#define HAVE_STRERROR 1
#define HAVE_STRRCHR 1
#define HAVE_STRSTR 1
#define HAVE_STRSIGNAL 1

configure: exit 0
