This file contains any messages produced by compilers while
running configure, to aid debugging if configure makes a mistake.

It was created by configure, which was
generated by GNU Autoconf 2.60.  Invocation command line was

  $ ./configure --with-kernel=/usr/src/reelbox/testing/packages/alsa-shim --with-build= --with-moddir=/lib/modules/2.6.39/updates/sound --with-cross= --with-oss=no --with-cards=usb-audio

## --------- ##
## Platform. ##
## --------- ##

hostname = ReelBox60
uname -m = i686
uname -r = 3.13.0-66-generic
uname -s = Linux
uname -v = #108-Ubuntu SMP Wed Oct 7 15:21:40 UTC 2015

/usr/bin/uname -p = unknown
/bin/uname -X     = unknown

/bin/arch              = unknown
/usr/bin/arch -k       = unknown
/usr/convex/getsysinfo = unknown
/usr/bin/hostinfo      = unknown
/bin/machine           = unknown
/usr/bin/oslevel       = unknown
/bin/universe          = unknown

PATH: /sbin
PATH: /bin/
PATH: /usr/bin
PATH: /usr/sbin


## ----------- ##
## Core tests. ##
## ----------- ##

configure:2409: checking for gcc
configure:2436: result: /usr/bin/ccache  gcc
configure:2674: checking for C compiler version
configure:2681: /usr/bin/ccache  gcc --version >&5
gcc (Ubuntu 4.8.4-2ubuntu1~14.04) 4.8.4
Copyright (C) 2013 Free Software Foundation, Inc.
This is free software; see the source for copying conditions.  There is NO
warranty; not even for MERCHANTABILITY or FITNESS FOR A PARTICULAR PURPOSE.

configure:2684: $? = 0
configure:2691: /usr/bin/ccache  gcc -v >&5
Using built-in specs.
COLLECT_GCC=/usr/bin/gcc
COLLECT_LTO_WRAPPER=/usr/lib/gcc/i686-linux-gnu/4.8/lto-wrapper
Target: i686-linux-gnu
Configured with: ../src/configure -v --with-pkgversion='Ubuntu 4.8.4-2ubuntu1~14.04' --with-bugurl=file:///usr/share/doc/gcc-4.8/README.Bugs --enable-languages=c,c++,java,go,d,fortran,objc,obj-c++ --prefix=/usr --program-suffix=-4.8 --enable-shared --enable-linker-build-id --libexecdir=/usr/lib --without-included-gettext --enable-threads=posix --with-gxx-include-dir=/usr/include/c++/4.8 --libdir=/usr/lib --enable-nls --with-sysroot=/ --enable-clocale=gnu --enable-libstdcxx-debug --enable-libstdcxx-time=yes --enable-gnu-unique-object --disable-libmudflap --enable-plugin --with-system-zlib --disable-browser-plugin --enable-java-awt=gtk --enable-gtk-cairo --with-java-home=/usr/lib/jvm/java-1.5.0-gcj-4.8-i386/jre --enable-java-home --with-jvm-root-dir=/usr/lib/jvm/java-1.5.0-gcj-4.8-i386 --with-jvm-jar-dir=/usr/lib/jvm-exports/java-1.5.0-gcj-4.8-i386 --with-arch-directory=i386 --with-ecj-jar=/usr/share/java/eclipse-ecj.jar --enable-objc-gc --enable-targets=all --enable-multiarch --disable-werror --with-arch-32=i686 --with-multilib-list=m32,m64,mx32 --with-tune=generic --enable-checking=release --build=i686-linux-gnu --host=i686-linux-gnu --target=i686-linux-gnu
Thread model: posix
gcc version 4.8.4 (Ubuntu 4.8.4-2ubuntu1~14.04) 
configure:2694: $? = 0
configure:2701: /usr/bin/ccache  gcc -V >&5
gcc: error: unrecognized command line option '-V'
gcc: fatal error: no input files
compilation terminated.
configure:2704: $? = 4
configure:2727: checking for C compiler default output file name
configure:2754: /usr/bin/ccache  gcc -O2 -funroll-loops -fomit-frame-pointer -m32 -march=pentium3 -mmmx -msse -mfpmath=sse -Wall -Wstrict-prototypes   conftest.c  >&5
conftest.c:10:1: warning: function declaration isn't a prototype [-Wstrict-prototypes]
 main ()
 ^
configure:2757: $? = 0
configure:2803: result: a.out
configure:2808: checking whether the C compiler works
configure:2818: ./a.out
configure:2821: $? = 0
configure:2838: result: yes
configure:2845: checking whether we are cross compiling
configure:2847: result: no
configure:2850: checking for suffix of executables
configure:2857: /usr/bin/ccache  gcc -o conftest -O2 -funroll-loops -fomit-frame-pointer -m32 -march=pentium3 -mmmx -msse -mfpmath=sse -Wall -Wstrict-prototypes   conftest.c  >&5
conftest.c:10:1: warning: function declaration isn't a prototype [-Wstrict-prototypes]
 main ()
 ^
configure:2860: $? = 0
configure:2884: result: 
configure:2890: checking for suffix of object files
configure:2916: /usr/bin/ccache  gcc -c -O2 -funroll-loops -fomit-frame-pointer -m32 -march=pentium3 -mmmx -msse -mfpmath=sse -Wall -Wstrict-prototypes  conftest.c >&5
conftest.c:10:1: warning: function declaration isn't a prototype [-Wstrict-prototypes]
 main ()
 ^
configure:2919: $? = 0
configure:2942: result: o
configure:2946: checking whether we are using the GNU C compiler
configure:2975: /usr/bin/ccache  gcc -c -O2 -funroll-loops -fomit-frame-pointer -m32 -march=pentium3 -mmmx -msse -mfpmath=sse -Wall -Wstrict-prototypes  conftest.c >&5
conftest.c:10:1: warning: function declaration isn't a prototype [-Wstrict-prototypes]
 main ()
 ^
configure:2981: $? = 0
configure:2988: test -z "$ac_c_werror_flag" || test ! -s conftest.err
configure:2991: $? = 0
configure:2998: test -s conftest.o
configure:3001: $? = 0
configure:3015: result: yes
configure:3020: checking whether /usr/bin/ccache  gcc accepts -g
configure:3050: /usr/bin/ccache  gcc -c -g  conftest.c >&5
configure:3056: $? = 0
configure:3063: test -z "$ac_c_werror_flag" || test ! -s conftest.err
configure:3066: $? = 0
configure:3073: test -s conftest.o
configure:3076: $? = 0
configure:3206: result: yes
configure:3223: checking for /usr/bin/ccache  gcc option to accept ISO C89
configure:3297: /usr/bin/ccache  gcc  -c -O2 -funroll-loops -fomit-frame-pointer -m32 -march=pentium3 -mmmx -msse -mfpmath=sse -Wall -Wstrict-prototypes  conftest.c >&5
conftest.c:15:14: warning: function declaration isn't a prototype [-Wstrict-prototypes]
 static char *e (p, i)
              ^
conftest.c:52:1: warning: function declaration isn't a prototype [-Wstrict-prototypes]
 main ()
 ^
configure:3303: $? = 0
configure:3310: test -z "$ac_c_werror_flag" || test ! -s conftest.err
configure:3313: $? = 0
configure:3320: test -s conftest.o
configure:3323: $? = 0
configure:3343: result: none needed
configure:3404: checking for ranlib
configure:3420: found /usr/bin/ranlib
configure:3431: result: ranlib
configure:3501: checking for a BSD-compatible install
configure:3557: result: /usr/bin/install -c
configure:3580: checking how to run the C preprocessor
configure:3620: /usr/bin/ccache  gcc -E  conftest.c
configure:3626: $? = 0
configure:3664: /usr/bin/ccache  gcc -E  conftest.c
conftest.c:8:28: fatal error: ac_nonexistent.h: No such file or directory
 #include <ac_nonexistent.h>
                            ^
compilation terminated.
configure:3670: $? = 1
configure: failed program was:
| /* confdefs.h.  */
| #define PACKAGE_NAME ""
| #define PACKAGE_TARNAME ""
| #define PACKAGE_VERSION ""
| #define PACKAGE_STRING ""
| #define PACKAGE_BUGREPORT ""
| /* end confdefs.h.  */
| #include <ac_nonexistent.h>
configure:3710: result: /usr/bin/ccache  gcc -E
configure:3739: /usr/bin/ccache  gcc -E  conftest.c
configure:3745: $? = 0
configure:3783: /usr/bin/ccache  gcc -E  conftest.c
conftest.c:8:28: fatal error: ac_nonexistent.h: No such file or directory
 #include <ac_nonexistent.h>
                            ^
compilation terminated.
configure:3789: $? = 1
configure: failed program was:
| /* confdefs.h.  */
| #define PACKAGE_NAME ""
| #define PACKAGE_TARNAME ""
| #define PACKAGE_VERSION ""
| #define PACKAGE_STRING ""
| #define PACKAGE_BUGREPORT ""
| /* end confdefs.h.  */
| #include <ac_nonexistent.h>
configure:3834: checking for grep that handles long lines and -e
configure:3908: result: /bin//grep
configure:3913: checking for egrep
configure:3991: result: /bin//grep -E
configure:3996: checking for ANSI C header files
configure:4026: /usr/bin/ccache  gcc -c -O2 -funroll-loops -fomit-frame-pointer -m32 -march=pentium3 -mmmx -msse -mfpmath=sse -Wall -Wstrict-prototypes  conftest.c >&5
conftest.c:14:1: warning: function declaration isn't a prototype [-Wstrict-prototypes]
 main ()
 ^
configure:4032: $? = 0
configure:4039: test -z "$ac_c_werror_flag" || test ! -s conftest.err
configure:4042: $? = 0
configure:4049: test -s conftest.o
configure:4052: $? = 0
configure:4148: /usr/bin/ccache  gcc -o conftest -O2 -funroll-loops -fomit-frame-pointer -m32 -march=pentium3 -mmmx -msse -mfpmath=sse -Wall -Wstrict-prototypes   conftest.c  >&5
conftest.c:20:1: warning: function declaration isn't a prototype [-Wstrict-prototypes]
 main ()
 ^
configure:4151: $? = 0
configure:4157: ./conftest
configure:4160: $? = 0
configure:4177: result: yes
configure:4190: checking for an ANSI C-conforming const
configure:4265: /usr/bin/ccache  gcc -c -O2 -funroll-loops -fomit-frame-pointer -m32 -march=pentium3 -mmmx -msse -mfpmath=sse -Wall -Wstrict-prototypes  conftest.c >&5
conftest.c:11:1: warning: function declaration isn't a prototype [-Wstrict-prototypes]
 main ()
 ^
conftest.c: In function 'main':
conftest.c:38:7: warning: 't' is used uninitialized in this function [-Wuninitialized]
     *t++ = 0;
       ^
conftest.c:60:12: warning: 'x[0]' is used uninitialized in this function [-Wuninitialized]
   return !x[0] && !zero.x;
            ^
configure:4271: $? = 0
configure:4278: test -z "$ac_c_werror_flag" || test ! -s conftest.err
configure:4281: $? = 0
configure:4288: test -s conftest.o
configure:4291: $? = 0
configure:4303: result: yes
configure:4313: checking for inline
configure:4339: /usr/bin/ccache  gcc -c -O2 -funroll-loops -fomit-frame-pointer -m32 -march=pentium3 -mmmx -msse -mfpmath=sse -Wall -Wstrict-prototypes  conftest.c >&5
conftest.c:11:21: warning: function declaration isn't a prototype [-Wstrict-prototypes]
 static inline foo_t static_foo () {return 0; }
                     ^
conftest.c:12:14: warning: function declaration isn't a prototype [-Wstrict-prototypes]
 inline foo_t foo () {return 0; }
              ^
configure:4345: $? = 0
configure:4352: test -z "$ac_c_werror_flag" || test ! -s conftest.err
configure:4355: $? = 0
configure:4362: test -s conftest.o
configure:4365: $? = 0
configure:4380: result: inline
configure:4399: checking whether time.h and sys/time.h may both be included
configure:4429: /usr/bin/ccache  gcc -c -O2 -funroll-loops -fomit-frame-pointer -m32 -march=pentium3 -mmmx -msse -mfpmath=sse -Wall -Wstrict-prototypes  conftest.c >&5
conftest.c:14:1: warning: function declaration isn't a prototype [-Wstrict-prototypes]
 main ()
 ^
configure:4435: $? = 0
configure:4442: test -z "$ac_c_werror_flag" || test ! -s conftest.err
configure:4445: $? = 0
configure:4452: test -s conftest.o
configure:4455: $? = 0
configure:4467: result: yes
configure:4479: checking whether /usr/bin/ccache  gcc needs -traditional
configure:4521: result: no
configure:4529: checking for current directory
configure:4533: result: /usr/src/reelbox/testing/packages/alsa-shim/alsa-driver-1.0.23
configure:5108: checking cross compile
configure:5120: result: 
configure:5135: checking for directory with ALSA kernel sources
configure:5159: result: ../alsa-kmirror
configure:5163: checking for directory with kernel source
configure:5193: result: /usr/src/reelbox/testing/packages/alsa-shim
configure:5196: checking for directory with kernel build
configure:5208: result: 
configure:5214: checking for kernel linux/version.h 
configure:5235: result: no

## ---------------- ##
## Cache variables. ##
## ---------------- ##

ac_cv_c_compiler_gnu=yes
ac_cv_c_const=yes
ac_cv_c_inline=inline
ac_cv_env_CC_set=set
ac_cv_env_CC_value='/usr/bin/ccache  gcc'
ac_cv_env_CFLAGS_set=set
ac_cv_env_CFLAGS_value='-O2 -funroll-loops -fomit-frame-pointer -m32 -march=pentium3 -mmmx -msse -mfpmath=sse -Wall -Wstrict-prototypes'
ac_cv_env_CPPFLAGS_set=
ac_cv_env_CPPFLAGS_value=
ac_cv_env_CPP_set=
ac_cv_env_CPP_value=
ac_cv_env_LDFLAGS_set=
ac_cv_env_LDFLAGS_value=
ac_cv_env_build_alias_set=
ac_cv_env_build_alias_value=
ac_cv_env_host_alias_set=
ac_cv_env_host_alias_value=
ac_cv_env_target_alias_set=
ac_cv_env_target_alias_value=
ac_cv_header_stdc=yes
ac_cv_header_time=yes
ac_cv_objext=o
ac_cv_path_EGREP='/bin//grep -E'
ac_cv_path_GREP=/bin//grep
ac_cv_path_install='/usr/bin/install -c'
ac_cv_prog_CPP='/usr/bin/ccache  gcc -E'
ac_cv_prog_ac_ct_CC='/usr/bin/ccache  gcc'
ac_cv_prog_ac_ct_RANLIB=ranlib
ac_cv_prog_cc_c89=
ac_cv_prog_cc_g=yes
ac_cv_prog_gcc_traditional=no

## ----------------- ##
## Output variables. ##
## ----------------- ##

ALSAKERNELDIR='/usr/src/reelbox/testing/packages/alsa-shim/alsa-driver-1.0.23/alsa-kernel'
AR='ar'
ARCH=''
AS='as'
CC='/usr/bin/ccache  gcc'
CFLAGS='-O2 -funroll-loops -fomit-frame-pointer -m32 -march=pentium3 -mmmx -msse -mfpmath=sse -Wall -Wstrict-prototypes'
CONFIG_AC97_BUS=''
CONFIG_ALPHA=''
CONFIG_ARCH_AT91=''
CONFIG_ARCH_AT91SAM9G20=''
CONFIG_ARCH_DAVINCI=''
CONFIG_ARCH_MXC=''
CONFIG_ARCH_OMAP=''
CONFIG_ARCH_PXA=''
CONFIG_ARCH_S3C2410=''
CONFIG_ARCH_S3C64XX=''
CONFIG_ARCH_SA1100=''
CONFIG_ARCH_SHMOBILE=''
CONFIG_ARM=''
CONFIG_ARM_AMBA=''
CONFIG_ATMEL_SSC=''
CONFIG_AVR32=''
CONFIG_BITREVERSE=''
CONFIG_BLACKFIN=''
CONFIG_BOARD_PLAYPAQ=''
CONFIG_BROKEN=''
CONFIG_CPU_SH3=''
CONFIG_CPU_SUBTYPE_SH7760=''
CONFIG_DMADEVICES=''
CONFIG_DMA_ENGINE=''
CONFIG_DW_DMAC=''
CONFIG_EXPERIMENTAL=''
CONFIG_FIQ=''
CONFIG_FW_LOADER=''
CONFIG_G2_DMA=''
CONFIG_GCD=''
CONFIG_GSC=''
CONFIG_HAS_DMA=''
CONFIG_HAS_IOMEM=''
CONFIG_HAS_IOPORT=''
CONFIG_HAS_TXX9_ACLC=''
CONFIG_HAVE_CLK=''
CONFIG_HIGH_RES_TIMERS=''
CONFIG_HPET=''
CONFIG_I2C=''
CONFIG_I2C_POWERMAC=''
CONFIG_I2C_SENSOR=''
CONFIG_INPUT=''
CONFIG_ISA=''
CONFIG_ISAPNP=''
CONFIG_ISAPNP_KERNEL=''
CONFIG_ISA_DMA_API=''
CONFIG_L3=''
CONFIG_M68K=''
CONFIG_MACH_AFEB9260=''
CONFIG_MACH_AMS_DELTA=''
CONFIG_MACH_CM_T35=''
CONFIG_MACH_CM_X300=''
CONFIG_MACH_DAVINCI_DA830_EVM=''
CONFIG_MACH_DAVINCI_DA850_EVM=''
CONFIG_MACH_DAVINCI_DM355_EVM=''
CONFIG_MACH_DAVINCI_DM365_EVM=''
CONFIG_MACH_DAVINCI_DM6467_EVM=''
CONFIG_MACH_DAVINCI_EVM=''
CONFIG_MACH_DEVKIT8000=''
CONFIG_MACH_E740=''
CONFIG_MACH_E750=''
CONFIG_MACH_E800=''
CONFIG_MACH_EM_X270=''
CONFIG_MACH_EXEDA=''
CONFIG_MACH_IGEP0020=''
CONFIG_MACH_JIVE=''
CONFIG_MACH_MAGICIAN=''
CONFIG_MACH_MIOA701=''
CONFIG_MACH_NEO1973_GTA01=''
CONFIG_MACH_NEO1973_GTA02=''
CONFIG_MACH_NOKIA_N810=''
CONFIG_MACH_OMAP2EVM=''
CONFIG_MACH_OMAP3517EVM=''
CONFIG_MACH_OMAP3EVM=''
CONFIG_MACH_OMAP3_BEAGLE=''
CONFIG_MACH_OMAP3_PANDORA=''
CONFIG_MACH_OMAP_3430SDP=''
CONFIG_MACH_OMAP_OSK=''
CONFIG_MACH_OMAP_ZOOM2=''
CONFIG_MACH_OVERO=''
CONFIG_MACH_PALMLD=''
CONFIG_MACH_PALMT5=''
CONFIG_MACH_PALMTE2=''
CONFIG_MACH_PALMTX=''
CONFIG_MACH_POODLE=''
CONFIG_MACH_RAUMFELD_CONNECTOR=''
CONFIG_MACH_RAUMFELD_SPEAKER=''
CONFIG_MACH_SFFSDR=''
CONFIG_MACH_SMDK2443=''
CONFIG_MACH_SMDK6400=''
CONFIG_MACH_SMDK6410=''
CONFIG_MACH_TOSA=''
CONFIG_MACH_ZIPIT2=''
CONFIG_MACH_ZYLONITE=''
CONFIG_MFD_DAVINCI_VOICECODEC=''
CONFIG_MFD_TC6393XB=''
CONFIG_MIPS=''
CONFIG_MPC8610=''
CONFIG_MPC8610_HPCD=''
CONFIG_OMAP_MCBSP=''
CONFIG_OMAP_MUX=''
CONFIG_PARISC=''
CONFIG_PARPORT=''
CONFIG_PCI=''
CONFIG_PCMCIA=''
CONFIG_PCSPKR_PLATFORM=''
CONFIG_PM=''
CONFIG_PNP=''
CONFIG_PNP_KERNEL=''
CONFIG_PPC=''
CONFIG_PPC_BESTCOMM=''
CONFIG_PPC_BESTCOMM_GEN_BD=''
CONFIG_PPC_EFIKA=''
CONFIG_PPC_MPC5200_SIMPLE=''
CONFIG_PPC_MPC52XX=''
CONFIG_PPC_PMAC=''
CONFIG_PROC_FS=''
CONFIG_PS3_PS3AV=''
CONFIG_PXA_SHARP_C7XX=''
CONFIG_PXA_SHARP_CXX00=''
CONFIG_RTC=''
CONFIG_S3C2410_DMA=''
CONFIG_S3C64XX_DMA=''
CONFIG_SBUS=''
CONFIG_SFFSDR_FPGA=''
CONFIG_SGI=''
CONFIG_SGI_HAS_HAL2=''
CONFIG_SGI_IP32=''
CONFIG_SH_DMABRG=''
CONFIG_SH_DMAE=''
CONFIG_SH_DREAMCAST=''
CONFIG_SH_MIGOR=''
CONFIG_SND=''
CONFIG_SND_AC97_CODEC=''
CONFIG_SND_AC97_POWER_SAVE=''
CONFIG_SND_AC97_POWER_SAVE_DEFAULT=''
CONFIG_SND_AD1816A=''
CONFIG_SND_AD1848=''
CONFIG_SND_AD1889=''
CONFIG_SND_ADLIB=''
CONFIG_SND_AICA=''
CONFIG_SND_ALI5451=''
CONFIG_SND_ALS100=''
CONFIG_SND_ALS300=''
CONFIG_SND_ALS4000=''
CONFIG_SND_AOA=''
CONFIG_SND_AOA_FABRIC_LAYOUT=''
CONFIG_SND_AOA_ONYX=''
CONFIG_SND_AOA_SOUNDBUS=''
CONFIG_SND_AOA_SOUNDBUS_I2S=''
CONFIG_SND_AOA_TAS=''
CONFIG_SND_AOA_TOONIE=''
CONFIG_SND_ARM=''
CONFIG_SND_ARMAACI=''
CONFIG_SND_ASIHPI=''
CONFIG_SND_AT32_SOC_PLAYPAQ=''
CONFIG_SND_AT32_SOC_PLAYPAQ_SLAVE=''
CONFIG_SND_AT73C213=''
CONFIG_SND_AT73C213_TARGET_BITRATE=''
CONFIG_SND_AT91_SOC_AFEB9260=''
CONFIG_SND_AT91_SOC_SAM9G20_WM8731=''
CONFIG_SND_ATIIXP=''
CONFIG_SND_ATIIXP_MODEM=''
CONFIG_SND_ATMEL_ABDAC=''
CONFIG_SND_ATMEL_AC97C=''
CONFIG_SND_ATMEL_SOC=''
CONFIG_SND_ATMEL_SOC_SSC=''
CONFIG_SND_AU1X00=''
CONFIG_SND_AU8810=''
CONFIG_SND_AU8820=''
CONFIG_SND_AU8830=''
CONFIG_SND_AW2=''
CONFIG_SND_AZT2320=''
CONFIG_SND_AZT3328=''
CONFIG_SND_BF5XX_AC97=''
CONFIG_SND_BF5XX_HAVE_COLD_RESET=''
CONFIG_SND_BF5XX_I2S=''
CONFIG_SND_BF5XX_MMAP_SUPPORT=''
CONFIG_SND_BF5XX_MULTICHAN_SUPPORT=''
CONFIG_SND_BF5XX_RESET_GPIO_NUM=''
CONFIG_SND_BF5XX_SOC_AC97=''
CONFIG_SND_BF5XX_SOC_AD1836=''
CONFIG_SND_BF5XX_SOC_AD193X=''
CONFIG_SND_BF5XX_SOC_AD1980=''
CONFIG_SND_BF5XX_SOC_AD73311=''
CONFIG_SND_BF5XX_SOC_I2S=''
CONFIG_SND_BF5XX_SOC_SPORT=''
CONFIG_SND_BF5XX_SOC_SSM2602=''
CONFIG_SND_BF5XX_SOC_TDM=''
CONFIG_SND_BF5XX_SPORT_NUM=''
CONFIG_SND_BF5XX_TDM=''
CONFIG_SND_BFIN_AD73311_SE=''
CONFIG_SND_BIT32_EMUL=''
CONFIG_SND_BT87X=''
CONFIG_SND_BT87X_OVERCLOCK=''
CONFIG_SND_CA0106=''
CONFIG_SND_CMI8330=''
CONFIG_SND_CMIPCI=''
CONFIG_SND_CS4231=''
CONFIG_SND_CS4236=''
CONFIG_SND_CS4281=''
CONFIG_SND_CS46XX=''
CONFIG_SND_CS46XX_NEW_DSP=''
CONFIG_SND_CS5530=''
CONFIG_SND_CS5535AUDIO=''
CONFIG_SND_CTXFI=''
CONFIG_SND_DA830_SOC_EVM=''
CONFIG_SND_DA850_SOC_EVM=''
CONFIG_SND_DARLA20=''
CONFIG_SND_DARLA24=''
CONFIG_SND_DATE=''
CONFIG_SND_DAVINCI_SOC=''
CONFIG_SND_DAVINCI_SOC_EVM=''
CONFIG_SND_DAVINCI_SOC_I2S=''
CONFIG_SND_DAVINCI_SOC_MCASP=''
CONFIG_SND_DAVINCI_SOC_SFFSDR=''
CONFIG_SND_DAVINCI_SOC_VCIF=''
CONFIG_SND_DEBUG=''
CONFIG_SND_DEBUG_MEMORY=''
CONFIG_SND_DEBUG_VERBOSE=''
CONFIG_SND_DM365_AIC3X_CODEC=''
CONFIG_SND_DM365_VOICE_CODEC=''
CONFIG_SND_DM6467_SOC_EVM=''
CONFIG_SND_DMA_SGBUF=''
CONFIG_SND_DRIVERS=''
CONFIG_SND_DUMMY=''
CONFIG_SND_DYNAMIC_MINORS=''
CONFIG_SND_ECHO3G=''
CONFIG_SND_EMU10K1=''
CONFIG_SND_EMU10K1X=''
CONFIG_SND_EMU10K1_SEQ=''
CONFIG_SND_ENS1370=''
CONFIG_SND_ENS1371=''
CONFIG_SND_ES1688=''
CONFIG_SND_ES18XX=''
CONFIG_SND_ES1938=''
CONFIG_SND_ES1968=''
CONFIG_SND_ES968=''
CONFIG_SND_FM801=''
CONFIG_SND_FM801_TEA575X=''
CONFIG_SND_FM801_TEA575X_BOOL=''
CONFIG_SND_FSI_AK4642=''
CONFIG_SND_FSI_DA7210=''
CONFIG_SND_GINA20=''
CONFIG_SND_GINA24=''
CONFIG_SND_GSC=''
CONFIG_SND_GUSCLASSIC=''
CONFIG_SND_GUSEXTREME=''
CONFIG_SND_GUSMAX=''
CONFIG_SND_HARMONY=''
CONFIG_SND_HDA_CODEC_ANALOG=''
CONFIG_SND_HDA_CODEC_ATIHDMI=''
CONFIG_SND_HDA_CODEC_CA0110=''
CONFIG_SND_HDA_CODEC_CIRRUS=''
CONFIG_SND_HDA_CODEC_CMEDIA=''
CONFIG_SND_HDA_CODEC_CONEXANT=''
CONFIG_SND_HDA_CODEC_INTELHDMI=''
CONFIG_SND_HDA_CODEC_NVHDMI=''
CONFIG_SND_HDA_CODEC_REALTEK=''
CONFIG_SND_HDA_CODEC_SI3054=''
CONFIG_SND_HDA_CODEC_SIGMATEL=''
CONFIG_SND_HDA_CODEC_VIA=''
CONFIG_SND_HDA_ELD=''
CONFIG_SND_HDA_GENERIC=''
CONFIG_SND_HDA_HWDEP=''
CONFIG_SND_HDA_INPUT_BEEP=''
CONFIG_SND_HDA_INPUT_BEEP_MODE=''
CONFIG_SND_HDA_INPUT_JACK=''
CONFIG_SND_HDA_INTEL=''
CONFIG_SND_HDA_PATCH_LOADER=''
CONFIG_SND_HDA_POWER_SAVE=''
CONFIG_SND_HDA_POWER_SAVE_DEFAULT=''
CONFIG_SND_HDA_RECONFIG=''
CONFIG_SND_HDSP=''
CONFIG_SND_HDSPM=''
CONFIG_SND_HIFIER=''
CONFIG_SND_HPET=''
CONFIG_SND_HRTIMER=''
CONFIG_SND_HWDEP=''
CONFIG_SND_ICE1712=''
CONFIG_SND_ICE1724=''
CONFIG_SND_IMX_SOC=''
CONFIG_SND_INDIGO=''
CONFIG_SND_INDIGODJ=''
CONFIG_SND_INDIGODJX=''
CONFIG_SND_INDIGOIO=''
CONFIG_SND_INDIGOIOX=''
CONFIG_SND_INTEL8X0=''
CONFIG_SND_INTEL8X0M=''
CONFIG_SND_INTERWAVE=''
CONFIG_SND_INTERWAVE_STB=''
CONFIG_SND_ISA=''
CONFIG_SND_JACK=''
CONFIG_SND_JAZZ16=''
CONFIG_SND_KERNELDIR='/usr/src/reelbox/testing/packages/alsa-shim'
CONFIG_SND_KORG1212=''
CONFIG_SND_LAYLA20=''
CONFIG_SND_LAYLA24=''
CONFIG_SND_LOOPBACK=''
CONFIG_SND_LX6464ES=''
CONFIG_SND_MAESTRO3=''
CONFIG_SND_MIA=''
CONFIG_SND_MIPS=''
CONFIG_SND_MIRO=''
CONFIG_SND_MIXART=''
CONFIG_SND_MIXER_OSS=''
CONFIG_SND_ML403_AC97CR=''
CONFIG_SND_MONA=''
CONFIG_SND_MPC52XX_DMA=''
CONFIG_SND_MPC52XX_SOC_EFIKA=''
CONFIG_SND_MPC52XX_SOC_PCM030=''
CONFIG_SND_MPU401=''
CONFIG_SND_MPU401_UART=''
CONFIG_SND_MSND_CLASSIC=''
CONFIG_SND_MSND_PINNACLE=''
CONFIG_SND_MTPAV=''
CONFIG_SND_MTS64=''
CONFIG_SND_MVERSION=''
CONFIG_SND_MXC_SOC_SSI=''
CONFIG_SND_MXC_SOC_WM1133_EV1=''
CONFIG_SND_NM256=''
CONFIG_SND_OMAP_SOC=''
CONFIG_SND_OMAP_SOC_AM3517EVM=''
CONFIG_SND_OMAP_SOC_AMS_DELTA=''
CONFIG_SND_OMAP_SOC_IGEP0020=''
CONFIG_SND_OMAP_SOC_MCBSP=''
CONFIG_SND_OMAP_SOC_MCPDM=''
CONFIG_SND_OMAP_SOC_N810=''
CONFIG_SND_OMAP_SOC_OMAP2EVM=''
CONFIG_SND_OMAP_SOC_OMAP3EVM=''
CONFIG_SND_OMAP_SOC_OMAP3_BEAGLE=''
CONFIG_SND_OMAP_SOC_OMAP3_PANDORA=''
CONFIG_SND_OMAP_SOC_OSK5912=''
CONFIG_SND_OMAP_SOC_OVERO=''
CONFIG_SND_OMAP_SOC_SDP3430=''
CONFIG_SND_OMAP_SOC_ZOOM2=''
CONFIG_SND_OPL3SA2=''
CONFIG_SND_OPL3_LIB=''
CONFIG_SND_OPL3_LIB_SEQ=''
CONFIG_SND_OPL4_LIB=''
CONFIG_SND_OPL4_LIB_SEQ=''
CONFIG_SND_OPTI92X_AD1848=''
CONFIG_SND_OPTI92X_CS4231=''
CONFIG_SND_OPTI93X=''
CONFIG_SND_OSSEMUL=''
CONFIG_SND_OXYGEN=''
CONFIG_SND_OXYGEN_LIB=''
CONFIG_SND_PC98_CS4232=''
CONFIG_SND_PCI=''
CONFIG_SND_PCM=''
CONFIG_SND_PCMCIA=''
CONFIG_SND_PCM_OSS=''
CONFIG_SND_PCM_OSS_PLUGINS=''
CONFIG_SND_PCM_XRUN_DEBUG=''
CONFIG_SND_PCSP=''
CONFIG_SND_PCXHR=''
CONFIG_SND_PDAUDIOCF=''
CONFIG_SND_PDPLUS=''
CONFIG_SND_PORTMAN2X4=''
CONFIG_SND_POWERMAC=''
CONFIG_SND_POWERMAC_AUTO_DRC=''
CONFIG_SND_PPC=''
CONFIG_SND_PS3=''
CONFIG_SND_PS3_DEFAULT_START_DELAY=''
CONFIG_SND_PXA2XX_AC97=''
CONFIG_SND_PXA2XX_I2SOUND=''
CONFIG_SND_PXA2XX_LIB=''
CONFIG_SND_PXA2XX_LIB_AC97=''
CONFIG_SND_PXA2XX_PCM=''
CONFIG_SND_PXA2XX_SOC=''
CONFIG_SND_PXA2XX_SOC_AC97=''
CONFIG_SND_PXA2XX_SOC_CORGI=''
CONFIG_SND_PXA2XX_SOC_E740=''
CONFIG_SND_PXA2XX_SOC_E750=''
CONFIG_SND_PXA2XX_SOC_E800=''
CONFIG_SND_PXA2XX_SOC_EM_X270=''
CONFIG_SND_PXA2XX_SOC_I2S=''
CONFIG_SND_PXA2XX_SOC_IMOTE2=''
CONFIG_SND_PXA2XX_SOC_MAGICIAN=''
CONFIG_SND_PXA2XX_SOC_MIOA701=''
CONFIG_SND_PXA2XX_SOC_PALM27X=''
CONFIG_SND_PXA2XX_SOC_POODLE=''
CONFIG_SND_PXA2XX_SOC_SPITZ=''
CONFIG_SND_PXA2XX_SOC_TOSA=''
CONFIG_SND_PXA2XX_SOC_Z2=''
CONFIG_SND_PXA_SOC_SSP=''
CONFIG_SND_RAWMIDI=''
CONFIG_SND_RAWMIDI_SEQ=''
CONFIG_SND_RIPTIDE=''
CONFIG_SND_RME32=''
CONFIG_SND_RME9652=''
CONFIG_SND_RME96=''
CONFIG_SND_RTCTIMER=''
CONFIG_SND_S3C2410=''
CONFIG_SND_S3C2412_SOC_I2S=''
CONFIG_SND_S3C24XX_SOC=''
CONFIG_SND_S3C24XX_SOC_I2S=''
CONFIG_SND_S3C24XX_SOC_JIVE_WM8750=''
CONFIG_SND_S3C24XX_SOC_LN2440SBC_ALC650=''
CONFIG_SND_S3C24XX_SOC_NEO1973_GTA02_WM8753=''
CONFIG_SND_S3C24XX_SOC_NEO1973_WM8753=''
CONFIG_SND_S3C24XX_SOC_S3C24XX_UDA134X=''
CONFIG_SND_S3C24XX_SOC_SIMTEC=''
CONFIG_SND_S3C24XX_SOC_SIMTEC_HERMES=''
CONFIG_SND_S3C24XX_SOC_SIMTEC_TLV320AIC23=''
CONFIG_SND_S3C24XX_SOC_SMDK2443_WM9710=''
CONFIG_SND_S3C64XX_SOC_I2S=''
CONFIG_SND_S3C64XX_SOC_WM8580=''
CONFIG_SND_S3C_I2SV2_SOC=''
CONFIG_SND_S3C_SOC_AC97=''
CONFIG_SND_S3C_SOC_PCM=''
CONFIG_SND_S6000_SOC=''
CONFIG_SND_S6000_SOC_I2S=''
CONFIG_SND_S6000_SOC_S6IPCAM=''
CONFIG_SND_SA11XX_UDA1341=''
CONFIG_SND_SB16=''
CONFIG_SND_SB16_CSP=''
CONFIG_SND_SB16_DSP=''
CONFIG_SND_SB8=''
CONFIG_SND_SB8_DSP=''
CONFIG_SND_SBAWE=''
CONFIG_SND_SBAWE_SEQ=''
CONFIG_SND_SB_COMMON=''
CONFIG_SND_SC6000=''
CONFIG_SND_SEQUENCER=''
CONFIG_SND_SEQUENCER_OSS=''
CONFIG_SND_SEQ_DUMMY=''
CONFIG_SND_SEQ_HRTIMER_DEFAULT=''
CONFIG_SND_SEQ_RTCTIMER_DEFAULT=''
CONFIG_SND_SERIALMIDI=''
CONFIG_SND_SERIAL_U16550=''
CONFIG_SND_SGALAXY=''
CONFIG_SND_SGI_HAL2=''
CONFIG_SND_SGI_O2=''
CONFIG_SND_SH7760_AC97=''
CONFIG_SND_SH_DAC_AUDIO=''
CONFIG_SND_SIS7019=''
CONFIG_SND_SIU_MIGOR=''
CONFIG_SND_SOC=''
CONFIG_SND_SOC_AC97_BUS=''
CONFIG_SND_SOC_AC97_CODEC=''
CONFIG_SND_SOC_AD1836=''
CONFIG_SND_SOC_AD193X=''
CONFIG_SND_SOC_AD1980=''
CONFIG_SND_SOC_AD73311=''
CONFIG_SND_SOC_ADS117X=''
CONFIG_SND_SOC_AK4104=''
CONFIG_SND_SOC_AK4535=''
CONFIG_SND_SOC_AK4642=''
CONFIG_SND_SOC_AK4671=''
CONFIG_SND_SOC_ALL_CODECS=''
CONFIG_SND_SOC_AU1XPSC=''
CONFIG_SND_SOC_AU1XPSC_AC97=''
CONFIG_SND_SOC_AU1XPSC_I2S=''
CONFIG_SND_SOC_CQ0093VC=''
CONFIG_SND_SOC_CS4270=''
CONFIG_SND_SOC_CS4270_VD33_ERRATA=''
CONFIG_SND_SOC_CX20442=''
CONFIG_SND_SOC_DA7210=''
CONFIG_SND_SOC_DB1200=''
CONFIG_SND_SOC_I2C_AND_SPI=''
CONFIG_SND_SOC_L3=''
CONFIG_SND_SOC_MAX9877=''
CONFIG_SND_SOC_MPC5200_AC97=''
CONFIG_SND_SOC_MPC5200_I2S=''
CONFIG_SND_SOC_MPC8610=''
CONFIG_SND_SOC_MPC8610_HPCD=''
CONFIG_SND_SOC_OF_SIMPLE=''
CONFIG_SND_SOC_PCM3008=''
CONFIG_SND_SOC_PCM_SH7760=''
CONFIG_SND_SOC_RAUMFELD=''
CONFIG_SND_SOC_SH4_FSI=''
CONFIG_SND_SOC_SH4_HAC=''
CONFIG_SND_SOC_SH4_SIU=''
CONFIG_SND_SOC_SH4_SSI=''
CONFIG_SND_SOC_SMDK_WM9713=''
CONFIG_SND_SOC_SPDIF=''
CONFIG_SND_SOC_SSM2602=''
CONFIG_SND_SOC_STAC9766=''
CONFIG_SND_SOC_TLV320AIC23=''
CONFIG_SND_SOC_TLV320AIC26=''
CONFIG_SND_SOC_TLV320AIC3X=''
CONFIG_SND_SOC_TLV320DAC33=''
CONFIG_SND_SOC_TPA6130A2=''
CONFIG_SND_SOC_TWL4030=''
CONFIG_SND_SOC_TWL6040=''
CONFIG_SND_SOC_TXX9ACLC=''
CONFIG_SND_SOC_TXX9ACLC_AC97=''
CONFIG_SND_SOC_TXX9ACLC_GENERIC=''
CONFIG_SND_SOC_UDA134X=''
CONFIG_SND_SOC_UDA1380=''
CONFIG_SND_SOC_WM2000=''
CONFIG_SND_SOC_WM8350=''
CONFIG_SND_SOC_WM8400=''
CONFIG_SND_SOC_WM8510=''
CONFIG_SND_SOC_WM8523=''
CONFIG_SND_SOC_WM8580=''
CONFIG_SND_SOC_WM8711=''
CONFIG_SND_SOC_WM8727=''
CONFIG_SND_SOC_WM8728=''
CONFIG_SND_SOC_WM8731=''
CONFIG_SND_SOC_WM8750=''
CONFIG_SND_SOC_WM8753=''
CONFIG_SND_SOC_WM8776=''
CONFIG_SND_SOC_WM8900=''
CONFIG_SND_SOC_WM8903=''
CONFIG_SND_SOC_WM8904=''
CONFIG_SND_SOC_WM8940=''
CONFIG_SND_SOC_WM8955=''
CONFIG_SND_SOC_WM8960=''
CONFIG_SND_SOC_WM8961=''
CONFIG_SND_SOC_WM8971=''
CONFIG_SND_SOC_WM8974=''
CONFIG_SND_SOC_WM8978=''
CONFIG_SND_SOC_WM8988=''
CONFIG_SND_SOC_WM8990=''
CONFIG_SND_SOC_WM8993=''
CONFIG_SND_SOC_WM8994=''
CONFIG_SND_SOC_WM9081=''
CONFIG_SND_SOC_WM9705=''
CONFIG_SND_SOC_WM9712=''
CONFIG_SND_SOC_WM9713=''
CONFIG_SND_SOC_WM_HUBS=''
CONFIG_SND_SOC_ZYLONITE=''
CONFIG_SND_SONICVIBES=''
CONFIG_SND_SPARC=''
CONFIG_SND_SPI=''
CONFIG_SND_SSCAPE=''
CONFIG_SND_SUN_AMD7930=''
CONFIG_SND_SUN_CS4231=''
CONFIG_SND_SUN_DBRI=''
CONFIG_SND_SUPERH=''
CONFIG_SND_SUPPORT_OLD_API=''
CONFIG_SND_TIMER=''
CONFIG_SND_TRIDENT=''
CONFIG_SND_USB=''
CONFIG_SND_USB_AUDIO=''
CONFIG_SND_USB_CAIAQ=''
CONFIG_SND_USB_CAIAQ_INPUT=''
CONFIG_SND_USB_UA101=''
CONFIG_SND_USB_US122L=''
CONFIG_SND_USB_USX2Y=''
CONFIG_SND_VERBOSE_PRINTK=''
CONFIG_SND_VERBOSE_PROCFS=''
CONFIG_SND_VERSION='1.0.23'
CONFIG_SND_VIA82XX=''
CONFIG_SND_VIA82XX_MODEM=''
CONFIG_SND_VIRMIDI=''
CONFIG_SND_VIRTUOSO=''
CONFIG_SND_VMASTER=''
CONFIG_SND_VX222=''
CONFIG_SND_VXPOCKET=''
CONFIG_SND_VX_LIB=''
CONFIG_SND_WAVEFRONT=''
CONFIG_SND_WSS_LIB=''
CONFIG_SND_YMFPCI=''
CONFIG_SOC_AU1000=''
CONFIG_SOC_AU1100=''
CONFIG_SOC_AU1200=''
CONFIG_SOC_AU1500=''
CONFIG_SOC_AU1550=''
CONFIG_SOUND=''
CONFIG_SOUND_OSS_CORE=''
CONFIG_SOUND_OSS_CORE_PRECLAIM=''
CONFIG_SOUND_PRIME=''
CONFIG_SPARC32=''
CONFIG_SPARC64=''
CONFIG_SPARC=''
CONFIG_SPI=''
CONFIG_SUPERH64=''
CONFIG_SUPERH=''
CONFIG_TWL4030_CODEC=''
CONFIG_TWL4030_CORE=''
CONFIG_TXX9_DMAC=''
CONFIG_USB=''
CONFIG_VIDEO_DEV=''
CONFIG_VIDEO_V4L2=''
CONFIG_X86=''
CONFIG_X86_32=''
CONFIG_X86_64=''
CONFIG_X86_PC9800=''
CONFIG_X86_PC=''
CONFIG_XILINX_VIRTEX=''
CONFIG_XTENSA_PLATFORM_S6105=''
CONFIG_XTENSA_VARIANT_S6000=''
CPP='/usr/bin/ccache  gcc -E'
CPPFLAGS=''
CROSS_COMPILE=''
DEFS=''
ECHO_C=''
ECHO_N='-n'
ECHO_T=''
EGREP='/bin//grep -E'
EXEEXT=''
EXTRA_INCLUDES=''
GENKSYMS=''
GREP='/bin//grep'
INSTALL_DATA='${INSTALL} -m 644'
INSTALL_PROGRAM='${INSTALL}'
INSTALL_SCRIPT='${INSTALL}'
KERNEL_INC=''
KLD=''
LDFLAGS=''
LIBOBJS=''
LIBS=''
LTLIBOBJS=''
MAKE_ADDS=''
NEW_KBUILD=''
OBJEXT='o'
PACKAGE_BUGREPORT=''
PACKAGE_NAME=''
PACKAGE_STRING=''
PACKAGE_TARNAME=''
PACKAGE_VERSION=''
PATH_SEPARATOR=':'
RANLIB='ranlib'
SHELL='/bin/bash'
SRCDIR='/usr/src/reelbox/testing/packages/alsa-shim/alsa-driver-1.0.23'
ac_ct_CC='/usr/bin/ccache  gcc'
bindir='${exec_prefix}/bin'
build_alias=''
c_opts=''
datadir='${datarootdir}'
datarootdir='${prefix}/share'
docdir='${datarootdir}/doc/${PACKAGE}'
dvidir='${docdir}'
exec_prefix='NONE'
host_alias=''
htmldir='${docdir}'
includedir='${prefix}/include'
infodir='${datarootdir}/info'
kaversion=''
kextraversion=''
kpatchlevel=''
ksublevel=''
kversion=''
libdir='${exec_prefix}/lib'
libexecdir='${exec_prefix}/libexec'
localedir='${datarootdir}/locale'
localstatedir='${prefix}/var'
m_opts=''
mandir='${datarootdir}/man'
moddir=''
moddir_tree=''
modsubdir=''
msmp=''
oldincludedir='/usr/include'
pdfdir='${docdir}'
prefix='NONE'
processor=''
program_transform_name='s,x,x,'
psdir='${docdir}'
sbindir='${exec_prefix}/sbin'
sharedstatedir='${prefix}/com'
sysconfdir='${prefix}/etc'
target_alias=''

## ----------- ##
## confdefs.h. ##
## ----------- ##

#define PACKAGE_NAME ""
#define PACKAGE_TARNAME ""
#define PACKAGE_VERSION ""
#define PACKAGE_STRING ""
#define PACKAGE_BUGREPORT ""
#define STDC_HEADERS 1
#define TIME_WITH_SYS_TIME 1

configure: exit 1
