This file contains any messages produced by compilers while
running configure, to aid debugging if configure makes a mistake.

It was created by configure, which was
generated by GNU Autoconf 2.59.  Invocation command line was

  $ ./configure 

## --------- ##
## Platform. ##
## --------- ##

hostname = ReelBox61
uname -m = i686
uname -r = 4.8.0-49-generic
uname -s = Linux
uname -v = #52~16.04.1-Ubuntu SMP Thu Apr 20 10:55:35 UTC 2017

/usr/bin/uname -p = unknown
/bin/uname -X     = unknown

/bin/arch              = unknown
/usr/bin/arch -k       = unknown
/usr/convex/getsysinfo = unknown
hostinfo               = unknown
/bin/machine           = unknown
/usr/bin/oslevel       = unknown
/bin/universe          = unknown

PATH: /sbin
PATH: /bin/
PATH: /usr/bin
PATH: /usr/sbin


## ----------- ##
## Core tests. ##
## ----------- ##

configure:1553: checking for a BSD-compatible install
configure:1608: result: /usr/bin/install -c
configure:1619: checking whether build environment is sane
configure:1662: result: yes
configure:1719: checking for gawk
configure:1735: found /usr/bin/gawk
configure:1745: result: gawk
configure:1755: checking whether make sets $(MAKE)
configure:1775: result: yes
configure:1941: checking whether to enable maintainer-specific portions of Makefiles
configure:1950: result: no
configure:1971: checking build system type
configure:1989: result: i686-pc-linux-gnu
configure:1997: checking host system type
configure:2011: result: i686-pc-linux-gnu
configure:2066: checking for gcc
configure:2082: found /usr/bin/gcc
configure:2092: result: gcc
configure:2336: checking for C compiler version
configure:2339: gcc --version </dev/null >&5
gcc (Ubuntu 5.4.0-6ubuntu1~16.04.4) 5.4.0 20160609
Copyright (C) 2015 Free Software Foundation, Inc.
This is free software; see the source for copying conditions.  There is NO
warranty; not even for MERCHANTABILITY or FITNESS FOR A PARTICULAR PURPOSE.

configure:2342: $? = 0
configure:2344: gcc -v </dev/null >&5
Using built-in specs.
COLLECT_GCC=gcc
COLLECT_LTO_WRAPPER=/usr/lib/gcc/i686-linux-gnu/5/lto-wrapper
Target: i686-linux-gnu
Configured with: ../src/configure -v --with-pkgversion='Ubuntu 5.4.0-6ubuntu1~16.04.4' --with-bugurl=file:///usr/share/doc/gcc-5/README.Bugs --enable-languages=c,ada,c++,java,go,d,fortran,objc,obj-c++ --prefix=/usr --program-suffix=-5 --enable-shared --enable-linker-build-id --libexecdir=/usr/lib --without-included-gettext --enable-threads=posix --libdir=/usr/lib --enable-nls --with-sysroot=/ --enable-clocale=gnu --enable-libstdcxx-debug --enable-libstdcxx-time=yes --with-default-libstdcxx-abi=new --enable-gnu-unique-object --disable-vtable-verify --enable-libmpx --enable-plugin --with-system-zlib --disable-browser-plugin --enable-java-awt=gtk --enable-gtk-cairo --with-java-home=/usr/lib/jvm/java-1.5.0-gcj-5-i386/jre --enable-java-home --with-jvm-root-dir=/usr/lib/jvm/java-1.5.0-gcj-5-i386 --with-jvm-jar-dir=/usr/lib/jvm-exports/java-1.5.0-gcj-5-i386 --with-arch-directory=i386 --with-ecj-jar=/usr/share/java/eclipse-ecj.jar --enable-objc-gc --enable-targets=all --enable-multiarch --disable-werror --with-arch-32=i686 --with-multilib-list=m32,m64,mx32 --enable-multilib --with-tune=generic --enable-checking=release --build=i686-linux-gnu --host=i686-linux-gnu --target=i686-linux-gnu
Thread model: posix
gcc version 5.4.0 20160609 (Ubuntu 5.4.0-6ubuntu1~16.04.4) 
configure:2347: $? = 0
configure:2349: gcc -V </dev/null >&5
gcc: error: unrecognized command line option '-V'
gcc: fatal error: no input files
compilation terminated.
configure:2352: $? = 1
configure:2375: checking for C compiler default output file name
configure:2378: gcc    conftest.c  >&5
configure:2381: $? = 0
configure:2427: result: a.out
configure:2432: checking whether the C compiler works
configure:2438: ./a.out
configure:2441: $? = 0
configure:2458: result: yes
configure:2465: checking whether we are cross compiling
configure:2467: result: no
configure:2470: checking for suffix of executables
configure:2472: gcc -o conftest    conftest.c  >&5
configure:2475: $? = 0
configure:2500: result: 
configure:2506: checking for suffix of object files
configure:2527: gcc -c   conftest.c >&5
configure:2530: $? = 0
configure:2552: result: o
configure:2556: checking whether we are using the GNU C compiler
configure:2580: gcc -c   conftest.c >&5
configure:2586: $? = 0
configure:2589: test -z 			 || test ! -s conftest.err
configure:2592: $? = 0
configure:2595: test -s conftest.o
configure:2598: $? = 0
configure:2611: result: yes
configure:2617: checking whether gcc accepts -g
configure:2638: gcc -c -g  conftest.c >&5
configure:2644: $? = 0
configure:2647: test -z 			 || test ! -s conftest.err
configure:2650: $? = 0
configure:2653: test -s conftest.o
configure:2656: $? = 0
configure:2667: result: yes
configure:2684: checking for gcc option to accept ANSI C
configure:2754: gcc  -c -g -O2  conftest.c >&5
configure:2760: $? = 0
configure:2763: test -z 			 || test ! -s conftest.err
configure:2766: $? = 0
configure:2769: test -s conftest.o
configure:2772: $? = 0
configure:2790: result: none needed
configure:2808: gcc -c -g -O2  conftest.c >&5
conftest.c:2:3: error: unknown type name 'choke'
   choke me
   ^
conftest.c:2:3: error: expected '=', ',', ';', 'asm' or '__attribute__' at end of input
configure:2814: $? = 1
configure: failed program was:
| #ifndef __cplusplus
|   choke me
| #endif
configure:2955: checking for style of include used by make
configure:2983: result: GNU
configure:3011: checking dependency style of gcc
configure:3101: result: gcc3
configure:3124: checking how to run the C preprocessor
configure:3159: gcc -E  conftest.c
configure:3165: $? = 0
configure:3197: gcc -E  conftest.c
conftest.c:11:28: fatal error: ac_nonexistent.h: No such file or directory
compilation terminated.
configure:3203: $? = 1
configure: failed program was:
| /* confdefs.h.  */
| 
| #define PACKAGE_NAME ""
| #define PACKAGE_TARNAME ""
| #define PACKAGE_VERSION ""
| #define PACKAGE_STRING ""
| #define PACKAGE_BUGREPORT ""
| #define PACKAGE "mpeg2dec"
| #define VERSION "0.4.1-cvs"
| /* end confdefs.h.  */
| #include <ac_nonexistent.h>
configure:3242: result: gcc -E
configure:3266: gcc -E  conftest.c
configure:3272: $? = 0
configure:3304: gcc -E  conftest.c
conftest.c:11:28: fatal error: ac_nonexistent.h: No such file or directory
compilation terminated.
configure:3310: $? = 1
configure: failed program was:
| /* confdefs.h.  */
| 
| #define PACKAGE_NAME ""
| #define PACKAGE_TARNAME ""
| #define PACKAGE_VERSION ""
| #define PACKAGE_STRING ""
| #define PACKAGE_BUGREPORT ""
| #define PACKAGE "mpeg2dec"
| #define VERSION "0.4.1-cvs"
| /* end confdefs.h.  */
| #include <ac_nonexistent.h>
configure:3354: checking for egrep
configure:3364: result: grep -E
configure:3370: checking whether gcc needs -traditional
configure:3412: result: no
configure:3420: checking for ANSI C header files
configure:3445: gcc -c -g -O2  conftest.c >&5
configure:3451: $? = 0
configure:3454: test -z 			 || test ! -s conftest.err
configure:3457: $? = 0
configure:3460: test -s conftest.o
configure:3463: $? = 0
configure:3552: gcc -o conftest -g -O2   conftest.c  >&5
conftest.c: In function 'main':
conftest.c:28:7: warning: implicit declaration of function 'exit' [-Wimplicit-function-declaration]
       exit(2);
       ^
conftest.c:28:7: warning: incompatible implicit declaration of built-in function 'exit'
conftest.c:28:7: note: include '<stdlib.h>' or provide a declaration of 'exit'
conftest.c:29:3: warning: incompatible implicit declaration of built-in function 'exit'
   exit (0);
   ^
conftest.c:29:3: note: include '<stdlib.h>' or provide a declaration of 'exit'
configure:3555: $? = 0
configure:3557: ./conftest
configure:3560: $? = 0
configure:3575: result: yes
configure:3599: checking for sys/types.h
configure:3615: gcc -c -g -O2  conftest.c >&5
configure:3621: $? = 0
configure:3624: test -z 			 || test ! -s conftest.err
configure:3627: $? = 0
configure:3630: test -s conftest.o
configure:3633: $? = 0
configure:3644: result: yes
configure:3599: checking for sys/stat.h
configure:3615: gcc -c -g -O2  conftest.c >&5
configure:3621: $? = 0
configure:3624: test -z 			 || test ! -s conftest.err
configure:3627: $? = 0
configure:3630: test -s conftest.o
configure:3633: $? = 0
configure:3644: result: yes
configure:3599: checking for stdlib.h
configure:3615: gcc -c -g -O2  conftest.c >&5
configure:3621: $? = 0
configure:3624: test -z 			 || test ! -s conftest.err
configure:3627: $? = 0
configure:3630: test -s conftest.o
configure:3633: $? = 0
configure:3644: result: yes
configure:3599: checking for string.h
configure:3615: gcc -c -g -O2  conftest.c >&5
configure:3621: $? = 0
configure:3624: test -z 			 || test ! -s conftest.err
configure:3627: $? = 0
configure:3630: test -s conftest.o
configure:3633: $? = 0
configure:3644: result: yes
configure:3599: checking for memory.h
configure:3615: gcc -c -g -O2  conftest.c >&5
configure:3621: $? = 0
configure:3624: test -z 			 || test ! -s conftest.err
configure:3627: $? = 0
configure:3630: test -s conftest.o
configure:3633: $? = 0
configure:3644: result: yes
configure:3599: checking for strings.h
configure:3615: gcc -c -g -O2  conftest.c >&5
configure:3621: $? = 0
configure:3624: test -z 			 || test ! -s conftest.err
configure:3627: $? = 0
configure:3630: test -s conftest.o
configure:3633: $? = 0
configure:3644: result: yes
configure:3599: checking for inttypes.h
configure:3615: gcc -c -g -O2  conftest.c >&5
configure:3621: $? = 0
configure:3624: test -z 			 || test ! -s conftest.err
configure:3627: $? = 0
configure:3630: test -s conftest.o
configure:3633: $? = 0
configure:3644: result: yes
configure:3599: checking for stdint.h
configure:3615: gcc -c -g -O2  conftest.c >&5
configure:3621: $? = 0
configure:3624: test -z 			 || test ! -s conftest.err
configure:3627: $? = 0
configure:3630: test -s conftest.o
configure:3633: $? = 0
configure:3644: result: yes
configure:3599: checking for unistd.h
configure:3615: gcc -c -g -O2  conftest.c >&5
configure:3621: $? = 0
configure:3624: test -z 			 || test ! -s conftest.err
configure:3627: $? = 0
configure:3630: test -s conftest.o
configure:3633: $? = 0
configure:3644: result: yes
configure:3674: checking sys/time.h usability
configure:3686: gcc -c -g -O2  conftest.c >&5
configure:3692: $? = 0
configure:3695: test -z 			 || test ! -s conftest.err
configure:3698: $? = 0
configure:3701: test -s conftest.o
configure:3704: $? = 0
configure:3714: result: yes
configure:3718: checking sys/time.h presence
configure:3728: gcc -E  conftest.c
configure:3734: $? = 0
configure:3754: result: yes
configure:3789: checking for sys/time.h
configure:3796: result: yes
configure:3674: checking time.h usability
configure:3686: gcc -c -g -O2  conftest.c >&5
configure:3692: $? = 0
configure:3695: test -z 			 || test ! -s conftest.err
configure:3698: $? = 0
configure:3701: test -s conftest.o
configure:3704: $? = 0
configure:3714: result: yes
configure:3718: checking time.h presence
configure:3728: gcc -E  conftest.c
configure:3734: $? = 0
configure:3754: result: yes
configure:3789: checking for time.h
configure:3796: result: yes
configure:3674: checking sys/timeb.h usability
configure:3686: gcc -c -g -O2  conftest.c >&5
configure:3692: $? = 0
configure:3695: test -z 			 || test ! -s conftest.err
configure:3698: $? = 0
configure:3701: test -s conftest.o
configure:3704: $? = 0
configure:3714: result: yes
configure:3718: checking sys/timeb.h presence
configure:3728: gcc -E  conftest.c
configure:3734: $? = 0
configure:3754: result: yes
configure:3789: checking for sys/timeb.h
configure:3796: result: yes
configure:3674: checking io.h usability
configure:3686: gcc -c -g -O2  conftest.c >&5
conftest.c:58:16: fatal error: io.h: No such file or directory
compilation terminated.
configure:3692: $? = 1
configure: failed program was:
| /* confdefs.h.  */
| 
| #define PACKAGE_NAME ""
| #define PACKAGE_TARNAME ""
| #define PACKAGE_VERSION ""
| #define PACKAGE_STRING ""
| #define PACKAGE_BUGREPORT ""
| #define PACKAGE "mpeg2dec"
| #define VERSION "0.4.1-cvs"
| #define STDC_HEADERS 1
| #define HAVE_SYS_TYPES_H 1
| #define HAVE_SYS_STAT_H 1
| #define HAVE_STDLIB_H 1
| #define HAVE_STRING_H 1
| #define HAVE_MEMORY_H 1
| #define HAVE_STRINGS_H 1
| #define HAVE_INTTYPES_H 1
| #define HAVE_STDINT_H 1
| #define HAVE_UNISTD_H 1
| #define HAVE_SYS_TIME_H 1
| #define HAVE_TIME_H 1
| #define HAVE_SYS_TIMEB_H 1
| /* end confdefs.h.  */
| #include <stdio.h>
| #if HAVE_SYS_TYPES_H
| # include <sys/types.h>
| #endif
| #if HAVE_SYS_STAT_H
| # include <sys/stat.h>
| #endif
| #if STDC_HEADERS
| # include <stdlib.h>
| # include <stddef.h>
| #else
| # if HAVE_STDLIB_H
| #  include <stdlib.h>
| # endif
| #endif
| #if HAVE_STRING_H
| # if !STDC_HEADERS && HAVE_MEMORY_H
| #  include <memory.h>
| # endif
| # include <string.h>
| #endif
| #if HAVE_STRINGS_H
| # include <strings.h>
| #endif
| #if HAVE_INTTYPES_H
| # include <inttypes.h>
| #else
| # if HAVE_STDINT_H
| #  include <stdint.h>
| # endif
| #endif
| #if HAVE_UNISTD_H
| # include <unistd.h>
| #endif
| #include <io.h>
configure:3714: result: no
configure:3718: checking io.h presence
configure:3728: gcc -E  conftest.c
conftest.c:24:16: fatal error: io.h: No such file or directory
compilation terminated.
configure:3734: $? = 1
configure: failed program was:
| /* confdefs.h.  */
| 
| #define PACKAGE_NAME ""
| #define PACKAGE_TARNAME ""
| #define PACKAGE_VERSION ""
| #define PACKAGE_STRING ""
| #define PACKAGE_BUGREPORT ""
| #define PACKAGE "mpeg2dec"
| #define VERSION "0.4.1-cvs"
| #define STDC_HEADERS 1
| #define HAVE_SYS_TYPES_H 1
| #define HAVE_SYS_STAT_H 1
| #define HAVE_STDLIB_H 1
| #define HAVE_STRING_H 1
| #define HAVE_MEMORY_H 1
| #define HAVE_STRINGS_H 1
| #define HAVE_INTTYPES_H 1
| #define HAVE_STDINT_H 1
| #define HAVE_UNISTD_H 1
| #define HAVE_SYS_TIME_H 1
| #define HAVE_TIME_H 1
| #define HAVE_SYS_TIMEB_H 1
| /* end confdefs.h.  */
| #include <io.h>
configure:3754: result: no
configure:3789: checking for io.h
configure:3796: result: no
configure:3674: checking altivec.h usability
configure:3686: gcc -c -g -O2  conftest.c >&5
conftest.c:58:21: fatal error: altivec.h: No such file or directory
compilation terminated.
configure:3692: $? = 1
configure: failed program was:
| /* confdefs.h.  */
| 
| #define PACKAGE_NAME ""
| #define PACKAGE_TARNAME ""
| #define PACKAGE_VERSION ""
| #define PACKAGE_STRING ""
| #define PACKAGE_BUGREPORT ""
| #define PACKAGE "mpeg2dec"
| #define VERSION "0.4.1-cvs"
| #define STDC_HEADERS 1
| #define HAVE_SYS_TYPES_H 1
| #define HAVE_SYS_STAT_H 1
| #define HAVE_STDLIB_H 1
| #define HAVE_STRING_H 1
| #define HAVE_MEMORY_H 1
| #define HAVE_STRINGS_H 1
| #define HAVE_INTTYPES_H 1
| #define HAVE_STDINT_H 1
| #define HAVE_UNISTD_H 1
| #define HAVE_SYS_TIME_H 1
| #define HAVE_TIME_H 1
| #define HAVE_SYS_TIMEB_H 1
| /* end confdefs.h.  */
| #include <stdio.h>
| #if HAVE_SYS_TYPES_H
| # include <sys/types.h>
| #endif
| #if HAVE_SYS_STAT_H
| # include <sys/stat.h>
| #endif
| #if STDC_HEADERS
| # include <stdlib.h>
| # include <stddef.h>
| #else
| # if HAVE_STDLIB_H
| #  include <stdlib.h>
| # endif
| #endif
| #if HAVE_STRING_H
| # if !STDC_HEADERS && HAVE_MEMORY_H
| #  include <memory.h>
| # endif
| # include <string.h>
| #endif
| #if HAVE_STRINGS_H
| # include <strings.h>
| #endif
| #if HAVE_INTTYPES_H
| # include <inttypes.h>
| #else
| # if HAVE_STDINT_H
| #  include <stdint.h>
| # endif
| #endif
| #if HAVE_UNISTD_H
| # include <unistd.h>
| #endif
| #include <altivec.h>
configure:3714: result: no
configure:3718: checking altivec.h presence
configure:3728: gcc -E  conftest.c
conftest.c:24:21: fatal error: altivec.h: No such file or directory
compilation terminated.
configure:3734: $? = 1
configure: failed program was:
| /* confdefs.h.  */
| 
| #define PACKAGE_NAME ""
| #define PACKAGE_TARNAME ""
| #define PACKAGE_VERSION ""
| #define PACKAGE_STRING ""
| #define PACKAGE_BUGREPORT ""
| #define PACKAGE "mpeg2dec"
| #define VERSION "0.4.1-cvs"
| #define STDC_HEADERS 1
| #define HAVE_SYS_TYPES_H 1
| #define HAVE_SYS_STAT_H 1
| #define HAVE_STDLIB_H 1
| #define HAVE_STRING_H 1
| #define HAVE_MEMORY_H 1
| #define HAVE_STRINGS_H 1
| #define HAVE_INTTYPES_H 1
| #define HAVE_STDINT_H 1
| #define HAVE_UNISTD_H 1
| #define HAVE_SYS_TIME_H 1
| #define HAVE_TIME_H 1
| #define HAVE_SYS_TIMEB_H 1
| /* end confdefs.h.  */
| #include <altivec.h>
configure:3754: result: no
configure:3789: checking for altivec.h
configure:3796: result: no
configure:3818: checking if gcc supports  -Wall -g -O2 flags
configure:3838: gcc -c  -Wall -g -O2  conftest.c >&5
configure:3844: $? = 0
configure:3847: test -z 			 || test ! -s conftest.err
configure:3850: $? = 0
configure:3853: test -s conftest.o
configure:3856: $? = 0
configure:3867: result: yes
configure:3879: checking if gcc supports  -Wall -g  -O3 flags
configure:3899: gcc -c  -Wall -g  -O3  conftest.c >&5
configure:3905: $? = 0
configure:3908: test -z 			 || test ! -s conftest.err
configure:3911: $? = 0
configure:3914: test -s conftest.o
configure:3917: $? = 0
configure:3928: result: yes
configure:3949: checking if gcc supports  -Wall -g  -O3 -fomit-frame-pointer  flags
configure:3969: gcc -c  -Wall -g  -O3 -fomit-frame-pointer   conftest.c >&5
configure:3975: $? = 0
configure:3978: test -z 			 || test ! -s conftest.err
configure:3981: $? = 0
configure:3984: test -s conftest.o
configure:3987: $? = 0
configure:3998: result: yes
configure:4008: checking if gcc supports  -Wall -g  -O3 -fomit-frame-pointer -fno-common  flags
configure:4028: gcc -c  -Wall -g  -O3 -fomit-frame-pointer -fno-common   conftest.c >&5
configure:4034: $? = 0
configure:4037: test -z 			 || test ! -s conftest.err
configure:4040: $? = 0
configure:4043: test -s conftest.o
configure:4046: $? = 0
configure:4057: result: yes
configure:4079: checking if gcc supports  -Wall -g  -O3 -fomit-frame-pointer -fno-common -mcpu=pentiumpro  flags
configure:4099: gcc -c  -Wall -g  -O3 -fomit-frame-pointer -fno-common -mcpu=pentiumpro   conftest.c >&5
gcc: warning: '-mcpu=' is deprecated; use '-mtune=' or '-march=' instead
configure:4105: $? = 0
configure:4108: test -z 			 || test ! -s conftest.err
configure:4111: $? = 0
configure:4114: test -s conftest.o
configure:4117: $? = 0
configure:4128: result: yes
configure:4555: checking for a sed that does not truncate output
configure:4609: result: /bin//sed
configure:4623: checking for ld used by gcc
configure:4690: result: /usr/bin/ld
configure:4699: checking if the linker (/usr/bin/ld) is GNU ld
configure:4714: result: yes
configure:4719: checking for /usr/bin/ld option to reload object files
configure:4726: result: -r
configure:4735: checking for BSD-compatible nm
configure:4777: result: /usr/bin/nm -B
configure:4781: checking whether ln -s works
configure:4785: result: yes
configure:4792: checking how to recognise dependent libraries
configure:4966: result: pass_all
configure:5429: checking dlfcn.h usability
configure:5441: gcc -c   conftest.c >&5
configure:5447: $? = 0
configure:5450: test -z 			 || test ! -s conftest.err
configure:5453: $? = 0
configure:5456: test -s conftest.o
configure:5459: $? = 0
configure:5469: result: yes
configure:5473: checking dlfcn.h presence
configure:5483: gcc -E  conftest.c
configure:5489: $? = 0
configure:5509: result: yes
configure:5544: checking for dlfcn.h
configure:5551: result: yes
configure:5616: checking for g++
configure:5632: found /usr/bin/g++
configure:5642: result: g++
configure:5658: checking for C++ compiler version
configure:5661: g++ --version </dev/null >&5
g++ (Ubuntu 5.4.0-6ubuntu1~16.04.4) 5.4.0 20160609
Copyright (C) 2015 Free Software Foundation, Inc.
This is free software; see the source for copying conditions.  There is NO
warranty; not even for MERCHANTABILITY or FITNESS FOR A PARTICULAR PURPOSE.

configure:5664: $? = 0
configure:5666: g++ -v </dev/null >&5
Using built-in specs.
COLLECT_GCC=g++
COLLECT_LTO_WRAPPER=/usr/lib/gcc/i686-linux-gnu/5/lto-wrapper
Target: i686-linux-gnu
Configured with: ../src/configure -v --with-pkgversion='Ubuntu 5.4.0-6ubuntu1~16.04.4' --with-bugurl=file:///usr/share/doc/gcc-5/README.Bugs --enable-languages=c,ada,c++,java,go,d,fortran,objc,obj-c++ --prefix=/usr --program-suffix=-5 --enable-shared --enable-linker-build-id --libexecdir=/usr/lib --without-included-gettext --enable-threads=posix --libdir=/usr/lib --enable-nls --with-sysroot=/ --enable-clocale=gnu --enable-libstdcxx-debug --enable-libstdcxx-time=yes --with-default-libstdcxx-abi=new --enable-gnu-unique-object --disable-vtable-verify --enable-libmpx --enable-plugin --with-system-zlib --disable-browser-plugin --enable-java-awt=gtk --enable-gtk-cairo --with-java-home=/usr/lib/jvm/java-1.5.0-gcj-5-i386/jre --enable-java-home --with-jvm-root-dir=/usr/lib/jvm/java-1.5.0-gcj-5-i386 --with-jvm-jar-dir=/usr/lib/jvm-exports/java-1.5.0-gcj-5-i386 --with-arch-directory=i386 --with-ecj-jar=/usr/share/java/eclipse-ecj.jar --enable-objc-gc --enable-targets=all --enable-multiarch --disable-werror --with-arch-32=i686 --with-multilib-list=m32,m64,mx32 --enable-multilib --with-tune=generic --enable-checking=release --build=i686-linux-gnu --host=i686-linux-gnu --target=i686-linux-gnu
Thread model: posix
gcc version 5.4.0 20160609 (Ubuntu 5.4.0-6ubuntu1~16.04.4) 
configure:5669: $? = 0
configure:5671: g++ -V </dev/null >&5
g++: error: unrecognized command line option '-V'
g++: fatal error: no input files
compilation terminated.
configure:5674: $? = 1
configure:5677: checking whether we are using the GNU C++ compiler
configure:5701: g++ -c   conftest.cc >&5
configure:5707: $? = 0
configure:5710: test -z 			 || test ! -s conftest.err
configure:5713: $? = 0
configure:5716: test -s conftest.o
configure:5719: $? = 0
configure:5732: result: yes
configure:5738: checking whether g++ accepts -g
configure:5759: g++ -c -g  conftest.cc >&5
configure:5765: $? = 0
configure:5768: test -z 			 || test ! -s conftest.err
configure:5771: $? = 0
configure:5774: test -s conftest.o
configure:5777: $? = 0
configure:5788: result: yes
configure:5830: g++ -c -g -O2  conftest.cc >&5
configure:5836: $? = 0
configure:5839: test -z 			 || test ! -s conftest.err
configure:5842: $? = 0
configure:5845: test -s conftest.o
configure:5848: $? = 0
configure:5874: g++ -c -g -O2  conftest.cc >&5
conftest.cc: In function 'int main()':
conftest.cc:30:9: error: 'exit' was not declared in this scope
 exit (42);
         ^
configure:5880: $? = 1
configure: failed program was:
| /* confdefs.h.  */
| 
| #define PACKAGE_NAME ""
| #define PACKAGE_TARNAME ""
| #define PACKAGE_VERSION ""
| #define PACKAGE_STRING ""
| #define PACKAGE_BUGREPORT ""
| #define PACKAGE "mpeg2dec"
| #define VERSION "0.4.1-cvs"
| #define STDC_HEADERS 1
| #define HAVE_SYS_TYPES_H 1
| #define HAVE_SYS_STAT_H 1
| #define HAVE_STDLIB_H 1
| #define HAVE_STRING_H 1
| #define HAVE_MEMORY_H 1
| #define HAVE_STRINGS_H 1
| #define HAVE_INTTYPES_H 1
| #define HAVE_STDINT_H 1
| #define HAVE_UNISTD_H 1
| #define HAVE_SYS_TIME_H 1
| #define HAVE_TIME_H 1
| #define HAVE_SYS_TIMEB_H 1
| #define ARCH_X86
| #define HAVE_DLFCN_H 1
| /* end confdefs.h.  */
| 
| int
| main ()
| {
| exit (42);
|   ;
|   return 0;
| }
configure:5830: g++ -c -g -O2  conftest.cc >&5
conftest.cc:26:40: error: 'void std::exit(int)' should have been declared inside 'std'
 extern "C" void std::exit (int) throw (); using std::exit;
                                        ^
configure:5836: $? = 1
configure: failed program was:
| /* confdefs.h.  */
| 
| #define PACKAGE_NAME ""
| #define PACKAGE_TARNAME ""
| #define PACKAGE_VERSION ""
| #define PACKAGE_STRING ""
| #define PACKAGE_BUGREPORT ""
| #define PACKAGE "mpeg2dec"
| #define VERSION "0.4.1-cvs"
| #define STDC_HEADERS 1
| #define HAVE_SYS_TYPES_H 1
| #define HAVE_SYS_STAT_H 1
| #define HAVE_STDLIB_H 1
| #define HAVE_STRING_H 1
| #define HAVE_MEMORY_H 1
| #define HAVE_STRINGS_H 1
| #define HAVE_INTTYPES_H 1
| #define HAVE_STDINT_H 1
| #define HAVE_UNISTD_H 1
| #define HAVE_SYS_TIME_H 1
| #define HAVE_TIME_H 1
| #define HAVE_SYS_TIMEB_H 1
| #define ARCH_X86
| #define HAVE_DLFCN_H 1
| /* end confdefs.h.  */
| extern "C" void std::exit (int) throw (); using std::exit;
| #include <stdlib.h>
| int
| main ()
| {
| exit (42);
|   ;
|   return 0;
| }
configure:5830: g++ -c -g -O2  conftest.cc >&5
conftest.cc:26:31: error: 'void std::exit(int)' should have been declared inside 'std'
 extern "C" void std::exit (int); using std::exit;
                               ^
In file included from conftest.cc:27:0:
/usr/include/stdlib.h:543:70: error: declaration of 'void std::exit(int) throw ()' has a different exception specifier
 extern void exit (int __status) __THROW __attribute__ ((__noreturn__));
                                                                      ^
conftest.cc:26:17: error: from previous declaration 'void std::exit(int)'
 extern "C" void std::exit (int); using std::exit;
                 ^
configure:5836: $? = 1
configure: failed program was:
| /* confdefs.h.  */
| 
| #define PACKAGE_NAME ""
| #define PACKAGE_TARNAME ""
| #define PACKAGE_VERSION ""
| #define PACKAGE_STRING ""
| #define PACKAGE_BUGREPORT ""
| #define PACKAGE "mpeg2dec"
| #define VERSION "0.4.1-cvs"
| #define STDC_HEADERS 1
| #define HAVE_SYS_TYPES_H 1
| #define HAVE_SYS_STAT_H 1
| #define HAVE_STDLIB_H 1
| #define HAVE_STRING_H 1
| #define HAVE_MEMORY_H 1
| #define HAVE_STRINGS_H 1
| #define HAVE_INTTYPES_H 1
| #define HAVE_STDINT_H 1
| #define HAVE_UNISTD_H 1
| #define HAVE_SYS_TIME_H 1
| #define HAVE_TIME_H 1
| #define HAVE_SYS_TIMEB_H 1
| #define ARCH_X86
| #define HAVE_DLFCN_H 1
| /* end confdefs.h.  */
| extern "C" void std::exit (int); using std::exit;
| #include <stdlib.h>
| int
| main ()
| {
| exit (42);
|   ;
|   return 0;
| }
configure:5830: g++ -c -g -O2  conftest.cc >&5
configure:5836: $? = 0
configure:5839: test -z 			 || test ! -s conftest.err
configure:5842: $? = 0
configure:5845: test -s conftest.o
configure:5848: $? = 0
configure:5874: g++ -c -g -O2  conftest.cc >&5
configure:5880: $? = 0
configure:5883: test -z 			 || test ! -s conftest.err
configure:5886: $? = 0
configure:5889: test -s conftest.o
configure:5892: $? = 0
configure:5917: checking dependency style of g++
configure:6007: result: gcc3
configure:6029: checking how to run the C++ preprocessor
configure:6060: g++ -E  conftest.cc
configure:6066: $? = 0
configure:6098: g++ -E  conftest.cc
conftest.cc:29:28: fatal error: ac_nonexistent.h: No such file or directory
compilation terminated.
configure:6104: $? = 1
configure: failed program was:
| /* confdefs.h.  */
| 
| #define PACKAGE_NAME ""
| #define PACKAGE_TARNAME ""
| #define PACKAGE_VERSION ""
| #define PACKAGE_STRING ""
| #define PACKAGE_BUGREPORT ""
| #define PACKAGE "mpeg2dec"
| #define VERSION "0.4.1-cvs"
| #define STDC_HEADERS 1
| #define HAVE_SYS_TYPES_H 1
| #define HAVE_SYS_STAT_H 1
| #define HAVE_STDLIB_H 1
| #define HAVE_STRING_H 1
| #define HAVE_MEMORY_H 1
| #define HAVE_STRINGS_H 1
| #define HAVE_INTTYPES_H 1
| #define HAVE_STDINT_H 1
| #define HAVE_UNISTD_H 1
| #define HAVE_SYS_TIME_H 1
| #define HAVE_TIME_H 1
| #define HAVE_SYS_TIMEB_H 1
| #define ARCH_X86
| #define HAVE_DLFCN_H 1
| #ifdef __cplusplus
| extern "C" void exit (int) throw ();
| #endif
| /* end confdefs.h.  */
| #include <ac_nonexistent.h>
configure:6143: result: g++ -E
configure:6167: g++ -E  conftest.cc
configure:6173: $? = 0
configure:6205: g++ -E  conftest.cc
conftest.cc:29:28: fatal error: ac_nonexistent.h: No such file or directory
compilation terminated.
configure:6211: $? = 1
configure: failed program was:
| /* confdefs.h.  */
| 
| #define PACKAGE_NAME ""
| #define PACKAGE_TARNAME ""
| #define PACKAGE_VERSION ""
| #define PACKAGE_STRING ""
| #define PACKAGE_BUGREPORT ""
| #define PACKAGE "mpeg2dec"
| #define VERSION "0.4.1-cvs"
| #define STDC_HEADERS 1
| #define HAVE_SYS_TYPES_H 1
| #define HAVE_SYS_STAT_H 1
| #define HAVE_STDLIB_H 1
| #define HAVE_STRING_H 1
| #define HAVE_MEMORY_H 1
| #define HAVE_STRINGS_H 1
| #define HAVE_INTTYPES_H 1
| #define HAVE_STDINT_H 1
| #define HAVE_UNISTD_H 1
| #define HAVE_SYS_TIME_H 1
| #define HAVE_TIME_H 1
| #define HAVE_SYS_TIMEB_H 1
| #define ARCH_X86
| #define HAVE_DLFCN_H 1
| #ifdef __cplusplus
| extern "C" void exit (int) throw ();
| #endif
| /* end confdefs.h.  */
| #include <ac_nonexistent.h>
configure:6306: checking for g77
configure:6335: result: no
configure:6306: checking for f77
configure:6335: result: no
configure:6306: checking for xlf
configure:6335: result: no
configure:6306: checking for frt
configure:6335: result: no
configure:6306: checking for pgf77
configure:6335: result: no
configure:6306: checking for fort77
configure:6335: result: no
configure:6306: checking for fl32
configure:6335: result: no
configure:6306: checking for af77
configure:6335: result: no
configure:6306: checking for f90
configure:6335: result: no
configure:6306: checking for xlf90
configure:6335: result: no
configure:6306: checking for pgf90
configure:6335: result: no
configure:6306: checking for epcf90
configure:6335: result: no
configure:6306: checking for f95
configure:6335: result: no
configure:6306: checking for fort
configure:6335: result: no
configure:6306: checking for xlf95
configure:6335: result: no
configure:6306: checking for ifc
configure:6335: result: no
configure:6306: checking for efc
configure:6335: result: no
configure:6306: checking for pgf95
configure:6335: result: no
configure:6306: checking for lf95
configure:6335: result: no
configure:6306: checking for gfortran
configure:6335: result: no
configure:6347: checking for Fortran 77 compiler version
configure:6350:  --version </dev/null >&5
./configure: line 6351: --version: command not found
configure:6353: $? = 127
configure:6355:  -v </dev/null >&5
./configure: line 6356: -v: command not found
configure:6358: $? = 127
configure:6360:  -V </dev/null >&5
./configure: line 6361: -V: command not found
configure:6363: $? = 127
configure:6371: checking whether we are using the GNU Fortran 77 compiler
configure:6385:  -c  conftest.F >&5
./configure: line 6386: -c: command not found
configure:6391: $? = 127
configure: failed program was:
|       program main
| #ifndef __GNUC__
|        choke me
| #endif
| 
|       end
configure:6416: result: no
configure:6422: checking whether  accepts -g
configure:6434:  -c -g conftest.f >&5
./configure: line 6435: -c: command not found
configure:6440: $? = 127
configure: failed program was:
|       program main
| 
|       end
configure:6464: result: no
configure:6494: checking the maximum length of command line arguments
configure:6559: result: 32768
configure:6570: checking command to parse /usr/bin/nm -B output from gcc object
configure:6659: gcc -c   conftest.c >&5
configure:6662: $? = 0
configure:6666: /usr/bin/nm -B conftest.o \| sed -n -e 's/^.*[ 	]\([ABCDGIRSTW][ABCDGIRSTW]*\)[ 	][ 	]*\(\)\([_A-Za-z][_A-Za-z0-9]*\)$/\1 \2\3 \3/p' \> conftest.nm
configure:6669: $? = 0
configure:6721: gcc -o conftest    conftest.c conftstm.o >&5
configure:6724: $? = 0
configure:6762: result: ok
configure:6766: checking for objdir
configure:6781: result: .libs
configure:6871: checking for ar
configure:6887: found /usr/bin/ar
configure:6898: result: ar
configure:6951: checking for ranlib
configure:6967: found /usr/bin/ranlib
configure:6978: result: ranlib
configure:7031: checking for strip
configure:7047: found /usr/bin/strip
configure:7058: result: strip
configure:7320: checking if gcc static flag  works
configure:7343: result: yes
configure:7361: checking if gcc supports -fno-rtti -fno-exceptions
configure:7379: gcc -c   -fno-rtti -fno-exceptions conftest.c >&5
cc1: warning: command line option '-fno-rtti' is valid for C++/ObjC++ but not for C
configure:7383: $? = 0
configure:7394: result: no
configure:7409: checking for gcc option to produce PIC
configure:7586: result: -fPIC
configure:7594: checking if gcc PIC flag -fPIC works
configure:7612: gcc -c   -fPIC -DPIC conftest.c >&5
configure:7616: $? = 0
configure:7627: result: yes
configure:7651: checking if gcc supports -c -o file.o
configure:7672: gcc -c   -o out/conftest2.o conftest.c >&5
configure:7676: $? = 0
configure:7696: result: yes
configure:7722: checking whether the gcc linker (/usr/bin/ld) supports shared libraries
configure:8569: result: yes
configure:8640: checking dynamic linker characteristics
configure:9180: result: GNU/Linux ld.so
configure:9184: checking how to hardcode library paths into programs
configure:9209: result: immediate
configure:9223: checking whether stripping libraries is possible
configure:9228: result: yes
configure:10051: checking if libtool supports shared libraries
configure:10053: result: yes
configure:10056: checking whether to build shared libraries
configure:10114: result: no
configure:10117: checking whether to build static libraries
configure:10121: result: yes
configure:10213: creating libtool
configure:10760: checking for ld used by g++
configure:10827: result: /usr/bin/ld
configure:10836: checking if the linker (/usr/bin/ld) is GNU ld
configure:10851: result: yes
configure:10902: checking whether the g++ linker (/usr/bin/ld) supports shared libraries
configure:11728: result: yes
configure:11746: g++ -c -g -O2  conftest.cc >&5
configure:11749: $? = 0
configure:11845: checking for g++ option to produce PIC
configure:12097: result: -fPIC
configure:12105: checking if g++ PIC flag -fPIC works
configure:12123: g++ -c -g -O2  -fPIC -DPIC conftest.cc >&5
configure:12127: $? = 0
configure:12138: result: yes
configure:12162: checking if g++ supports -c -o file.o
configure:12183: g++ -c -g -O2  -o out/conftest2.o conftest.cc >&5
configure:12187: $? = 0
configure:12207: result: yes
configure:12233: checking whether the g++ linker (/usr/bin/ld) supports shared libraries
configure:12261: result: yes
configure:12332: checking dynamic linker characteristics
configure:12872: result: GNU/Linux ld.so
configure:12876: checking how to hardcode library paths into programs
configure:12901: result: immediate
configure:12915: checking whether stripping libraries is possible
configure:12920: result: yes
configure:20143: checking whether time.h and sys/time.h may both be included
configure:20168: gcc -c   conftest.c >&5
configure:20174: $? = 0
configure:20177: test -z 			 || test ! -s conftest.err
configure:20180: $? = 0
configure:20183: test -s conftest.o
configure:20186: $? = 0
configure:20197: result: yes
configure:20207: checking for struct timeval
configure:20233: gcc -c   conftest.c >&5
configure:20239: $? = 0
configure:20242: test -z 			 || test ! -s conftest.err
configure:20245: $? = 0
configure:20248: test -s conftest.o
configure:20251: $? = 0
configure:20262: result: yes
configure:20275: checking for inttypes.h
configure:20280: result: yes
configure:23210: checking for an ANSI C-conforming const
configure:23277: gcc -c   conftest.c >&5
configure:23283: $? = 0
configure:23286: test -z 			 || test ! -s conftest.err
configure:23289: $? = 0
configure:23292: test -s conftest.o
configure:23295: $? = 0
configure:23306: result: yes
configure:23316: checking for inline
configure:23337: gcc -c   conftest.c >&5
configure:23343: $? = 0
configure:23346: test -z 			 || test ! -s conftest.err
configure:23349: $? = 0
configure:23352: test -s conftest.o
configure:23355: $? = 0
configure:23367: result: inline
configure:23387: checking for always_inline
configure:23410: gcc -c  -Wall -Werror  conftest.c >&5
configure:23416: $? = 0
configure:23419: test -z 			 || test ! -s conftest.err
configure:23422: $? = 0
configure:23425: test -s conftest.o
configure:23428: $? = 0
configure:23439: result: yes
configure:23448: checking for restrict
configure:23468: gcc -c   conftest.c >&5
configure:23474: $? = 0
configure:23477: test -z 			 || test ! -s conftest.err
configure:23480: $? = 0
configure:23483: test -s conftest.o
configure:23486: $? = 0
configure:23496: result: restrict
configure:23510: checking for __builtin_expect
configure:23525: gcc  -nostdlib -nostartfiles
            -o conftest conftest.c -lgcc >&5
/usr/bin/ld: warning: cannot find entry symbol _start; defaulting to 00000000080480d8
configure:23528: $? = 0
configure:23536: result: yes
configure:23545: checking whether byte ordering is bigendian
configure:23572: gcc -c   conftest.c >&5
configure:23578: $? = 0
configure:23581: test -z 			 || test ! -s conftest.err
configure:23584: $? = 0
configure:23587: test -s conftest.o
configure:23590: $? = 0
configure:23614: gcc -c   conftest.c >&5
conftest.c: In function 'main':
conftest.c:40:2: error: unknown type name 'not'
  not big endian
  ^
conftest.c:40:10: error: expected '=', ',', ';', 'asm' or '__attribute__' before 'endian'
  not big endian
          ^
configure:23620: $? = 1
configure: failed program was:
| /* confdefs.h.  */
| 
| #define PACKAGE_NAME ""
| #define PACKAGE_TARNAME ""
| #define PACKAGE_VERSION ""
| #define PACKAGE_STRING ""
| #define PACKAGE_BUGREPORT ""
| #define PACKAGE "mpeg2dec"
| #define VERSION "0.4.1-cvs"
| #define STDC_HEADERS 1
| #define HAVE_SYS_TYPES_H 1
| #define HAVE_SYS_STAT_H 1
| #define HAVE_STDLIB_H 1
| #define HAVE_STRING_H 1
| #define HAVE_MEMORY_H 1
| #define HAVE_STRINGS_H 1
| #define HAVE_INTTYPES_H 1
| #define HAVE_STDINT_H 1
| #define HAVE_UNISTD_H 1
| #define HAVE_SYS_TIME_H 1
| #define HAVE_TIME_H 1
| #define HAVE_SYS_TIMEB_H 1
| #define ARCH_X86
| #define HAVE_DLFCN_H 1
| #ifdef __cplusplus
| extern "C" void exit (int) throw ();
| #endif
| #define TIME_WITH_SYS_TIME 1
| #define HAVE_STRUCT_TIMEVAL 1
| #define inline __attribute__ ((__always_inline__))
| #define HAVE_BUILTIN_EXPECT
| /* end confdefs.h.  */
| #include <sys/types.h>
| #include <sys/param.h>
| 
| int
| main ()
| {
| #if BYTE_ORDER != BIG_ENDIAN
|  not big endian
| #endif
| 
|   ;
|   return 0;
| }
configure:23753: result: no
configure:23772: checking for working volatile
configure:23795: gcc -c   conftest.c >&5
configure:23801: $? = 0
configure:23804: test -z 			 || test ! -s conftest.err
configure:23807: $? = 0
configure:23810: test -s conftest.o
configure:23813: $? = 0
configure:23824: result: yes
configure:23834: checking for size_t
configure:23858: gcc -c   conftest.c >&5
configure:23864: $? = 0
configure:23867: test -z 			 || test ! -s conftest.err
configure:23870: $? = 0
configure:23873: test -s conftest.o
configure:23876: $? = 0
configure:23887: result: yes
configure:23899: checking return type of signal handlers
configure:23930: gcc -c   conftest.c >&5
configure:23936: $? = 0
configure:23939: test -z 			 || test ! -s conftest.err
configure:23942: $? = 0
configure:23945: test -s conftest.o
configure:23948: $? = 0
configure:23959: result: void
configure:23974: checking for special C compiler options needed for large files
configure:24071: result: no
configure:24077: checking for _FILE_OFFSET_BITS value needed for large files
configure:24108: gcc -c   conftest.c >&5
conftest.c:39:33: warning: left shift count >= width of type [-Wshift-count-overflow]
 #define LARGE_OFF_T (((off_t) 1 << 62) - 1 + ((off_t) 1 << 62))
                                 ^
conftest.c:40:23: note: in expansion of macro 'LARGE_OFF_T'
   int off_t_is_large[(LARGE_OFF_T % 2147483629 == 721
                       ^
conftest.c:39:57: warning: left shift count >= width of type [-Wshift-count-overflow]
 #define LARGE_OFF_T (((off_t) 1 << 62) - 1 + ((off_t) 1 << 62))
                                                         ^
conftest.c:40:23: note: in expansion of macro 'LARGE_OFF_T'
   int off_t_is_large[(LARGE_OFF_T % 2147483629 == 721
                       ^
conftest.c:39:33: warning: left shift count >= width of type [-Wshift-count-overflow]
 #define LARGE_OFF_T (((off_t) 1 << 62) - 1 + ((off_t) 1 << 62))
                                 ^
conftest.c:41:13: note: in expansion of macro 'LARGE_OFF_T'
          && LARGE_OFF_T % 2147483647 == 1)
             ^
conftest.c:39:57: warning: left shift count >= width of type [-Wshift-count-overflow]
 #define LARGE_OFF_T (((off_t) 1 << 62) - 1 + ((off_t) 1 << 62))
                                                         ^
conftest.c:41:13: note: in expansion of macro 'LARGE_OFF_T'
          && LARGE_OFF_T % 2147483647 == 1)
             ^
conftest.c:40:7: error: variably modified 'off_t_is_large' at file scope
   int off_t_is_large[(LARGE_OFF_T % 2147483629 == 721
       ^
configure:24114: $? = 1
configure: failed program was:
| /* confdefs.h.  */
| 
| #define PACKAGE_NAME ""
| #define PACKAGE_TARNAME ""
| #define PACKAGE_VERSION ""
| #define PACKAGE_STRING ""
| #define PACKAGE_BUGREPORT ""
| #define PACKAGE "mpeg2dec"
| #define VERSION "0.4.1-cvs"
| #define STDC_HEADERS 1
| #define HAVE_SYS_TYPES_H 1
| #define HAVE_SYS_STAT_H 1
| #define HAVE_STDLIB_H 1
| #define HAVE_STRING_H 1
| #define HAVE_MEMORY_H 1
| #define HAVE_STRINGS_H 1
| #define HAVE_INTTYPES_H 1
| #define HAVE_STDINT_H 1
| #define HAVE_UNISTD_H 1
| #define HAVE_SYS_TIME_H 1
| #define HAVE_TIME_H 1
| #define HAVE_SYS_TIMEB_H 1
| #define ARCH_X86
| #define HAVE_DLFCN_H 1
| #ifdef __cplusplus
| extern "C" void exit (int) throw ();
| #endif
| #define TIME_WITH_SYS_TIME 1
| #define HAVE_STRUCT_TIMEVAL 1
| #define inline __attribute__ ((__always_inline__))
| #define HAVE_BUILTIN_EXPECT
| #define RETSIGTYPE void
| /* end confdefs.h.  */
| #include <sys/types.h>
|  /* Check that off_t can represent 2**63 - 1 correctly.
|     We can't simply define LARGE_OFF_T to be 9223372036854775807,
|     since some C++ compilers masquerading as C compilers
|     incorrectly reject 9223372036854775807.  */
| #define LARGE_OFF_T (((off_t) 1 << 62) - 1 + ((off_t) 1 << 62))
|   int off_t_is_large[(LARGE_OFF_T % 2147483629 == 721
| 		       && LARGE_OFF_T % 2147483647 == 1)
| 		      ? 1 : -1];
| int
| main ()
| {
| 
|   ;
|   return 0;
| }
configure:24160: gcc -c   conftest.c >&5
configure:24166: $? = 0
configure:24169: test -z 			 || test ! -s conftest.err
configure:24172: $? = 0
configure:24175: test -s conftest.o
configure:24178: $? = 0
configure:24190: result: 64
configure:24200: checking for _LARGE_FILES value needed for large files
configure:24231: gcc -c   conftest.c >&5
configure:24237: $? = 0
configure:24240: test -z 			 || test ! -s conftest.err
configure:24243: $? = 0
configure:24246: test -s conftest.o
configure:24249: $? = 0
configure:24313: result: no
configure:24331: checking for gettimeofday
configure:24388: gcc -o conftest    conftest.c  >&5
configure:24394: $? = 0
configure:24397: test -z 			 || test ! -s conftest.err
configure:24400: $? = 0
configure:24403: test -s conftest
configure:24406: $? = 0
configure:24418: result: yes
configure:24331: checking for ftime
configure:24388: gcc -o conftest    conftest.c  >&5
configure:24394: $? = 0
configure:24397: test -z 			 || test ! -s conftest.err
configure:24400: $? = 0
configure:24403: test -s conftest
configure:24406: $? = 0
configure:24418: result: yes
configure:24431: checking if libtool supports -prefer-non-pic flag
configure:24443: result: yes
configure:24469: checking for X
configure:24575: gcc -E  conftest.c
configure:24581: $? = 0
configure:24631: gcc -o conftest    conftest.c -lXt  >&5
configure:24637: $? = 0
configure:24640: test -z 			 || test ! -s conftest.err
configure:24643: $? = 0
configure:24646: test -s conftest
configure:24649: $? = 0
configure:24703: result: libraries , headers in standard search path
configure:24874: gcc -o conftest    conftest.c   -lX11 >&5
configure:24880: $? = 0
configure:24883: test -z 			 || test ! -s conftest.err
configure:24886: $? = 0
configure:24889: test -s conftest
configure:24892: $? = 0
configure:25048: checking for gethostbyname
configure:25105: gcc -o conftest    conftest.c  >&5
configure:25111: $? = 0
configure:25114: test -z 			 || test ! -s conftest.err
configure:25117: $? = 0
configure:25120: test -s conftest
configure:25123: $? = 0
configure:25135: result: yes
configure:25284: checking for connect
configure:25341: gcc -o conftest    conftest.c  >&5
configure:25347: $? = 0
configure:25350: test -z 			 || test ! -s conftest.err
configure:25353: $? = 0
configure:25356: test -s conftest
configure:25359: $? = 0
configure:25371: result: yes
configure:25445: checking for remove
configure:25502: gcc -o conftest    conftest.c  >&5
configure:25508: $? = 0
configure:25511: test -z 			 || test ! -s conftest.err
configure:25514: $? = 0
configure:25517: test -s conftest
configure:25520: $? = 0
configure:25532: result: yes
configure:25606: checking for shmat
configure:25663: gcc -o conftest    conftest.c  >&5
configure:25669: $? = 0
configure:25672: test -z 			 || test ! -s conftest.err
configure:25675: $? = 0
configure:25678: test -s conftest
configure:25681: $? = 0
configure:25693: result: yes
configure:25776: checking for IceConnectionNumber in -lICE
configure:25806: gcc -o conftest    conftest.c -lICE   >&5
configure:25812: $? = 0
configure:25815: test -z 			 || test ! -s conftest.err
configure:25818: $? = 0
configure:25821: test -s conftest
configure:25824: $? = 0
configure:25837: result: yes
configure:25848: checking for XShmCreateImage in -lXext
configure:25878: gcc -o conftest    conftest.c -lXext  -lSM -lICE  -lX11   >&5
configure:25884: $? = 0
configure:25887: test -z 			 || test ! -s conftest.err
configure:25890: $? = 0
configure:25893: test -s conftest
configure:25896: $? = 0
configure:25909: result: yes
configure:25919: checking for XvShmCreateImage in -lXv
configure:25949: gcc -o conftest    conftest.c -lXv  -lSM -lICE  -lX11  -lXext  >&5
/usr/bin/ld: cannot find -lXv
collect2: error: ld returned 1 exit status
configure:25955: $? = 1
configure: failed program was:
| /* confdefs.h.  */
| 
| #define PACKAGE_NAME ""
| #define PACKAGE_TARNAME ""
| #define PACKAGE_VERSION ""
| #define PACKAGE_STRING ""
| #define PACKAGE_BUGREPORT ""
| #define PACKAGE "mpeg2dec"
| #define VERSION "0.4.1-cvs"
| #define STDC_HEADERS 1
| #define HAVE_SYS_TYPES_H 1
| #define HAVE_SYS_STAT_H 1
| #define HAVE_STDLIB_H 1
| #define HAVE_STRING_H 1
| #define HAVE_MEMORY_H 1
| #define HAVE_STRINGS_H 1
| #define HAVE_INTTYPES_H 1
| #define HAVE_STDINT_H 1
| #define HAVE_UNISTD_H 1
| #define HAVE_SYS_TIME_H 1
| #define HAVE_TIME_H 1
| #define HAVE_SYS_TIMEB_H 1
| #define ARCH_X86
| #define HAVE_DLFCN_H 1
| #ifdef __cplusplus
| extern "C" void exit (int) throw ();
| #endif
| #define TIME_WITH_SYS_TIME 1
| #define HAVE_STRUCT_TIMEVAL 1
| #define inline __attribute__ ((__always_inline__))
| #define HAVE_BUILTIN_EXPECT
| #define RETSIGTYPE void
| #define _FILE_OFFSET_BITS 64
| #define HAVE_GETTIMEOFDAY 1
| #define HAVE_FTIME 1
| #define ACCEL_DETECT
| #define LIBVO_X11
| /* end confdefs.h.  */
| 
| /* Override any gcc2 internal prototype to avoid an error.  */
| #ifdef __cplusplus
| extern "C"
| #endif
| /* We use char because int might match the return type of a gcc2
|    builtin and then its argument prototype would still apply.  */
| char XvShmCreateImage ();
| int
| main ()
| {
| XvShmCreateImage ();
|   ;
|   return 0;
| }
configure:25980: result: no
configure:26011: checking ddraw.h usability
configure:26023: gcc -c   conftest.c >&5
conftest.c:73:19: fatal error: ddraw.h: No such file or directory
compilation terminated.
configure:26029: $? = 1
configure: failed program was:
| /* confdefs.h.  */
| 
| #define PACKAGE_NAME ""
| #define PACKAGE_TARNAME ""
| #define PACKAGE_VERSION ""
| #define PACKAGE_STRING ""
| #define PACKAGE_BUGREPORT ""
| #define PACKAGE "mpeg2dec"
| #define VERSION "0.4.1-cvs"
| #define STDC_HEADERS 1
| #define HAVE_SYS_TYPES_H 1
| #define HAVE_SYS_STAT_H 1
| #define HAVE_STDLIB_H 1
| #define HAVE_STRING_H 1
| #define HAVE_MEMORY_H 1
| #define HAVE_STRINGS_H 1
| #define HAVE_INTTYPES_H 1
| #define HAVE_STDINT_H 1
| #define HAVE_UNISTD_H 1
| #define HAVE_SYS_TIME_H 1
| #define HAVE_TIME_H 1
| #define HAVE_SYS_TIMEB_H 1
| #define ARCH_X86
| #define HAVE_DLFCN_H 1
| #ifdef __cplusplus
| extern "C" void exit (int) throw ();
| #endif
| #define TIME_WITH_SYS_TIME 1
| #define HAVE_STRUCT_TIMEVAL 1
| #define inline __attribute__ ((__always_inline__))
| #define HAVE_BUILTIN_EXPECT
| #define RETSIGTYPE void
| #define _FILE_OFFSET_BITS 64
| #define HAVE_GETTIMEOFDAY 1
| #define HAVE_FTIME 1
| #define ACCEL_DETECT
| #define LIBVO_X11
| /* end confdefs.h.  */
| #include <stdio.h>
| #if HAVE_SYS_TYPES_H
| # include <sys/types.h>
| #endif
| #if HAVE_SYS_STAT_H
| # include <sys/stat.h>
| #endif
| #if STDC_HEADERS
| # include <stdlib.h>
| # include <stddef.h>
| #else
| # if HAVE_STDLIB_H
| #  include <stdlib.h>
| # endif
| #endif
| #if HAVE_STRING_H
| # if !STDC_HEADERS && HAVE_MEMORY_H
| #  include <memory.h>
| # endif
| # include <string.h>
| #endif
| #if HAVE_STRINGS_H
| # include <strings.h>
| #endif
| #if HAVE_INTTYPES_H
| # include <inttypes.h>
| #else
| # if HAVE_STDINT_H
| #  include <stdint.h>
| # endif
| #endif
| #if HAVE_UNISTD_H
| # include <unistd.h>
| #endif
| #include <ddraw.h>
configure:26051: result: no
configure:26055: checking ddraw.h presence
configure:26065: gcc -E  conftest.c
conftest.c:39:19: fatal error: ddraw.h: No such file or directory
compilation terminated.
configure:26071: $? = 1
configure: failed program was:
| /* confdefs.h.  */
| 
| #define PACKAGE_NAME ""
| #define PACKAGE_TARNAME ""
| #define PACKAGE_VERSION ""
| #define PACKAGE_STRING ""
| #define PACKAGE_BUGREPORT ""
| #define PACKAGE "mpeg2dec"
| #define VERSION "0.4.1-cvs"
| #define STDC_HEADERS 1
| #define HAVE_SYS_TYPES_H 1
| #define HAVE_SYS_STAT_H 1
| #define HAVE_STDLIB_H 1
| #define HAVE_STRING_H 1
| #define HAVE_MEMORY_H 1
| #define HAVE_STRINGS_H 1
| #define HAVE_INTTYPES_H 1
| #define HAVE_STDINT_H 1
| #define HAVE_UNISTD_H 1
| #define HAVE_SYS_TIME_H 1
| #define HAVE_TIME_H 1
| #define HAVE_SYS_TIMEB_H 1
| #define ARCH_X86
| #define HAVE_DLFCN_H 1
| #ifdef __cplusplus
| extern "C" void exit (int) throw ();
| #endif
| #define TIME_WITH_SYS_TIME 1
| #define HAVE_STRUCT_TIMEVAL 1
| #define inline __attribute__ ((__always_inline__))
| #define HAVE_BUILTIN_EXPECT
| #define RETSIGTYPE void
| #define _FILE_OFFSET_BITS 64
| #define HAVE_GETTIMEOFDAY 1
| #define HAVE_FTIME 1
| #define ACCEL_DETECT
| #define LIBVO_X11
| /* end confdefs.h.  */
| #include <ddraw.h>
configure:26091: result: no
configure:26126: checking for ddraw.h
configure:26133: result: no
configure:26171: checking for sdl-config
configure:26200: result: no
configure:26305: checking __attribute__ ((aligned ())) support
configure:26337: gcc -c  -Werror  conftest.c >&5
configure:26343: $? = 0
configure:26346: test -z 			 || test ! -s conftest.err
configure:26349: $? = 0
configure:26352: test -s conftest.o
configure:26355: $? = 0
configure:26337: gcc -c  -Werror  conftest.c >&5
configure:26343: $? = 0
configure:26346: test -z 			 || test ! -s conftest.err
configure:26349: $? = 0
configure:26352: test -s conftest.o
configure:26355: $? = 0
configure:26337: gcc -c  -Werror  conftest.c >&5
configure:26343: $? = 0
configure:26346: test -z 			 || test ! -s conftest.err
configure:26349: $? = 0
configure:26352: test -s conftest.o
configure:26355: $? = 0
configure:26337: gcc -c  -Werror  conftest.c >&5
configure:26343: $? = 0
configure:26346: test -z 			 || test ! -s conftest.err
configure:26349: $? = 0
configure:26352: test -s conftest.o
configure:26355: $? = 0
configure:26337: gcc -c  -Werror  conftest.c >&5
configure:26343: $? = 0
configure:26346: test -z 			 || test ! -s conftest.err
configure:26349: $? = 0
configure:26352: test -s conftest.o
configure:26355: $? = 0
configure:26337: gcc -c  -Werror  conftest.c >&5
configure:26343: $? = 0
configure:26346: test -z 			 || test ! -s conftest.err
configure:26349: $? = 0
configure:26352: test -s conftest.o
configure:26355: $? = 0
configure:26366: result: 64
configure:26500: creating ./config.status

## ---------------------- ##
## Running config.status. ##
## ---------------------- ##

This file was extended by config.status, which was
generated by GNU Autoconf 2.59.  Invocation command line was

  CONFIG_FILES    = 
  CONFIG_HEADERS  = 
  CONFIG_LINKS    = 
  CONFIG_COMMANDS = 
  $ ./config.status 

on ReelBox61

config.status:802: creating Makefile
config.status:802: creating autotools/Makefile
config.status:802: creating include/Makefile
config.status:802: creating test/Makefile
config.status:802: creating doc/Makefile
config.status:802: creating src/Makefile
config.status:802: creating libmpeg2/Makefile
config.status:802: creating libmpeg2/convert/Makefile
config.status:802: creating libvo/Makefile
config.status:802: creating vc++/Makefile
config.status:802: creating libmpeg2/libmpeg2.pc
config.status:802: creating libmpeg2/convert/libmpeg2convert.pc
config.status:868: creating include/config.h
config.status:1186: executing depfiles commands

## ---------------- ##
## Cache variables. ##
## ---------------- ##

ac_cv_always_inline=yes
ac_cv_build=i686-pc-linux-gnu
ac_cv_build_alias=i686-pc-linux-gnu
ac_cv_builtin_expect=yes
ac_cv_c_attr_align_try=64
ac_cv_c_attribute_aligned=64
ac_cv_c_bigendian=no
ac_cv_c_compiler_gnu=yes
ac_cv_c_const=yes
ac_cv_c_inline=inline
ac_cv_c_restrict=restrict
ac_cv_c_volatile=yes
ac_cv_cxx_compiler_gnu=yes
ac_cv_env_CC_set=
ac_cv_env_CC_value=
ac_cv_env_CFLAGS_set=
ac_cv_env_CFLAGS_value=
ac_cv_env_CPPFLAGS_set=
ac_cv_env_CPPFLAGS_value=
ac_cv_env_CPP_set=
ac_cv_env_CPP_value=
ac_cv_env_CXXCPP_set=
ac_cv_env_CXXCPP_value=
ac_cv_env_CXXFLAGS_set=
ac_cv_env_CXXFLAGS_value=
ac_cv_env_CXX_set=
ac_cv_env_CXX_value=
ac_cv_env_F77_set=
ac_cv_env_F77_value=
ac_cv_env_FFLAGS_set=
ac_cv_env_FFLAGS_value=
ac_cv_env_LDFLAGS_set=
ac_cv_env_LDFLAGS_value=
ac_cv_env_build_alias_set=
ac_cv_env_build_alias_value=
ac_cv_env_host_alias_set=
ac_cv_env_host_alias_value=
ac_cv_env_target_alias_set=
ac_cv_env_target_alias_value=
ac_cv_exeext=
ac_cv_f77_compiler_gnu=no
ac_cv_func_connect=yes
ac_cv_func_ftime=yes
ac_cv_func_gethostbyname=yes
ac_cv_func_gettimeofday=yes
ac_cv_func_remove=yes
ac_cv_func_shmat=yes
ac_cv_have_x='have_x=yes 		ac_x_includes= ac_x_libraries='
ac_cv_header_altivec_h=no
ac_cv_header_ddraw_h=no
ac_cv_header_dlfcn_h=yes
ac_cv_header_inttypes_h=yes
ac_cv_header_io_h=no
ac_cv_header_memory_h=yes
ac_cv_header_stdc=yes
ac_cv_header_stdint_h=yes
ac_cv_header_stdlib_h=yes
ac_cv_header_string_h=yes
ac_cv_header_strings_h=yes
ac_cv_header_sys_stat_h=yes
ac_cv_header_sys_time_h=yes
ac_cv_header_sys_timeb_h=yes
ac_cv_header_sys_types_h=yes
ac_cv_header_time=yes
ac_cv_header_time_h=yes
ac_cv_header_unistd_h=yes
ac_cv_host=i686-pc-linux-gnu
ac_cv_host_alias=i686-pc-linux-gnu
ac_cv_lib_ICE_IceConnectionNumber=yes
ac_cv_lib_Xext_XShmCreateImage=yes
ac_cv_lib_Xv_XvShmCreateImage=no
ac_cv_libtool_non_pic=yes
ac_cv_objext=o
ac_cv_path_install='/usr/bin/install -c'
ac_cv_prog_AWK=gawk
ac_cv_prog_CPP='gcc -E'
ac_cv_prog_CXXCPP='g++ -E'
ac_cv_prog_ac_ct_AR=ar
ac_cv_prog_ac_ct_CC=gcc
ac_cv_prog_ac_ct_CXX=g++
ac_cv_prog_ac_ct_RANLIB=ranlib
ac_cv_prog_ac_ct_STRIP=strip
ac_cv_prog_cc_g=yes
ac_cv_prog_cc_stdc=
ac_cv_prog_cxx_g=yes
ac_cv_prog_egrep='grep -E'
ac_cv_prog_f77_g=no
ac_cv_prog_gcc_traditional=no
ac_cv_prog_make_make_set=yes
ac_cv_sys_file_offset_bits=64
ac_cv_sys_large_files=no
ac_cv_sys_largefile_CC=no
ac_cv_try_cflags_ok=yes
ac_cv_type_signal=void
ac_cv_type_size_t=yes
ac_cv_type_struct_timeval=yes
am_cv_CC_dependencies_compiler_type=gcc3
am_cv_CXX_dependencies_compiler_type=gcc3
lt_cv_deplibs_check_method=pass_all
lt_cv_file_magic_cmd='$MAGIC_CMD'
lt_cv_file_magic_test_file=
lt_cv_ld_reload_flag=-r
lt_cv_objdir=.libs
lt_cv_path_LD=/usr/bin/ld
lt_cv_path_LDCXX=/usr/bin/ld
lt_cv_path_NM='/usr/bin/nm -B'
lt_cv_path_SED=/bin//sed
lt_cv_prog_compiler_c_o=yes
lt_cv_prog_compiler_c_o_CXX=yes
lt_cv_prog_compiler_rtti_exceptions=no
lt_cv_prog_gnu_ld=yes
lt_cv_prog_gnu_ldcxx=yes
lt_cv_sys_global_symbol_pipe='sed -n -e '\''s/^.*[ 	]\([ABCDGIRSTW][ABCDGIRSTW]*\)[ 	][ 	]*\(\)\([_A-Za-z][_A-Za-z0-9]*\)$/\1 \2\3 \3/p'\'''
lt_cv_sys_global_symbol_to_c_name_address='sed -n -e '\''s/^: \([^ ]*\) $/  {\"\1\", (lt_ptr) 0},/p'\'' -e '\''s/^[BCDEGRST] \([^ ]*\) \([^ ]*\)$/  {"\2", (lt_ptr) \&\2},/p'\'''
lt_cv_sys_global_symbol_to_cdecl='sed -n -e '\''s/^. .* \(.*\)$/extern int \1;/p'\'''
lt_cv_sys_max_cmd_len=32768
lt_lt_cv_prog_compiler_c_o='"yes"'
lt_lt_cv_prog_compiler_c_o_CXX='"yes"'
lt_lt_cv_sys_global_symbol_pipe='"sed -n -e '\''s/^.*[ 	]\\([ABCDGIRSTW][ABCDGIRSTW]*\\)[ 	][ 	]*\\(\\)\\([_A-Za-z][_A-Za-z0-9]*\\)\$/\\1 \\2\\3 \\3/p'\''"'
lt_lt_cv_sys_global_symbol_to_c_name_address='"sed -n -e '\''s/^: \\([^ ]*\\) \$/  {\\\"\\1\\\", (lt_ptr) 0},/p'\'' -e '\''s/^[BCDEGRST] \\([^ ]*\\) \\([^ ]*\\)\$/  {\"\\2\", (lt_ptr) \\&\\2},/p'\''"'
lt_lt_cv_sys_global_symbol_to_cdecl='"sed -n -e '\''s/^. .* \\(.*\\)\$/extern int \\1;/p'\''"'

## ----------------- ##
## Output variables. ##
## ----------------- ##

ACLOCAL='${SHELL} /usr/src/reelbox/testing/src/libs/libmpeg2dec/autotools/missing --run aclocal-1.8'
AMDEPBACKSLASH='\'
AMDEP_FALSE='#'
AMDEP_TRUE=''
AMTAR='${SHELL} /usr/src/reelbox/testing/src/libs/libmpeg2dec/autotools/missing --run tar'
AR='ar'
ARCH_OPT_CFLAGS=''
AS='as'
AUTOCONF='${SHELL} /usr/src/reelbox/testing/src/libs/libmpeg2dec/autotools/missing --run autoconf'
AUTOHEADER='${SHELL} /usr/src/reelbox/testing/src/libs/libmpeg2dec/autotools/missing --run autoheader'
AUTOMAKE='${SHELL} /usr/src/reelbox/testing/src/libs/libmpeg2dec/autotools/missing --run automake-1.8'
AWK='gawk'
CC='gcc'
CCDEPMODE='depmode=gcc3'
CFLAGS=''
CPP='gcc -E'
CPPFLAGS=''
CXX='g++'
CXXCPP='g++ -E'
CXXDEPMODE='depmode=gcc3'
CXXFLAGS='-g -O2'
CYGPATH_W='echo'
DEFS='-DHAVE_CONFIG_H'
DEPDIR='.deps'
DLLTOOL='dlltool'
ECHO='echo'
ECHO_C=''
ECHO_N='-n'
ECHO_T=''
EGREP='grep -E'
EXEEXT=''
F77=''
FFLAGS=''
INCLUDES='-I$(top_srcdir)/include -I$(top_builddir)/include'
INSTALL_DATA='${INSTALL} -m 644'
INSTALL_PROGRAM='${INSTALL}'
INSTALL_SCRIPT='${INSTALL}'
INSTALL_STRIP_PROGRAM='${SHELL} $(install_sh) -c -s'
LDFLAGS=''
LIBMPEG2_CFLAGS=' -prefer-non-pic'
LIBOBJS=''
LIBS=''
LIBTOOL='$(SHELL) $(top_builddir)/libtool'
LIBVO_CFLAGS=' '
LIBVO_LIBS='  -lSM -lICE  -lX11  -lXext'
LN_S='ln -s'
LTLIBOBJS=''
MAINT='#'
MAINTAINER_MODE_FALSE=''
MAINTAINER_MODE_TRUE='#'
MAKEINFO='${SHELL} /usr/src/reelbox/testing/src/libs/libmpeg2dec/autotools/missing --run makeinfo'
MPEG2DEC_CFLAGS=' -Wall -g  -O3 -fomit-frame-pointer -fno-common -mcpu=pentiumpro'
OBJDUMP='objdump'
OBJEXT='o'
OPT_CFLAGS=' -Wall -g  -O3 -fomit-frame-pointer -fno-common -mcpu=pentiumpro'
PACKAGE='mpeg2dec'
PACKAGE_BUGREPORT=''
PACKAGE_NAME=''
PACKAGE_STRING=''
PACKAGE_TARNAME=''
PACKAGE_VERSION=''
PATH_SEPARATOR=':'
RANLIB='ranlib'
SDLCONFIG=''
SET_MAKE=''
SHELL='/bin/bash'
STRIP='strip'
VERSION='0.4.1-cvs'
X_CFLAGS=''
X_EXTRA_LIBS=''
X_LIBS=''
X_PRE_LIBS=' -lSM -lICE'
ac_ct_AR='ar'
ac_ct_AS=''
ac_ct_CC='gcc'
ac_ct_CXX='g++'
ac_ct_DLLTOOL=''
ac_ct_F77=''
ac_ct_OBJDUMP=''
ac_ct_RANLIB='ranlib'
ac_ct_STRIP='strip'
am__fastdepCC_FALSE='#'
am__fastdepCC_TRUE=''
am__fastdepCXX_FALSE='#'
am__fastdepCXX_TRUE=''
am__include='include'
am__leading_dot='.'
am__quote=''
bindir='${exec_prefix}/bin'
build='i686-pc-linux-gnu'
build_alias=''
build_cpu='i686'
build_os='linux-gnu'
build_vendor='pc'
datadir='${prefix}/share'
exec_prefix='${prefix}'
host='i686-pc-linux-gnu'
host_alias=''
host_cpu='i686'
host_os='linux-gnu'
host_vendor='pc'
includedir='${prefix}/include'
infodir='${prefix}/info'
install_sh='/usr/src/reelbox/testing/src/libs/libmpeg2dec/autotools/install-sh'
libdir='${exec_prefix}/lib'
libexecdir='${exec_prefix}/libexec'
localstatedir='${prefix}/var'
mandir='${prefix}/man'
mkdir_p='mkdir -p -- .'
oldincludedir='/usr/include'
prefix='/usr/local'
program_transform_name='s,x,x,'
sbindir='${exec_prefix}/sbin'
sharedstatedir='${prefix}/com'
sysconfdir='${prefix}/etc'
target_alias=''

## ----------- ##
## confdefs.h. ##
## ----------- ##

#define ACCEL_DETECT
#define ARCH_X86
#define ATTRIBUTE_ALIGNED_MAX 64
#define HAVE_BUILTIN_EXPECT
#define HAVE_DLFCN_H 1
#define HAVE_FTIME 1
#define HAVE_GETTIMEOFDAY 1
#define HAVE_INTTYPES_H 1
#define HAVE_MEMORY_H 1
#define HAVE_STDINT_H 1
#define HAVE_STDLIB_H 1
#define HAVE_STRINGS_H 1
#define HAVE_STRING_H 1
#define HAVE_STRUCT_TIMEVAL 1
#define HAVE_SYS_STAT_H 1
#define HAVE_SYS_TIMEB_H 1
#define HAVE_SYS_TIME_H 1
#define HAVE_SYS_TYPES_H 1
#define HAVE_TIME_H 1
#define HAVE_UNISTD_H 1
#define LIBVO_X11
#define PACKAGE "mpeg2dec"
#define PACKAGE_BUGREPORT ""
#define PACKAGE_NAME ""
#define PACKAGE_STRING ""
#define PACKAGE_TARNAME ""
#define PACKAGE_VERSION ""
#define RETSIGTYPE void
#define STDC_HEADERS 1
#define TIME_WITH_SYS_TIME 1
#define VERSION "0.4.1-cvs"
#define _FILE_OFFSET_BITS 64
#define inline __attribute__ ((__always_inline__))
#endif
#ifdef __cplusplus
extern "C" void exit (int) throw ();

configure: exit 0
