This file contains any messages produced by compilers while
running configure, to aid debugging if configure makes a mistake.

It was created by noad configure 0.8.5, which was
generated by GNU Autoconf 2.69.  Invocation command line was

  $ ./configure 

## --------- ##
## Platform. ##
## --------- ##

hostname = ReelBox61
uname -m = i686
uname -r = 4.8.0-49-generic
uname -s = Linux
uname -v = #52~16.04.1-Ubuntu SMP Thu Apr 20 10:55:35 UTC 2017

/usr/bin/uname -p = unknown
/bin/uname -X     = unknown

/bin/arch              = unknown
/usr/bin/arch -k       = unknown
/usr/convex/getsysinfo = unknown
/usr/bin/hostinfo      = unknown
/bin/machine           = unknown
/usr/bin/oslevel       = unknown
/bin/universe          = unknown

PATH: /sbin
PATH: /bin/
PATH: /usr/bin
PATH: /usr/sbin


## ----------- ##
## Core tests. ##
## ----------- ##

configure:2454: checking for a BSD-compatible install
configure:2522: result: /usr/bin/install -c
configure:2533: checking whether build environment is sane
configure:2588: result: yes
configure:2626: WARNING: 'missing' script is too old or missing
configure:2739: checking for a thread-safe mkdir -p
configure:2778: result: /bin//mkdir -p
configure:2785: checking for gawk
configure:2801: found /usr/bin/gawk
configure:2812: result: gawk
configure:2823: checking whether make sets $(MAKE)
configure:2845: result: yes
configure:2874: checking whether make supports nested variables
configure:2891: result: yes
configure:3027: checking whether make supports nested variables
configure:3044: result: yes
configure:3180: checking for C++ compiler version
configure:3189: /usr/bin/ccache  g++ --version >&5
g++ (Ubuntu 5.4.0-6ubuntu1~16.04.4) 5.4.0 20160609
Copyright (C) 2015 Free Software Foundation, Inc.
This is free software; see the source for copying conditions.  There is NO
warranty; not even for MERCHANTABILITY or FITNESS FOR A PARTICULAR PURPOSE.

configure:3200: $? = 0
configure:3189: /usr/bin/ccache  g++ -v >&5
Using built-in specs.
COLLECT_GCC=/usr/bin/g++
COLLECT_LTO_WRAPPER=/usr/lib/gcc/i686-linux-gnu/5/lto-wrapper
Target: i686-linux-gnu
Configured with: ../src/configure -v --with-pkgversion='Ubuntu 5.4.0-6ubuntu1~16.04.4' --with-bugurl=file:///usr/share/doc/gcc-5/README.Bugs --enable-languages=c,ada,c++,java,go,d,fortran,objc,obj-c++ --prefix=/usr --program-suffix=-5 --enable-shared --enable-linker-build-id --libexecdir=/usr/lib --without-included-gettext --enable-threads=posix --libdir=/usr/lib --enable-nls --with-sysroot=/ --enable-clocale=gnu --enable-libstdcxx-debug --enable-libstdcxx-time=yes --with-default-libstdcxx-abi=new --enable-gnu-unique-object --disable-vtable-verify --enable-libmpx --enable-plugin --with-system-zlib --disable-browser-plugin --enable-java-awt=gtk --enable-gtk-cairo --with-java-home=/usr/lib/jvm/java-1.5.0-gcj-5-i386/jre --enable-java-home --with-jvm-root-dir=/usr/lib/jvm/java-1.5.0-gcj-5-i386 --with-jvm-jar-dir=/usr/lib/jvm-exports/java-1.5.0-gcj-5-i386 --with-arch-directory=i386 --with-ecj-jar=/usr/share/java/eclipse-ecj.jar --enable-objc-gc --enable-targets=all --enable-multiarch --disable-werror --with-arch-32=i686 --with-multilib-list=m32,m64,mx32 --enable-multilib --with-tune=generic --enable-checking=release --build=i686-linux-gnu --host=i686-linux-gnu --target=i686-linux-gnu
Thread model: posix
gcc version 5.4.0 20160609 (Ubuntu 5.4.0-6ubuntu1~16.04.4) 
configure:3200: $? = 0
configure:3189: /usr/bin/ccache  g++ -V >&5
g++: error: unrecognized command line option '-V'
g++: fatal error: no input files
compilation terminated.
configure:3200: $? = 1
configure:3189: /usr/bin/ccache  g++ -qversion >&5
g++: error: unrecognized command line option '-qversion'
g++: fatal error: no input files
compilation terminated.
configure:3200: $? = 1
configure:3220: checking whether the C++ compiler works
configure:3242: /usr/bin/ccache  g++ -O2 -funroll-loops -fomit-frame-pointer -m32 -march=pentium3 -mmmx -msse -mfpmath=sse -Wall -Woverloaded-virtual -D__STDC_CONSTANT_MACROS   conftest.cpp  >&5
configure:3246: $? = 0
configure:3294: result: yes
configure:3297: checking for C++ compiler default output file name
configure:3299: result: a.out
configure:3305: checking for suffix of executables
configure:3312: /usr/bin/ccache  g++ -o conftest -O2 -funroll-loops -fomit-frame-pointer -m32 -march=pentium3 -mmmx -msse -mfpmath=sse -Wall -Woverloaded-virtual -D__STDC_CONSTANT_MACROS   conftest.cpp  >&5
configure:3316: $? = 0
configure:3338: result: 
configure:3360: checking whether we are cross compiling
configure:3368: /usr/bin/ccache  g++ -o conftest -O2 -funroll-loops -fomit-frame-pointer -m32 -march=pentium3 -mmmx -msse -mfpmath=sse -Wall -Woverloaded-virtual -D__STDC_CONSTANT_MACROS   conftest.cpp  >&5
configure:3372: $? = 0
configure:3379: ./conftest
configure:3383: $? = 0
configure:3398: result: no
configure:3403: checking for suffix of object files
configure:3425: /usr/bin/ccache  g++ -c -O2 -funroll-loops -fomit-frame-pointer -m32 -march=pentium3 -mmmx -msse -mfpmath=sse -Wall -Woverloaded-virtual -D__STDC_CONSTANT_MACROS  conftest.cpp >&5
configure:3429: $? = 0
configure:3450: result: o
configure:3454: checking whether we are using the GNU C++ compiler
configure:3473: /usr/bin/ccache  g++ -c -O2 -funroll-loops -fomit-frame-pointer -m32 -march=pentium3 -mmmx -msse -mfpmath=sse -Wall -Woverloaded-virtual -D__STDC_CONSTANT_MACROS  conftest.cpp >&5
configure:3473: $? = 0
configure:3482: result: yes
configure:3491: checking whether /usr/bin/ccache  g++ accepts -g
configure:3511: /usr/bin/ccache  g++ -c -g -D__STDC_CONSTANT_MACROS  conftest.cpp >&5
configure:3511: $? = 0
configure:3552: result: yes
configure:3586: checking for style of include used by make
configure:3614: result: GNU
configure:3640: checking dependency style of /usr/bin/ccache  g++
configure:3751: result: gcc3
configure:3814: checking for gcc
configure:3841: result: /usr/bin/ccache  gcc
configure:4070: checking for C compiler version
configure:4079: /usr/bin/ccache  gcc --version >&5
gcc (Ubuntu 5.4.0-6ubuntu1~16.04.4) 5.4.0 20160609
Copyright (C) 2015 Free Software Foundation, Inc.
This is free software; see the source for copying conditions.  There is NO
warranty; not even for MERCHANTABILITY or FITNESS FOR A PARTICULAR PURPOSE.

configure:4090: $? = 0
configure:4079: /usr/bin/ccache  gcc -v >&5
Using built-in specs.
COLLECT_GCC=/usr/bin/gcc
COLLECT_LTO_WRAPPER=/usr/lib/gcc/i686-linux-gnu/5/lto-wrapper
Target: i686-linux-gnu
Configured with: ../src/configure -v --with-pkgversion='Ubuntu 5.4.0-6ubuntu1~16.04.4' --with-bugurl=file:///usr/share/doc/gcc-5/README.Bugs --enable-languages=c,ada,c++,java,go,d,fortran,objc,obj-c++ --prefix=/usr --program-suffix=-5 --enable-shared --enable-linker-build-id --libexecdir=/usr/lib --without-included-gettext --enable-threads=posix --libdir=/usr/lib --enable-nls --with-sysroot=/ --enable-clocale=gnu --enable-libstdcxx-debug --enable-libstdcxx-time=yes --with-default-libstdcxx-abi=new --enable-gnu-unique-object --disable-vtable-verify --enable-libmpx --enable-plugin --with-system-zlib --disable-browser-plugin --enable-java-awt=gtk --enable-gtk-cairo --with-java-home=/usr/lib/jvm/java-1.5.0-gcj-5-i386/jre --enable-java-home --with-jvm-root-dir=/usr/lib/jvm/java-1.5.0-gcj-5-i386 --with-jvm-jar-dir=/usr/lib/jvm-exports/java-1.5.0-gcj-5-i386 --with-arch-directory=i386 --with-ecj-jar=/usr/share/java/eclipse-ecj.jar --enable-objc-gc --enable-targets=all --enable-multiarch --disable-werror --with-arch-32=i686 --with-multilib-list=m32,m64,mx32 --enable-multilib --with-tune=generic --enable-checking=release --build=i686-linux-gnu --host=i686-linux-gnu --target=i686-linux-gnu
Thread model: posix
gcc version 5.4.0 20160609 (Ubuntu 5.4.0-6ubuntu1~16.04.4) 
configure:4090: $? = 0
configure:4079: /usr/bin/ccache  gcc -V >&5
gcc: error: unrecognized command line option '-V'
gcc: fatal error: no input files
compilation terminated.
configure:4090: $? = 1
configure:4079: /usr/bin/ccache  gcc -qversion >&5
gcc: error: unrecognized command line option '-qversion'
gcc: fatal error: no input files
compilation terminated.
configure:4090: $? = 1
configure:4094: checking whether we are using the GNU C compiler
configure:4113: /usr/bin/ccache  gcc -c -O2 -funroll-loops -fomit-frame-pointer -m32 -march=pentium3 -mmmx -msse -mfpmath=sse -Wall -Wstrict-prototypes -D__STDC_CONSTANT_MACROS  conftest.c >&5
conftest.c:15:1: warning: function declaration isn't a prototype [-Wstrict-prototypes]
 main ()
 ^
configure:4113: $? = 0
configure:4122: result: yes
configure:4131: checking whether /usr/bin/ccache  gcc accepts -g
configure:4151: /usr/bin/ccache  gcc -c -g -D__STDC_CONSTANT_MACROS  conftest.c >&5
configure:4151: $? = 0
configure:4192: result: yes
configure:4209: checking for /usr/bin/ccache  gcc option to accept ISO C89
configure:4272: /usr/bin/ccache  gcc  -c -O2 -funroll-loops -fomit-frame-pointer -m32 -march=pentium3 -mmmx -msse -mfpmath=sse -Wall -Wstrict-prototypes -D__STDC_CONSTANT_MACROS  conftest.c >&5
conftest.c:19:14: warning: function declaration isn't a prototype [-Wstrict-prototypes]
 static char *e (p, i)
              ^
conftest.c:56:1: warning: function declaration isn't a prototype [-Wstrict-prototypes]
 main ()
 ^
configure:4272: $? = 0
configure:4285: result: none needed
configure:4310: checking whether /usr/bin/ccache  gcc understands -c and -o together
configure:4332: /usr/bin/ccache  gcc -c conftest.c -o conftest2.o
configure:4335: $? = 0
configure:4332: /usr/bin/ccache  gcc -c conftest.c -o conftest2.o
configure:4335: $? = 0
configure:4347: result: yes
configure:4366: checking dependency style of /usr/bin/ccache  gcc
configure:4477: result: gcc3
configure:4535: checking for ranlib
configure:4551: found /usr/bin/ranlib
configure:4562: result: ranlib
configure:4638: checking for pkg-config
configure:4656: found /usr/bin/pkg-config
configure:4668: result: /usr/bin/pkg-config
configure:4693: checking pkg-config is at least version 0.9.0
configure:4696: result: yes
configure:4719: checking how to run the C++ preprocessor
configure:4746: /usr/bin/ccache  g++ -E -D__STDC_CONSTANT_MACROS  -D_GNU_SOURCE conftest.cpp
configure:4746: $? = 0
configure:4760: /usr/bin/ccache  g++ -E -D__STDC_CONSTANT_MACROS  -D_GNU_SOURCE conftest.cpp
conftest.cpp:13:28: fatal error: ac_nonexistent.h: No such file or directory
compilation terminated.
configure:4760: $? = 1
configure: failed program was:
| /* confdefs.h */
| #define PACKAGE_NAME "noad"
| #define PACKAGE_TARNAME "noad"
| #define PACKAGE_VERSION "0.8.5"
| #define PACKAGE_STRING "noad 0.8.5"
| #define PACKAGE_BUGREPORT "theNoad@ulmail.net"
| #define PACKAGE_URL ""
| #define PACKAGE "noad"
| #define VERSION "0.8.5"
| #define _GNU_SOURCE 1
| #define FFMPEGDECODING 1
| /* end confdefs.h.  */
| #include <ac_nonexistent.h>
configure:4785: result: /usr/bin/ccache  g++ -E
configure:4805: /usr/bin/ccache  g++ -E -D__STDC_CONSTANT_MACROS  -D_GNU_SOURCE conftest.cpp
configure:4805: $? = 0
configure:4819: /usr/bin/ccache  g++ -E -D__STDC_CONSTANT_MACROS  -D_GNU_SOURCE conftest.cpp
conftest.cpp:13:28: fatal error: ac_nonexistent.h: No such file or directory
compilation terminated.
configure:4819: $? = 1
configure: failed program was:
| /* confdefs.h */
| #define PACKAGE_NAME "noad"
| #define PACKAGE_TARNAME "noad"
| #define PACKAGE_VERSION "0.8.5"
| #define PACKAGE_STRING "noad 0.8.5"
| #define PACKAGE_BUGREPORT "theNoad@ulmail.net"
| #define PACKAGE_URL ""
| #define PACKAGE "noad"
| #define VERSION "0.8.5"
| #define _GNU_SOURCE 1
| #define FFMPEGDECODING 1
| /* end confdefs.h.  */
| #include <ac_nonexistent.h>
configure:4848: checking for grep that handles long lines and -e
configure:4906: result: /bin//grep
configure:4911: checking for egrep
configure:4973: result: /bin//grep -E
configure:4978: checking for ANSI C header files
configure:4998: /usr/bin/ccache  g++ -c -O2 -funroll-loops -fomit-frame-pointer -m32 -march=pentium3 -mmmx -msse -mfpmath=sse -Wall -Woverloaded-virtual -D__STDC_CONSTANT_MACROS  -D_GNU_SOURCE conftest.cpp >&5
configure:4998: $? = 0
configure:5071: /usr/bin/ccache  g++ -o conftest -O2 -funroll-loops -fomit-frame-pointer -m32 -march=pentium3 -mmmx -msse -mfpmath=sse -Wall -Woverloaded-virtual -D__STDC_CONSTANT_MACROS  -D_GNU_SOURCE  conftest.cpp  >&5
configure:5071: $? = 0
configure:5071: ./conftest
configure:5071: $? = 0
configure:5082: result: yes
configure:5095: checking for sys/types.h
configure:5095: /usr/bin/ccache  g++ -c -O2 -funroll-loops -fomit-frame-pointer -m32 -march=pentium3 -mmmx -msse -mfpmath=sse -Wall -Woverloaded-virtual -D__STDC_CONSTANT_MACROS  -D_GNU_SOURCE conftest.cpp >&5
configure:5095: $? = 0
configure:5095: result: yes
configure:5095: checking for sys/stat.h
configure:5095: /usr/bin/ccache  g++ -c -O2 -funroll-loops -fomit-frame-pointer -m32 -march=pentium3 -mmmx -msse -mfpmath=sse -Wall -Woverloaded-virtual -D__STDC_CONSTANT_MACROS  -D_GNU_SOURCE conftest.cpp >&5
configure:5095: $? = 0
configure:5095: result: yes
configure:5095: checking for stdlib.h
configure:5095: /usr/bin/ccache  g++ -c -O2 -funroll-loops -fomit-frame-pointer -m32 -march=pentium3 -mmmx -msse -mfpmath=sse -Wall -Woverloaded-virtual -D__STDC_CONSTANT_MACROS  -D_GNU_SOURCE conftest.cpp >&5
configure:5095: $? = 0
configure:5095: result: yes
configure:5095: checking for string.h
configure:5095: /usr/bin/ccache  g++ -c -O2 -funroll-loops -fomit-frame-pointer -m32 -march=pentium3 -mmmx -msse -mfpmath=sse -Wall -Woverloaded-virtual -D__STDC_CONSTANT_MACROS  -D_GNU_SOURCE conftest.cpp >&5
configure:5095: $? = 0
configure:5095: result: yes
configure:5095: checking for memory.h
configure:5095: /usr/bin/ccache  g++ -c -O2 -funroll-loops -fomit-frame-pointer -m32 -march=pentium3 -mmmx -msse -mfpmath=sse -Wall -Woverloaded-virtual -D__STDC_CONSTANT_MACROS  -D_GNU_SOURCE conftest.cpp >&5
configure:5095: $? = 0
configure:5095: result: yes
configure:5095: checking for strings.h
configure:5095: /usr/bin/ccache  g++ -c -O2 -funroll-loops -fomit-frame-pointer -m32 -march=pentium3 -mmmx -msse -mfpmath=sse -Wall -Woverloaded-virtual -D__STDC_CONSTANT_MACROS  -D_GNU_SOURCE conftest.cpp >&5
configure:5095: $? = 0
configure:5095: result: yes
configure:5095: checking for inttypes.h
configure:5095: /usr/bin/ccache  g++ -c -O2 -funroll-loops -fomit-frame-pointer -m32 -march=pentium3 -mmmx -msse -mfpmath=sse -Wall -Woverloaded-virtual -D__STDC_CONSTANT_MACROS  -D_GNU_SOURCE conftest.cpp >&5
configure:5095: $? = 0
configure:5095: result: yes
configure:5095: checking for stdint.h
configure:5095: /usr/bin/ccache  g++ -c -O2 -funroll-loops -fomit-frame-pointer -m32 -march=pentium3 -mmmx -msse -mfpmath=sse -Wall -Woverloaded-virtual -D__STDC_CONSTANT_MACROS  -D_GNU_SOURCE conftest.cpp >&5
configure:5095: $? = 0
configure:5095: result: yes
configure:5095: checking for unistd.h
configure:5095: /usr/bin/ccache  g++ -c -O2 -funroll-loops -fomit-frame-pointer -m32 -march=pentium3 -mmmx -msse -mfpmath=sse -Wall -Woverloaded-virtual -D__STDC_CONSTANT_MACROS  -D_GNU_SOURCE conftest.cpp >&5
configure:5095: $? = 0
configure:5095: result: yes
configure:5108: checking minix/config.h usability
configure:5108: /usr/bin/ccache  g++ -c -O2 -funroll-loops -fomit-frame-pointer -m32 -march=pentium3 -mmmx -msse -mfpmath=sse -Wall -Woverloaded-virtual -D__STDC_CONSTANT_MACROS  -D_GNU_SOURCE conftest.cpp >&5
conftest.cpp:56:26: fatal error: minix/config.h: No such file or directory
compilation terminated.
configure:5108: $? = 1
configure: failed program was:
| /* confdefs.h */
| #define PACKAGE_NAME "noad"
| #define PACKAGE_TARNAME "noad"
| #define PACKAGE_VERSION "0.8.5"
| #define PACKAGE_STRING "noad 0.8.5"
| #define PACKAGE_BUGREPORT "theNoad@ulmail.net"
| #define PACKAGE_URL ""
| #define PACKAGE "noad"
| #define VERSION "0.8.5"
| #define _GNU_SOURCE 1
| #define FFMPEGDECODING 1
| #define STDC_HEADERS 1
| #define HAVE_SYS_TYPES_H 1
| #define HAVE_SYS_STAT_H 1
| #define HAVE_STDLIB_H 1
| #define HAVE_STRING_H 1
| #define HAVE_MEMORY_H 1
| #define HAVE_STRINGS_H 1
| #define HAVE_INTTYPES_H 1
| #define HAVE_STDINT_H 1
| #define HAVE_UNISTD_H 1
| /* end confdefs.h.  */
| #include <stdio.h>
| #ifdef HAVE_SYS_TYPES_H
| # include <sys/types.h>
| #endif
| #ifdef HAVE_SYS_STAT_H
| # include <sys/stat.h>
| #endif
| #ifdef STDC_HEADERS
| # include <stdlib.h>
| # include <stddef.h>
| #else
| # ifdef HAVE_STDLIB_H
| #  include <stdlib.h>
| # endif
| #endif
| #ifdef HAVE_STRING_H
| # if !defined STDC_HEADERS && defined HAVE_MEMORY_H
| #  include <memory.h>
| # endif
| # include <string.h>
| #endif
| #ifdef HAVE_STRINGS_H
| # include <strings.h>
| #endif
| #ifdef HAVE_INTTYPES_H
| # include <inttypes.h>
| #endif
| #ifdef HAVE_STDINT_H
| # include <stdint.h>
| #endif
| #ifdef HAVE_UNISTD_H
| # include <unistd.h>
| #endif
| #include <minix/config.h>
configure:5108: result: no
configure:5108: checking minix/config.h presence
configure:5108: /usr/bin/ccache  g++ -E -D__STDC_CONSTANT_MACROS  -D_GNU_SOURCE conftest.cpp
conftest.cpp:23:26: fatal error: minix/config.h: No such file or directory
compilation terminated.
configure:5108: $? = 1
configure: failed program was:
| /* confdefs.h */
| #define PACKAGE_NAME "noad"
| #define PACKAGE_TARNAME "noad"
| #define PACKAGE_VERSION "0.8.5"
| #define PACKAGE_STRING "noad 0.8.5"
| #define PACKAGE_BUGREPORT "theNoad@ulmail.net"
| #define PACKAGE_URL ""
| #define PACKAGE "noad"
| #define VERSION "0.8.5"
| #define _GNU_SOURCE 1
| #define FFMPEGDECODING 1
| #define STDC_HEADERS 1
| #define HAVE_SYS_TYPES_H 1
| #define HAVE_SYS_STAT_H 1
| #define HAVE_STDLIB_H 1
| #define HAVE_STRING_H 1
| #define HAVE_MEMORY_H 1
| #define HAVE_STRINGS_H 1
| #define HAVE_INTTYPES_H 1
| #define HAVE_STDINT_H 1
| #define HAVE_UNISTD_H 1
| /* end confdefs.h.  */
| #include <minix/config.h>
configure:5108: result: no
configure:5108: checking for minix/config.h
configure:5108: result: no
configure:5129: checking whether it is safe to define __EXTENSIONS__
configure:5147: /usr/bin/ccache  g++ -c -O2 -funroll-loops -fomit-frame-pointer -m32 -march=pentium3 -mmmx -msse -mfpmath=sse -Wall -Woverloaded-virtual -D__STDC_CONSTANT_MACROS  -D_GNU_SOURCE conftest.cpp >&5
configure:5147: $? = 0
configure:5154: result: yes
configure:5178: checking for dirent.h that defines DIR
configure:5197: /usr/bin/ccache  g++ -c -O2 -funroll-loops -fomit-frame-pointer -m32 -march=pentium3 -mmmx -msse -mfpmath=sse -Wall -Woverloaded-virtual -D__STDC_CONSTANT_MACROS  -D_GNU_SOURCE conftest.cpp >&5
configure:5197: $? = 0
configure:5205: result: yes
configure:5218: checking for library containing opendir
configure:5249: /usr/bin/ccache  g++ -o conftest -O2 -funroll-loops -fomit-frame-pointer -m32 -march=pentium3 -mmmx -msse -mfpmath=sse -Wall -Woverloaded-virtual -D__STDC_CONSTANT_MACROS  -D_GNU_SOURCE  conftest.cpp  >&5
configure:5249: $? = 0
configure:5266: result: none required
configure:5333: checking for ANSI C header files
configure:5437: result: yes
configure:5445: checking for sys/wait.h that is POSIX.1 compatible
configure:5471: /usr/bin/ccache  g++ -c -O2 -funroll-loops -fomit-frame-pointer -m32 -march=pentium3 -mmmx -msse -mfpmath=sse -Wall -Woverloaded-virtual -D__STDC_CONSTANT_MACROS  -D_GNU_SOURCE conftest.cpp >&5
configure:5471: $? = 0
configure:5478: result: yes
configure:5489: checking arpa/inet.h usability
configure:5489: /usr/bin/ccache  g++ -c -O2 -funroll-loops -fomit-frame-pointer -m32 -march=pentium3 -mmmx -msse -mfpmath=sse -Wall -Woverloaded-virtual -D__STDC_CONSTANT_MACROS  -D_GNU_SOURCE conftest.cpp >&5
configure:5489: $? = 0
configure:5489: result: yes
configure:5489: checking arpa/inet.h presence
configure:5489: /usr/bin/ccache  g++ -E -D__STDC_CONSTANT_MACROS  -D_GNU_SOURCE conftest.cpp
configure:5489: $? = 0
configure:5489: result: yes
configure:5489: checking for arpa/inet.h
configure:5489: result: yes
configure:5489: checking fcntl.h usability
configure:5489: /usr/bin/ccache  g++ -c -O2 -funroll-loops -fomit-frame-pointer -m32 -march=pentium3 -mmmx -msse -mfpmath=sse -Wall -Woverloaded-virtual -D__STDC_CONSTANT_MACROS  -D_GNU_SOURCE conftest.cpp >&5
configure:5489: $? = 0
configure:5489: result: yes
configure:5489: checking fcntl.h presence
configure:5489: /usr/bin/ccache  g++ -E -D__STDC_CONSTANT_MACROS  -D_GNU_SOURCE conftest.cpp
configure:5489: $? = 0
configure:5489: result: yes
configure:5489: checking for fcntl.h
configure:5489: result: yes
configure:5489: checking for inttypes.h
configure:5489: result: yes
configure:5489: checking netinet/in.h usability
configure:5489: /usr/bin/ccache  g++ -c -O2 -funroll-loops -fomit-frame-pointer -m32 -march=pentium3 -mmmx -msse -mfpmath=sse -Wall -Woverloaded-virtual -D__STDC_CONSTANT_MACROS  -D_GNU_SOURCE conftest.cpp >&5
configure:5489: $? = 0
configure:5489: result: yes
configure:5489: checking netinet/in.h presence
configure:5489: /usr/bin/ccache  g++ -E -D__STDC_CONSTANT_MACROS  -D_GNU_SOURCE conftest.cpp
configure:5489: $? = 0
configure:5489: result: yes
configure:5489: checking for netinet/in.h
configure:5489: result: yes
configure:5489: checking for stdlib.h
configure:5489: result: yes
configure:5489: checking for string.h
configure:5489: result: yes
configure:5489: checking sys/ioctl.h usability
configure:5489: /usr/bin/ccache  g++ -c -O2 -funroll-loops -fomit-frame-pointer -m32 -march=pentium3 -mmmx -msse -mfpmath=sse -Wall -Woverloaded-virtual -D__STDC_CONSTANT_MACROS  -D_GNU_SOURCE conftest.cpp >&5
configure:5489: $? = 0
configure:5489: result: yes
configure:5489: checking sys/ioctl.h presence
configure:5489: /usr/bin/ccache  g++ -E -D__STDC_CONSTANT_MACROS  -D_GNU_SOURCE conftest.cpp
configure:5489: $? = 0
configure:5489: result: yes
configure:5489: checking for sys/ioctl.h
configure:5489: result: yes
configure:5489: checking sys/socket.h usability
configure:5489: /usr/bin/ccache  g++ -c -O2 -funroll-loops -fomit-frame-pointer -m32 -march=pentium3 -mmmx -msse -mfpmath=sse -Wall -Woverloaded-virtual -D__STDC_CONSTANT_MACROS  -D_GNU_SOURCE conftest.cpp >&5
configure:5489: $? = 0
configure:5489: result: yes
configure:5489: checking sys/socket.h presence
configure:5489: /usr/bin/ccache  g++ -E -D__STDC_CONSTANT_MACROS  -D_GNU_SOURCE conftest.cpp
configure:5489: $? = 0
configure:5489: result: yes
configure:5489: checking for sys/socket.h
configure:5489: result: yes
configure:5489: checking sys/time.h usability
configure:5489: /usr/bin/ccache  g++ -c -O2 -funroll-loops -fomit-frame-pointer -m32 -march=pentium3 -mmmx -msse -mfpmath=sse -Wall -Woverloaded-virtual -D__STDC_CONSTANT_MACROS  -D_GNU_SOURCE conftest.cpp >&5
configure:5489: $? = 0
configure:5489: result: yes
configure:5489: checking sys/time.h presence
configure:5489: /usr/bin/ccache  g++ -E -D__STDC_CONSTANT_MACROS  -D_GNU_SOURCE conftest.cpp
configure:5489: $? = 0
configure:5489: result: yes
configure:5489: checking for sys/time.h
configure:5489: result: yes
configure:5489: checking sys/vfs.h usability
configure:5489: /usr/bin/ccache  g++ -c -O2 -funroll-loops -fomit-frame-pointer -m32 -march=pentium3 -mmmx -msse -mfpmath=sse -Wall -Woverloaded-virtual -D__STDC_CONSTANT_MACROS  -D_GNU_SOURCE conftest.cpp >&5
configure:5489: $? = 0
configure:5489: result: yes
configure:5489: checking sys/vfs.h presence
configure:5489: /usr/bin/ccache  g++ -E -D__STDC_CONSTANT_MACROS  -D_GNU_SOURCE conftest.cpp
configure:5489: $? = 0
configure:5489: result: yes
configure:5489: checking for sys/vfs.h
configure:5489: result: yes
configure:5489: checking syslog.h usability
configure:5489: /usr/bin/ccache  g++ -c -O2 -funroll-loops -fomit-frame-pointer -m32 -march=pentium3 -mmmx -msse -mfpmath=sse -Wall -Woverloaded-virtual -D__STDC_CONSTANT_MACROS  -D_GNU_SOURCE conftest.cpp >&5
configure:5489: $? = 0
configure:5489: result: yes
configure:5489: checking syslog.h presence
configure:5489: /usr/bin/ccache  g++ -E -D__STDC_CONSTANT_MACROS  -D_GNU_SOURCE conftest.cpp
configure:5489: $? = 0
configure:5489: result: yes
configure:5489: checking for syslog.h
configure:5489: result: yes
configure:5489: checking for unistd.h
configure:5489: result: yes
configure:5501: checking for stdbool.h that conforms to C99
configure:5568: /usr/bin/ccache  g++ -c -O2 -funroll-loops -fomit-frame-pointer -m32 -march=pentium3 -mmmx -msse -mfpmath=sse -Wall -Woverloaded-virtual -D__STDC_CONSTANT_MACROS  -D_GNU_SOURCE conftest.cpp >&5
conftest.cpp: In function 'int main()':
conftest.cpp:92:23: warning: the address of 's' will always evaluate as 'true' [-Waddress]
              bool e = &s;
                       ^
conftest.cpp:96:23: warning: the address of 'a' will always evaluate as 'true' [-Waddress]
              return (!a + !b + !c + !d + !e + !f + !g + !h + !i + !!j + !k + !!l
                       ^
conftest.cpp:96:28: warning: the address of 'b' will always evaluate as 'true' [-Waddress]
              return (!a + !b + !c + !d + !e + !f + !g + !h + !i + !!j + !k + !!l
                            ^
conftest.cpp:96:33: warning: the address of 'c' will always evaluate as 'true' [-Waddress]
              return (!a + !b + !c + !d + !e + !f + !g + !h + !i + !!j + !k + !!l
                                 ^
conftest.cpp:96:38: warning: the address of 'd' will always evaluate as 'true' [-Waddress]
              return (!a + !b + !c + !d + !e + !f + !g + !h + !i + !!j + !k + !!l
                                      ^
conftest.cpp:96:48: warning: the address of 'f' will always evaluate as 'true' [-Waddress]
              return (!a + !b + !c + !d + !e + !f + !g + !h + !i + !!j + !k + !!l
                                                ^
conftest.cpp:96:53: warning: the address of 'g' will always evaluate as 'true' [-Waddress]
              return (!a + !b + !c + !d + !e + !f + !g + !h + !i + !!j + !k + !!l
                                                     ^
conftest.cpp:96:58: warning: the address of 'h' will always evaluate as 'true' [-Waddress]
              return (!a + !b + !c + !d + !e + !f + !g + !h + !i + !!j + !k + !!l
                                                          ^
conftest.cpp:96:63: warning: the address of 'i' will always evaluate as 'true' [-Waddress]
              return (!a + !b + !c + !d + !e + !f + !g + !h + !i + !!j + !k + !!l
                                                               ^
conftest.cpp:97:30: warning: the address of 'n' will always evaluate as 'true' [-Waddress]
                              ^
conftest.cpp:97:35: warning: the address of 'o' will always evaluate as 'true' [-Waddress]
                                   ^
conftest.cpp:97:40: warning: the address of 'p' will always evaluate as 'true' [-Waddress]
                                        ^
configure:5568: $? = 0
configure:5575: result: yes
configure:5577: checking for _Bool
configure:5577: /usr/bin/ccache  g++ -c -O2 -funroll-loops -fomit-frame-pointer -m32 -march=pentium3 -mmmx -msse -mfpmath=sse -Wall -Woverloaded-virtual -D__STDC_CONSTANT_MACROS  -D_GNU_SOURCE conftest.cpp >&5
conftest.cpp: In function 'int main()':
conftest.cpp:79:13: error: '_Bool' was not declared in this scope
 if (sizeof (_Bool))
             ^
configure:5577: $? = 1
configure: failed program was:
| /* confdefs.h */
| #define PACKAGE_NAME "noad"
| #define PACKAGE_TARNAME "noad"
| #define PACKAGE_VERSION "0.8.5"
| #define PACKAGE_STRING "noad 0.8.5"
| #define PACKAGE_BUGREPORT "theNoad@ulmail.net"
| #define PACKAGE_URL ""
| #define PACKAGE "noad"
| #define VERSION "0.8.5"
| #define _GNU_SOURCE 1
| #define FFMPEGDECODING 1
| #define STDC_HEADERS 1
| #define HAVE_SYS_TYPES_H 1
| #define HAVE_SYS_STAT_H 1
| #define HAVE_STDLIB_H 1
| #define HAVE_STRING_H 1
| #define HAVE_MEMORY_H 1
| #define HAVE_STRINGS_H 1
| #define HAVE_INTTYPES_H 1
| #define HAVE_STDINT_H 1
| #define HAVE_UNISTD_H 1
| #define __EXTENSIONS__ 1
| #define _ALL_SOURCE 1
| #define _GNU_SOURCE 1
| #define _POSIX_PTHREAD_SEMANTICS 1
| #define _TANDEM_SOURCE 1
| #define HAVE_DIRENT_H 1
| #define STDC_HEADERS 1
| #define HAVE_SYS_WAIT_H 1
| #define HAVE_ARPA_INET_H 1
| #define HAVE_FCNTL_H 1
| #define HAVE_INTTYPES_H 1
| #define HAVE_NETINET_IN_H 1
| #define HAVE_STDLIB_H 1
| #define HAVE_STRING_H 1
| #define HAVE_SYS_IOCTL_H 1
| #define HAVE_SYS_SOCKET_H 1
| #define HAVE_SYS_TIME_H 1
| #define HAVE_SYS_VFS_H 1
| #define HAVE_SYSLOG_H 1
| #define HAVE_UNISTD_H 1
| /* end confdefs.h.  */
| #include <stdio.h>
| #ifdef HAVE_SYS_TYPES_H
| # include <sys/types.h>
| #endif
| #ifdef HAVE_SYS_STAT_H
| # include <sys/stat.h>
| #endif
| #ifdef STDC_HEADERS
| # include <stdlib.h>
| # include <stddef.h>
| #else
| # ifdef HAVE_STDLIB_H
| #  include <stdlib.h>
| # endif
| #endif
| #ifdef HAVE_STRING_H
| # if !defined STDC_HEADERS && defined HAVE_MEMORY_H
| #  include <memory.h>
| # endif
| # include <string.h>
| #endif
| #ifdef HAVE_STRINGS_H
| # include <strings.h>
| #endif
| #ifdef HAVE_INTTYPES_H
| # include <inttypes.h>
| #endif
| #ifdef HAVE_STDINT_H
| # include <stdint.h>
| #endif
| #ifdef HAVE_UNISTD_H
| # include <unistd.h>
| #endif
| int
| main ()
| {
| if (sizeof (_Bool))
| 	 return 0;
|   ;
|   return 0;
| }
configure:5577: result: no
configure:5594: checking for an ANSI C-conforming const
configure:5660: /usr/bin/ccache  g++ -c -O2 -funroll-loops -fomit-frame-pointer -m32 -march=pentium3 -mmmx -msse -mfpmath=sse -Wall -Woverloaded-virtual -D__STDC_CONSTANT_MACROS  -D_GNU_SOURCE conftest.cpp >&5
configure:5660: $? = 0
configure:5667: result: yes
configure:5675: checking for inline
configure:5691: /usr/bin/ccache  g++ -c -O2 -funroll-loops -fomit-frame-pointer -m32 -march=pentium3 -mmmx -msse -mfpmath=sse -Wall -Woverloaded-virtual -D__STDC_CONSTANT_MACROS  -D_GNU_SOURCE conftest.cpp >&5
configure:5691: $? = 0
configure:5699: result: inline
configure:5717: checking for mode_t
configure:5717: /usr/bin/ccache  g++ -c -O2 -funroll-loops -fomit-frame-pointer -m32 -march=pentium3 -mmmx -msse -mfpmath=sse -Wall -Woverloaded-virtual -D__STDC_CONSTANT_MACROS  -D_GNU_SOURCE conftest.cpp >&5
configure:5717: $? = 0
configure:5717: /usr/bin/ccache  g++ -c -O2 -funroll-loops -fomit-frame-pointer -m32 -march=pentium3 -mmmx -msse -mfpmath=sse -Wall -Woverloaded-virtual -D__STDC_CONSTANT_MACROS  -D_GNU_SOURCE conftest.cpp >&5
conftest.cpp: In function 'int main()':
conftest.cpp:80:20: error: expected primary-expression before ')' token
 if (sizeof ((mode_t)))
                    ^
configure:5717: $? = 1
configure: failed program was:
| /* confdefs.h */
| #define PACKAGE_NAME "noad"
| #define PACKAGE_TARNAME "noad"
| #define PACKAGE_VERSION "0.8.5"
| #define PACKAGE_STRING "noad 0.8.5"
| #define PACKAGE_BUGREPORT "theNoad@ulmail.net"
| #define PACKAGE_URL ""
| #define PACKAGE "noad"
| #define VERSION "0.8.5"
| #define _GNU_SOURCE 1
| #define FFMPEGDECODING 1
| #define STDC_HEADERS 1
| #define HAVE_SYS_TYPES_H 1
| #define HAVE_SYS_STAT_H 1
| #define HAVE_STDLIB_H 1
| #define HAVE_STRING_H 1
| #define HAVE_MEMORY_H 1
| #define HAVE_STRINGS_H 1
| #define HAVE_INTTYPES_H 1
| #define HAVE_STDINT_H 1
| #define HAVE_UNISTD_H 1
| #define __EXTENSIONS__ 1
| #define _ALL_SOURCE 1
| #define _GNU_SOURCE 1
| #define _POSIX_PTHREAD_SEMANTICS 1
| #define _TANDEM_SOURCE 1
| #define HAVE_DIRENT_H 1
| #define STDC_HEADERS 1
| #define HAVE_SYS_WAIT_H 1
| #define HAVE_ARPA_INET_H 1
| #define HAVE_FCNTL_H 1
| #define HAVE_INTTYPES_H 1
| #define HAVE_NETINET_IN_H 1
| #define HAVE_STDLIB_H 1
| #define HAVE_STRING_H 1
| #define HAVE_SYS_IOCTL_H 1
| #define HAVE_SYS_SOCKET_H 1
| #define HAVE_SYS_TIME_H 1
| #define HAVE_SYS_VFS_H 1
| #define HAVE_SYSLOG_H 1
| #define HAVE_UNISTD_H 1
| #define HAVE_STDBOOL_H 1
| /* end confdefs.h.  */
| #include <stdio.h>
| #ifdef HAVE_SYS_TYPES_H
| # include <sys/types.h>
| #endif
| #ifdef HAVE_SYS_STAT_H
| # include <sys/stat.h>
| #endif
| #ifdef STDC_HEADERS
| # include <stdlib.h>
| # include <stddef.h>
| #else
| # ifdef HAVE_STDLIB_H
| #  include <stdlib.h>
| # endif
| #endif
| #ifdef HAVE_STRING_H
| # if !defined STDC_HEADERS && defined HAVE_MEMORY_H
| #  include <memory.h>
| # endif
| # include <string.h>
| #endif
| #ifdef HAVE_STRINGS_H
| # include <strings.h>
| #endif
| #ifdef HAVE_INTTYPES_H
| # include <inttypes.h>
| #endif
| #ifdef HAVE_STDINT_H
| # include <stdint.h>
| #endif
| #ifdef HAVE_UNISTD_H
| # include <unistd.h>
| #endif
| int
| main ()
| {
| if (sizeof ((mode_t)))
| 	    return 0;
|   ;
|   return 0;
| }
configure:5717: result: yes
configure:5728: checking for pid_t
configure:5728: /usr/bin/ccache  g++ -c -O2 -funroll-loops -fomit-frame-pointer -m32 -march=pentium3 -mmmx -msse -mfpmath=sse -Wall -Woverloaded-virtual -D__STDC_CONSTANT_MACROS  -D_GNU_SOURCE conftest.cpp >&5
configure:5728: $? = 0
configure:5728: /usr/bin/ccache  g++ -c -O2 -funroll-loops -fomit-frame-pointer -m32 -march=pentium3 -mmmx -msse -mfpmath=sse -Wall -Woverloaded-virtual -D__STDC_CONSTANT_MACROS  -D_GNU_SOURCE conftest.cpp >&5
conftest.cpp: In function 'int main()':
conftest.cpp:80:19: error: expected primary-expression before ')' token
 if (sizeof ((pid_t)))
                   ^
configure:5728: $? = 1
configure: failed program was:
| /* confdefs.h */
| #define PACKAGE_NAME "noad"
| #define PACKAGE_TARNAME "noad"
| #define PACKAGE_VERSION "0.8.5"
| #define PACKAGE_STRING "noad 0.8.5"
| #define PACKAGE_BUGREPORT "theNoad@ulmail.net"
| #define PACKAGE_URL ""
| #define PACKAGE "noad"
| #define VERSION "0.8.5"
| #define _GNU_SOURCE 1
| #define FFMPEGDECODING 1
| #define STDC_HEADERS 1
| #define HAVE_SYS_TYPES_H 1
| #define HAVE_SYS_STAT_H 1
| #define HAVE_STDLIB_H 1
| #define HAVE_STRING_H 1
| #define HAVE_MEMORY_H 1
| #define HAVE_STRINGS_H 1
| #define HAVE_INTTYPES_H 1
| #define HAVE_STDINT_H 1
| #define HAVE_UNISTD_H 1
| #define __EXTENSIONS__ 1
| #define _ALL_SOURCE 1
| #define _GNU_SOURCE 1
| #define _POSIX_PTHREAD_SEMANTICS 1
| #define _TANDEM_SOURCE 1
| #define HAVE_DIRENT_H 1
| #define STDC_HEADERS 1
| #define HAVE_SYS_WAIT_H 1
| #define HAVE_ARPA_INET_H 1
| #define HAVE_FCNTL_H 1
| #define HAVE_INTTYPES_H 1
| #define HAVE_NETINET_IN_H 1
| #define HAVE_STDLIB_H 1
| #define HAVE_STRING_H 1
| #define HAVE_SYS_IOCTL_H 1
| #define HAVE_SYS_SOCKET_H 1
| #define HAVE_SYS_TIME_H 1
| #define HAVE_SYS_VFS_H 1
| #define HAVE_SYSLOG_H 1
| #define HAVE_UNISTD_H 1
| #define HAVE_STDBOOL_H 1
| /* end confdefs.h.  */
| #include <stdio.h>
| #ifdef HAVE_SYS_TYPES_H
| # include <sys/types.h>
| #endif
| #ifdef HAVE_SYS_STAT_H
| # include <sys/stat.h>
| #endif
| #ifdef STDC_HEADERS
| # include <stdlib.h>
| # include <stddef.h>
| #else
| # ifdef HAVE_STDLIB_H
| #  include <stdlib.h>
| # endif
| #endif
| #ifdef HAVE_STRING_H
| # if !defined STDC_HEADERS && defined HAVE_MEMORY_H
| #  include <memory.h>
| # endif
| # include <string.h>
| #endif
| #ifdef HAVE_STRINGS_H
| # include <strings.h>
| #endif
| #ifdef HAVE_INTTYPES_H
| # include <inttypes.h>
| #endif
| #ifdef HAVE_STDINT_H
| # include <stdint.h>
| #endif
| #ifdef HAVE_UNISTD_H
| # include <unistd.h>
| #endif
| int
| main ()
| {
| if (sizeof ((pid_t)))
| 	    return 0;
|   ;
|   return 0;
| }
configure:5728: result: yes
configure:5739: checking for size_t
configure:5739: /usr/bin/ccache  g++ -c -O2 -funroll-loops -fomit-frame-pointer -m32 -march=pentium3 -mmmx -msse -mfpmath=sse -Wall -Woverloaded-virtual -D__STDC_CONSTANT_MACROS  -D_GNU_SOURCE conftest.cpp >&5
configure:5739: $? = 0
configure:5739: /usr/bin/ccache  g++ -c -O2 -funroll-loops -fomit-frame-pointer -m32 -march=pentium3 -mmmx -msse -mfpmath=sse -Wall -Woverloaded-virtual -D__STDC_CONSTANT_MACROS  -D_GNU_SOURCE conftest.cpp >&5
conftest.cpp: In function 'int main()':
conftest.cpp:80:20: error: expected primary-expression before ')' token
 if (sizeof ((size_t)))
                    ^
configure:5739: $? = 1
configure: failed program was:
| /* confdefs.h */
| #define PACKAGE_NAME "noad"
| #define PACKAGE_TARNAME "noad"
| #define PACKAGE_VERSION "0.8.5"
| #define PACKAGE_STRING "noad 0.8.5"
| #define PACKAGE_BUGREPORT "theNoad@ulmail.net"
| #define PACKAGE_URL ""
| #define PACKAGE "noad"
| #define VERSION "0.8.5"
| #define _GNU_SOURCE 1
| #define FFMPEGDECODING 1
| #define STDC_HEADERS 1
| #define HAVE_SYS_TYPES_H 1
| #define HAVE_SYS_STAT_H 1
| #define HAVE_STDLIB_H 1
| #define HAVE_STRING_H 1
| #define HAVE_MEMORY_H 1
| #define HAVE_STRINGS_H 1
| #define HAVE_INTTYPES_H 1
| #define HAVE_STDINT_H 1
| #define HAVE_UNISTD_H 1
| #define __EXTENSIONS__ 1
| #define _ALL_SOURCE 1
| #define _GNU_SOURCE 1
| #define _POSIX_PTHREAD_SEMANTICS 1
| #define _TANDEM_SOURCE 1
| #define HAVE_DIRENT_H 1
| #define STDC_HEADERS 1
| #define HAVE_SYS_WAIT_H 1
| #define HAVE_ARPA_INET_H 1
| #define HAVE_FCNTL_H 1
| #define HAVE_INTTYPES_H 1
| #define HAVE_NETINET_IN_H 1
| #define HAVE_STDLIB_H 1
| #define HAVE_STRING_H 1
| #define HAVE_SYS_IOCTL_H 1
| #define HAVE_SYS_SOCKET_H 1
| #define HAVE_SYS_TIME_H 1
| #define HAVE_SYS_VFS_H 1
| #define HAVE_SYSLOG_H 1
| #define HAVE_UNISTD_H 1
| #define HAVE_STDBOOL_H 1
| /* end confdefs.h.  */
| #include <stdio.h>
| #ifdef HAVE_SYS_TYPES_H
| # include <sys/types.h>
| #endif
| #ifdef HAVE_SYS_STAT_H
| # include <sys/stat.h>
| #endif
| #ifdef STDC_HEADERS
| # include <stdlib.h>
| # include <stddef.h>
| #else
| # ifdef HAVE_STDLIB_H
| #  include <stdlib.h>
| # endif
| #endif
| #ifdef HAVE_STRING_H
| # if !defined STDC_HEADERS && defined HAVE_MEMORY_H
| #  include <memory.h>
| # endif
| # include <string.h>
| #endif
| #ifdef HAVE_STRINGS_H
| # include <strings.h>
| #endif
| #ifdef HAVE_INTTYPES_H
| # include <inttypes.h>
| #endif
| #ifdef HAVE_STDINT_H
| # include <stdint.h>
| #endif
| #ifdef HAVE_UNISTD_H
| # include <unistd.h>
| #endif
| int
| main ()
| {
| if (sizeof ((size_t)))
| 	    return 0;
|   ;
|   return 0;
| }
configure:5739: result: yes
configure:5750: checking whether time.h and sys/time.h may both be included
configure:5770: /usr/bin/ccache  g++ -c -O2 -funroll-loops -fomit-frame-pointer -m32 -march=pentium3 -mmmx -msse -mfpmath=sse -Wall -Woverloaded-virtual -D__STDC_CONSTANT_MACROS  -D_GNU_SOURCE conftest.cpp >&5
configure:5770: $? = 0
configure:5777: result: yes
configure:5785: checking whether struct tm is in sys/time.h or time.h
configure:5805: /usr/bin/ccache  g++ -c -O2 -funroll-loops -fomit-frame-pointer -m32 -march=pentium3 -mmmx -msse -mfpmath=sse -Wall -Woverloaded-virtual -D__STDC_CONSTANT_MACROS  -D_GNU_SOURCE conftest.cpp >&5
configure:5805: $? = 0
configure:5812: result: time.h
configure:5822: checking whether closedir returns void
configure:5846: /usr/bin/ccache  g++ -o conftest -O2 -funroll-loops -fomit-frame-pointer -m32 -march=pentium3 -mmmx -msse -mfpmath=sse -Wall -Woverloaded-virtual -D__STDC_CONSTANT_MACROS  -D_GNU_SOURCE  conftest.cpp  >&5
configure:5846: $? = 0
configure:5846: ./conftest
configure:5846: $? = 0
configure:5856: result: no
configure:5869: checking sys/select.h usability
configure:5869: /usr/bin/ccache  g++ -c -O2 -funroll-loops -fomit-frame-pointer -m32 -march=pentium3 -mmmx -msse -mfpmath=sse -Wall -Woverloaded-virtual -D__STDC_CONSTANT_MACROS  -D_GNU_SOURCE conftest.cpp >&5
configure:5869: $? = 0
configure:5869: result: yes
configure:5869: checking sys/select.h presence
configure:5869: /usr/bin/ccache  g++ -E -D__STDC_CONSTANT_MACROS  -D_GNU_SOURCE conftest.cpp
configure:5869: $? = 0
configure:5869: result: yes
configure:5869: checking for sys/select.h
configure:5869: result: yes
configure:5869: checking for sys/socket.h
configure:5869: result: yes
configure:5879: checking types of arguments for select
configure:5907: /usr/bin/ccache  g++ -c -O2 -funroll-loops -fomit-frame-pointer -m32 -march=pentium3 -mmmx -msse -mfpmath=sse -Wall -Woverloaded-virtual -D__STDC_CONSTANT_MACROS  -D_GNU_SOURCE conftest.cpp >&5
configure:5907: $? = 0
configure:5918: result: int,fd_set *,struct timeval *
configure:5941: checking whether lstat correctly handles trailing slash
configure:5967: /usr/bin/ccache  g++ -o conftest -O2 -funroll-loops -fomit-frame-pointer -m32 -march=pentium3 -mmmx -msse -mfpmath=sse -Wall -Woverloaded-virtual -D__STDC_CONSTANT_MACROS  -D_GNU_SOURCE  conftest.cpp  >&5
configure:5967: $? = 0
configure:5967: ./conftest
configure:5967: $? = 0
configure:5984: result: yes
configure:6003: checking whether stat accepts an empty string
configure:6023: /usr/bin/ccache  g++ -o conftest -O2 -funroll-loops -fomit-frame-pointer -m32 -march=pentium3 -mmmx -msse -mfpmath=sse -Wall -Woverloaded-virtual -D__STDC_CONSTANT_MACROS  -D_GNU_SOURCE  conftest.cpp  >&5
configure:6023: $? = 0
configure:6023: ./conftest
configure:6023: $? = 0
configure:6033: result: no
configure:6051: checking for strftime
configure:6051: /usr/bin/ccache  g++ -o conftest -O2 -funroll-loops -fomit-frame-pointer -m32 -march=pentium3 -mmmx -msse -mfpmath=sse -Wall -Woverloaded-virtual -D__STDC_CONSTANT_MACROS  -D_GNU_SOURCE  conftest.cpp  >&5
configure:6051: $? = 0
configure:6051: result: yes
configure:6107: checking for gettimeofday
configure:6107: /usr/bin/ccache  g++ -o conftest -O2 -funroll-loops -fomit-frame-pointer -m32 -march=pentium3 -mmmx -msse -mfpmath=sse -Wall -Woverloaded-virtual -D__STDC_CONSTANT_MACROS  -D_GNU_SOURCE  conftest.cpp  >&5
configure:6107: $? = 0
configure:6107: result: yes
configure:6107: checking for localtime_r
configure:6107: /usr/bin/ccache  g++ -o conftest -O2 -funroll-loops -fomit-frame-pointer -m32 -march=pentium3 -mmmx -msse -mfpmath=sse -Wall -Woverloaded-virtual -D__STDC_CONSTANT_MACROS  -D_GNU_SOURCE  conftest.cpp  >&5
configure:6107: $? = 0
configure:6107: result: yes
configure:6107: checking for memmove
configure:6107: /usr/bin/ccache  g++ -o conftest -O2 -funroll-loops -fomit-frame-pointer -m32 -march=pentium3 -mmmx -msse -mfpmath=sse -Wall -Woverloaded-virtual -D__STDC_CONSTANT_MACROS  -D_GNU_SOURCE  conftest.cpp  >&5
configure:6107: $? = 0
configure:6107: result: yes
configure:6107: checking for memset
configure:6107: /usr/bin/ccache  g++ -o conftest -O2 -funroll-loops -fomit-frame-pointer -m32 -march=pentium3 -mmmx -msse -mfpmath=sse -Wall -Woverloaded-virtual -D__STDC_CONSTANT_MACROS  -D_GNU_SOURCE  conftest.cpp  >&5
configure:6107: $? = 0
configure:6107: result: yes
configure:6107: checking for mkdir
configure:6107: /usr/bin/ccache  g++ -o conftest -O2 -funroll-loops -fomit-frame-pointer -m32 -march=pentium3 -mmmx -msse -mfpmath=sse -Wall -Woverloaded-virtual -D__STDC_CONSTANT_MACROS  -D_GNU_SOURCE  conftest.cpp  >&5
configure:6107: $? = 0
configure:6107: result: yes
configure:6107: checking for select
configure:6107: /usr/bin/ccache  g++ -o conftest -O2 -funroll-loops -fomit-frame-pointer -m32 -march=pentium3 -mmmx -msse -mfpmath=sse -Wall -Woverloaded-virtual -D__STDC_CONSTANT_MACROS  -D_GNU_SOURCE  conftest.cpp  >&5
configure:6107: $? = 0
configure:6107: result: yes
configure:6107: checking for socket
configure:6107: /usr/bin/ccache  g++ -o conftest -O2 -funroll-loops -fomit-frame-pointer -m32 -march=pentium3 -mmmx -msse -mfpmath=sse -Wall -Woverloaded-virtual -D__STDC_CONSTANT_MACROS  -D_GNU_SOURCE  conftest.cpp  >&5
configure:6107: $? = 0
configure:6107: result: yes
configure:6107: checking for strchr
configure:6107: /usr/bin/ccache  g++ -o conftest -O2 -funroll-loops -fomit-frame-pointer -m32 -march=pentium3 -mmmx -msse -mfpmath=sse -Wall -Woverloaded-virtual -D__STDC_CONSTANT_MACROS  -D_GNU_SOURCE  conftest.cpp  >&5
configure:6107: $? = 0
configure:6107: result: yes
configure:6107: checking for strdup
configure:6107: /usr/bin/ccache  g++ -o conftest -O2 -funroll-loops -fomit-frame-pointer -m32 -march=pentium3 -mmmx -msse -mfpmath=sse -Wall -Woverloaded-virtual -D__STDC_CONSTANT_MACROS  -D_GNU_SOURCE  conftest.cpp  >&5
configure:6107: $? = 0
configure:6107: result: yes
configure:6107: checking for strerror
configure:6107: /usr/bin/ccache  g++ -o conftest -O2 -funroll-loops -fomit-frame-pointer -m32 -march=pentium3 -mmmx -msse -mfpmath=sse -Wall -Woverloaded-virtual -D__STDC_CONSTANT_MACROS  -D_GNU_SOURCE  conftest.cpp  >&5
configure:6107: $? = 0
configure:6107: result: yes
configure:6107: checking for strrchr
configure:6107: /usr/bin/ccache  g++ -o conftest -O2 -funroll-loops -fomit-frame-pointer -m32 -march=pentium3 -mmmx -msse -mfpmath=sse -Wall -Woverloaded-virtual -D__STDC_CONSTANT_MACROS  -D_GNU_SOURCE  conftest.cpp  >&5
configure:6107: $? = 0
configure:6107: result: yes
configure:6107: checking for strstr
configure:6107: /usr/bin/ccache  g++ -o conftest -O2 -funroll-loops -fomit-frame-pointer -m32 -march=pentium3 -mmmx -msse -mfpmath=sse -Wall -Woverloaded-virtual -D__STDC_CONSTANT_MACROS  -D_GNU_SOURCE  conftest.cpp  >&5
configure:6107: $? = 0
configure:6107: result: yes
configure:6118: checking for strsignal
configure:6118: /usr/bin/ccache  g++ -o conftest -O2 -funroll-loops -fomit-frame-pointer -m32 -march=pentium3 -mmmx -msse -mfpmath=sse -Wall -Woverloaded-virtual -D__STDC_CONSTANT_MACROS  -D_GNU_SOURCE  conftest.cpp  >&5
configure:6118: $? = 0
configure:6118: result: yes
configure:6129: checking whether posix_fadvise is declared
configure:6129: /usr/bin/ccache  g++ -c -O2 -funroll-loops -fomit-frame-pointer -m32 -march=pentium3 -mmmx -msse -mfpmath=sse -Wall -Woverloaded-virtual -D__STDC_CONSTANT_MACROS  -D_GNU_SOURCE conftest.cpp >&5
configure:6129: $? = 0
configure:6129: result: yes
configure:6144: checking for posix_fadvise
configure:6144: /usr/bin/ccache  g++ -o conftest -O2 -funroll-loops -fomit-frame-pointer -m32 -march=pentium3 -mmmx -msse -mfpmath=sse -Wall -Woverloaded-virtual -D__STDC_CONSTANT_MACROS  -D_GNU_SOURCE  conftest.cpp  >&5
configure:6144: $? = 0
configure:6144: result: yes
configure:6171: checking for LIBMPEG2
configure:6178: $PKG_CONFIG --exists --print-errors "libmpeg2 >= 0.3.1"
configure:6181: $? = 0
configure:6195: $PKG_CONFIG --exists --print-errors "libmpeg2 >= 0.3.1"
configure:6198: $? = 0
configure:6236: result: yes
configure:6242: found libmpeg2 Version 0.5.1
configure:6246: LIBMPEG2_LIBS=-lmpeg2
configure:6284: checking for FFMPEG
configure:6291: $PKG_CONFIG --exists --print-errors "libavutil libavformat libavcodec >= 52.0.0"
configure:6294: $? = 0
configure:6308: $PKG_CONFIG --exists --print-errors "libavutil libavformat libavcodec >= 52.0.0"
configure:6311: $? = 0
configure:6349: result: yes
configure:6355: found libavcodec Version 56.60.100
configure:6362: checking for AVIOContext.read_packet
configure:6362: /usr/bin/ccache  g++ -c -I/usr/include/i386-linux-gnu -O2 -funroll-loops -fomit-frame-pointer -m32 -march=pentium3 -mmmx -msse -mfpmath=sse -Wall -Woverloaded-virtual  -D__STDC_CONSTANT_MACROS  -D_GNU_SOURCE -DUSE_LIBMPGE2 -I/usr/include/mpeg2dec conftest.cpp >&5
configure:6362: $? = 0
configure:6362: result: yes
configure:6385: checking for AVFrame.width
configure:6385: /usr/bin/ccache  g++ -c -DUSE_FFMPEG -I/usr/include/i386-linux-gnu -O2 -funroll-loops -fomit-frame-pointer -m32 -march=pentium3 -mmmx -msse -mfpmath=sse -Wall -Woverloaded-virtual -DUSE_AVIOCONTEXT  -D__STDC_CONSTANT_MACROS  -D_GNU_SOURCE -DUSE_LIBMPGE2 -I/usr/include/mpeg2dec conftest.cpp >&5
configure:6385: $? = 0
configure:6385: result: yes
configure:6662: checking that generated files are newer than configure
configure:6668: result: done
configure:6695: creating ./config.status

## ---------------------- ##
## Running config.status. ##
## ---------------------- ##

This file was extended by noad config.status 0.8.5, which was
generated by GNU Autoconf 2.69.  Invocation command line was

  CONFIG_FILES    = 
  CONFIG_HEADERS  = 
  CONFIG_LINKS    = 
  CONFIG_COMMANDS = 
  $ ./config.status 

on ReelBox61

config.status:927: creating Makefile
config.status:927: creating config.h
config.status:1156: executing depfiles commands

## ---------------- ##
## Cache variables. ##
## ---------------- ##

ac_cv_c_compiler_gnu=yes
ac_cv_c_const=yes
ac_cv_c_inline=inline
ac_cv_cxx_compiler_gnu=yes
ac_cv_env_CCC_set=
ac_cv_env_CCC_value=
ac_cv_env_CC_set=set
ac_cv_env_CC_value='/usr/bin/ccache  gcc'
ac_cv_env_CFLAGS_set=set
ac_cv_env_CFLAGS_value='-O2 -funroll-loops -fomit-frame-pointer -m32 -march=pentium3 -mmmx -msse -mfpmath=sse -Wall -Wstrict-prototypes'
ac_cv_env_CPPFLAGS_set=
ac_cv_env_CPPFLAGS_value=
ac_cv_env_CXXCPP_set=
ac_cv_env_CXXCPP_value=
ac_cv_env_CXXFLAGS_set=set
ac_cv_env_CXXFLAGS_value='-O2 -funroll-loops -fomit-frame-pointer -m32 -march=pentium3 -mmmx -msse -mfpmath=sse -Wall -Woverloaded-virtual'
ac_cv_env_CXX_set=set
ac_cv_env_CXX_value='/usr/bin/ccache  g++'
ac_cv_env_FFMPEG_CFLAGS_set=
ac_cv_env_FFMPEG_CFLAGS_value=
ac_cv_env_FFMPEG_LIBS_set=
ac_cv_env_FFMPEG_LIBS_value=
ac_cv_env_IMAGEMAGICK_CFLAGS_set=
ac_cv_env_IMAGEMAGICK_CFLAGS_value=
ac_cv_env_IMAGEMAGICK_LIBS_set=
ac_cv_env_IMAGEMAGICK_LIBS_value=
ac_cv_env_LDFLAGS_set=
ac_cv_env_LDFLAGS_value=
ac_cv_env_LIBMPEG2_CFLAGS_set=
ac_cv_env_LIBMPEG2_CFLAGS_value=
ac_cv_env_LIBMPEG2_LIBS_set=
ac_cv_env_LIBMPEG2_LIBS_value=
ac_cv_env_LIBS_set=
ac_cv_env_LIBS_value=
ac_cv_env_PKG_CONFIG_LIBDIR_set=
ac_cv_env_PKG_CONFIG_LIBDIR_value=
ac_cv_env_PKG_CONFIG_PATH_set=
ac_cv_env_PKG_CONFIG_PATH_value=
ac_cv_env_PKG_CONFIG_set=
ac_cv_env_PKG_CONFIG_value=
ac_cv_env_build_alias_set=
ac_cv_env_build_alias_value=
ac_cv_env_host_alias_set=
ac_cv_env_host_alias_value=
ac_cv_env_target_alias_set=
ac_cv_env_target_alias_value=
ac_cv_func_closedir_void=no
ac_cv_func_gettimeofday=yes
ac_cv_func_localtime_r=yes
ac_cv_func_lstat_dereferences_slashed_symlink=yes
ac_cv_func_memmove=yes
ac_cv_func_memset=yes
ac_cv_func_mkdir=yes
ac_cv_func_posix_fadvise=yes
ac_cv_func_select=yes
ac_cv_func_select_args='int,fd_set *,struct timeval *'
ac_cv_func_socket=yes
ac_cv_func_stat_empty_string_bug=no
ac_cv_func_strchr=yes
ac_cv_func_strdup=yes
ac_cv_func_strerror=yes
ac_cv_func_strftime=yes
ac_cv_func_strrchr=yes
ac_cv_func_strsignal=yes
ac_cv_func_strstr=yes
ac_cv_have_decl_posix_fadvise=yes
ac_cv_header_arpa_inet_h=yes
ac_cv_header_dirent_dirent_h=yes
ac_cv_header_fcntl_h=yes
ac_cv_header_inttypes_h=yes
ac_cv_header_memory_h=yes
ac_cv_header_minix_config_h=no
ac_cv_header_netinet_in_h=yes
ac_cv_header_stdbool_h=yes
ac_cv_header_stdc=yes
ac_cv_header_stdint_h=yes
ac_cv_header_stdlib_h=yes
ac_cv_header_string_h=yes
ac_cv_header_strings_h=yes
ac_cv_header_sys_ioctl_h=yes
ac_cv_header_sys_select_h=yes
ac_cv_header_sys_socket_h=yes
ac_cv_header_sys_stat_h=yes
ac_cv_header_sys_time_h=yes
ac_cv_header_sys_types_h=yes
ac_cv_header_sys_vfs_h=yes
ac_cv_header_sys_wait_h=yes
ac_cv_header_syslog_h=yes
ac_cv_header_time=yes
ac_cv_header_unistd_h=yes
ac_cv_member_AVFrame_width=yes
ac_cv_member_AVIOContext_read_packet=yes
ac_cv_objext=o
ac_cv_path_EGREP='/bin//grep -E'
ac_cv_path_GREP=/bin//grep
ac_cv_path_ac_pt_PKG_CONFIG=/usr/bin/pkg-config
ac_cv_path_install='/usr/bin/install -c'
ac_cv_path_mkdir=/bin//mkdir
ac_cv_prog_AWK=gawk
ac_cv_prog_CXXCPP='/usr/bin/ccache  g++ -E'
ac_cv_prog_ac_ct_CC='/usr/bin/ccache  gcc'
ac_cv_prog_ac_ct_RANLIB=ranlib
ac_cv_prog_cc_c89=
ac_cv_prog_cc_g=yes
ac_cv_prog_cxx_g=yes
ac_cv_prog_make_make_set=yes
ac_cv_safe_to_define___extensions__=yes
ac_cv_search_opendir='none required'
ac_cv_struct_tm=time.h
ac_cv_type__Bool=no
ac_cv_type_mode_t=yes
ac_cv_type_pid_t=yes
ac_cv_type_size_t=yes
am_cv_CC_dependencies_compiler_type=gcc3
am_cv_CXX_dependencies_compiler_type=gcc3
am_cv_make_support_nested_variables=yes
am_cv_prog_cc_c_o=yes
pkg_cv_FFMPEG_CFLAGS=-I/usr/include/i386-linux-gnu
pkg_cv_FFMPEG_LIBS='-lavutil-ffmpeg -lavformat-ffmpeg -lavcodec-ffmpeg'
pkg_cv_LIBMPEG2_CFLAGS=-I/usr/include/mpeg2dec
pkg_cv_LIBMPEG2_LIBS=-lmpeg2

## ----------------- ##
## Output variables. ##
## ----------------- ##

ACLOCAL='aclocal-1.15'
AMDEPBACKSLASH='\'
AMDEP_FALSE='#'
AMDEP_TRUE=''
AMTAR='$${TAR-tar}'
AM_BACKSLASH='\'
AM_DEFAULT_V='$(AM_DEFAULT_VERBOSITY)'
AM_DEFAULT_VERBOSITY='0'
AM_V='$(V)'
AUTOCONF='autoconf'
AUTOHEADER='autoheader'
AUTOMAKE='automake-1.15'
AWK='gawk'
CC='/usr/bin/ccache  gcc'
CCDEPMODE='depmode=gcc3'
CFLAGS='-O2 -funroll-loops -fomit-frame-pointer -m32 -march=pentium3 -mmmx -msse -mfpmath=sse -Wall -Wstrict-prototypes -DFFMPEGDECODING'
CPPFLAGS='-DUSE_AVIOCONTEXT  -D__STDC_CONSTANT_MACROS  -D_GNU_SOURCE -DUSE_LIBMPGE2 -I/usr/include/mpeg2dec -DFFMPEGDECODING '
CXX='/usr/bin/ccache  g++'
CXXCPP='/usr/bin/ccache  g++ -E'
CXXDEPMODE='depmode=gcc3'
CXXFLAGS='-DUSE_FFMPEG -I/usr/include/i386-linux-gnu -O2 -funroll-loops -fomit-frame-pointer -m32 -march=pentium3 -mmmx -msse -mfpmath=sse -Wall -Woverloaded-virtual'
CYGPATH_W='echo'
DEFS='-DHAVE_CONFIG_H'
DEPDIR='.deps'
ECHO_C=''
ECHO_N='-n'
ECHO_T=''
EGREP='/bin//grep -E'
EXEEXT=''
FFMPEG_CFLAGS='-I/usr/include/i386-linux-gnu'
FFMPEG_LIBS='-lavutil-ffmpeg -lavformat-ffmpeg -lavcodec-ffmpeg'
GREP='/bin//grep'
HAVE_LIBMPEG2='1'
IMAGEMAGICK_CFLAGS=''
IMAGEMAGICK_LIBS=''
INSTALL_DATA='${INSTALL} -m 644'
INSTALL_PROGRAM='${INSTALL}'
INSTALL_SCRIPT='${INSTALL}'
INSTALL_STRIP_PROGRAM='$(install_sh) -c -s'
LDFLAGS=' -rdynamic'
LIBMPEG2_CFLAGS='-I/usr/include/mpeg2dec'
LIBMPEG2_LIBS='-lmpeg2'
LIBMPEGX='-lmpeg2'
LIBOBJS=''
LIBS=' -lmpeg2  -lavutil-ffmpeg -lavformat-ffmpeg -lavcodec-ffmpeg'
LTLIBOBJS=''
MAKEINFO='makeinfo'
MKDIR_P='/bin//mkdir -p'
OBJEXT='o'
PACKAGE='noad'
PACKAGE_BUGREPORT='theNoad@ulmail.net'
PACKAGE_NAME='noad'
PACKAGE_STRING='noad 0.8.5'
PACKAGE_TARNAME='noad'
PACKAGE_URL=''
PACKAGE_VERSION='0.8.5'
PATH_SEPARATOR=':'
PICSRC=''
PKG_CONFIG='/usr/bin/pkg-config'
PKG_CONFIG_LIBDIR=''
PKG_CONFIG_PATH=''
RANLIB='ranlib'
SET_MAKE=''
SHELL='/bin/bash'
STRIP=''
TOOLSRC=''
VERSION='0.8.5'
ac_ct_CC='/usr/bin/ccache  gcc'
ac_ct_CXX=''
am__EXEEXT_FALSE=''
am__EXEEXT_TRUE='#'
am__fastdepCC_FALSE='#'
am__fastdepCC_TRUE=''
am__fastdepCXX_FALSE='#'
am__fastdepCXX_TRUE=''
am__include='include'
am__isrc=''
am__leading_dot='.'
am__nodep='_no'
am__quote=''
am__tar='$${TAR-tar} chof - "$$tardir"'
am__untar='$${TAR-tar} xf -'
bindir='${exec_prefix}/bin'
build_alias=''
datadir='${datarootdir}'
datarootdir='${prefix}/share'
decoderok='1'
defprefix='/usr/local'
docdir='${datarootdir}/doc/${PACKAGE_TARNAME}'
dvidir='${docdir}'
exec_prefix='${prefix}'
ffmpegok='1'
host_alias=''
htmldir='${docdir}'
includedir='${prefix}/include'
infodir='${datarootdir}/info'
install_sh='${SHELL} /usr/src/reelbox/testing/src/utils/noad-0.8.5/install-sh'
libdir='${exec_prefix}/lib'
libexecdir='${exec_prefix}/libexec'
libmagickok='0'
libmpeg2ok='1'
localedir='${datarootdir}/locale'
localstatedir='${prefix}/var'
mandir='${datarootdir}/man'
markpiccxxflags=''
markpics_ldadd=''
mkdir_p='$(MKDIR_P)'
oldincludedir='/usr/include'
pdfdir='${docdir}'
prefix='/usr/local'
program_transform_name='s,x,x,'
psdir='${docdir}'
sbindir='${exec_prefix}/sbin'
sharedstatedir='${prefix}/com'
sysconfdir='${prefix}/etc'
target_alias=''

## ----------- ##
## confdefs.h. ##
## ----------- ##

/* confdefs.h */
#define PACKAGE_NAME "noad"
#define PACKAGE_TARNAME "noad"
#define PACKAGE_VERSION "0.8.5"
#define PACKAGE_STRING "noad 0.8.5"
#define PACKAGE_BUGREPORT "theNoad@ulmail.net"
#define PACKAGE_URL ""
#define PACKAGE "noad"
#define VERSION "0.8.5"
#define _GNU_SOURCE 1
#define FFMPEGDECODING 1
#define STDC_HEADERS 1
#define HAVE_SYS_TYPES_H 1
#define HAVE_SYS_STAT_H 1
#define HAVE_STDLIB_H 1
#define HAVE_STRING_H 1
#define HAVE_MEMORY_H 1
#define HAVE_STRINGS_H 1
#define HAVE_INTTYPES_H 1
#define HAVE_STDINT_H 1
#define HAVE_UNISTD_H 1
#define __EXTENSIONS__ 1
#define _ALL_SOURCE 1
#define _GNU_SOURCE 1
#define _POSIX_PTHREAD_SEMANTICS 1
#define _TANDEM_SOURCE 1
#define HAVE_DIRENT_H 1
#define STDC_HEADERS 1
#define HAVE_SYS_WAIT_H 1
#define HAVE_ARPA_INET_H 1
#define HAVE_FCNTL_H 1
#define HAVE_INTTYPES_H 1
#define HAVE_NETINET_IN_H 1
#define HAVE_STDLIB_H 1
#define HAVE_STRING_H 1
#define HAVE_SYS_IOCTL_H 1
#define HAVE_SYS_SOCKET_H 1
#define HAVE_SYS_TIME_H 1
#define HAVE_SYS_VFS_H 1
#define HAVE_SYSLOG_H 1
#define HAVE_UNISTD_H 1
#define HAVE_STDBOOL_H 1
#define TIME_WITH_SYS_TIME 1
#define HAVE_SYS_SELECT_H 1
#define HAVE_SYS_SOCKET_H 1
#define SELECT_TYPE_ARG1 int
#define SELECT_TYPE_ARG234 (fd_set *)
#define SELECT_TYPE_ARG5 (struct timeval *)
#define LSTAT_FOLLOWS_SLASHED_SYMLINK 1
#define HAVE_STRFTIME 1
#define HAVE_GETTIMEOFDAY 1
#define HAVE_LOCALTIME_R 1
#define HAVE_MEMMOVE 1
#define HAVE_MEMSET 1
#define HAVE_MKDIR 1
#define HAVE_SELECT 1
#define HAVE_SOCKET 1
#define HAVE_STRCHR 1
#define HAVE_STRDUP 1
#define HAVE_STRERROR 1
#define HAVE_STRRCHR 1
#define HAVE_STRSTR 1
#define HAVE_STRSIGNAL 1
#define HAVE_DECL_POSIX_FADVISE 1
#define HAVE_POSIX_FADVISE 1
#define HAVE_LIBAVCODEC 1

configure: exit 0
