This file contains any messages produced by compilers while
running configure, to aid debugging if configure makes a mistake.

It was created by gphoto filesystem configure 0.4.0, which was
generated by GNU Autoconf 2.61.  Invocation command line was

  $ /usr/src/reelbox/testing/packages/gphotofs/gphotofs-0.4.0/./configure --build=i686-linux-gnu --prefix=/usr --includedir=${prefix}/include --mandir=${prefix}/share/man --infodir=${prefix}/share/info --sysconfdir=/etc --localstatedir=/var --libexecdir=${prefix}/lib/gphotofs --srcdir=. --disable-maintainer-mode --disable-dependency-tracking --disable-silent-rules

## --------- ##
## Platform. ##
## --------- ##

hostname = ReelBox60
uname -m = i686
uname -r = 3.13.0-66-generic
uname -s = Linux
uname -v = #108-Ubuntu SMP Wed Oct 7 15:21:40 UTC 2015

/usr/bin/uname -p = unknown
/bin/uname -X     = unknown

/bin/arch              = unknown
/usr/bin/arch -k       = unknown
/usr/convex/getsysinfo = unknown
/usr/bin/hostinfo      = unknown
/bin/machine           = unknown
/usr/bin/oslevel       = unknown
/bin/universe          = unknown

PATH: /sbin
PATH: /bin/
PATH: /usr/bin
PATH: /usr/sbin


## ----------- ##
## Core tests. ##
## ----------- ##

configure:2029: checking for a BSD-compatible install
configure:2085: result: /usr/bin/install -c
configure:2096: checking whether build environment is sane
configure:2139: result: yes
configure:2204: checking for gawk
configure:2220: found /usr/bin/gawk
configure:2231: result: gawk
configure:2242: checking whether make sets $(MAKE)
configure:2263: result: yes
configure:2485: checking for POSIX sh $() command substitution
configure:2489: result: yes
configure:2575: checking for gcc
configure:2591: found /usr/bin/gcc
configure:2602: result: gcc
configure:2840: checking for C compiler version
configure:2847: gcc --version >&5
gcc (Ubuntu 4.8.4-2ubuntu1~14.04) 4.8.4
Copyright (C) 2013 Free Software Foundation, Inc.
This is free software; see the source for copying conditions.  There is NO
warranty; not even for MERCHANTABILITY or FITNESS FOR A PARTICULAR PURPOSE.

configure:2850: $? = 0
configure:2857: gcc -v >&5
Using built-in specs.
COLLECT_GCC=gcc
COLLECT_LTO_WRAPPER=/usr/lib/gcc/i686-linux-gnu/4.8/lto-wrapper
Target: i686-linux-gnu
Configured with: ../src/configure -v --with-pkgversion='Ubuntu 4.8.4-2ubuntu1~14.04' --with-bugurl=file:///usr/share/doc/gcc-4.8/README.Bugs --enable-languages=c,c++,java,go,d,fortran,objc,obj-c++ --prefix=/usr --program-suffix=-4.8 --enable-shared --enable-linker-build-id --libexecdir=/usr/lib --without-included-gettext --enable-threads=posix --with-gxx-include-dir=/usr/include/c++/4.8 --libdir=/usr/lib --enable-nls --with-sysroot=/ --enable-clocale=gnu --enable-libstdcxx-debug --enable-libstdcxx-time=yes --enable-gnu-unique-object --disable-libmudflap --enable-plugin --with-system-zlib --disable-browser-plugin --enable-java-awt=gtk --enable-gtk-cairo --with-java-home=/usr/lib/jvm/java-1.5.0-gcj-4.8-i386/jre --enable-java-home --with-jvm-root-dir=/usr/lib/jvm/java-1.5.0-gcj-4.8-i386 --with-jvm-jar-dir=/usr/lib/jvm-exports/java-1.5.0-gcj-4.8-i386 --with-arch-directory=i386 --with-ecj-jar=/usr/share/java/eclipse-ecj.jar --enable-objc-gc --enable-targets=all --enable-multiarch --disable-werror --with-arch-32=i686 --with-multilib-list=m32,m64,mx32 --with-tune=generic --enable-checking=release --build=i686-linux-gnu --host=i686-linux-gnu --target=i686-linux-gnu
Thread model: posix
gcc version 4.8.4 (Ubuntu 4.8.4-2ubuntu1~14.04) 
configure:2860: $? = 0
configure:2867: gcc -V >&5
gcc: error: unrecognized command line option '-V'
gcc: fatal error: no input files
compilation terminated.
configure:2870: $? = 4
configure:2893: checking for C compiler default output file name
configure:2920: gcc -g -O2 -fstack-protector --param=ssp-buffer-size=4 -Wformat -Werror=format-security -Wall -D_FORTIFY_SOURCE=2 -Wl,-Bsymbolic-functions -Wl,-z,relro conftest.c  >&5
configure:2923: $? = 0
configure:2961: result: a.out
configure:2978: checking whether the C compiler works
configure:2988: ./a.out
configure:2991: $? = 0
configure:3008: result: yes
configure:3015: checking whether we are cross compiling
configure:3017: result: no
configure:3020: checking for suffix of executables
configure:3027: gcc -o conftest -g -O2 -fstack-protector --param=ssp-buffer-size=4 -Wformat -Werror=format-security -Wall -D_FORTIFY_SOURCE=2 -Wl,-Bsymbolic-functions -Wl,-z,relro conftest.c  >&5
configure:3030: $? = 0
configure:3054: result: 
configure:3060: checking for suffix of object files
configure:3086: gcc -c -g -O2 -fstack-protector --param=ssp-buffer-size=4 -Wformat -Werror=format-security -Wall -D_FORTIFY_SOURCE=2 conftest.c >&5
configure:3089: $? = 0
configure:3112: result: o
configure:3116: checking whether we are using the GNU C compiler
configure:3145: gcc -c -g -O2 -fstack-protector --param=ssp-buffer-size=4 -Wformat -Werror=format-security -Wall -D_FORTIFY_SOURCE=2 conftest.c >&5
configure:3151: $? = 0
configure:3168: result: yes
configure:3173: checking whether gcc accepts -g
configure:3203: gcc -c -g -D_FORTIFY_SOURCE=2 conftest.c >&5
configure:3209: $? = 0
configure:3308: result: yes
configure:3325: checking for gcc option to accept ISO C89
configure:3399: gcc  -c -g -O2 -fstack-protector --param=ssp-buffer-size=4 -Wformat -Werror=format-security -Wall -D_FORTIFY_SOURCE=2 conftest.c >&5
configure:3405: $? = 0
configure:3428: result: none needed
configure:3457: checking for style of include used by make
configure:3485: result: GNU
configure:3513: checking dependency style of gcc
configure:3603: result: none
configure:3625: checking how to run the C preprocessor
configure:3665: gcc -E -D_FORTIFY_SOURCE=2 conftest.c
configure:3671: $? = 0
configure:3702: gcc -E -D_FORTIFY_SOURCE=2 conftest.c
conftest.c:10:28: fatal error: ac_nonexistent.h: No such file or directory
 #include <ac_nonexistent.h>
                            ^
compilation terminated.
configure:3708: $? = 1
configure: failed program was:
| /* confdefs.h.  */
| #define PACKAGE_NAME "gphoto filesystem"
| #define PACKAGE_TARNAME "gphotofs"
| #define PACKAGE_VERSION "0.4.0"
| #define PACKAGE_STRING "gphoto filesystem 0.4.0"
| #define PACKAGE_BUGREPORT "gphoto-devel@lists.sourceforge.net"
| #define PACKAGE "gphotofs"
| #define VERSION "0.4.0"
| /* end confdefs.h.  */
| #include <ac_nonexistent.h>
configure:3741: result: gcc -E
configure:3770: gcc -E -D_FORTIFY_SOURCE=2 conftest.c
configure:3776: $? = 0
configure:3807: gcc -E -D_FORTIFY_SOURCE=2 conftest.c
conftest.c:10:28: fatal error: ac_nonexistent.h: No such file or directory
 #include <ac_nonexistent.h>
                            ^
compilation terminated.
configure:3813: $? = 1
configure: failed program was:
| /* confdefs.h.  */
| #define PACKAGE_NAME "gphoto filesystem"
| #define PACKAGE_TARNAME "gphotofs"
| #define PACKAGE_VERSION "0.4.0"
| #define PACKAGE_STRING "gphoto filesystem 0.4.0"
| #define PACKAGE_BUGREPORT "gphoto-devel@lists.sourceforge.net"
| #define PACKAGE "gphotofs"
| #define VERSION "0.4.0"
| /* end confdefs.h.  */
| #include <ac_nonexistent.h>
configure:3928: checking build system type
configure:3946: result: i686-pc-linux-gnu
configure:3968: checking host system type
configure:3983: result: i686-pc-linux-gnu
configure:4005: checking for a sed that does not truncate output
configure:4059: result: /bin//sed
configure:4062: checking for grep that handles long lines and -e
configure:4136: result: /bin//grep
configure:4141: checking for egrep
configure:4219: result: /bin//grep -E
configure:4235: checking for ld used by gcc
configure:4302: result: /usr/bin/ld
configure:4311: checking if the linker (/usr/bin/ld) is GNU ld
configure:4326: result: yes
configure:4331: checking for /usr/bin/ld option to reload object files
configure:4338: result: -r
configure:4356: checking for BSD-compatible nm
configure:4405: result: /usr/bin/nm -B
configure:4409: checking whether ln -s works
configure:4413: result: yes
configure:4420: checking how to recognise dependent libraries
configure:4596: result: pass_all
configure:4826: checking for ANSI C header files
configure:4856: gcc -c -g -O2 -fstack-protector --param=ssp-buffer-size=4 -Wformat -Werror=format-security -Wall -D_FORTIFY_SOURCE=2 conftest.c >&5
configure:4862: $? = 0
configure:4961: gcc -o conftest -g -O2 -fstack-protector --param=ssp-buffer-size=4 -Wformat -Werror=format-security -Wall -D_FORTIFY_SOURCE=2 -Wl,-Bsymbolic-functions -Wl,-z,relro conftest.c  >&5
configure:4964: $? = 0
configure:4970: ./conftest
configure:4973: $? = 0
configure:4990: result: yes
configure:5014: checking for sys/types.h
configure:5035: gcc -c -g -O2 -fstack-protector --param=ssp-buffer-size=4 -Wformat -Werror=format-security -Wall -D_FORTIFY_SOURCE=2 conftest.c >&5
configure:5041: $? = 0
configure:5057: result: yes
configure:5014: checking for sys/stat.h
configure:5035: gcc -c -g -O2 -fstack-protector --param=ssp-buffer-size=4 -Wformat -Werror=format-security -Wall -D_FORTIFY_SOURCE=2 conftest.c >&5
configure:5041: $? = 0
configure:5057: result: yes
configure:5014: checking for stdlib.h
configure:5035: gcc -c -g -O2 -fstack-protector --param=ssp-buffer-size=4 -Wformat -Werror=format-security -Wall -D_FORTIFY_SOURCE=2 conftest.c >&5
configure:5041: $? = 0
configure:5057: result: yes
configure:5014: checking for string.h
configure:5035: gcc -c -g -O2 -fstack-protector --param=ssp-buffer-size=4 -Wformat -Werror=format-security -Wall -D_FORTIFY_SOURCE=2 conftest.c >&5
configure:5041: $? = 0
configure:5057: result: yes
configure:5014: checking for memory.h
configure:5035: gcc -c -g -O2 -fstack-protector --param=ssp-buffer-size=4 -Wformat -Werror=format-security -Wall -D_FORTIFY_SOURCE=2 conftest.c >&5
configure:5041: $? = 0
configure:5057: result: yes
configure:5014: checking for strings.h
configure:5035: gcc -c -g -O2 -fstack-protector --param=ssp-buffer-size=4 -Wformat -Werror=format-security -Wall -D_FORTIFY_SOURCE=2 conftest.c >&5
configure:5041: $? = 0
configure:5057: result: yes
configure:5014: checking for inttypes.h
configure:5035: gcc -c -g -O2 -fstack-protector --param=ssp-buffer-size=4 -Wformat -Werror=format-security -Wall -D_FORTIFY_SOURCE=2 conftest.c >&5
configure:5041: $? = 0
configure:5057: result: yes
configure:5014: checking for stdint.h
configure:5035: gcc -c -g -O2 -fstack-protector --param=ssp-buffer-size=4 -Wformat -Werror=format-security -Wall -D_FORTIFY_SOURCE=2 conftest.c >&5
configure:5041: $? = 0
configure:5057: result: yes
configure:5014: checking for unistd.h
configure:5035: gcc -c -g -O2 -fstack-protector --param=ssp-buffer-size=4 -Wformat -Werror=format-security -Wall -D_FORTIFY_SOURCE=2 conftest.c >&5
configure:5041: $? = 0
configure:5057: result: yes
configure:5084: checking dlfcn.h usability
configure:5101: gcc -c -g -O2 -fstack-protector --param=ssp-buffer-size=4 -Wformat -Werror=format-security -Wall -D_FORTIFY_SOURCE=2 conftest.c >&5
configure:5107: $? = 0
configure:5121: result: yes
configure:5125: checking dlfcn.h presence
configure:5140: gcc -E -D_FORTIFY_SOURCE=2 conftest.c
configure:5146: $? = 0
configure:5160: result: yes
configure:5193: checking for dlfcn.h
configure:5201: result: yes
configure:5272: checking for g++
configure:5288: found /usr/bin/g++
configure:5299: result: g++
configure:5330: checking for C++ compiler version
configure:5337: g++ --version >&5
g++ (Ubuntu 4.8.4-2ubuntu1~14.04) 4.8.4
Copyright (C) 2013 Free Software Foundation, Inc.
This is free software; see the source for copying conditions.  There is NO
warranty; not even for MERCHANTABILITY or FITNESS FOR A PARTICULAR PURPOSE.

configure:5340: $? = 0
configure:5347: g++ -v >&5
Using built-in specs.
COLLECT_GCC=g++
COLLECT_LTO_WRAPPER=/usr/lib/gcc/i686-linux-gnu/4.8/lto-wrapper
Target: i686-linux-gnu
Configured with: ../src/configure -v --with-pkgversion='Ubuntu 4.8.4-2ubuntu1~14.04' --with-bugurl=file:///usr/share/doc/gcc-4.8/README.Bugs --enable-languages=c,c++,java,go,d,fortran,objc,obj-c++ --prefix=/usr --program-suffix=-4.8 --enable-shared --enable-linker-build-id --libexecdir=/usr/lib --without-included-gettext --enable-threads=posix --with-gxx-include-dir=/usr/include/c++/4.8 --libdir=/usr/lib --enable-nls --with-sysroot=/ --enable-clocale=gnu --enable-libstdcxx-debug --enable-libstdcxx-time=yes --enable-gnu-unique-object --disable-libmudflap --enable-plugin --with-system-zlib --disable-browser-plugin --enable-java-awt=gtk --enable-gtk-cairo --with-java-home=/usr/lib/jvm/java-1.5.0-gcj-4.8-i386/jre --enable-java-home --with-jvm-root-dir=/usr/lib/jvm/java-1.5.0-gcj-4.8-i386 --with-jvm-jar-dir=/usr/lib/jvm-exports/java-1.5.0-gcj-4.8-i386 --with-arch-directory=i386 --with-ecj-jar=/usr/share/java/eclipse-ecj.jar --enable-objc-gc --enable-targets=all --enable-multiarch --disable-werror --with-arch-32=i686 --with-multilib-list=m32,m64,mx32 --with-tune=generic --enable-checking=release --build=i686-linux-gnu --host=i686-linux-gnu --target=i686-linux-gnu
Thread model: posix
gcc version 4.8.4 (Ubuntu 4.8.4-2ubuntu1~14.04) 
configure:5350: $? = 0
configure:5357: g++ -V >&5
g++: error: unrecognized command line option '-V'
g++: fatal error: no input files
compilation terminated.
configure:5360: $? = 4
configure:5363: checking whether we are using the GNU C++ compiler
configure:5392: g++ -c -g -O2 -fstack-protector --param=ssp-buffer-size=4 -Wformat -Werror=format-security -Wall -D_FORTIFY_SOURCE=2 conftest.cpp >&5
configure:5398: $? = 0
configure:5415: result: yes
configure:5420: checking whether g++ accepts -g
configure:5450: g++ -c -g -D_FORTIFY_SOURCE=2 conftest.cpp >&5
configure:5456: $? = 0
configure:5555: result: yes
configure:5580: checking dependency style of g++
configure:5670: result: none
configure:5697: checking how to run the C++ preprocessor
configure:5733: g++ -E -D_FORTIFY_SOURCE=2 conftest.cpp
configure:5739: $? = 0
configure:5770: g++ -E -D_FORTIFY_SOURCE=2 conftest.cpp
conftest.cpp:21:28: fatal error: ac_nonexistent.h: No such file or directory
 #include <ac_nonexistent.h>
                            ^
compilation terminated.
configure:5776: $? = 1
configure: failed program was:
| /* confdefs.h.  */
| #define PACKAGE_NAME "gphoto filesystem"
| #define PACKAGE_TARNAME "gphotofs"
| #define PACKAGE_VERSION "0.4.0"
| #define PACKAGE_STRING "gphoto filesystem 0.4.0"
| #define PACKAGE_BUGREPORT "gphoto-devel@lists.sourceforge.net"
| #define PACKAGE "gphotofs"
| #define VERSION "0.4.0"
| #define STDC_HEADERS 1
| #define HAVE_SYS_TYPES_H 1
| #define HAVE_SYS_STAT_H 1
| #define HAVE_STDLIB_H 1
| #define HAVE_STRING_H 1
| #define HAVE_MEMORY_H 1
| #define HAVE_STRINGS_H 1
| #define HAVE_INTTYPES_H 1
| #define HAVE_STDINT_H 1
| #define HAVE_UNISTD_H 1
| #define HAVE_DLFCN_H 1
| /* end confdefs.h.  */
| #include <ac_nonexistent.h>
configure:5809: result: g++ -E
configure:5838: g++ -E -D_FORTIFY_SOURCE=2 conftest.cpp
configure:5844: $? = 0
configure:5875: g++ -E -D_FORTIFY_SOURCE=2 conftest.cpp
conftest.cpp:21:28: fatal error: ac_nonexistent.h: No such file or directory
 #include <ac_nonexistent.h>
                            ^
compilation terminated.
configure:5881: $? = 1
configure: failed program was:
| /* confdefs.h.  */
| #define PACKAGE_NAME "gphoto filesystem"
| #define PACKAGE_TARNAME "gphotofs"
| #define PACKAGE_VERSION "0.4.0"
| #define PACKAGE_STRING "gphoto filesystem 0.4.0"
| #define PACKAGE_BUGREPORT "gphoto-devel@lists.sourceforge.net"
| #define PACKAGE "gphotofs"
| #define VERSION "0.4.0"
| #define STDC_HEADERS 1
| #define HAVE_SYS_TYPES_H 1
| #define HAVE_SYS_STAT_H 1
| #define HAVE_STDLIB_H 1
| #define HAVE_STRING_H 1
| #define HAVE_MEMORY_H 1
| #define HAVE_STRINGS_H 1
| #define HAVE_INTTYPES_H 1
| #define HAVE_STDINT_H 1
| #define HAVE_UNISTD_H 1
| #define HAVE_DLFCN_H 1
| /* end confdefs.h.  */
| #include <ac_nonexistent.h>
configure:5974: checking for g77
configure:6004: result: no
configure:5974: checking for xlf
configure:6004: result: no
configure:5974: checking for f77
configure:6004: result: no
configure:5974: checking for frt
configure:6004: result: no
configure:5974: checking for pgf77
configure:6004: result: no
configure:5974: checking for cf77
configure:6004: result: no
configure:5974: checking for fort77
configure:6004: result: no
configure:5974: checking for fl32
configure:6004: result: no
configure:5974: checking for af77
configure:6004: result: no
configure:5974: checking for xlf90
configure:6004: result: no
configure:5974: checking for f90
configure:6004: result: no
configure:5974: checking for pgf90
configure:6004: result: no
configure:5974: checking for pghpf
configure:6004: result: no
configure:5974: checking for epcf90
configure:6004: result: no
configure:5974: checking for gfortran
configure:6004: result: no
configure:5974: checking for g95
configure:6004: result: no
configure:5974: checking for xlf95
configure:6004: result: no
configure:5974: checking for f95
configure:6004: result: no
configure:5974: checking for fort
configure:6004: result: no
configure:5974: checking for ifort
configure:6004: result: no
configure:5974: checking for ifc
configure:6004: result: no
configure:5974: checking for efc
configure:6004: result: no
configure:5974: checking for pgf95
configure:6004: result: no
configure:5974: checking for lf95
configure:6004: result: no
configure:5974: checking for ftn
configure:6004: result: no
configure:6031: checking for Fortran 77 compiler version
configure:6038:  --version >&5
/usr/src/reelbox/testing/packages/gphotofs/gphotofs-0.4.0/./configure: line 6039: --version: command not found
configure:6041: $? = 127
configure:6048:  -v >&5
/usr/src/reelbox/testing/packages/gphotofs/gphotofs-0.4.0/./configure: line 6049: -v: command not found
configure:6051: $? = 127
configure:6058:  -V >&5
/usr/src/reelbox/testing/packages/gphotofs/gphotofs-0.4.0/./configure: line 6059: -V: command not found
configure:6061: $? = 127
configure:6069: checking whether we are using the GNU Fortran 77 compiler
configure:6088:  -c  conftest.F >&5
/usr/src/reelbox/testing/packages/gphotofs/gphotofs-0.4.0/./configure: line 6089: -c: command not found
configure:6094: $? = 127
configure: failed program was:
|       program main
| #ifndef __GNUC__
|        choke me
| #endif
| 
|       end
configure:6111: result: no
configure:6117: checking whether  accepts -g
configure:6134:  -c -g conftest.f >&5
/usr/src/reelbox/testing/packages/gphotofs/gphotofs-0.4.0/./configure: line 6135: -c: command not found
configure:6140: $? = 127
configure: failed program was:
|       program main
| 
|       end
configure:6156: result: no
configure:6186: checking the maximum length of command line arguments
configure:6295: result: 32768
configure:6306: checking command to parse /usr/bin/nm -B output from gcc object
configure:6411: gcc -c -g -O2 -fstack-protector --param=ssp-buffer-size=4 -Wformat -Werror=format-security -Wall -D_FORTIFY_SOURCE=2 conftest.c >&5
configure:6414: $? = 0
configure:6418: /usr/bin/nm -B conftest.o \| sed -n -e 's/^.*[ 	]\([ABCDGIRSTW][ABCDGIRSTW]*\)[ 	][ 	]*\([_A-Za-z][_A-Za-z0-9]*\)$/\1 \2 \2/p' \> conftest.nm
configure:6421: $? = 0
configure:6473: gcc -o conftest -g -O2 -fstack-protector --param=ssp-buffer-size=4 -Wformat -Werror=format-security -Wall -D_FORTIFY_SOURCE=2 -Wl,-Bsymbolic-functions -Wl,-z,relro conftest.c conftstm.o >&5
configure:6476: $? = 0
configure:6514: result: ok
configure:6518: checking for objdir
configure:6533: result: .libs
configure:6625: checking for ar
configure:6641: found /usr/bin/ar
configure:6652: result: ar
configure:6721: checking for ranlib
configure:6737: found /usr/bin/ranlib
configure:6748: result: ranlib
configure:6817: checking for strip
configure:6833: found /usr/bin/strip
configure:6844: result: strip
configure:7130: checking if gcc supports -fno-rtti -fno-exceptions
configure:7148: gcc -c -g -O2 -fstack-protector --param=ssp-buffer-size=4 -Wformat -Werror=format-security -Wall -D_FORTIFY_SOURCE=2 -fno-rtti -fno-exceptions conftest.c >&5
cc1: warning: command line option '-fno-rtti' is valid for C++/ObjC++ but not for C [enabled by default]
configure:7152: $? = 0
configure:7165: result: no
configure:7180: checking for gcc option to produce PIC
configure:7390: result: -fPIC
configure:7398: checking if gcc PIC flag -fPIC works
configure:7416: gcc -c -g -O2 -fstack-protector --param=ssp-buffer-size=4 -Wformat -Werror=format-security -Wall -D_FORTIFY_SOURCE=2 -fPIC -DPIC conftest.c >&5
configure:7420: $? = 0
configure:7433: result: yes
configure:7461: checking if gcc static flag -static works
configure:7489: result: yes
configure:7499: checking if gcc supports -c -o file.o
configure:7520: gcc -c -g -O2 -fstack-protector --param=ssp-buffer-size=4 -Wformat -Werror=format-security -Wall -D_FORTIFY_SOURCE=2 -o out/conftest2.o conftest.c >&5
configure:7524: $? = 0
configure:7546: result: yes
configure:7572: checking whether the gcc linker (/usr/bin/ld) supports shared libraries
configure:8527: result: yes
configure:8548: checking whether -lc should be explicitly linked in
configure:8553: gcc -c -g -O2 -fstack-protector --param=ssp-buffer-size=4 -Wformat -Werror=format-security -Wall -D_FORTIFY_SOURCE=2 conftest.c >&5
configure:8556: $? = 0
configure:8571: gcc -shared conftest.o  -v -Wl,-soname -Wl,conftest -o conftest 2\>\&1 \| grep  -lc  \>/dev/null 2\>\&1
configure:8574: $? = 0
configure:8586: result: no
configure:8594: checking dynamic linker characteristics
configure:9170: result: GNU/Linux ld.so
configure:9179: checking how to hardcode library paths into programs
configure:9204: result: immediate
configure:9218: checking whether stripping libraries is possible
configure:9223: result: yes
configure:10024: checking if libtool supports shared libraries
configure:10026: result: yes
configure:10029: checking whether to build shared libraries
configure:10050: result: yes
configure:10053: checking whether to build static libraries
configure:10057: result: yes
configure:10149: creating libtool
configure:10737: checking for ld used by g++
configure:10804: result: /usr/bin/ld
configure:10813: checking if the linker (/usr/bin/ld) is GNU ld
configure:10828: result: yes
configure:10879: checking whether the g++ linker (/usr/bin/ld) supports shared libraries
configure:11813: result: yes
configure:11831: g++ -c -g -O2 -fstack-protector --param=ssp-buffer-size=4 -Wformat -Werror=format-security -Wall -D_FORTIFY_SOURCE=2 conftest.cpp >&5
configure:11834: $? = 0
configure:11953: checking for g++ option to produce PIC
configure:12227: result: -fPIC
configure:12235: checking if g++ PIC flag -fPIC works
configure:12253: g++ -c -g -O2 -fstack-protector --param=ssp-buffer-size=4 -Wformat -Werror=format-security -Wall -D_FORTIFY_SOURCE=2 -fPIC -DPIC conftest.cpp >&5
configure:12257: $? = 0
configure:12270: result: yes
configure:12298: checking if g++ static flag -static works
configure:12326: result: yes
configure:12336: checking if g++ supports -c -o file.o
configure:12357: g++ -c -g -O2 -fstack-protector --param=ssp-buffer-size=4 -Wformat -Werror=format-security -Wall -D_FORTIFY_SOURCE=2 -o out/conftest2.o conftest.cpp >&5
configure:12361: $? = 0
configure:12383: result: yes
configure:12409: checking whether the g++ linker (/usr/bin/ld) supports shared libraries
configure:12437: result: yes
configure:12504: checking dynamic linker characteristics
configure:13080: result: GNU/Linux ld.so
configure:13089: checking how to hardcode library paths into programs
configure:13114: result: immediate
configure:19245: checking for a BSD-compatible install
configure:19301: result: /usr/bin/install -c
configure:19313: checking whether gcc and cc understand -c and -o together
configure:19348: gcc -c conftest.c -o conftest2.o >&5
configure:19351: $? = 0
configure:19357: gcc -c conftest.c -o conftest2.o >&5
configure:19360: $? = 0
configure:19371: cc -c conftest.c >&5
configure:19374: $? = 0
configure:19382: cc -c conftest.c -o conftest2.o >&5
configure:19385: $? = 0
configure:19391: cc -c conftest.c -o conftest2.o >&5
configure:19394: $? = 0
configure:19412: result: yes
configure:19447: checking PKG_CONFIG_PATH
configure:19450: result: empty
configure:19459: checking for pkg-config
configure:19477: found /usr/bin/pkg-config
configure:19490: result: /usr/bin/pkg-config
configure:19627: checking pkg-config is at least version 0.9.0
configure:19630: result: yes
configure:19641: checking for FUSE
configure:19649: $PKG_CONFIG --exists --print-errors "fuse >= 2.6"
configure:19652: $? = 0
configure:19667: $PKG_CONFIG --exists --print-errors "fuse >= 2.6"
configure:19670: $? = 0
configure:19746: result: yes
configure:19755: checking for GLIB
configure:19763: $PKG_CONFIG --exists --print-errors "glib-2.0 >= 2.6"
configure:19766: $? = 0
configure:19781: $PKG_CONFIG --exists --print-errors "glib-2.0 >= 2.6"
configure:19784: $? = 0
configure:19860: result: yes
configure:19884: checking for dynamic library extension
configure:19906: result: .so
configure:19919: checking for libgphoto2 to use
configure:19935: result: autodetect
configure:19944: checking for LIBGPHOTO2
configure:19952: $PKG_CONFIG --exists --print-errors "libgphoto2 >= 2.3.0"
configure:19955: $? = 0
configure:19970: $PKG_CONFIG --exists --print-errors "libgphoto2 >= 2.3.0"
configure:19973: $? = 0
configure:20009: result: yes
configure:20231: checking libgphoto2 library flags
configure:20233: result: "-lgphoto2 -lgphoto2_port -lm -lexif  "
configure:20235: checking libgphoto2 cpp flags
configure:20237: result: "-I/usr/include/gphoto2 -I/usr/include/libexif  "
configure:20276: checking locale.h usability
configure:20293: gcc -c -g -O2 -fstack-protector --param=ssp-buffer-size=4 -Wformat -Werror=format-security -Wall -D_FORTIFY_SOURCE=2 conftest.c >&5
configure:20299: $? = 0
configure:20313: result: yes
configure:20317: checking locale.h presence
configure:20332: gcc -E -D_FORTIFY_SOURCE=2 conftest.c
configure:20338: $? = 0
configure:20352: result: yes
configure:20385: checking for locale.h
configure:20393: result: yes
configure:20407: checking for LC_MESSAGES
configure:20433: gcc -o conftest -g -O2 -fstack-protector --param=ssp-buffer-size=4 -Wformat -Werror=format-security -Wall -D_FORTIFY_SOURCE=2 -Wl,-Bsymbolic-functions -Wl,-z,relro conftest.c  >&5
configure:20439: $? = 0
configure:20456: result: yes
configure:20485: checking libintl.h usability
configure:20502: gcc -c -g -O2 -fstack-protector --param=ssp-buffer-size=4 -Wformat -Werror=format-security -Wall -D_FORTIFY_SOURCE=2 conftest.c >&5
configure:20508: $? = 0
configure:20522: result: yes
configure:20526: checking libintl.h presence
configure:20541: gcc -E -D_FORTIFY_SOURCE=2 conftest.c
configure:20547: $? = 0
configure:20561: result: yes
configure:20594: checking for libintl.h
configure:20601: result: yes
configure:20612: checking for ngettext in libc
configure:20640: gcc -o conftest -g -O2 -fstack-protector --param=ssp-buffer-size=4 -Wformat -Werror=format-security -Wall -D_FORTIFY_SOURCE=2 -Wl,-Bsymbolic-functions -Wl,-z,relro conftest.c  >&5
configure:20646: $? = 0
configure:20664: result: yes
configure:20668: checking for dgettext in libc
configure:20696: gcc -o conftest -g -O2 -fstack-protector --param=ssp-buffer-size=4 -Wformat -Werror=format-security -Wall -D_FORTIFY_SOURCE=2 -Wl,-Bsymbolic-functions -Wl,-z,relro conftest.c  >&5
configure:20702: $? = 0
configure:20720: result: yes
configure:20729: checking for bind_textdomain_codeset
configure:20785: gcc -o conftest -g -O2 -fstack-protector --param=ssp-buffer-size=4 -Wformat -Werror=format-security -Wall -D_FORTIFY_SOURCE=2 -Wl,-Bsymbolic-functions -Wl,-z,relro conftest.c  >&5
configure:20791: $? = 0
configure:20809: result: yes
configure:21296: checking for msgfmt
configure:21323: result: /usr/bin/msgfmt
configure:21336: checking for dcgettext
configure:21392: gcc -o conftest -g -O2 -fstack-protector --param=ssp-buffer-size=4 -Wformat -Werror=format-security -Wall -D_FORTIFY_SOURCE=2 -Wl,-Bsymbolic-functions -Wl,-z,relro conftest.c   >&5
conftest.c:50:6: warning: conflicting types for built-in function 'dcgettext' [enabled by default]
 char dcgettext ();
      ^
configure:21398: $? = 0
configure:21416: result: yes
configure:21427: checking if msgfmt accepts -c
configure:21442: msgfmt -c -o /dev/null conftest.foo
conftest.foo:3: warning: header field 'Language' missing in header
configure:21445: $? = 0
configure:21447: result: yes
configure:21457: checking for gmsgfmt
configure:21488: result: /usr/bin/msgfmt
configure:21498: checking for xgettext
configure:21525: result: /usr/bin/xgettext
configure:21554: gcc -o conftest -g -O2 -fstack-protector --param=ssp-buffer-size=4 -Wformat -Werror=format-security -Wall -D_FORTIFY_SOURCE=2 -Wl,-Bsymbolic-functions -Wl,-z,relro conftest.c   >&5
configure:21560: $? = 0
configure:21917: creating ./config.status

## ---------------------- ##
## Running config.status. ##
## ---------------------- ##

This file was extended by gphoto filesystem config.status 0.4.0, which was
generated by GNU Autoconf 2.61.  Invocation command line was

  CONFIG_FILES    = 
  CONFIG_HEADERS  = 
  CONFIG_LINKS    = 
  CONFIG_COMMANDS = 
  $ ./config.status 

on ReelBox60

config.status:691: creating Makefile
config.status:691: creating m4m/Makefile
config.status:691: creating config.h
config.status:966: executing depfiles commands
config.status:966: executing default-1 commands

## ---------------- ##
## Cache variables. ##
## ---------------- ##

ac_cv_build=i686-pc-linux-gnu
ac_cv_c_compiler_gnu=yes
ac_cv_cxx_compiler_gnu=yes
ac_cv_env_CCC_set=
ac_cv_env_CCC_value=
ac_cv_env_CC_set=
ac_cv_env_CC_value=
ac_cv_env_CFLAGS_set=set
ac_cv_env_CFLAGS_value='-g -O2 -fstack-protector --param=ssp-buffer-size=4 -Wformat -Werror=format-security -Wall'
ac_cv_env_CPPFLAGS_set=set
ac_cv_env_CPPFLAGS_value=-D_FORTIFY_SOURCE=2
ac_cv_env_CPP_set=
ac_cv_env_CPP_value=
ac_cv_env_CXXCPP_set=
ac_cv_env_CXXCPP_value=
ac_cv_env_CXXFLAGS_set=set
ac_cv_env_CXXFLAGS_value='-g -O2 -fstack-protector --param=ssp-buffer-size=4 -Wformat -Werror=format-security -Wall'
ac_cv_env_CXX_set=
ac_cv_env_CXX_value=
ac_cv_env_F77_set=
ac_cv_env_F77_value=
ac_cv_env_FFLAGS_set=
ac_cv_env_FFLAGS_value=
ac_cv_env_FUSE_CFLAGS_set=
ac_cv_env_FUSE_CFLAGS_value=
ac_cv_env_FUSE_LIBS_set=
ac_cv_env_FUSE_LIBS_value=
ac_cv_env_GLIB_CFLAGS_set=
ac_cv_env_GLIB_CFLAGS_value=
ac_cv_env_GLIB_LIBS_set=
ac_cv_env_GLIB_LIBS_value=
ac_cv_env_LDFLAGS_set=set
ac_cv_env_LDFLAGS_value='-Wl,-Bsymbolic-functions -Wl,-z,relro'
ac_cv_env_LIBGPHOTO2_CFLAGS_set=
ac_cv_env_LIBGPHOTO2_CFLAGS_value=
ac_cv_env_LIBGPHOTO2_LIBS_set=
ac_cv_env_LIBGPHOTO2_LIBS_value=
ac_cv_env_LIBS_set=
ac_cv_env_LIBS_value=
ac_cv_env_PKG_CONFIG_PATH_set=
ac_cv_env_PKG_CONFIG_PATH_value=
ac_cv_env_PKG_CONFIG_set=
ac_cv_env_PKG_CONFIG_value=
ac_cv_env_build_alias_set=set
ac_cv_env_build_alias_value=i686-linux-gnu
ac_cv_env_host_alias_set=
ac_cv_env_host_alias_value=
ac_cv_env_target_alias_set=
ac_cv_env_target_alias_value=
ac_cv_f77_compiler_gnu=no
ac_cv_func_bind_textdomain_codeset=yes
ac_cv_func_dcgettext=yes
ac_cv_header_dlfcn_h=yes
ac_cv_header_inttypes_h=yes
ac_cv_header_libintl_h=yes
ac_cv_header_locale_h=yes
ac_cv_header_memory_h=yes
ac_cv_header_stdc=yes
ac_cv_header_stdint_h=yes
ac_cv_header_stdlib_h=yes
ac_cv_header_string_h=yes
ac_cv_header_strings_h=yes
ac_cv_header_sys_stat_h=yes
ac_cv_header_sys_types_h=yes
ac_cv_header_unistd_h=yes
ac_cv_host=i686-pc-linux-gnu
ac_cv_objext=o
ac_cv_path_EGREP='/bin//grep -E'
ac_cv_path_GMSGFMT=/usr/bin/msgfmt
ac_cv_path_GREP=/bin//grep
ac_cv_path_MSGFMT=/usr/bin/msgfmt
ac_cv_path_PKG_CONFIG=/usr/bin/pkg-config
ac_cv_path_XGETTEXT=/usr/bin/xgettext
ac_cv_path_install='/usr/bin/install -c'
ac_cv_prog_AWK=gawk
ac_cv_prog_CPP='gcc -E'
ac_cv_prog_CXXCPP='g++ -E'
ac_cv_prog_ac_ct_AR=ar
ac_cv_prog_ac_ct_CC=gcc
ac_cv_prog_ac_ct_CXX=g++
ac_cv_prog_ac_ct_RANLIB=ranlib
ac_cv_prog_ac_ct_STRIP=strip
ac_cv_prog_cc_c89=
ac_cv_prog_cc_g=yes
ac_cv_prog_cc_gcc_c_o=yes
ac_cv_prog_cxx_g=yes
ac_cv_prog_f77_g=no
ac_cv_prog_make_make_set=yes
am_cv_CC_dependencies_compiler_type=none
am_cv_CXX_dependencies_compiler_type=none
am_cv_val_LC_MESSAGES=yes
gt_cv_func_dgettext_libc=yes
gt_cv_func_dgettext_libintl=no
gt_cv_func_ngettext_libc=yes
gt_cv_have_gettext=yes
lt_cv_deplibs_check_method=pass_all
lt_cv_file_magic_cmd='$MAGIC_CMD'
lt_cv_file_magic_test_file=
lt_cv_ld_reload_flag=-r
lt_cv_objdir=.libs
lt_cv_path_LD=/usr/bin/ld
lt_cv_path_LDCXX=/usr/bin/ld
lt_cv_path_NM='/usr/bin/nm -B'
lt_cv_path_SED=/bin//sed
lt_cv_prog_compiler_c_o=yes
lt_cv_prog_compiler_c_o_CXX=yes
lt_cv_prog_compiler_rtti_exceptions=no
lt_cv_prog_gnu_ld=yes
lt_cv_prog_gnu_ldcxx=yes
lt_cv_sys_global_symbol_pipe='sed -n -e '\''s/^.*[ 	]\([ABCDGIRSTW][ABCDGIRSTW]*\)[ 	][ 	]*\([_A-Za-z][_A-Za-z0-9]*\)$/\1 \2 \2/p'\'''
lt_cv_sys_global_symbol_to_c_name_address='sed -n -e '\''s/^: \([^ ]*\) $/  {\"\1\", (lt_ptr) 0},/p'\'' -e '\''s/^[BCDEGRST] \([^ ]*\) \([^ ]*\)$/  {"\2", (lt_ptr) \&\2},/p'\'''
lt_cv_sys_global_symbol_to_cdecl='sed -n -e '\''s/^. .* \(.*\)$/extern int \1;/p'\'''
lt_cv_sys_max_cmd_len=32768
lt_lt_cv_prog_compiler_c_o='"yes"'
lt_lt_cv_prog_compiler_c_o_CXX='"yes"'
lt_lt_cv_sys_global_symbol_pipe='"sed -n -e '\''s/^.*[ 	]\\([ABCDGIRSTW][ABCDGIRSTW]*\\)[ 	][ 	]*\\([_A-Za-z][_A-Za-z0-9]*\\)\$/\\1 \\2 \\2/p'\''"'
lt_lt_cv_sys_global_symbol_to_c_name_address='"sed -n -e '\''s/^: \\([^ ]*\\) \$/  {\\\"\\1\\\", (lt_ptr) 0},/p'\'' -e '\''s/^[BCDEGRST] \\([^ ]*\\) \\([^ ]*\\)\$/  {\"\\2\", (lt_ptr) \\&\\2},/p'\''"'
lt_lt_cv_sys_global_symbol_to_cdecl='"sed -n -e '\''s/^. .* \\(.*\\)\$/extern int \\1;/p'\''"'
pkg_cv_FUSE_CFLAGS='-D_FILE_OFFSET_BITS=64 -I/usr/include/fuse  '
pkg_cv_FUSE_LIBS='-pthread -lfuse  '
pkg_cv_GLIB_CFLAGS='-I/usr/include/glib-2.0 -I/usr/lib/i386-linux-gnu/glib-2.0/include  '
pkg_cv_GLIB_LIBS='-lglib-2.0  '
pkg_cv_LIBGPHOTO2_CFLAGS='-I/usr/include/gphoto2 -I/usr/include/libexif  '
pkg_cv_LIBGPHOTO2_LIBS='-lgphoto2 -lgphoto2_port -lm -lexif  '

## ----------------- ##
## Output variables. ##
## ----------------- ##

ACLOCAL='${SHELL} /usr/src/reelbox/testing/packages/gphotofs/gphotofs-0.4.0/auto-aux/missing --run aclocal-1.9'
AMDEPBACKSLASH=''
AMDEP_FALSE=''
AMDEP_TRUE='#'
AMTAR='${SHELL} /usr/src/reelbox/testing/packages/gphotofs/gphotofs-0.4.0/auto-aux/missing --run tar'
AR='ar'
AUTOCONF='${SHELL} /usr/src/reelbox/testing/packages/gphotofs/gphotofs-0.4.0/auto-aux/missing --run autoconf'
AUTOHEADER='${SHELL} /usr/src/reelbox/testing/packages/gphotofs/gphotofs-0.4.0/auto-aux/missing --run autoheader'
AUTOMAKE='${SHELL} /usr/src/reelbox/testing/packages/gphotofs/gphotofs-0.4.0/auto-aux/missing --run automake-1.9'
AWK='gawk'
CATALOGS=''
CATOBJEXT='.gmo'
CC='gcc'
CCDEPMODE='depmode=none'
CFLAGS='-g -O2 -fstack-protector --param=ssp-buffer-size=4 -Wformat -Werror=format-security -Wall'
CPP='gcc -E'
CPPFLAGS='-D_FORTIFY_SOURCE=2'
CXX='g++'
CXXCPP='g++ -E'
CXXDEPMODE='depmode=none'
CXXFLAGS='-g -O2 -fstack-protector --param=ssp-buffer-size=4 -Wformat -Werror=format-security -Wall'
CYGPATH_W='echo'
DATADIRNAME='share'
DEFS='-DHAVE_CONFIG_H'
DEPDIR='.deps'
ECHO='echo'
ECHO_C=''
ECHO_N='-n'
ECHO_T=''
EGREP='/bin//grep -E'
EXEEXT=''
F77=''
FFLAGS=''
FUSE_CFLAGS='-D_FILE_OFFSET_BITS=64 -I/usr/include/fuse  '
FUSE_LIBS='-pthread -lfuse  '
GETTEXT_PACKAGE='gphotofs'
GLIB_CFLAGS='-I/usr/include/glib-2.0 -I/usr/lib/i386-linux-gnu/glib-2.0/include  '
GLIB_LIBS='-lglib-2.0  '
GMOFILES=''
GMSGFMT='/usr/bin/msgfmt'
GREP='/bin//grep'
HAVE_LIBGPHOTO2_FALSE='#'
HAVE_LIBGPHOTO2_TRUE=''
INSTALL_DATA='${INSTALL} -m 644'
INSTALL_PROGRAM='${INSTALL}'
INSTALL_SCRIPT='${INSTALL}'
INSTALL_STRIP_PROGRAM='${SHELL} $(install_sh) -c -s'
INSTOBJEXT='.mo'
INTLLIBS=''
LDFLAGS='-Wl,-Bsymbolic-functions -Wl,-z,relro'
LIBGPHOTO2_CFLAGS='-I/usr/include/gphoto2 -I/usr/include/libexif  '
LIBGPHOTO2_CONFIG_PROG=''
LIBGPHOTO2_LIBS='-lgphoto2 -lgphoto2_port -lm -lexif  '
LIBOBJS=''
LIBS=''
LIBTOOL='$(SHELL) $(top_builddir)/libtool'
LN_S='ln -s'
LTLIBOBJS=''
MAKEINFO='${SHELL} /usr/src/reelbox/testing/packages/gphotofs/gphotofs-0.4.0/auto-aux/missing --run makeinfo'
MKINSTALLDIRS='auto-aux/mkinstalldirs'
MSGFMT='/usr/bin/msgfmt'
MSGFMT_OPTS='-c'
OBJEXT='o'
PACKAGE='gphotofs'
PACKAGE_BUGREPORT='gphoto-devel@lists.sourceforge.net'
PACKAGE_NAME='gphoto filesystem'
PACKAGE_STRING='gphoto filesystem 0.4.0'
PACKAGE_TARNAME='gphotofs'
PACKAGE_VERSION='0.4.0'
PATH_SEPARATOR=':'
PKG_CONFIG='/usr/bin/pkg-config'
PKG_CONFIG_PATH=''
POFILES=''
POSUB='po'
PO_IN_DATADIR_FALSE=''
PO_IN_DATADIR_TRUE=''
RANLIB='ranlib'
REQUIREMENTS_FOR_LIBGPHOTO2='libgphoto2 >= 2.3.0'
SET_MAKE=''
SHELL='/bin/bash'
STRIP='strip'
USE_NLS='yes'
VERSION='0.4.0'
XGETTEXT='/usr/bin/xgettext'
ac_ct_CC='gcc'
ac_ct_CXX='g++'
ac_ct_F77=''
am__fastdepCC_FALSE=''
am__fastdepCC_TRUE='#'
am__fastdepCXX_FALSE=''
am__fastdepCXX_TRUE='#'
am__include='include'
am__leading_dot='.'
am__quote=''
am__tar='${AMTAR} chof - "$$tardir"'
am__untar='${AMTAR} xf -'
bindir='${exec_prefix}/bin'
build='i686-pc-linux-gnu'
build_alias='i686-linux-gnu'
build_cpu='i686'
build_os='linux-gnu'
build_vendor='pc'
datadir='${datarootdir}'
datarootdir='${prefix}/share'
docdir='${datarootdir}/doc/${PACKAGE_TARNAME}'
dvidir='${docdir}'
exec_prefix='${prefix}'
host='i686-pc-linux-gnu'
host_alias=''
host_cpu='i686'
host_os='linux-gnu'
host_vendor='pc'
htmldir='${docdir}'
includedir='${prefix}/include'
infodir='${prefix}/share/info'
install_sh='/usr/src/reelbox/testing/packages/gphotofs/gphotofs-0.4.0/auto-aux/install-sh'
libdir='${exec_prefix}/lib'
libexecdir='${prefix}/lib/gphotofs'
localedir='${datarootdir}/locale'
localstatedir='/var'
mandir='${prefix}/share/man'
mkdir_p='mkdir -p --'
oldincludedir='/usr/include'
pdfdir='${docdir}'
prefix='/usr'
program_transform_name='s,x,x,'
psdir='${docdir}'
sbindir='${exec_prefix}/sbin'
sharedstatedir='${prefix}/com'
sysconfdir='/etc'
target_alias=''

## ----------- ##
## confdefs.h. ##
## ----------- ##

#define PACKAGE_NAME "gphoto filesystem"
#define PACKAGE_TARNAME "gphotofs"
#define PACKAGE_VERSION "0.4.0"
#define PACKAGE_STRING "gphoto filesystem 0.4.0"
#define PACKAGE_BUGREPORT "gphoto-devel@lists.sourceforge.net"
#define PACKAGE "gphotofs"
#define VERSION "0.4.0"
#define STDC_HEADERS 1
#define HAVE_SYS_TYPES_H 1
#define HAVE_SYS_STAT_H 1
#define HAVE_STDLIB_H 1
#define HAVE_STRING_H 1
#define HAVE_MEMORY_H 1
#define HAVE_STRINGS_H 1
#define HAVE_INTTYPES_H 1
#define HAVE_STDINT_H 1
#define HAVE_UNISTD_H 1
#define HAVE_DLFCN_H 1
#define HAVE_LIBGPHOTO2 1
#define GETTEXT_PACKAGE "gphotofs"
#define HAVE_LOCALE_H 1
#define HAVE_LC_MESSAGES 1
#define HAVE_BIND_TEXTDOMAIN_CODESET 1
#define HAVE_GETTEXT 1
#define HAVE_DCGETTEXT 1
#define ENABLE_NLS 1

configure: exit 0
