This file contains any messages produced by compilers while
running configure, to aid debugging if configure makes a mistake.

It was created by noad configure 0.6.0, which was
generated by GNU Autoconf 2.61.  Invocation command line was

  $ ./configure --with-mpeginclude=/docimage/libs/mpeg2dec-0.4.1-cvs/include --with-mpeglibdir=/docimage/libs/mpeg2dec-0.4.1-cvs/libmpeg2/.libs --with-libmpeg2-static

## --------- ##
## Platform. ##
## --------- ##

hostname = ReelBox61
uname -m = i686
uname -r = 4.8.0-49-generic
uname -s = Linux
uname -v = #52~16.04.1-Ubuntu SMP Thu Apr 20 10:55:35 UTC 2017

/usr/bin/uname -p = unknown
/bin/uname -X     = unknown

/bin/arch              = unknown
/usr/bin/arch -k       = unknown
/usr/convex/getsysinfo = unknown
/usr/bin/hostinfo      = unknown
/bin/machine           = unknown
/usr/bin/oslevel       = unknown
/bin/universe          = unknown

PATH: /sbin
PATH: /bin/
PATH: /usr/bin
PATH: /usr/sbin


## ----------- ##
## Core tests. ##
## ----------- ##

configure:1828: checking for a BSD-compatible install
configure:1884: result: /usr/bin/install -c
configure:1895: checking whether build environment is sane
configure:1938: result: yes
configure:1966: checking for a thread-safe mkdir -p
configure:2005: result: /bin//mkdir -p
configure:2018: checking for gawk
configure:2034: found /usr/bin/gawk
configure:2045: result: gawk
configure:2056: checking whether make sets $(MAKE)
configure:2077: result: yes
configure:2391: checking for C++ compiler version
configure:2398: /usr/bin/ccache  g++ --version >&5
g++ (Ubuntu 5.4.0-6ubuntu1~16.04.4) 5.4.0 20160609
Copyright (C) 2015 Free Software Foundation, Inc.
This is free software; see the source for copying conditions.  There is NO
warranty; not even for MERCHANTABILITY or FITNESS FOR A PARTICULAR PURPOSE.

configure:2401: $? = 0
configure:2408: /usr/bin/ccache  g++ -v >&5
Using built-in specs.
COLLECT_GCC=/usr/bin/g++
COLLECT_LTO_WRAPPER=/usr/lib/gcc/i686-linux-gnu/5/lto-wrapper
Target: i686-linux-gnu
Configured with: ../src/configure -v --with-pkgversion='Ubuntu 5.4.0-6ubuntu1~16.04.4' --with-bugurl=file:///usr/share/doc/gcc-5/README.Bugs --enable-languages=c,ada,c++,java,go,d,fortran,objc,obj-c++ --prefix=/usr --program-suffix=-5 --enable-shared --enable-linker-build-id --libexecdir=/usr/lib --without-included-gettext --enable-threads=posix --libdir=/usr/lib --enable-nls --with-sysroot=/ --enable-clocale=gnu --enable-libstdcxx-debug --enable-libstdcxx-time=yes --with-default-libstdcxx-abi=new --enable-gnu-unique-object --disable-vtable-verify --enable-libmpx --enable-plugin --with-system-zlib --disable-browser-plugin --enable-java-awt=gtk --enable-gtk-cairo --with-java-home=/usr/lib/jvm/java-1.5.0-gcj-5-i386/jre --enable-java-home --with-jvm-root-dir=/usr/lib/jvm/java-1.5.0-gcj-5-i386 --with-jvm-jar-dir=/usr/lib/jvm-exports/java-1.5.0-gcj-5-i386 --with-arch-directory=i386 --with-ecj-jar=/usr/share/java/eclipse-ecj.jar --enable-objc-gc --enable-targets=all --enable-multiarch --disable-werror --with-arch-32=i686 --with-multilib-list=m32,m64,mx32 --enable-multilib --with-tune=generic --enable-checking=release --build=i686-linux-gnu --host=i686-linux-gnu --target=i686-linux-gnu
Thread model: posix
gcc version 5.4.0 20160609 (Ubuntu 5.4.0-6ubuntu1~16.04.4) 
configure:2411: $? = 0
configure:2418: /usr/bin/ccache  g++ -V >&5
g++: error: unrecognized command line option '-V'
g++: fatal error: no input files
compilation terminated.
configure:2421: $? = 1
configure:2444: checking for C++ compiler default output file name
configure:2471: /usr/bin/ccache  g++ -g3 -funroll-loops -fomit-frame-pointer -m32 -march=pentium3 -mmmx -msse -mfpmath=sse -Wall -Woverloaded-virtual  -D_FILE_OFFSET_BITS=64 -D_LARGEFILE_SOURCE -D_LARGEFILE64_SOURCE -g3   conftest.cpp  >&5
configure:2474: $? = 0
configure:2512: result: a.out
configure:2529: checking whether the C++ compiler works
configure:2539: ./a.out
configure:2542: $? = 0
configure:2559: result: yes
configure:2566: checking whether we are cross compiling
configure:2568: result: no
configure:2571: checking for suffix of executables
configure:2578: /usr/bin/ccache  g++ -o conftest -g3 -funroll-loops -fomit-frame-pointer -m32 -march=pentium3 -mmmx -msse -mfpmath=sse -Wall -Woverloaded-virtual  -D_FILE_OFFSET_BITS=64 -D_LARGEFILE_SOURCE -D_LARGEFILE64_SOURCE -g3   conftest.cpp  >&5
configure:2581: $? = 0
configure:2605: result: 
configure:2611: checking for suffix of object files
configure:2637: /usr/bin/ccache  g++ -c -g3 -funroll-loops -fomit-frame-pointer -m32 -march=pentium3 -mmmx -msse -mfpmath=sse -Wall -Woverloaded-virtual  -D_FILE_OFFSET_BITS=64 -D_LARGEFILE_SOURCE -D_LARGEFILE64_SOURCE -g3  conftest.cpp >&5
configure:2640: $? = 0
configure:2663: result: o
configure:2667: checking whether we are using the GNU C++ compiler
configure:2696: /usr/bin/ccache  g++ -c -g3 -funroll-loops -fomit-frame-pointer -m32 -march=pentium3 -mmmx -msse -mfpmath=sse -Wall -Woverloaded-virtual  -D_FILE_OFFSET_BITS=64 -D_LARGEFILE_SOURCE -D_LARGEFILE64_SOURCE -g3  conftest.cpp >&5
configure:2702: $? = 0
configure:2719: result: yes
configure:2724: checking whether /usr/bin/ccache  g++ accepts -g
configure:2754: /usr/bin/ccache  g++ -c -g  conftest.cpp >&5
configure:2760: $? = 0
configure:2859: result: yes
configure:2893: checking for style of include used by make
configure:2921: result: GNU
configure:2946: checking dependency style of /usr/bin/ccache  g++
configure:3037: result: gcc3
configure:3100: checking for gcc
configure:3127: result: /usr/bin/ccache  gcc
configure:3365: checking for C compiler version
configure:3372: /usr/bin/ccache  gcc --version >&5
gcc (Ubuntu 5.4.0-6ubuntu1~16.04.4) 5.4.0 20160609
Copyright (C) 2015 Free Software Foundation, Inc.
This is free software; see the source for copying conditions.  There is NO
warranty; not even for MERCHANTABILITY or FITNESS FOR A PARTICULAR PURPOSE.

configure:3375: $? = 0
configure:3382: /usr/bin/ccache  gcc -v >&5
Using built-in specs.
COLLECT_GCC=/usr/bin/gcc
COLLECT_LTO_WRAPPER=/usr/lib/gcc/i686-linux-gnu/5/lto-wrapper
Target: i686-linux-gnu
Configured with: ../src/configure -v --with-pkgversion='Ubuntu 5.4.0-6ubuntu1~16.04.4' --with-bugurl=file:///usr/share/doc/gcc-5/README.Bugs --enable-languages=c,ada,c++,java,go,d,fortran,objc,obj-c++ --prefix=/usr --program-suffix=-5 --enable-shared --enable-linker-build-id --libexecdir=/usr/lib --without-included-gettext --enable-threads=posix --libdir=/usr/lib --enable-nls --with-sysroot=/ --enable-clocale=gnu --enable-libstdcxx-debug --enable-libstdcxx-time=yes --with-default-libstdcxx-abi=new --enable-gnu-unique-object --disable-vtable-verify --enable-libmpx --enable-plugin --with-system-zlib --disable-browser-plugin --enable-java-awt=gtk --enable-gtk-cairo --with-java-home=/usr/lib/jvm/java-1.5.0-gcj-5-i386/jre --enable-java-home --with-jvm-root-dir=/usr/lib/jvm/java-1.5.0-gcj-5-i386 --with-jvm-jar-dir=/usr/lib/jvm-exports/java-1.5.0-gcj-5-i386 --with-arch-directory=i386 --with-ecj-jar=/usr/share/java/eclipse-ecj.jar --enable-objc-gc --enable-targets=all --enable-multiarch --disable-werror --with-arch-32=i686 --with-multilib-list=m32,m64,mx32 --enable-multilib --with-tune=generic --enable-checking=release --build=i686-linux-gnu --host=i686-linux-gnu --target=i686-linux-gnu
Thread model: posix
gcc version 5.4.0 20160609 (Ubuntu 5.4.0-6ubuntu1~16.04.4) 
configure:3385: $? = 0
configure:3392: /usr/bin/ccache  gcc -V >&5
gcc: error: unrecognized command line option '-V'
gcc: fatal error: no input files
compilation terminated.
configure:3395: $? = 1
configure:3398: checking whether we are using the GNU C compiler
configure:3427: /usr/bin/ccache  gcc -c -O2 -g -pg -m32 -march=pentium3 -mmmx -msse -mfpmath=sse  conftest.c >&5
configure:3433: $? = 0
configure:3450: result: yes
configure:3455: checking whether /usr/bin/ccache  gcc accepts -g
configure:3485: /usr/bin/ccache  gcc -c -g  conftest.c >&5
configure:3491: $? = 0
configure:3590: result: yes
configure:3607: checking for /usr/bin/ccache  gcc option to accept ISO C89
configure:3681: /usr/bin/ccache  gcc  -c -O2 -g -pg -m32 -march=pentium3 -mmmx -msse -mfpmath=sse  conftest.c >&5
configure:3687: $? = 0
configure:3710: result: none needed
configure:3730: checking dependency style of /usr/bin/ccache  gcc
configure:3821: result: gcc3
configure:3879: checking for ranlib
configure:3895: found /usr/bin/ranlib
configure:3906: result: ranlib
configure:3957: checking for libmpeg with pkg-config
configure:3960: result: configure from pkg-config
configure:4057: taking mpeg-includes from -I/docimage/libs/mpeg2dec-0.4.1-cvs/include
configure:4059: using mpeg-library from -L/docimage/libs/mpeg2dec-0.4.1-cvs/libmpeg2/.libs
configure:4061: LDFLAGS=-L/docimage/libs/mpeg2dec-0.4.1-cvs/libmpeg2/.libs 
configure:4259: checking for Magick++(2)
configure:4289: /usr/bin/ccache  g++ -c -g3 -funroll-loops -fomit-frame-pointer -m32 -march=pentium3 -mmmx -msse -mfpmath=sse -Wall -Woverloaded-virtual  -D_FILE_OFFSET_BITS=64 -D_LARGEFILE_SOURCE -D_LARGEFILE64_SOURCE -g3 -lMagick++  -I/docimage/libs/mpeg2dec-0.4.1-cvs/include  -D_GNU_SOURCE conftest.cpp >&5
conftest.cpp:13:22: fatal error: Magick++.h: No such file or directory
compilation terminated.
configure:4295: $? = 1
configure: failed program was:
| 
| /* confdefs.h.  */
| #define PACKAGE_NAME "noad"
| #define PACKAGE_TARNAME "noad"
| #define PACKAGE_VERSION "0.6.0"
| #define PACKAGE_STRING "noad 0.6.0"
| #define PACKAGE_BUGREPORT "theNoad@SoftHome.net"
| #define PACKAGE "noad"
| #define VERSION "0.6.0"
| #define _GNU_SOURCE 1
| #define _GNU_SOURCE 1
| /* end confdefs.h.  */
| #include <Magick++.h>
| using namespace Magick;
| 
| int
| main ()
| {
| Image image;
|   ;
|   return 0;
| }
| 
configure:4306: result: "no"
configure:4337: checking for dirent.h that defines DIR
configure:4366: /usr/bin/ccache  g++ -c -g3 -funroll-loops -fomit-frame-pointer -m32 -march=pentium3 -mmmx -msse -mfpmath=sse -Wall -Woverloaded-virtual  -D_FILE_OFFSET_BITS=64 -D_LARGEFILE_SOURCE -D_LARGEFILE64_SOURCE -g3  -I/docimage/libs/mpeg2dec-0.4.1-cvs/include  -D_GNU_SOURCE conftest.cpp >&5
configure:4372: $? = 0
configure:4388: result: yes
configure:4401: checking for library containing opendir
configure:4442: /usr/bin/ccache  g++ -o conftest -g3 -funroll-loops -fomit-frame-pointer -m32 -march=pentium3 -mmmx -msse -mfpmath=sse -Wall -Woverloaded-virtual  -D_FILE_OFFSET_BITS=64 -D_LARGEFILE_SOURCE -D_LARGEFILE64_SOURCE -g3  -I/docimage/libs/mpeg2dec-0.4.1-cvs/include  -D_GNU_SOURCE  -L/docimage/libs/mpeg2dec-0.4.1-cvs/libmpeg2/.libs  conftest.cpp  >&5
configure:4448: $? = 0
configure:4476: result: none required
configure:4575: checking how to run the C++ preprocessor
configure:4611: /usr/bin/ccache  g++ -E  -I/docimage/libs/mpeg2dec-0.4.1-cvs/include  -D_GNU_SOURCE conftest.cpp
configure:4617: $? = 0
configure:4648: /usr/bin/ccache  g++ -E  -I/docimage/libs/mpeg2dec-0.4.1-cvs/include  -D_GNU_SOURCE conftest.cpp
conftest.cpp:13:28: fatal error: ac_nonexistent.h: No such file or directory
compilation terminated.
configure:4654: $? = 1
configure: failed program was:
| /* confdefs.h.  */
| #define PACKAGE_NAME "noad"
| #define PACKAGE_TARNAME "noad"
| #define PACKAGE_VERSION "0.6.0"
| #define PACKAGE_STRING "noad 0.6.0"
| #define PACKAGE_BUGREPORT "theNoad@SoftHome.net"
| #define PACKAGE "noad"
| #define VERSION "0.6.0"
| #define _GNU_SOURCE 1
| #define _GNU_SOURCE 1
| #define HAVE_DIRENT_H 1
| /* end confdefs.h.  */
| #include <ac_nonexistent.h>
configure:4687: result: /usr/bin/ccache  g++ -E
configure:4716: /usr/bin/ccache  g++ -E  -I/docimage/libs/mpeg2dec-0.4.1-cvs/include  -D_GNU_SOURCE conftest.cpp
configure:4722: $? = 0
configure:4753: /usr/bin/ccache  g++ -E  -I/docimage/libs/mpeg2dec-0.4.1-cvs/include  -D_GNU_SOURCE conftest.cpp
conftest.cpp:13:28: fatal error: ac_nonexistent.h: No such file or directory
compilation terminated.
configure:4759: $? = 1
configure: failed program was:
| /* confdefs.h.  */
| #define PACKAGE_NAME "noad"
| #define PACKAGE_TARNAME "noad"
| #define PACKAGE_VERSION "0.6.0"
| #define PACKAGE_STRING "noad 0.6.0"
| #define PACKAGE_BUGREPORT "theNoad@SoftHome.net"
| #define PACKAGE "noad"
| #define VERSION "0.6.0"
| #define _GNU_SOURCE 1
| #define _GNU_SOURCE 1
| #define HAVE_DIRENT_H 1
| /* end confdefs.h.  */
| #include <ac_nonexistent.h>
configure:4797: checking for grep that handles long lines and -e
configure:4871: result: /bin//grep
configure:4876: checking for egrep
configure:4954: result: /bin//grep -E
configure:4959: checking for ANSI C header files
configure:4989: /usr/bin/ccache  g++ -c -g3 -funroll-loops -fomit-frame-pointer -m32 -march=pentium3 -mmmx -msse -mfpmath=sse -Wall -Woverloaded-virtual  -D_FILE_OFFSET_BITS=64 -D_LARGEFILE_SOURCE -D_LARGEFILE64_SOURCE -g3  -I/docimage/libs/mpeg2dec-0.4.1-cvs/include  -D_GNU_SOURCE conftest.cpp >&5
configure:4995: $? = 0
configure:5094: /usr/bin/ccache  g++ -o conftest -g3 -funroll-loops -fomit-frame-pointer -m32 -march=pentium3 -mmmx -msse -mfpmath=sse -Wall -Woverloaded-virtual  -D_FILE_OFFSET_BITS=64 -D_LARGEFILE_SOURCE -D_LARGEFILE64_SOURCE -g3  -I/docimage/libs/mpeg2dec-0.4.1-cvs/include  -D_GNU_SOURCE  -L/docimage/libs/mpeg2dec-0.4.1-cvs/libmpeg2/.libs  conftest.cpp  >&5
configure:5097: $? = 0
configure:5103: ./conftest
configure:5106: $? = 0
configure:5123: result: yes
configure:5133: checking for sys/wait.h that is POSIX.1 compatible
configure:5169: /usr/bin/ccache  g++ -c -g3 -funroll-loops -fomit-frame-pointer -m32 -march=pentium3 -mmmx -msse -mfpmath=sse -Wall -Woverloaded-virtual  -D_FILE_OFFSET_BITS=64 -D_LARGEFILE_SOURCE -D_LARGEFILE64_SOURCE -g3  -I/docimage/libs/mpeg2dec-0.4.1-cvs/include  -D_GNU_SOURCE conftest.cpp >&5
configure:5175: $? = 0
configure:5190: result: yes
configure:5214: checking for sys/types.h
configure:5235: /usr/bin/ccache  g++ -c -g3 -funroll-loops -fomit-frame-pointer -m32 -march=pentium3 -mmmx -msse -mfpmath=sse -Wall -Woverloaded-virtual  -D_FILE_OFFSET_BITS=64 -D_LARGEFILE_SOURCE -D_LARGEFILE64_SOURCE -g3  -I/docimage/libs/mpeg2dec-0.4.1-cvs/include  -D_GNU_SOURCE conftest.cpp >&5
configure:5241: $? = 0
configure:5257: result: yes
configure:5214: checking for sys/stat.h
configure:5235: /usr/bin/ccache  g++ -c -g3 -funroll-loops -fomit-frame-pointer -m32 -march=pentium3 -mmmx -msse -mfpmath=sse -Wall -Woverloaded-virtual  -D_FILE_OFFSET_BITS=64 -D_LARGEFILE_SOURCE -D_LARGEFILE64_SOURCE -g3  -I/docimage/libs/mpeg2dec-0.4.1-cvs/include  -D_GNU_SOURCE conftest.cpp >&5
configure:5241: $? = 0
configure:5257: result: yes
configure:5214: checking for stdlib.h
configure:5235: /usr/bin/ccache  g++ -c -g3 -funroll-loops -fomit-frame-pointer -m32 -march=pentium3 -mmmx -msse -mfpmath=sse -Wall -Woverloaded-virtual  -D_FILE_OFFSET_BITS=64 -D_LARGEFILE_SOURCE -D_LARGEFILE64_SOURCE -g3  -I/docimage/libs/mpeg2dec-0.4.1-cvs/include  -D_GNU_SOURCE conftest.cpp >&5
configure:5241: $? = 0
configure:5257: result: yes
configure:5214: checking for string.h
configure:5235: /usr/bin/ccache  g++ -c -g3 -funroll-loops -fomit-frame-pointer -m32 -march=pentium3 -mmmx -msse -mfpmath=sse -Wall -Woverloaded-virtual  -D_FILE_OFFSET_BITS=64 -D_LARGEFILE_SOURCE -D_LARGEFILE64_SOURCE -g3  -I/docimage/libs/mpeg2dec-0.4.1-cvs/include  -D_GNU_SOURCE conftest.cpp >&5
configure:5241: $? = 0
configure:5257: result: yes
configure:5214: checking for memory.h
configure:5235: /usr/bin/ccache  g++ -c -g3 -funroll-loops -fomit-frame-pointer -m32 -march=pentium3 -mmmx -msse -mfpmath=sse -Wall -Woverloaded-virtual  -D_FILE_OFFSET_BITS=64 -D_LARGEFILE_SOURCE -D_LARGEFILE64_SOURCE -g3  -I/docimage/libs/mpeg2dec-0.4.1-cvs/include  -D_GNU_SOURCE conftest.cpp >&5
configure:5241: $? = 0
configure:5257: result: yes
configure:5214: checking for strings.h
configure:5235: /usr/bin/ccache  g++ -c -g3 -funroll-loops -fomit-frame-pointer -m32 -march=pentium3 -mmmx -msse -mfpmath=sse -Wall -Woverloaded-virtual  -D_FILE_OFFSET_BITS=64 -D_LARGEFILE_SOURCE -D_LARGEFILE64_SOURCE -g3  -I/docimage/libs/mpeg2dec-0.4.1-cvs/include  -D_GNU_SOURCE conftest.cpp >&5
configure:5241: $? = 0
configure:5257: result: yes
configure:5214: checking for inttypes.h
configure:5235: /usr/bin/ccache  g++ -c -g3 -funroll-loops -fomit-frame-pointer -m32 -march=pentium3 -mmmx -msse -mfpmath=sse -Wall -Woverloaded-virtual  -D_FILE_OFFSET_BITS=64 -D_LARGEFILE_SOURCE -D_LARGEFILE64_SOURCE -g3  -I/docimage/libs/mpeg2dec-0.4.1-cvs/include  -D_GNU_SOURCE conftest.cpp >&5
configure:5241: $? = 0
configure:5257: result: yes
configure:5214: checking for stdint.h
configure:5235: /usr/bin/ccache  g++ -c -g3 -funroll-loops -fomit-frame-pointer -m32 -march=pentium3 -mmmx -msse -mfpmath=sse -Wall -Woverloaded-virtual  -D_FILE_OFFSET_BITS=64 -D_LARGEFILE_SOURCE -D_LARGEFILE64_SOURCE -g3  -I/docimage/libs/mpeg2dec-0.4.1-cvs/include  -D_GNU_SOURCE conftest.cpp >&5
configure:5241: $? = 0
configure:5257: result: yes
configure:5214: checking for unistd.h
configure:5235: /usr/bin/ccache  g++ -c -g3 -funroll-loops -fomit-frame-pointer -m32 -march=pentium3 -mmmx -msse -mfpmath=sse -Wall -Woverloaded-virtual  -D_FILE_OFFSET_BITS=64 -D_LARGEFILE_SOURCE -D_LARGEFILE64_SOURCE -g3  -I/docimage/libs/mpeg2dec-0.4.1-cvs/include  -D_GNU_SOURCE conftest.cpp >&5
configure:5241: $? = 0
configure:5257: result: yes
configure:5295: checking arpa/inet.h usability
configure:5312: /usr/bin/ccache  g++ -c -g3 -funroll-loops -fomit-frame-pointer -m32 -march=pentium3 -mmmx -msse -mfpmath=sse -Wall -Woverloaded-virtual  -D_FILE_OFFSET_BITS=64 -D_LARGEFILE_SOURCE -D_LARGEFILE64_SOURCE -g3  -I/docimage/libs/mpeg2dec-0.4.1-cvs/include  -D_GNU_SOURCE conftest.cpp >&5
configure:5318: $? = 0
configure:5332: result: yes
configure:5336: checking arpa/inet.h presence
configure:5351: /usr/bin/ccache  g++ -E  -I/docimage/libs/mpeg2dec-0.4.1-cvs/include  -D_GNU_SOURCE conftest.cpp
configure:5357: $? = 0
configure:5371: result: yes
configure:5404: checking for arpa/inet.h
configure:5412: result: yes
configure:5295: checking fcntl.h usability
configure:5312: /usr/bin/ccache  g++ -c -g3 -funroll-loops -fomit-frame-pointer -m32 -march=pentium3 -mmmx -msse -mfpmath=sse -Wall -Woverloaded-virtual  -D_FILE_OFFSET_BITS=64 -D_LARGEFILE_SOURCE -D_LARGEFILE64_SOURCE -g3  -I/docimage/libs/mpeg2dec-0.4.1-cvs/include  -D_GNU_SOURCE conftest.cpp >&5
configure:5318: $? = 0
configure:5332: result: yes
configure:5336: checking fcntl.h presence
configure:5351: /usr/bin/ccache  g++ -E  -I/docimage/libs/mpeg2dec-0.4.1-cvs/include  -D_GNU_SOURCE conftest.cpp
configure:5357: $? = 0
configure:5371: result: yes
configure:5404: checking for fcntl.h
configure:5412: result: yes
configure:5285: checking for inttypes.h
configure:5291: result: yes
configure:5295: checking netinet/in.h usability
configure:5312: /usr/bin/ccache  g++ -c -g3 -funroll-loops -fomit-frame-pointer -m32 -march=pentium3 -mmmx -msse -mfpmath=sse -Wall -Woverloaded-virtual  -D_FILE_OFFSET_BITS=64 -D_LARGEFILE_SOURCE -D_LARGEFILE64_SOURCE -g3  -I/docimage/libs/mpeg2dec-0.4.1-cvs/include  -D_GNU_SOURCE conftest.cpp >&5
configure:5318: $? = 0
configure:5332: result: yes
configure:5336: checking netinet/in.h presence
configure:5351: /usr/bin/ccache  g++ -E  -I/docimage/libs/mpeg2dec-0.4.1-cvs/include  -D_GNU_SOURCE conftest.cpp
configure:5357: $? = 0
configure:5371: result: yes
configure:5404: checking for netinet/in.h
configure:5412: result: yes
configure:5285: checking for stdlib.h
configure:5291: result: yes
configure:5285: checking for string.h
configure:5291: result: yes
configure:5295: checking sys/ioctl.h usability
configure:5312: /usr/bin/ccache  g++ -c -g3 -funroll-loops -fomit-frame-pointer -m32 -march=pentium3 -mmmx -msse -mfpmath=sse -Wall -Woverloaded-virtual  -D_FILE_OFFSET_BITS=64 -D_LARGEFILE_SOURCE -D_LARGEFILE64_SOURCE -g3  -I/docimage/libs/mpeg2dec-0.4.1-cvs/include  -D_GNU_SOURCE conftest.cpp >&5
configure:5318: $? = 0
configure:5332: result: yes
configure:5336: checking sys/ioctl.h presence
configure:5351: /usr/bin/ccache  g++ -E  -I/docimage/libs/mpeg2dec-0.4.1-cvs/include  -D_GNU_SOURCE conftest.cpp
configure:5357: $? = 0
configure:5371: result: yes
configure:5404: checking for sys/ioctl.h
configure:5412: result: yes
configure:5295: checking sys/socket.h usability
configure:5312: /usr/bin/ccache  g++ -c -g3 -funroll-loops -fomit-frame-pointer -m32 -march=pentium3 -mmmx -msse -mfpmath=sse -Wall -Woverloaded-virtual  -D_FILE_OFFSET_BITS=64 -D_LARGEFILE_SOURCE -D_LARGEFILE64_SOURCE -g3  -I/docimage/libs/mpeg2dec-0.4.1-cvs/include  -D_GNU_SOURCE conftest.cpp >&5
configure:5318: $? = 0
configure:5332: result: yes
configure:5336: checking sys/socket.h presence
configure:5351: /usr/bin/ccache  g++ -E  -I/docimage/libs/mpeg2dec-0.4.1-cvs/include  -D_GNU_SOURCE conftest.cpp
configure:5357: $? = 0
configure:5371: result: yes
configure:5404: checking for sys/socket.h
configure:5412: result: yes
configure:5295: checking sys/time.h usability
configure:5312: /usr/bin/ccache  g++ -c -g3 -funroll-loops -fomit-frame-pointer -m32 -march=pentium3 -mmmx -msse -mfpmath=sse -Wall -Woverloaded-virtual  -D_FILE_OFFSET_BITS=64 -D_LARGEFILE_SOURCE -D_LARGEFILE64_SOURCE -g3  -I/docimage/libs/mpeg2dec-0.4.1-cvs/include  -D_GNU_SOURCE conftest.cpp >&5
configure:5318: $? = 0
configure:5332: result: yes
configure:5336: checking sys/time.h presence
configure:5351: /usr/bin/ccache  g++ -E  -I/docimage/libs/mpeg2dec-0.4.1-cvs/include  -D_GNU_SOURCE conftest.cpp
configure:5357: $? = 0
configure:5371: result: yes
configure:5404: checking for sys/time.h
configure:5412: result: yes
configure:5295: checking sys/vfs.h usability
configure:5312: /usr/bin/ccache  g++ -c -g3 -funroll-loops -fomit-frame-pointer -m32 -march=pentium3 -mmmx -msse -mfpmath=sse -Wall -Woverloaded-virtual  -D_FILE_OFFSET_BITS=64 -D_LARGEFILE_SOURCE -D_LARGEFILE64_SOURCE -g3  -I/docimage/libs/mpeg2dec-0.4.1-cvs/include  -D_GNU_SOURCE conftest.cpp >&5
configure:5318: $? = 0
configure:5332: result: yes
configure:5336: checking sys/vfs.h presence
configure:5351: /usr/bin/ccache  g++ -E  -I/docimage/libs/mpeg2dec-0.4.1-cvs/include  -D_GNU_SOURCE conftest.cpp
configure:5357: $? = 0
configure:5371: result: yes
configure:5404: checking for sys/vfs.h
configure:5412: result: yes
configure:5295: checking syslog.h usability
configure:5312: /usr/bin/ccache  g++ -c -g3 -funroll-loops -fomit-frame-pointer -m32 -march=pentium3 -mmmx -msse -mfpmath=sse -Wall -Woverloaded-virtual  -D_FILE_OFFSET_BITS=64 -D_LARGEFILE_SOURCE -D_LARGEFILE64_SOURCE -g3  -I/docimage/libs/mpeg2dec-0.4.1-cvs/include  -D_GNU_SOURCE conftest.cpp >&5
configure:5318: $? = 0
configure:5332: result: yes
configure:5336: checking syslog.h presence
configure:5351: /usr/bin/ccache  g++ -E  -I/docimage/libs/mpeg2dec-0.4.1-cvs/include  -D_GNU_SOURCE conftest.cpp
configure:5357: $? = 0
configure:5371: result: yes
configure:5404: checking for syslog.h
configure:5412: result: yes
configure:5285: checking for unistd.h
configure:5291: result: yes
configure:5427: checking for stdbool.h that conforms to C99
configure:5520: /usr/bin/ccache  g++ -c -g3 -funroll-loops -fomit-frame-pointer -m32 -march=pentium3 -mmmx -msse -mfpmath=sse -Wall -Woverloaded-virtual  -D_FILE_OFFSET_BITS=64 -D_LARGEFILE_SOURCE -D_LARGEFILE64_SOURCE -g3  -I/docimage/libs/mpeg2dec-0.4.1-cvs/include  -D_GNU_SOURCE conftest.cpp >&5
conftest.cpp:63:12: warning: the address of 's' will always evaluate as 'true' [-Waddress]
  bool e = &s;
            ^
conftest.cpp: In function 'int main()':
conftest.cpp:105:11: warning: the address of 'a' will always evaluate as 'true' [-Waddress]
  return (!a + !b + !c + !d + !e + !f + !g + !h + !i + !!j + !k + !!l
           ^
conftest.cpp:105:16: warning: the address of 'b' will always evaluate as 'true' [-Waddress]
  return (!a + !b + !c + !d + !e + !f + !g + !h + !i + !!j + !k + !!l
                ^
conftest.cpp:105:21: warning: the address of 'c' will always evaluate as 'true' [-Waddress]
  return (!a + !b + !c + !d + !e + !f + !g + !h + !i + !!j + !k + !!l
                     ^
conftest.cpp:105:26: warning: the address of 'd' will always evaluate as 'true' [-Waddress]
  return (!a + !b + !c + !d + !e + !f + !g + !h + !i + !!j + !k + !!l
                          ^
conftest.cpp:105:36: warning: the address of 'f' will always evaluate as 'true' [-Waddress]
  return (!a + !b + !c + !d + !e + !f + !g + !h + !i + !!j + !k + !!l
                                    ^
conftest.cpp:105:41: warning: the address of 'g' will always evaluate as 'true' [-Waddress]
  return (!a + !b + !c + !d + !e + !f + !g + !h + !i + !!j + !k + !!l
                                         ^
conftest.cpp:105:46: warning: the address of 'h' will always evaluate as 'true' [-Waddress]
  return (!a + !b + !c + !d + !e + !f + !g + !h + !i + !!j + !k + !!l
                                              ^
conftest.cpp:105:51: warning: the address of 'i' will always evaluate as 'true' [-Waddress]
  return (!a + !b + !c + !d + !e + !f + !g + !h + !i + !!j + !k + !!l
                                                   ^
conftest.cpp:106:11: warning: the address of 'n' will always evaluate as 'true' [-Waddress]
           ^
conftest.cpp:106:16: warning: the address of 'o' will always evaluate as 'true' [-Waddress]
                ^
conftest.cpp:106:21: warning: the address of 'p' will always evaluate as 'true' [-Waddress]
                     ^
configure:5526: $? = 0
configure:5541: result: yes
configure:5543: checking for _Bool
configure:5573: /usr/bin/ccache  g++ -c -g3 -funroll-loops -fomit-frame-pointer -m32 -march=pentium3 -mmmx -msse -mfpmath=sse -Wall -Woverloaded-virtual  -D_FILE_OFFSET_BITS=64 -D_LARGEFILE_SOURCE -D_LARGEFILE64_SOURCE -g3  -I/docimage/libs/mpeg2dec-0.4.1-cvs/include  -D_GNU_SOURCE conftest.cpp >&5
conftest.cpp:69:9: error: '_Bool' does not name a type
 typedef _Bool ac__type_new_;
         ^
conftest.cpp: In function 'int main()':
conftest.cpp:73:6: error: 'ac__type_new_' was not declared in this scope
 if ((ac__type_new_ *) 0)
      ^
conftest.cpp:73:21: error: expected primary-expression before ')' token
 if ((ac__type_new_ *) 0)
                     ^
conftest.cpp:73:23: error: expected ')' before numeric constant
 if ((ac__type_new_ *) 0)
                       ^
conftest.cpp:75:13: error: 'ac__type_new_' was not declared in this scope
 if (sizeof (ac__type_new_))
             ^
configure:5579: $? = 1
configure: failed program was:
| /* confdefs.h.  */
| #define PACKAGE_NAME "noad"
| #define PACKAGE_TARNAME "noad"
| #define PACKAGE_VERSION "0.6.0"
| #define PACKAGE_STRING "noad 0.6.0"
| #define PACKAGE_BUGREPORT "theNoad@SoftHome.net"
| #define PACKAGE "noad"
| #define VERSION "0.6.0"
| #define _GNU_SOURCE 1
| #define _GNU_SOURCE 1
| #define HAVE_DIRENT_H 1
| #define STDC_HEADERS 1
| #define HAVE_SYS_WAIT_H 1
| #define HAVE_SYS_TYPES_H 1
| #define HAVE_SYS_STAT_H 1
| #define HAVE_STDLIB_H 1
| #define HAVE_STRING_H 1
| #define HAVE_MEMORY_H 1
| #define HAVE_STRINGS_H 1
| #define HAVE_INTTYPES_H 1
| #define HAVE_STDINT_H 1
| #define HAVE_UNISTD_H 1
| #define HAVE_ARPA_INET_H 1
| #define HAVE_FCNTL_H 1
| #define HAVE_INTTYPES_H 1
| #define HAVE_NETINET_IN_H 1
| #define HAVE_STDLIB_H 1
| #define HAVE_STRING_H 1
| #define HAVE_SYS_IOCTL_H 1
| #define HAVE_SYS_SOCKET_H 1
| #define HAVE_SYS_TIME_H 1
| #define HAVE_SYS_VFS_H 1
| #define HAVE_SYSLOG_H 1
| #define HAVE_UNISTD_H 1
| /* end confdefs.h.  */
| #include <stdio.h>
| #ifdef HAVE_SYS_TYPES_H
| # include <sys/types.h>
| #endif
| #ifdef HAVE_SYS_STAT_H
| # include <sys/stat.h>
| #endif
| #ifdef STDC_HEADERS
| # include <stdlib.h>
| # include <stddef.h>
| #else
| # ifdef HAVE_STDLIB_H
| #  include <stdlib.h>
| # endif
| #endif
| #ifdef HAVE_STRING_H
| # if !defined STDC_HEADERS && defined HAVE_MEMORY_H
| #  include <memory.h>
| # endif
| # include <string.h>
| #endif
| #ifdef HAVE_STRINGS_H
| # include <strings.h>
| #endif
| #ifdef HAVE_INTTYPES_H
| # include <inttypes.h>
| #endif
| #ifdef HAVE_STDINT_H
| # include <stdint.h>
| #endif
| #ifdef HAVE_UNISTD_H
| # include <unistd.h>
| #endif
| typedef _Bool ac__type_new_;
| int
| main ()
| {
| if ((ac__type_new_ *) 0)
|   return 0;
| if (sizeof (ac__type_new_))
|   return 0;
|   ;
|   return 0;
| }
configure:5594: result: no
configure:5613: checking for an ANSI C-conforming const
configure:5688: /usr/bin/ccache  g++ -c -g3 -funroll-loops -fomit-frame-pointer -m32 -march=pentium3 -mmmx -msse -mfpmath=sse -Wall -Woverloaded-virtual  -D_FILE_OFFSET_BITS=64 -D_LARGEFILE_SOURCE -D_LARGEFILE64_SOURCE -g3  -I/docimage/libs/mpeg2dec-0.4.1-cvs/include  -D_GNU_SOURCE conftest.cpp >&5
configure:5694: $? = 0
configure:5709: result: yes
configure:5719: checking for inline
configure:5745: /usr/bin/ccache  g++ -c -g3 -funroll-loops -fomit-frame-pointer -m32 -march=pentium3 -mmmx -msse -mfpmath=sse -Wall -Woverloaded-virtual  -D_FILE_OFFSET_BITS=64 -D_LARGEFILE_SOURCE -D_LARGEFILE64_SOURCE -g3  -I/docimage/libs/mpeg2dec-0.4.1-cvs/include  -D_GNU_SOURCE conftest.cpp >&5
configure:5751: $? = 0
configure:5769: result: inline
configure:5788: checking for mode_t
configure:5818: /usr/bin/ccache  g++ -c -g3 -funroll-loops -fomit-frame-pointer -m32 -march=pentium3 -mmmx -msse -mfpmath=sse -Wall -Woverloaded-virtual  -D_FILE_OFFSET_BITS=64 -D_LARGEFILE_SOURCE -D_LARGEFILE64_SOURCE -g3  -I/docimage/libs/mpeg2dec-0.4.1-cvs/include  -D_GNU_SOURCE conftest.cpp >&5
configure:5824: $? = 0
configure:5839: result: yes
configure:5851: checking for pid_t
configure:5881: /usr/bin/ccache  g++ -c -g3 -funroll-loops -fomit-frame-pointer -m32 -march=pentium3 -mmmx -msse -mfpmath=sse -Wall -Woverloaded-virtual  -D_FILE_OFFSET_BITS=64 -D_LARGEFILE_SOURCE -D_LARGEFILE64_SOURCE -g3  -I/docimage/libs/mpeg2dec-0.4.1-cvs/include  -D_GNU_SOURCE conftest.cpp >&5
configure:5887: $? = 0
configure:5902: result: yes
configure:5914: checking for size_t
configure:5944: /usr/bin/ccache  g++ -c -g3 -funroll-loops -fomit-frame-pointer -m32 -march=pentium3 -mmmx -msse -mfpmath=sse -Wall -Woverloaded-virtual  -D_FILE_OFFSET_BITS=64 -D_LARGEFILE_SOURCE -D_LARGEFILE64_SOURCE -g3  -I/docimage/libs/mpeg2dec-0.4.1-cvs/include  -D_GNU_SOURCE conftest.cpp >&5
configure:5950: $? = 0
configure:5965: result: yes
configure:5977: checking whether time.h and sys/time.h may both be included
configure:6007: /usr/bin/ccache  g++ -c -g3 -funroll-loops -fomit-frame-pointer -m32 -march=pentium3 -mmmx -msse -mfpmath=sse -Wall -Woverloaded-virtual  -D_FILE_OFFSET_BITS=64 -D_LARGEFILE_SOURCE -D_LARGEFILE64_SOURCE -g3  -I/docimage/libs/mpeg2dec-0.4.1-cvs/include  -D_GNU_SOURCE conftest.cpp >&5
configure:6013: $? = 0
configure:6028: result: yes
configure:6038: checking whether struct tm is in sys/time.h or time.h
configure:6068: /usr/bin/ccache  g++ -c -g3 -funroll-loops -fomit-frame-pointer -m32 -march=pentium3 -mmmx -msse -mfpmath=sse -Wall -Woverloaded-virtual  -D_FILE_OFFSET_BITS=64 -D_LARGEFILE_SOURCE -D_LARGEFILE64_SOURCE -g3  -I/docimage/libs/mpeg2dec-0.4.1-cvs/include  -D_GNU_SOURCE conftest.cpp >&5
configure:6074: $? = 0
configure:6089: result: time.h
configure:6101: checking whether closedir returns void
configure:6135: /usr/bin/ccache  g++ -o conftest -g3 -funroll-loops -fomit-frame-pointer -m32 -march=pentium3 -mmmx -msse -mfpmath=sse -Wall -Woverloaded-virtual  -D_FILE_OFFSET_BITS=64 -D_LARGEFILE_SOURCE -D_LARGEFILE64_SOURCE -g3  -I/docimage/libs/mpeg2dec-0.4.1-cvs/include  -D_GNU_SOURCE  -L/docimage/libs/mpeg2dec-0.4.1-cvs/libmpeg2/.libs  conftest.cpp  >&5
configure:6138: $? = 0
configure:6144: ./conftest
configure:6147: $? = 0
configure:6163: result: no
configure:6188: checking vfork.h usability
configure:6205: /usr/bin/ccache  g++ -c -g3 -funroll-loops -fomit-frame-pointer -m32 -march=pentium3 -mmmx -msse -mfpmath=sse -Wall -Woverloaded-virtual  -D_FILE_OFFSET_BITS=64 -D_LARGEFILE_SOURCE -D_LARGEFILE64_SOURCE -g3  -I/docimage/libs/mpeg2dec-0.4.1-cvs/include  -D_GNU_SOURCE conftest.cpp >&5
conftest.cpp:71:19: fatal error: vfork.h: No such file or directory
compilation terminated.
configure:6211: $? = 1
configure: failed program was:
| /* confdefs.h.  */
| #define PACKAGE_NAME "noad"
| #define PACKAGE_TARNAME "noad"
| #define PACKAGE_VERSION "0.6.0"
| #define PACKAGE_STRING "noad 0.6.0"
| #define PACKAGE_BUGREPORT "theNoad@SoftHome.net"
| #define PACKAGE "noad"
| #define VERSION "0.6.0"
| #define _GNU_SOURCE 1
| #define _GNU_SOURCE 1
| #define HAVE_DIRENT_H 1
| #define STDC_HEADERS 1
| #define HAVE_SYS_WAIT_H 1
| #define HAVE_SYS_TYPES_H 1
| #define HAVE_SYS_STAT_H 1
| #define HAVE_STDLIB_H 1
| #define HAVE_STRING_H 1
| #define HAVE_MEMORY_H 1
| #define HAVE_STRINGS_H 1
| #define HAVE_INTTYPES_H 1
| #define HAVE_STDINT_H 1
| #define HAVE_UNISTD_H 1
| #define HAVE_ARPA_INET_H 1
| #define HAVE_FCNTL_H 1
| #define HAVE_INTTYPES_H 1
| #define HAVE_NETINET_IN_H 1
| #define HAVE_STDLIB_H 1
| #define HAVE_STRING_H 1
| #define HAVE_SYS_IOCTL_H 1
| #define HAVE_SYS_SOCKET_H 1
| #define HAVE_SYS_TIME_H 1
| #define HAVE_SYS_VFS_H 1
| #define HAVE_SYSLOG_H 1
| #define HAVE_UNISTD_H 1
| #define HAVE_STDBOOL_H 1
| #define TIME_WITH_SYS_TIME 1
| /* end confdefs.h.  */
| #include <stdio.h>
| #ifdef HAVE_SYS_TYPES_H
| # include <sys/types.h>
| #endif
| #ifdef HAVE_SYS_STAT_H
| # include <sys/stat.h>
| #endif
| #ifdef STDC_HEADERS
| # include <stdlib.h>
| # include <stddef.h>
| #else
| # ifdef HAVE_STDLIB_H
| #  include <stdlib.h>
| # endif
| #endif
| #ifdef HAVE_STRING_H
| # if !defined STDC_HEADERS && defined HAVE_MEMORY_H
| #  include <memory.h>
| # endif
| # include <string.h>
| #endif
| #ifdef HAVE_STRINGS_H
| # include <strings.h>
| #endif
| #ifdef HAVE_INTTYPES_H
| # include <inttypes.h>
| #endif
| #ifdef HAVE_STDINT_H
| # include <stdint.h>
| #endif
| #ifdef HAVE_UNISTD_H
| # include <unistd.h>
| #endif
| #include <vfork.h>
configure:6225: result: no
configure:6229: checking vfork.h presence
configure:6244: /usr/bin/ccache  g++ -E  -I/docimage/libs/mpeg2dec-0.4.1-cvs/include  -D_GNU_SOURCE conftest.cpp
conftest.cpp:38:19: fatal error: vfork.h: No such file or directory
compilation terminated.
configure:6250: $? = 1
configure: failed program was:
| /* confdefs.h.  */
| #define PACKAGE_NAME "noad"
| #define PACKAGE_TARNAME "noad"
| #define PACKAGE_VERSION "0.6.0"
| #define PACKAGE_STRING "noad 0.6.0"
| #define PACKAGE_BUGREPORT "theNoad@SoftHome.net"
| #define PACKAGE "noad"
| #define VERSION "0.6.0"
| #define _GNU_SOURCE 1
| #define _GNU_SOURCE 1
| #define HAVE_DIRENT_H 1
| #define STDC_HEADERS 1
| #define HAVE_SYS_WAIT_H 1
| #define HAVE_SYS_TYPES_H 1
| #define HAVE_SYS_STAT_H 1
| #define HAVE_STDLIB_H 1
| #define HAVE_STRING_H 1
| #define HAVE_MEMORY_H 1
| #define HAVE_STRINGS_H 1
| #define HAVE_INTTYPES_H 1
| #define HAVE_STDINT_H 1
| #define HAVE_UNISTD_H 1
| #define HAVE_ARPA_INET_H 1
| #define HAVE_FCNTL_H 1
| #define HAVE_INTTYPES_H 1
| #define HAVE_NETINET_IN_H 1
| #define HAVE_STDLIB_H 1
| #define HAVE_STRING_H 1
| #define HAVE_SYS_IOCTL_H 1
| #define HAVE_SYS_SOCKET_H 1
| #define HAVE_SYS_TIME_H 1
| #define HAVE_SYS_VFS_H 1
| #define HAVE_SYSLOG_H 1
| #define HAVE_UNISTD_H 1
| #define HAVE_STDBOOL_H 1
| #define TIME_WITH_SYS_TIME 1
| /* end confdefs.h.  */
| #include <vfork.h>
configure:6264: result: no
configure:6297: checking for vfork.h
configure:6305: result: no
configure:6323: checking for fork
configure:6379: /usr/bin/ccache  g++ -o conftest -g3 -funroll-loops -fomit-frame-pointer -m32 -march=pentium3 -mmmx -msse -mfpmath=sse -Wall -Woverloaded-virtual  -D_FILE_OFFSET_BITS=64 -D_LARGEFILE_SOURCE -D_LARGEFILE64_SOURCE -g3  -I/docimage/libs/mpeg2dec-0.4.1-cvs/include  -D_GNU_SOURCE  -L/docimage/libs/mpeg2dec-0.4.1-cvs/libmpeg2/.libs  conftest.cpp  >&5
configure:6385: $? = 0
configure:6403: result: yes
configure:6323: checking for vfork
configure:6379: /usr/bin/ccache  g++ -o conftest -g3 -funroll-loops -fomit-frame-pointer -m32 -march=pentium3 -mmmx -msse -mfpmath=sse -Wall -Woverloaded-virtual  -D_FILE_OFFSET_BITS=64 -D_LARGEFILE_SOURCE -D_LARGEFILE64_SOURCE -g3  -I/docimage/libs/mpeg2dec-0.4.1-cvs/include  -D_GNU_SOURCE  -L/docimage/libs/mpeg2dec-0.4.1-cvs/libmpeg2/.libs  conftest.cpp  >&5
configure:6385: $? = 0
configure:6403: result: yes
configure:6414: checking for working fork
configure:6446: /usr/bin/ccache  g++ -o conftest -g3 -funroll-loops -fomit-frame-pointer -m32 -march=pentium3 -mmmx -msse -mfpmath=sse -Wall -Woverloaded-virtual  -D_FILE_OFFSET_BITS=64 -D_LARGEFILE_SOURCE -D_LARGEFILE64_SOURCE -g3  -I/docimage/libs/mpeg2dec-0.4.1-cvs/include  -D_GNU_SOURCE  -L/docimage/libs/mpeg2dec-0.4.1-cvs/libmpeg2/.libs  conftest.cpp  >&5
configure:6449: $? = 0
configure:6455: ./conftest
configure:6458: $? = 0
configure:6474: result: yes
configure:6495: checking for working vfork
configure:6633: result: yes
configure:6669: checking for stdlib.h
configure:6675: result: yes
configure:6809: checking for GNU libc compatible malloc
configure:6843: /usr/bin/ccache  g++ -o conftest -g3 -funroll-loops -fomit-frame-pointer -m32 -march=pentium3 -mmmx -msse -mfpmath=sse -Wall -Woverloaded-virtual  -D_FILE_OFFSET_BITS=64 -D_LARGEFILE_SOURCE -D_LARGEFILE64_SOURCE -g3  -I/docimage/libs/mpeg2dec-0.4.1-cvs/include  -D_GNU_SOURCE  -L/docimage/libs/mpeg2dec-0.4.1-cvs/libmpeg2/.libs  conftest.cpp  >&5
configure:6846: $? = 0
configure:6852: ./conftest
configure:6855: $? = 0
configure:6871: result: yes
configure:6904: checking for stdlib.h
configure:6910: result: yes
configure:7044: checking for GNU libc compatible realloc
configure:7078: /usr/bin/ccache  g++ -o conftest -g3 -funroll-loops -fomit-frame-pointer -m32 -march=pentium3 -mmmx -msse -mfpmath=sse -Wall -Woverloaded-virtual  -D_FILE_OFFSET_BITS=64 -D_LARGEFILE_SOURCE -D_LARGEFILE64_SOURCE -g3  -I/docimage/libs/mpeg2dec-0.4.1-cvs/include  -D_GNU_SOURCE  -L/docimage/libs/mpeg2dec-0.4.1-cvs/libmpeg2/.libs  conftest.cpp  >&5
configure:7081: $? = 0
configure:7087: ./conftest
configure:7090: $? = 0
configure:7106: result: yes
configure:7150: checking sys/select.h usability
configure:7167: /usr/bin/ccache  g++ -c -g3 -funroll-loops -fomit-frame-pointer -m32 -march=pentium3 -mmmx -msse -mfpmath=sse -Wall -Woverloaded-virtual  -D_FILE_OFFSET_BITS=64 -D_LARGEFILE_SOURCE -D_LARGEFILE64_SOURCE -g3  -I/docimage/libs/mpeg2dec-0.4.1-cvs/include  -D_GNU_SOURCE conftest.cpp >&5
configure:7173: $? = 0
configure:7187: result: yes
configure:7191: checking sys/select.h presence
configure:7206: /usr/bin/ccache  g++ -E  -I/docimage/libs/mpeg2dec-0.4.1-cvs/include  -D_GNU_SOURCE conftest.cpp
configure:7212: $? = 0
configure:7226: result: yes
configure:7259: checking for sys/select.h
configure:7267: result: yes
configure:7140: checking for sys/socket.h
configure:7146: result: yes
configure:7280: checking types of arguments for select
configure:7318: /usr/bin/ccache  g++ -c -g3 -funroll-loops -fomit-frame-pointer -m32 -march=pentium3 -mmmx -msse -mfpmath=sse -Wall -Woverloaded-virtual  -D_FILE_OFFSET_BITS=64 -D_LARGEFILE_SOURCE -D_LARGEFILE64_SOURCE -g3  -I/docimage/libs/mpeg2dec-0.4.1-cvs/include  -D_GNU_SOURCE conftest.cpp >&5
configure:7324: $? = 0
configure:7345: result: int,fd_set *,struct timeval *
configure:7368: checking whether lstat dereferences a symlink specified with a trailing slash
configure:7404: /usr/bin/ccache  g++ -o conftest -g3 -funroll-loops -fomit-frame-pointer -m32 -march=pentium3 -mmmx -msse -mfpmath=sse -Wall -Woverloaded-virtual  -D_FILE_OFFSET_BITS=64 -D_LARGEFILE_SOURCE -D_LARGEFILE64_SOURCE -g3  -I/docimage/libs/mpeg2dec-0.4.1-cvs/include  -D_GNU_SOURCE  -L/docimage/libs/mpeg2dec-0.4.1-cvs/libmpeg2/.libs  conftest.cpp  >&5
configure:7407: $? = 0
configure:7413: ./conftest
configure:7416: $? = 0
configure:7439: result: yes
configure:7458: checking whether stat accepts an empty string
configure:7488: /usr/bin/ccache  g++ -o conftest -g3 -funroll-loops -fomit-frame-pointer -m32 -march=pentium3 -mmmx -msse -mfpmath=sse -Wall -Woverloaded-virtual  -D_FILE_OFFSET_BITS=64 -D_LARGEFILE_SOURCE -D_LARGEFILE64_SOURCE -g3  -I/docimage/libs/mpeg2dec-0.4.1-cvs/include  -D_GNU_SOURCE  -L/docimage/libs/mpeg2dec-0.4.1-cvs/libmpeg2/.libs  conftest.cpp  >&5
configure:7491: $? = 0
configure:7497: ./conftest
configure:7500: $? = 0
configure:7516: result: no
configure:7536: checking for strftime
configure:7592: /usr/bin/ccache  g++ -o conftest -g3 -funroll-loops -fomit-frame-pointer -m32 -march=pentium3 -mmmx -msse -mfpmath=sse -Wall -Woverloaded-virtual  -D_FILE_OFFSET_BITS=64 -D_LARGEFILE_SOURCE -D_LARGEFILE64_SOURCE -g3  -I/docimage/libs/mpeg2dec-0.4.1-cvs/include  -D_GNU_SOURCE  -L/docimage/libs/mpeg2dec-0.4.1-cvs/libmpeg2/.libs  conftest.cpp  >&5
configure:7598: $? = 0
configure:7616: result: yes
configure:7712: checking for gettimeofday
configure:7768: /usr/bin/ccache  g++ -o conftest -g3 -funroll-loops -fomit-frame-pointer -m32 -march=pentium3 -mmmx -msse -mfpmath=sse -Wall -Woverloaded-virtual  -D_FILE_OFFSET_BITS=64 -D_LARGEFILE_SOURCE -D_LARGEFILE64_SOURCE -g3  -I/docimage/libs/mpeg2dec-0.4.1-cvs/include  -D_GNU_SOURCE  -L/docimage/libs/mpeg2dec-0.4.1-cvs/libmpeg2/.libs  conftest.cpp  >&5
configure:7774: $? = 0
configure:7792: result: yes
configure:7712: checking for localtime_r
configure:7768: /usr/bin/ccache  g++ -o conftest -g3 -funroll-loops -fomit-frame-pointer -m32 -march=pentium3 -mmmx -msse -mfpmath=sse -Wall -Woverloaded-virtual  -D_FILE_OFFSET_BITS=64 -D_LARGEFILE_SOURCE -D_LARGEFILE64_SOURCE -g3  -I/docimage/libs/mpeg2dec-0.4.1-cvs/include  -D_GNU_SOURCE  -L/docimage/libs/mpeg2dec-0.4.1-cvs/libmpeg2/.libs  conftest.cpp  >&5
configure:7774: $? = 0
configure:7792: result: yes
configure:7712: checking for memmove
configure:7768: /usr/bin/ccache  g++ -o conftest -g3 -funroll-loops -fomit-frame-pointer -m32 -march=pentium3 -mmmx -msse -mfpmath=sse -Wall -Woverloaded-virtual  -D_FILE_OFFSET_BITS=64 -D_LARGEFILE_SOURCE -D_LARGEFILE64_SOURCE -g3  -I/docimage/libs/mpeg2dec-0.4.1-cvs/include  -D_GNU_SOURCE  -L/docimage/libs/mpeg2dec-0.4.1-cvs/libmpeg2/.libs  conftest.cpp  >&5
configure:7774: $? = 0
configure:7792: result: yes
configure:7712: checking for memset
configure:7768: /usr/bin/ccache  g++ -o conftest -g3 -funroll-loops -fomit-frame-pointer -m32 -march=pentium3 -mmmx -msse -mfpmath=sse -Wall -Woverloaded-virtual  -D_FILE_OFFSET_BITS=64 -D_LARGEFILE_SOURCE -D_LARGEFILE64_SOURCE -g3  -I/docimage/libs/mpeg2dec-0.4.1-cvs/include  -D_GNU_SOURCE  -L/docimage/libs/mpeg2dec-0.4.1-cvs/libmpeg2/.libs  conftest.cpp  >&5
configure:7774: $? = 0
configure:7792: result: yes
configure:7712: checking for mkdir
configure:7768: /usr/bin/ccache  g++ -o conftest -g3 -funroll-loops -fomit-frame-pointer -m32 -march=pentium3 -mmmx -msse -mfpmath=sse -Wall -Woverloaded-virtual  -D_FILE_OFFSET_BITS=64 -D_LARGEFILE_SOURCE -D_LARGEFILE64_SOURCE -g3  -I/docimage/libs/mpeg2dec-0.4.1-cvs/include  -D_GNU_SOURCE  -L/docimage/libs/mpeg2dec-0.4.1-cvs/libmpeg2/.libs  conftest.cpp  >&5
configure:7774: $? = 0
configure:7792: result: yes
configure:7712: checking for select
configure:7768: /usr/bin/ccache  g++ -o conftest -g3 -funroll-loops -fomit-frame-pointer -m32 -march=pentium3 -mmmx -msse -mfpmath=sse -Wall -Woverloaded-virtual  -D_FILE_OFFSET_BITS=64 -D_LARGEFILE_SOURCE -D_LARGEFILE64_SOURCE -g3  -I/docimage/libs/mpeg2dec-0.4.1-cvs/include  -D_GNU_SOURCE  -L/docimage/libs/mpeg2dec-0.4.1-cvs/libmpeg2/.libs  conftest.cpp  >&5
configure:7774: $? = 0
configure:7792: result: yes
configure:7712: checking for socket
configure:7768: /usr/bin/ccache  g++ -o conftest -g3 -funroll-loops -fomit-frame-pointer -m32 -march=pentium3 -mmmx -msse -mfpmath=sse -Wall -Woverloaded-virtual  -D_FILE_OFFSET_BITS=64 -D_LARGEFILE_SOURCE -D_LARGEFILE64_SOURCE -g3  -I/docimage/libs/mpeg2dec-0.4.1-cvs/include  -D_GNU_SOURCE  -L/docimage/libs/mpeg2dec-0.4.1-cvs/libmpeg2/.libs  conftest.cpp  >&5
configure:7774: $? = 0
configure:7792: result: yes
configure:7712: checking for strchr
configure:7768: /usr/bin/ccache  g++ -o conftest -g3 -funroll-loops -fomit-frame-pointer -m32 -march=pentium3 -mmmx -msse -mfpmath=sse -Wall -Woverloaded-virtual  -D_FILE_OFFSET_BITS=64 -D_LARGEFILE_SOURCE -D_LARGEFILE64_SOURCE -g3  -I/docimage/libs/mpeg2dec-0.4.1-cvs/include  -D_GNU_SOURCE  -L/docimage/libs/mpeg2dec-0.4.1-cvs/libmpeg2/.libs  conftest.cpp  >&5
configure:7774: $? = 0
configure:7792: result: yes
configure:7712: checking for strdup
configure:7768: /usr/bin/ccache  g++ -o conftest -g3 -funroll-loops -fomit-frame-pointer -m32 -march=pentium3 -mmmx -msse -mfpmath=sse -Wall -Woverloaded-virtual  -D_FILE_OFFSET_BITS=64 -D_LARGEFILE_SOURCE -D_LARGEFILE64_SOURCE -g3  -I/docimage/libs/mpeg2dec-0.4.1-cvs/include  -D_GNU_SOURCE  -L/docimage/libs/mpeg2dec-0.4.1-cvs/libmpeg2/.libs  conftest.cpp  >&5
configure:7774: $? = 0
configure:7792: result: yes
configure:7712: checking for strerror
configure:7768: /usr/bin/ccache  g++ -o conftest -g3 -funroll-loops -fomit-frame-pointer -m32 -march=pentium3 -mmmx -msse -mfpmath=sse -Wall -Woverloaded-virtual  -D_FILE_OFFSET_BITS=64 -D_LARGEFILE_SOURCE -D_LARGEFILE64_SOURCE -g3  -I/docimage/libs/mpeg2dec-0.4.1-cvs/include  -D_GNU_SOURCE  -L/docimage/libs/mpeg2dec-0.4.1-cvs/libmpeg2/.libs  conftest.cpp  >&5
configure:7774: $? = 0
configure:7792: result: yes
configure:7712: checking for strrchr
configure:7768: /usr/bin/ccache  g++ -o conftest -g3 -funroll-loops -fomit-frame-pointer -m32 -march=pentium3 -mmmx -msse -mfpmath=sse -Wall -Woverloaded-virtual  -D_FILE_OFFSET_BITS=64 -D_LARGEFILE_SOURCE -D_LARGEFILE64_SOURCE -g3  -I/docimage/libs/mpeg2dec-0.4.1-cvs/include  -D_GNU_SOURCE  -L/docimage/libs/mpeg2dec-0.4.1-cvs/libmpeg2/.libs  conftest.cpp  >&5
configure:7774: $? = 0
configure:7792: result: yes
configure:7712: checking for strstr
configure:7768: /usr/bin/ccache  g++ -o conftest -g3 -funroll-loops -fomit-frame-pointer -m32 -march=pentium3 -mmmx -msse -mfpmath=sse -Wall -Woverloaded-virtual  -D_FILE_OFFSET_BITS=64 -D_LARGEFILE_SOURCE -D_LARGEFILE64_SOURCE -g3  -I/docimage/libs/mpeg2dec-0.4.1-cvs/include  -D_GNU_SOURCE  -L/docimage/libs/mpeg2dec-0.4.1-cvs/libmpeg2/.libs  conftest.cpp  >&5
configure:7774: $? = 0
configure:7792: result: yes
configure:7806: checking for strsignal
configure:7862: /usr/bin/ccache  g++ -o conftest -g3 -funroll-loops -fomit-frame-pointer -m32 -march=pentium3 -mmmx -msse -mfpmath=sse -Wall -Woverloaded-virtual  -D_FILE_OFFSET_BITS=64 -D_LARGEFILE_SOURCE -D_LARGEFILE64_SOURCE -g3  -I/docimage/libs/mpeg2dec-0.4.1-cvs/include  -D_GNU_SOURCE  -L/docimage/libs/mpeg2dec-0.4.1-cvs/libmpeg2/.libs  conftest.cpp  >&5
configure:7868: $? = 0
configure:7886: result: yes
configure:8070: checking /docimage/libs/mpeg2dec-0.4.1-cvs/include/mpeg2.h usability
configure:8087: /usr/bin/ccache  g++ -c -g3 -funroll-loops -fomit-frame-pointer -m32 -march=pentium3 -mmmx -msse -mfpmath=sse -Wall -Woverloaded-virtual  -D_FILE_OFFSET_BITS=64 -D_LARGEFILE_SOURCE -D_LARGEFILE64_SOURCE -g3 -O3  -I/docimage/libs/mpeg2dec-0.4.1-cvs/include  -D_GNU_SOURCE conftest.cpp >&5
conftest.cpp:99:61: fatal error: /docimage/libs/mpeg2dec-0.4.1-cvs/include/mpeg2.h: No such file or directory
compilation terminated.
configure:8093: $? = 1
configure: failed program was:
| /* confdefs.h.  */
| #define PACKAGE_NAME "noad"
| #define PACKAGE_TARNAME "noad"
| #define PACKAGE_VERSION "0.6.0"
| #define PACKAGE_STRING "noad 0.6.0"
| #define PACKAGE_BUGREPORT "theNoad@SoftHome.net"
| #define PACKAGE "noad"
| #define VERSION "0.6.0"
| #define _GNU_SOURCE 1
| #define _GNU_SOURCE 1
| #define HAVE_DIRENT_H 1
| #define STDC_HEADERS 1
| #define HAVE_SYS_WAIT_H 1
| #define HAVE_SYS_TYPES_H 1
| #define HAVE_SYS_STAT_H 1
| #define HAVE_STDLIB_H 1
| #define HAVE_STRING_H 1
| #define HAVE_MEMORY_H 1
| #define HAVE_STRINGS_H 1
| #define HAVE_INTTYPES_H 1
| #define HAVE_STDINT_H 1
| #define HAVE_UNISTD_H 1
| #define HAVE_ARPA_INET_H 1
| #define HAVE_FCNTL_H 1
| #define HAVE_INTTYPES_H 1
| #define HAVE_NETINET_IN_H 1
| #define HAVE_STDLIB_H 1
| #define HAVE_STRING_H 1
| #define HAVE_SYS_IOCTL_H 1
| #define HAVE_SYS_SOCKET_H 1
| #define HAVE_SYS_TIME_H 1
| #define HAVE_SYS_VFS_H 1
| #define HAVE_SYSLOG_H 1
| #define HAVE_UNISTD_H 1
| #define HAVE_STDBOOL_H 1
| #define TIME_WITH_SYS_TIME 1
| #define HAVE_FORK 1
| #define HAVE_VFORK 1
| #define HAVE_WORKING_VFORK 1
| #define HAVE_WORKING_FORK 1
| #define HAVE_STDLIB_H 1
| #define HAVE_MALLOC 1
| #define HAVE_STDLIB_H 1
| #define HAVE_REALLOC 1
| #define HAVE_SYS_SELECT_H 1
| #define HAVE_SYS_SOCKET_H 1
| #define SELECT_TYPE_ARG1 int
| #define SELECT_TYPE_ARG234 (fd_set *)
| #define SELECT_TYPE_ARG5 (struct timeval *)
| #define LSTAT_FOLLOWS_SLASHED_SYMLINK 1
| #define HAVE_STRFTIME 1
| #define HAVE_GETTIMEOFDAY 1
| #define HAVE_LOCALTIME_R 1
| #define HAVE_MEMMOVE 1
| #define HAVE_MEMSET 1
| #define HAVE_MKDIR 1
| #define HAVE_SELECT 1
| #define HAVE_SOCKET 1
| #define HAVE_STRCHR 1
| #define HAVE_STRDUP 1
| #define HAVE_STRERROR 1
| #define HAVE_STRRCHR 1
| #define HAVE_STRSTR 1
| #define HAVE_STRSIGNAL 1
| /* end confdefs.h.  */
| #include <stdio.h>
| #ifdef HAVE_SYS_TYPES_H
| # include <sys/types.h>
| #endif
| #ifdef HAVE_SYS_STAT_H
| # include <sys/stat.h>
| #endif
| #ifdef STDC_HEADERS
| # include <stdlib.h>
| # include <stddef.h>
| #else
| # ifdef HAVE_STDLIB_H
| #  include <stdlib.h>
| # endif
| #endif
| #ifdef HAVE_STRING_H
| # if !defined STDC_HEADERS && defined HAVE_MEMORY_H
| #  include <memory.h>
| # endif
| # include <string.h>
| #endif
| #ifdef HAVE_STRINGS_H
| # include <strings.h>
| #endif
| #ifdef HAVE_INTTYPES_H
| # include <inttypes.h>
| #endif
| #ifdef HAVE_STDINT_H
| # include <stdint.h>
| #endif
| #ifdef HAVE_UNISTD_H
| # include <unistd.h>
| #endif
| #include </docimage/libs/mpeg2dec-0.4.1-cvs/include/mpeg2.h>
configure:8107: result: no
configure:8111: checking /docimage/libs/mpeg2dec-0.4.1-cvs/include/mpeg2.h presence
configure:8126: /usr/bin/ccache  g++ -E  -I/docimage/libs/mpeg2dec-0.4.1-cvs/include  -D_GNU_SOURCE conftest.cpp
conftest.cpp:66:61: fatal error: /docimage/libs/mpeg2dec-0.4.1-cvs/include/mpeg2.h: No such file or directory
compilation terminated.
configure:8132: $? = 1
configure: failed program was:
| /* confdefs.h.  */
| #define PACKAGE_NAME "noad"
| #define PACKAGE_TARNAME "noad"
| #define PACKAGE_VERSION "0.6.0"
| #define PACKAGE_STRING "noad 0.6.0"
| #define PACKAGE_BUGREPORT "theNoad@SoftHome.net"
| #define PACKAGE "noad"
| #define VERSION "0.6.0"
| #define _GNU_SOURCE 1
| #define _GNU_SOURCE 1
| #define HAVE_DIRENT_H 1
| #define STDC_HEADERS 1
| #define HAVE_SYS_WAIT_H 1
| #define HAVE_SYS_TYPES_H 1
| #define HAVE_SYS_STAT_H 1
| #define HAVE_STDLIB_H 1
| #define HAVE_STRING_H 1
| #define HAVE_MEMORY_H 1
| #define HAVE_STRINGS_H 1
| #define HAVE_INTTYPES_H 1
| #define HAVE_STDINT_H 1
| #define HAVE_UNISTD_H 1
| #define HAVE_ARPA_INET_H 1
| #define HAVE_FCNTL_H 1
| #define HAVE_INTTYPES_H 1
| #define HAVE_NETINET_IN_H 1
| #define HAVE_STDLIB_H 1
| #define HAVE_STRING_H 1
| #define HAVE_SYS_IOCTL_H 1
| #define HAVE_SYS_SOCKET_H 1
| #define HAVE_SYS_TIME_H 1
| #define HAVE_SYS_VFS_H 1
| #define HAVE_SYSLOG_H 1
| #define HAVE_UNISTD_H 1
| #define HAVE_STDBOOL_H 1
| #define TIME_WITH_SYS_TIME 1
| #define HAVE_FORK 1
| #define HAVE_VFORK 1
| #define HAVE_WORKING_VFORK 1
| #define HAVE_WORKING_FORK 1
| #define HAVE_STDLIB_H 1
| #define HAVE_MALLOC 1
| #define HAVE_STDLIB_H 1
| #define HAVE_REALLOC 1
| #define HAVE_SYS_SELECT_H 1
| #define HAVE_SYS_SOCKET_H 1
| #define SELECT_TYPE_ARG1 int
| #define SELECT_TYPE_ARG234 (fd_set *)
| #define SELECT_TYPE_ARG5 (struct timeval *)
| #define LSTAT_FOLLOWS_SLASHED_SYMLINK 1
| #define HAVE_STRFTIME 1
| #define HAVE_GETTIMEOFDAY 1
| #define HAVE_LOCALTIME_R 1
| #define HAVE_MEMMOVE 1
| #define HAVE_MEMSET 1
| #define HAVE_MKDIR 1
| #define HAVE_SELECT 1
| #define HAVE_SOCKET 1
| #define HAVE_STRCHR 1
| #define HAVE_STRDUP 1
| #define HAVE_STRERROR 1
| #define HAVE_STRRCHR 1
| #define HAVE_STRSTR 1
| #define HAVE_STRSIGNAL 1
| /* end confdefs.h.  */
| #include </docimage/libs/mpeg2dec-0.4.1-cvs/include/mpeg2.h>
configure:8146: result: no
configure:8179: checking for /docimage/libs/mpeg2dec-0.4.1-cvs/include/mpeg2.h
configure:8187: result: no
configure:8212: checking for mpeg2_reset in -lmpeg2
configure:8247: /usr/bin/ccache  g++ -o conftest -g3 -funroll-loops -fomit-frame-pointer -m32 -march=pentium3 -mmmx -msse -mfpmath=sse -Wall -Woverloaded-virtual  -D_FILE_OFFSET_BITS=64 -D_LARGEFILE_SOURCE -D_LARGEFILE64_SOURCE -g3 -O3  -I/docimage/libs/mpeg2dec-0.4.1-cvs/include  -D_GNU_SOURCE  -L/docimage/libs/mpeg2dec-0.4.1-cvs/libmpeg2/.libs  conftest.cpp -lmpeg2   >&5
configure:8253: $? = 0
configure:8271: result: yes
configure:8436: error: "can't find useable mpeg2.h"

## ---------------- ##
## Cache variables. ##
## ---------------- ##

ac_cv_c_compiler_gnu=yes
ac_cv_c_const=yes
ac_cv_c_inline=inline
ac_cv_cxx_compiler_gnu=yes
ac_cv_env_CCC_set=
ac_cv_env_CCC_value=
ac_cv_env_CC_set=set
ac_cv_env_CC_value='/usr/bin/ccache  gcc'
ac_cv_env_CFLAGS_set=set
ac_cv_env_CFLAGS_value='-O2 -g -pg -m32 -march=pentium3 -mmmx -msse -mfpmath=sse'
ac_cv_env_CPPFLAGS_set=
ac_cv_env_CPPFLAGS_value=
ac_cv_env_CXXCPP_set=
ac_cv_env_CXXCPP_value=
ac_cv_env_CXXFLAGS_set=set
ac_cv_env_CXXFLAGS_value='-g3 -funroll-loops -fomit-frame-pointer -m32 -march=pentium3 -mmmx -msse -mfpmath=sse -Wall -Woverloaded-virtual  -D_FILE_OFFSET_BITS=64 -D_LARGEFILE_SOURCE -D_LARGEFILE64_SOURCE -g3'
ac_cv_env_CXX_set=set
ac_cv_env_CXX_value='/usr/bin/ccache  g++'
ac_cv_env_LDFLAGS_set=
ac_cv_env_LDFLAGS_value=
ac_cv_env_LIBS_set=
ac_cv_env_LIBS_value=
ac_cv_env_build_alias_set=
ac_cv_env_build_alias_value=
ac_cv_env_host_alias_set=
ac_cv_env_host_alias_value=
ac_cv_env_target_alias_set=
ac_cv_env_target_alias_value=
ac_cv_func_closedir_void=no
ac_cv_func_fork=yes
ac_cv_func_fork_works=yes
ac_cv_func_gettimeofday=yes
ac_cv_func_localtime_r=yes
ac_cv_func_lstat_dereferences_slashed_symlink=yes
ac_cv_func_malloc_0_nonnull=yes
ac_cv_func_memmove=yes
ac_cv_func_memset=yes
ac_cv_func_mkdir=yes
ac_cv_func_realloc_0_nonnull=yes
ac_cv_func_select=yes
ac_cv_func_select_args='int,fd_set *,struct timeval *'
ac_cv_func_socket=yes
ac_cv_func_stat_empty_string_bug=no
ac_cv_func_strchr=yes
ac_cv_func_strdup=yes
ac_cv_func_strerror=yes
ac_cv_func_strftime=yes
ac_cv_func_strrchr=yes
ac_cv_func_strsignal=yes
ac_cv_func_strstr=yes
ac_cv_func_vfork=yes
ac_cv_func_vfork_works=yes
ac_cv_header__docimage_libs_mpeg2dec_0_4_1_cvs_include_mpeg2_h=no
ac_cv_header_arpa_inet_h=yes
ac_cv_header_dirent_dirent_h=yes
ac_cv_header_fcntl_h=yes
ac_cv_header_inttypes_h=yes
ac_cv_header_memory_h=yes
ac_cv_header_netinet_in_h=yes
ac_cv_header_stdbool_h=yes
ac_cv_header_stdc=yes
ac_cv_header_stdint_h=yes
ac_cv_header_stdlib_h=yes
ac_cv_header_string_h=yes
ac_cv_header_strings_h=yes
ac_cv_header_sys_ioctl_h=yes
ac_cv_header_sys_select_h=yes
ac_cv_header_sys_socket_h=yes
ac_cv_header_sys_stat_h=yes
ac_cv_header_sys_time_h=yes
ac_cv_header_sys_types_h=yes
ac_cv_header_sys_vfs_h=yes
ac_cv_header_sys_wait_h=yes
ac_cv_header_syslog_h=yes
ac_cv_header_time=yes
ac_cv_header_unistd_h=yes
ac_cv_header_vfork_h=no
ac_cv_lib_mpeg2_mpeg2_reset=yes
ac_cv_objext=o
ac_cv_path_EGREP='/bin//grep -E'
ac_cv_path_GREP=/bin//grep
ac_cv_path_install='/usr/bin/install -c'
ac_cv_path_mkdir=/bin//mkdir
ac_cv_prog_AWK=gawk
ac_cv_prog_CXXCPP='/usr/bin/ccache  g++ -E'
ac_cv_prog_ac_ct_CC='/usr/bin/ccache  gcc'
ac_cv_prog_ac_ct_RANLIB=ranlib
ac_cv_prog_cc_c89=
ac_cv_prog_cc_g=yes
ac_cv_prog_cxx_g=yes
ac_cv_prog_make_make_set=yes
ac_cv_search_opendir='none required'
ac_cv_struct_tm=time.h
ac_cv_type__Bool=no
ac_cv_type_mode_t=yes
ac_cv_type_pid_t=yes
ac_cv_type_size_t=yes
am_cv_CC_dependencies_compiler_type=gcc3
am_cv_CXX_dependencies_compiler_type=gcc3

## ----------------- ##
## Output variables. ##
## ----------------- ##

ACLOCAL='${SHELL} /usr/src/reelbox/testing/src/utils/noad-0.6.0/missing --run aclocal-1.10'
AMDEPBACKSLASH='\'
AMDEP_FALSE='#'
AMDEP_TRUE=''
AMTAR='${SHELL} /usr/src/reelbox/testing/src/utils/noad-0.6.0/missing --run tar'
AUTOCONF='${SHELL} /usr/src/reelbox/testing/src/utils/noad-0.6.0/missing --run autoconf'
AUTOHEADER='${SHELL} /usr/src/reelbox/testing/src/utils/noad-0.6.0/missing --run autoheader'
AUTOMAKE='${SHELL} /usr/src/reelbox/testing/src/utils/noad-0.6.0/missing --run automake-1.10'
AWK='gawk'
CC='/usr/bin/ccache  gcc'
CCDEPMODE='depmode=gcc3'
CFLAGS='-O2 -g -pg -m32 -march=pentium3 -mmmx -msse -mfpmath=sse'
CPPFLAGS=' -I/docimage/libs/mpeg2dec-0.4.1-cvs/include  -D_GNU_SOURCE'
CXX='/usr/bin/ccache  g++'
CXXCPP='/usr/bin/ccache  g++ -E'
CXXDEPMODE='depmode=gcc3'
CXXFLAGS='-g3 -funroll-loops -fomit-frame-pointer -m32 -march=pentium3 -mmmx -msse -mfpmath=sse -Wall -Woverloaded-virtual  -D_FILE_OFFSET_BITS=64 -D_LARGEFILE_SOURCE -D_LARGEFILE64_SOURCE -g3 -O3'
CYGPATH_W='echo'
DEFS=''
DEPDIR='.deps'
ECHO_C=''
ECHO_N='-n'
ECHO_T=''
EGREP='/bin//grep -E'
EXEEXT=''
GREP='/bin//grep'
HAVE_AVCHEADER='0'
HAVE_LIBAVCODEC=''
HAVE_LIBMPEG2='1'
HAVE_MPEGHEADER='0'
INSTALL_DATA='${INSTALL} -m 644'
INSTALL_PROGRAM='${INSTALL}'
INSTALL_SCRIPT='${INSTALL}'
INSTALL_STRIP_PROGRAM='$(install_sh) -c -s'
LDFLAGS=' -L/docimage/libs/mpeg2dec-0.4.1-cvs/libmpeg2/.libs '
LIBAVCODEC=''
LIBMPEGX='-Xlinker -Bstatic -lmpeg2 -Xlinker -Bdynamic'
LIBMPEG_VERSION='0.4.0 or newer'
LIBOBJS=''
LIBS=' -Xlinker -Bstatic -lmpeg2 -Xlinker -Bdynamic '
LTLIBOBJS=''
MAKEINFO='${SHELL} /usr/src/reelbox/testing/src/utils/noad-0.6.0/missing --run makeinfo'
OBJEXT='o'
PACKAGE='noad'
PACKAGE_BUGREPORT='theNoad@SoftHome.net'
PACKAGE_NAME='noad'
PACKAGE_STRING='noad 0.6.0'
PACKAGE_TARNAME='noad'
PACKAGE_VERSION='0.6.0'
PATH_SEPARATOR=':'
PICSRC=''
RANLIB='ranlib'
SET_MAKE=''
SHELL='/bin/bash'
STRIP=''
TOOLSRC=''
VERSION='0.6.0'
ac_ct_CC='/usr/bin/ccache  gcc'
ac_ct_CXX=''
am__fastdepCC_FALSE='#'
am__fastdepCC_TRUE=''
am__fastdepCXX_FALSE='#'
am__fastdepCXX_TRUE=''
am__include='include'
am__isrc=''
am__leading_dot='.'
am__quote=''
am__tar='${AMTAR} chof - "$$tardir"'
am__untar='${AMTAR} xf -'
avcincpath=''
bindir='${exec_prefix}/bin'
build_alias=''
datadir='${datarootdir}'
datarootdir='${prefix}/share'
defprefix='/usr/local'
docdir='${datarootdir}/doc/${PACKAGE_TARNAME}'
dvidir='${docdir}'
exec_prefix='NONE'
ffmpegincoverridden='0'
ffmpeglibdir=''
ffmpegliboverridden='0'
host_alias=''
htmldir='${docdir}'
includedir='${prefix}/include'
infodir='${datarootdir}/info'
install_sh='$(SHELL) /usr/src/reelbox/testing/src/utils/noad-0.6.0/install-sh'
libavcodecdir=''
libavcodecinc=''
libavcodeclib=''
libdir='${exec_prefix}/lib'
libexecdir='${exec_prefix}/libexec'
localedir='${datarootdir}/locale'
localstatedir='${prefix}/var'
mandir='${datarootdir}/man'
mkdir_p='/bin//mkdir -p'
mpeginc='-I/docimage/libs/mpeg2dec-0.4.1-cvs/include'
mpegincoverridden='1'
mpegincpath='/docimage/libs/mpeg2dec-0.4.1-cvs/include'
mpeglibdir='-L/docimage/libs/mpeg2dec-0.4.1-cvs/libmpeg2/.libs'
mpegliboverridden='1'
oldincludedir='/usr/include'
pdfdir='${docdir}'
pkgconfigured='1'
pkgmpeginc='-I/usr/include/mpeg2dec'
pkgmpeglib='-lmpeg2'
pkgmpeglibdir=''
prefix='NONE'
program_transform_name='s,x,x,'
psdir='${docdir}'
sbindir='${exec_prefix}/sbin'
sharedstatedir='${prefix}/com'
sysconfdir='${prefix}/etc'
target_alias=''

## ----------- ##
## confdefs.h. ##
## ----------- ##

#define PACKAGE_NAME "noad"
#define PACKAGE_TARNAME "noad"
#define PACKAGE_VERSION "0.6.0"
#define PACKAGE_STRING "noad 0.6.0"
#define PACKAGE_BUGREPORT "theNoad@SoftHome.net"
#define PACKAGE "noad"
#define VERSION "0.6.0"
#define _GNU_SOURCE 1
#define _GNU_SOURCE 1
#define HAVE_DIRENT_H 1
#define STDC_HEADERS 1
#define HAVE_SYS_WAIT_H 1
#define HAVE_SYS_TYPES_H 1
#define HAVE_SYS_STAT_H 1
#define HAVE_STDLIB_H 1
#define HAVE_STRING_H 1
#define HAVE_MEMORY_H 1
#define HAVE_STRINGS_H 1
#define HAVE_INTTYPES_H 1
#define HAVE_STDINT_H 1
#define HAVE_UNISTD_H 1
#define HAVE_ARPA_INET_H 1
#define HAVE_FCNTL_H 1
#define HAVE_INTTYPES_H 1
#define HAVE_NETINET_IN_H 1
#define HAVE_STDLIB_H 1
#define HAVE_STRING_H 1
#define HAVE_SYS_IOCTL_H 1
#define HAVE_SYS_SOCKET_H 1
#define HAVE_SYS_TIME_H 1
#define HAVE_SYS_VFS_H 1
#define HAVE_SYSLOG_H 1
#define HAVE_UNISTD_H 1
#define HAVE_STDBOOL_H 1
#define TIME_WITH_SYS_TIME 1
#define HAVE_FORK 1
#define HAVE_VFORK 1
#define HAVE_WORKING_VFORK 1
#define HAVE_WORKING_FORK 1
#define HAVE_STDLIB_H 1
#define HAVE_MALLOC 1
#define HAVE_STDLIB_H 1
#define HAVE_REALLOC 1
#define HAVE_SYS_SELECT_H 1
#define HAVE_SYS_SOCKET_H 1
#define SELECT_TYPE_ARG1 int
#define SELECT_TYPE_ARG234 (fd_set *)
#define SELECT_TYPE_ARG5 (struct timeval *)
#define LSTAT_FOLLOWS_SLASHED_SYMLINK 1
#define HAVE_STRFTIME 1
#define HAVE_GETTIMEOFDAY 1
#define HAVE_LOCALTIME_R 1
#define HAVE_MEMMOVE 1
#define HAVE_MEMSET 1
#define HAVE_MKDIR 1
#define HAVE_SELECT 1
#define HAVE_SOCKET 1
#define HAVE_STRCHR 1
#define HAVE_STRDUP 1
#define HAVE_STRERROR 1
#define HAVE_STRRCHR 1
#define HAVE_STRSTR 1
#define HAVE_STRSIGNAL 1

configure: exit 1
